#
# There is insufficient memory for the Java Runtime Environment to continue.
# Native memory allocation (mmap) failed to map 8388608 bytes for G1 virtual space
# Possible reasons:
#   The system is out of physical RAM or swap space
#   The process is running with CompressedOops enabled, and the Java Heap may be blocking the growth of the native heap
# Possible solutions:
#   Reduce memory load on the system
#   Increase physical memory or swap space
#   Check if swap backing store is full
#   Decrease Java heap size (-Xmx/-Xms)
#   Decrease number of Java threads
#   Decrease Java thread stack sizes (-Xss)
#   Set larger code cache with -XX:ReservedCodeCacheSize=
#   JVM is running with Unscaled Compressed Oops mode in which the Java heap is
#     placed in the first 4GB address space. The Java Heap base address is the
#     maximum limit for the native heap growth. Please use -XX:HeapBaseMinAddress
#     to set the Java Heap base and to place the Java Heap above 4GB virtual address.
# This output file may be truncated or incomplete.
#
#  Out of Memory Error (os_windows.cpp:3535), pid=12112, tid=1776
#
# JRE version: OpenJDK Runtime Environment Temurin-17.0.3+7 (17.0.3+7) (build 17.0.3+7)
# Java VM: OpenJDK 64-Bit Server VM Temurin-17.0.3+7 (17.0.3+7, mixed mode, emulated-client, tiered, compressed oops, compressed class ptrs, g1 gc, windows-amd64)
# No core dump will be written. Minidumps are not enabled by default on client versions of Windows
#

---------------  S U M M A R Y ------------

Command Line: --add-modules=ALL-SYSTEM --add-exports=jdk.compiler/com.sun.tools.javac.file=ALL-UNNAMED --add-exports=jdk.compiler/com.sun.tools.javac.util=ALL-UNNAMED --add-exports=jdk.compiler/com.sun.tools.javac.comp=ALL-UNNAMED --add-exports=jdk.compiler/com.sun.tools.javac.main=ALL-UNNAMED --add-exports=jdk.compiler/com.sun.tools.javac.tree=ALL-UNNAMED --add-exports=jdk.compiler/com.sun.tools.javac.code=ALL-UNNAMED -Dsts.lsp.client=vscode -Dsts.log.file=/dev/null -XX:TieredStopAtLevel=1 -Dspring.config.location=file:c:\Users\Ronald\.vscode\extensions\pivotal.vscode-spring-boot-1.36.0\language-server\BOOT-INF\classes\application.properties org.springframework.ide.vscode.boot.app.BootLanguageServerBootApp

Host: AMD Ryzen 3 3200U with Radeon Vega Mobile Gfx  , 4 cores, 3G,  Windows 10 , 64 bit Build 19041 (10.0.19041.1741)
Time: Wed Jun 22 18:21:58 2022 Hora est. Pacífico, Sudamérica elapsed time: 5.434405 seconds (0d 0h 0m 5s)

---------------  T H R E A D  ---------------

Current thread (0x000002014bd77ab0):  VMThread "VM Thread" [stack: 0x0000000902300000,0x0000000902400000] [id=1776]

Stack: [0x0000000902300000,0x0000000902400000]
Native frames: (J=compiled Java code, j=interpreted, Vv=VM code, C=native code)
V  [jvm.dll+0x675efa]
V  [jvm.dll+0x830a24]
V  [jvm.dll+0x8321ce]
V  [jvm.dll+0x832833]
V  [jvm.dll+0x2454b5]
V  [jvm.dll+0x672de9]
V  [jvm.dll+0x667732]
V  [jvm.dll+0x3043ab]
V  [jvm.dll+0x30b8f6]
V  [jvm.dll+0x35b62e]
V  [jvm.dll+0x35b85f]
V  [jvm.dll+0x2db248]
V  [jvm.dll+0x2de2d6]
V  [jvm.dll+0x2e8998]
V  [jvm.dll+0x31cc40]
V  [jvm.dll+0x836cdb]
V  [jvm.dll+0x837a14]
V  [jvm.dll+0x837f2c]
V  [jvm.dll+0x838304]
V  [jvm.dll+0x8383d0]
V  [jvm.dll+0x7e0cfa]
V  [jvm.dll+0x674d85]
C  [ucrtbase.dll+0x21bb2]
C  [KERNEL32.DLL+0x17034]
C  [ntdll.dll+0x52651]

VM_Operation (0x0000000901fff670): G1Concurrent, mode: safepoint, requested by thread 0x0000020141de90d0


---------------  P R O C E S S  ---------------

Threads class SMR info:
_java_thread_list=0x000002014eb22fe0, length=29, elements={
0x000002014bd8d750, 0x000002014bd8e4d0, 0x000002014bda2e20, 0x000002014bda4850,
0x000002014bda5110, 0x000002014bda59d0, 0x000002014bda6340, 0x000002014bdd3020,
0x0000020141e7a650, 0x000002014c998f00, 0x000002014c99b420, 0x000002014c9e1ce0,
0x000002014e727040, 0x000002014e63b8d0, 0x000002014e7d19d0, 0x0000020141daa950,
0x000002014e853450, 0x000002014e826cb0, 0x000002014e92b020, 0x000002014e92b4f0,
0x000002014e93bbf0, 0x000002014e93c0c0, 0x000002014e93c590, 0x000002014e940a70,
0x000002014e943610, 0x000002014e941930, 0x000002014e9427a0, 0x000002014e942c70,
0x000002014e943140
}

Java Threads: ( => current thread )
  0x000002014bd8d750 JavaThread "Reference Handler" daemon [_thread_blocked, id=11060, stack(0x0000000902400000,0x0000000902500000)]
  0x000002014bd8e4d0 JavaThread "Finalizer" daemon [_thread_blocked, id=11928, stack(0x0000000902500000,0x0000000902600000)]
  0x000002014bda2e20 JavaThread "Signal Dispatcher" daemon [_thread_blocked, id=10476, stack(0x0000000902600000,0x0000000902700000)]
  0x000002014bda4850 JavaThread "Attach Listener" daemon [_thread_blocked, id=11488, stack(0x0000000902700000,0x0000000902800000)]
  0x000002014bda5110 JavaThread "Service Thread" daemon [_thread_blocked, id=2876, stack(0x0000000902800000,0x0000000902900000)]
  0x000002014bda59d0 JavaThread "Monitor Deflation Thread" daemon [_thread_blocked, id=12912, stack(0x0000000902900000,0x0000000902a00000)]
  0x000002014bda6340 JavaThread "C1 CompilerThread0" daemon [_thread_blocked, id=9044, stack(0x0000000902a00000,0x0000000902b00000)]
  0x000002014bdd3020 JavaThread "Sweeper thread" daemon [_thread_blocked, id=7540, stack(0x0000000902b00000,0x0000000902c00000)]
  0x0000020141e7a650 JavaThread "Common-Cleaner" daemon [_thread_blocked, id=15552, stack(0x0000000902c00000,0x0000000902d00000)]
  0x000002014c998f00 JavaThread "C1 CompilerThread1" daemon [_thread_blocked, id=3196, stack(0x0000000902d00000,0x0000000902e00000)]
  0x000002014c99b420 JavaThread "C1 CompilerThread2" daemon [_thread_blocked, id=8652, stack(0x0000000902e00000,0x0000000902f00000)]
  0x000002014c9e1ce0 JavaThread "Notification Thread" daemon [_thread_blocked, id=8260, stack(0x0000000902f00000,0x0000000903000000)]
  0x000002014e727040 JavaThread "ForkJoinPool.commonPool-worker-1" daemon [_thread_blocked, id=13684, stack(0x0000000903400000,0x0000000903500000)]
  0x000002014e63b8d0 JavaThread "pool-7-thread-1" [_thread_blocked, id=10880, stack(0x0000000903500000,0x0000000903600000)]
  0x000002014e7d19d0 JavaThread "LanguageServerApp-lifecycle" [_thread_blocked, id=10348, stack(0x0000000903600000,0x0000000903700000)]
  0x0000020141daa950 JavaThread "DestroyJavaVM" [_thread_blocked, id=7872, stack(0x0000000901d00000,0x0000000901e00000)]
  0x000002014e853450 JavaThread "pool-8-thread-1" [_thread_in_native, id=15144, stack(0x0000000903700000,0x0000000903800000)]
  0x000002014e826cb0 JavaThread "ClassGraph-worker-0" daemon [_thread_blocked, id=2860, stack(0x0000000903800000,0x0000000903900000)]
  0x000002014e92b020 JavaThread "ClassGraph-worker-1" daemon [_thread_blocked, id=7652, stack(0x0000000903900000,0x0000000903a00000)]
  0x000002014e92b4f0 JavaThread "ClassGraph-worker-2" daemon [_thread_blocked, id=3324, stack(0x0000000903a00000,0x0000000903b00000)]
  0x000002014e93bbf0 JavaThread "ClassGraph-worker-3" daemon [_thread_in_native, id=14208, stack(0x0000000903b00000,0x0000000903c00000)]
  0x000002014e93c0c0 JavaThread "ClassGraph-worker-4" daemon [_thread_blocked, id=13596, stack(0x0000000903c00000,0x0000000903d00000)]
  0x000002014e93c590 JavaThread "ClassGraph-worker-5" daemon [_thread_blocked, id=11244, stack(0x0000000903d00000,0x0000000903e00000)]
  0x000002014e940a70 JavaThread "ClassGraph-worker-6" daemon [_thread_in_native, id=14380, stack(0x0000000903e00000,0x0000000903f00000)]
  0x000002014e943610 JavaThread "ClassGraph-worker-7" daemon [_thread_blocked, id=12768, stack(0x0000000903f00000,0x0000000904000000)]
  0x000002014e941930 JavaThread "Simple-Language-Server main thread" daemon [_thread_blocked, id=12212, stack(0x0000000904000000,0x0000000904100000)]
  0x000002014e9427a0 JavaThread "pool-5-thread-1" [_thread_blocked, id=2348, stack(0x0000000904100000,0x0000000904200000)]
  0x000002014e942c70 JavaThread "Reconciler-1" [_thread_blocked, id=11748, stack(0x0000000904200000,0x0000000904300000)]
  0x000002014e943140 JavaThread "parallel-1" daemon [_thread_blocked, id=13864, stack(0x0000000904300000,0x0000000904400000)]

Other Threads:
=>0x000002014bd77ab0 VMThread "VM Thread" [stack: 0x0000000902300000,0x0000000902400000] [id=1776]
  0x000002014c9e21b0 WatcherThread [stack: 0x0000000903000000,0x0000000903100000] [id=11932]
  0x0000020141de1500 GCTaskThread "GC Thread#0" [stack: 0x0000000901e00000,0x0000000901f00000] [id=9388]
  0x000002014d25ff70 GCTaskThread "GC Thread#1" [stack: 0x0000000903100000,0x0000000903200000] [id=5520]
  0x000002014d277390 GCTaskThread "GC Thread#2" [stack: 0x0000000903200000,0x0000000903300000] [id=13348]
  0x000002014d3677f0 GCTaskThread "GC Thread#3" [stack: 0x0000000903300000,0x0000000903400000] [id=13060]
  0x0000020141de90d0 ConcurrentGCThread "G1 Main Marker" [stack: 0x0000000901f00000,0x0000000902000000] [id=8676]
  0x0000020141de99f0 ConcurrentGCThread "G1 Conc#0" [stack: 0x0000000902000000,0x0000000902100000] [id=1456]
  0x0000020141e27e40 ConcurrentGCThread "G1 Refine#0" [stack: 0x0000000902100000,0x0000000902200000] [id=2592]
  0x0000020141e28770 ConcurrentGCThread "G1 Service" [stack: 0x0000000902200000,0x0000000902300000] [id=7464]

Threads with active compile tasks:

VM state: at safepoint (normal execution)

VM Mutex/Monitor currently owned by a thread:  ([mutex/lock_event])
[0x000002013fc39670] Threads_lock - owner thread: 0x000002014bd77ab0
[0x000002013fd0a110] Heap_lock - owner thread: 0x0000020141de90d0

Heap address: 0x00000000c9400000, size: 876 MB, Compressed Oops mode: 32-bit

CDS archive(s) not mapped
Compressed class space mapped at: 0x0000000100000000-0x0000000140000000, reserved size: 1073741824
Narrow klass base: 0x0000000000000000, Narrow klass shift: 3, Narrow klass range: 0x140000000

GC Precious Log:
 CPUs: 4 total, 4 available
 Memory: 3498M
 Large Page Support: Disabled
 NUMA Support: Disabled
 Compressed Oops: Enabled (32-bit)
 Heap Region Size: 1M
 Heap Min Capacity: 8M
 Heap Initial Capacity: 56M
 Heap Max Capacity: 876M
 Pre-touch: Disabled
 Parallel Workers: 4
 Concurrent Workers: 1
 Concurrent Refinement Workers: 4
 Periodic GC: Disabled

Heap:
 garbage-first heap   total 61440K, used 41894K [0x00000000c9400000, 0x0000000100000000)
  region size 1024K, 7 young (7168K), 2 survivors (2048K)
 Metaspace       used 34097K, committed 34432K, reserved 1081344K
  class space    used 4429K, committed 4608K, reserved 1048576K

Heap Regions: E=young(eden), S=young(survivor), O=old, HS=humongous(starts), HC=humongous(continues), CS=collection set, F=free, OA=open archive, CA=closed archive, TAMS=top-at-mark-start (previous, next)
|   0|0x00000000c9400000, 0x00000000c9500000, 0x00000000c9500000|100%| O|  |TAMS 0x00000000c9500000, 0x00000000c9400000| Untracked 
|   1|0x00000000c9500000, 0x00000000c9600000, 0x00000000c9600000|100%| O|  |TAMS 0x00000000c9600000, 0x00000000c9500000| Updating 
|   2|0x00000000c9600000, 0x00000000c9700000, 0x00000000c9700000|100%| O|  |TAMS 0x00000000c9700000, 0x00000000c9600000| Untracked 
|   3|0x00000000c9700000, 0x00000000c9800000, 0x00000000c9800000|100%| O|  |TAMS 0x00000000c9800000, 0x00000000c9700000| Untracked 
|   4|0x00000000c9800000, 0x00000000c9900000, 0x00000000c9900000|100%| O|  |TAMS 0x00000000c9900000, 0x00000000c9800000| Untracked 
|   5|0x00000000c9900000, 0x00000000c9a00000, 0x00000000c9a00000|100%| O|  |TAMS 0x00000000c9a00000, 0x00000000c9900000| Untracked 
|   6|0x00000000c9a00000, 0x00000000c9b00000, 0x00000000c9b00000|100%| O|  |TAMS 0x00000000c9b00000, 0x00000000c9a00000| Untracked 
|   7|0x00000000c9b00000, 0x00000000c9c00000, 0x00000000c9c00000|100%| O|  |TAMS 0x00000000c9c00000, 0x00000000c9b00000| Updating 
|   8|0x00000000c9c00000, 0x00000000c9d00000, 0x00000000c9d00000|100%| O|  |TAMS 0x00000000c9d00000, 0x00000000c9c00000| Untracked 
|   9|0x00000000c9d00000, 0x00000000c9e00000, 0x00000000c9e00000|100%| O|  |TAMS 0x00000000c9e00000, 0x00000000c9d00000| Untracked 
|  10|0x00000000c9e00000, 0x00000000c9e29600, 0x00000000c9f00000| 16%| O|  |TAMS 0x00000000c9e29600, 0x00000000c9e00000| Updating 
|  11|0x00000000c9f00000, 0x00000000ca000000, 0x00000000ca000000|100%| O|  |TAMS 0x00000000ca000000, 0x00000000c9f00000| Untracked 
|  12|0x00000000ca000000, 0x00000000ca100000, 0x00000000ca100000|100%| O|  |TAMS 0x00000000ca100000, 0x00000000ca000000| Untracked 
|  13|0x00000000ca100000, 0x00000000ca200000, 0x00000000ca200000|100%| O|  |TAMS 0x00000000ca200000, 0x00000000ca100000| Untracked 
|  14|0x00000000ca200000, 0x00000000ca300000, 0x00000000ca300000|100%| O|  |TAMS 0x00000000ca300000, 0x00000000ca200000| Untracked 
|  15|0x00000000ca300000, 0x00000000ca400000, 0x00000000ca400000|100%| O|  |TAMS 0x00000000ca400000, 0x00000000ca300000| Untracked 
|  16|0x00000000ca400000, 0x00000000ca500000, 0x00000000ca500000|100%| O|  |TAMS 0x00000000ca500000, 0x00000000ca400000| Untracked 
|  17|0x00000000ca500000, 0x00000000ca600000, 0x00000000ca600000|100%| O|  |TAMS 0x00000000ca600000, 0x00000000ca500000| Untracked 
|  18|0x00000000ca600000, 0x00000000ca700000, 0x00000000ca700000|100%| O|  |TAMS 0x00000000ca700000, 0x00000000ca600000| Updating 
|  19|0x00000000ca700000, 0x00000000ca800000, 0x00000000ca800000|100%| O|  |TAMS 0x00000000ca800000, 0x00000000ca700000| Untracked 
|  20|0x00000000ca800000, 0x00000000ca900000, 0x00000000ca900000|100%| O|  |TAMS 0x00000000ca900000, 0x00000000ca800000| Untracked 
|  21|0x00000000ca900000, 0x00000000caa00000, 0x00000000caa00000|100%| O|  |TAMS 0x00000000caa00000, 0x00000000ca900000| Updating 
|  22|0x00000000caa00000, 0x00000000cab00000, 0x00000000cab00000|100%| O|  |TAMS 0x00000000cab00000, 0x00000000caa00000| Untracked 
|  23|0x00000000cab00000, 0x00000000cac00000, 0x00000000cac00000|100%| O|  |TAMS 0x00000000cac00000, 0x00000000cab00000| Untracked 
|  24|0x00000000cac00000, 0x00000000cad00000, 0x00000000cad00000|100%| O|  |TAMS 0x00000000cad00000, 0x00000000cac00000| Untracked 
|  25|0x00000000cad00000, 0x00000000cae00000, 0x00000000cae00000|100%| O|  |TAMS 0x00000000cae00000, 0x00000000cad00000| Untracked 
|  26|0x00000000cae00000, 0x00000000caf00000, 0x00000000caf00000|100%| O|  |TAMS 0x00000000caf00000, 0x00000000cae00000| Updating 
|  27|0x00000000caf00000, 0x00000000cb000000, 0x00000000cb000000|100%| O|  |TAMS 0x00000000cb000000, 0x00000000caf00000| Untracked 
|  28|0x00000000cb000000, 0x00000000cb100000, 0x00000000cb100000|100%| O|  |TAMS 0x00000000cb100000, 0x00000000cb000000| Updating 
|  29|0x00000000cb100000, 0x00000000cb200000, 0x00000000cb200000|100%| O|  |TAMS 0x00000000cb199600, 0x00000000cb100000| Updating 
|  30|0x00000000cb200000, 0x00000000cb300000, 0x00000000cb300000|100%| O|  |TAMS 0x00000000cb200000, 0x00000000cb200000| Untracked 
|  31|0x00000000cb300000, 0x00000000cb400000, 0x00000000cb400000|100%| O|  |TAMS 0x00000000cb300000, 0x00000000cb300000| Untracked 
|  32|0x00000000cb400000, 0x00000000cb500000, 0x00000000cb500000|100%| O|  |TAMS 0x00000000cb400000, 0x00000000cb400000| Untracked 
|  33|0x00000000cb500000, 0x00000000cb600000, 0x00000000cb600000|100%| O|  |TAMS 0x00000000cb500000, 0x00000000cb500000| Untracked 
|  34|0x00000000cb600000, 0x00000000cb700000, 0x00000000cb700000|100%| O|  |TAMS 0x00000000cb600000, 0x00000000cb600000| Untracked 
|  35|0x00000000cb700000, 0x00000000cb7c0400, 0x00000000cb800000| 75%| O|  |TAMS 0x00000000cb700000, 0x00000000cb700000| Updating 
|  36|0x00000000cb800000, 0x00000000cb800000, 0x00000000cb900000|  0%| F|  |TAMS 0x00000000cb800000, 0x00000000cb800000| Untracked 
|  37|0x00000000cb900000, 0x00000000cb900000, 0x00000000cba00000|  0%| F|  |TAMS 0x00000000cb900000, 0x00000000cb900000| Untracked 
|  38|0x00000000cba00000, 0x00000000cba00000, 0x00000000cbb00000|  0%| F|  |TAMS 0x00000000cba00000, 0x00000000cba00000| Untracked 
|  39|0x00000000cbb00000, 0x00000000cbb00000, 0x00000000cbc00000|  0%| F|  |TAMS 0x00000000cbb00000, 0x00000000cbb00000| Untracked 
|  40|0x00000000cbc00000, 0x00000000cbc00000, 0x00000000cbd00000|  0%| F|  |TAMS 0x00000000cbc00000, 0x00000000cbc00000| Untracked 
|  41|0x00000000cbd00000, 0x00000000cbd00000, 0x00000000cbe00000|  0%| F|  |TAMS 0x00000000cbd00000, 0x00000000cbd00000| Untracked 
|  42|0x00000000cbe00000, 0x00000000cbe00000, 0x00000000cbf00000|  0%| F|  |TAMS 0x00000000cbe00000, 0x00000000cbe00000| Untracked 
|  43|0x00000000cbf00000, 0x00000000cbf00000, 0x00000000cc000000|  0%| F|  |TAMS 0x00000000cbf00000, 0x00000000cbf00000| Untracked 
|  44|0x00000000cc000000, 0x00000000cc000000, 0x00000000cc100000|  0%| F|  |TAMS 0x00000000cc000000, 0x00000000cc000000| Untracked 
|  45|0x00000000cc100000, 0x00000000cc100000, 0x00000000cc200000|  0%| F|  |TAMS 0x00000000cc100000, 0x00000000cc100000| Untracked 
|  46|0x00000000cc200000, 0x00000000cc300000, 0x00000000cc300000|100%| S|CS|TAMS 0x00000000cc200000, 0x00000000cc200000| Complete 
|  47|0x00000000cc300000, 0x00000000cc400000, 0x00000000cc400000|100%| S|CS|TAMS 0x00000000cc300000, 0x00000000cc300000| Complete 
|  48|0x00000000cc400000, 0x00000000cc400000, 0x00000000cc500000|  0%| F|  |TAMS 0x00000000cc400000, 0x00000000cc400000| Untracked 
|  49|0x00000000cc500000, 0x00000000cc500000, 0x00000000cc600000|  0%| F|  |TAMS 0x00000000cc500000, 0x00000000cc500000| Untracked 
|  50|0x00000000cc600000, 0x00000000cc600000, 0x00000000cc700000|  0%| F|  |TAMS 0x00000000cc600000, 0x00000000cc600000| Untracked 
|  51|0x00000000cc700000, 0x00000000cc700000, 0x00000000cc800000|  0%| F|  |TAMS 0x00000000cc700000, 0x00000000cc700000| Untracked 
|  52|0x00000000cc800000, 0x00000000cc800000, 0x00000000cc900000|  0%| F|  |TAMS 0x00000000cc800000, 0x00000000cc800000| Untracked 
|  53|0x00000000cc900000, 0x00000000cc900000, 0x00000000cca00000|  0%| F|  |TAMS 0x00000000cc900000, 0x00000000cc900000| Untracked 
|  54|0x00000000cca00000, 0x00000000cca00000, 0x00000000ccb00000|  0%| F|  |TAMS 0x00000000cca00000, 0x00000000cca00000| Untracked 
|  55|0x00000000ccb00000, 0x00000000ccb30398, 0x00000000ccc00000| 18%| E|  |TAMS 0x00000000ccb00000, 0x00000000ccb00000| Complete 
|  56|0x00000000ccc00000, 0x00000000ccd00000, 0x00000000ccd00000|100%| E|CS|TAMS 0x00000000ccc00000, 0x00000000ccc00000| Complete 
|  57|0x00000000ccd00000, 0x00000000cce00000, 0x00000000cce00000|100%| E|CS|TAMS 0x00000000ccd00000, 0x00000000ccd00000| Complete 
|  66|0x00000000cd600000, 0x00000000cd700000, 0x00000000cd700000|100%| E|CS|TAMS 0x00000000cd600000, 0x00000000cd600000| Complete 
|  67|0x00000000cd700000, 0x00000000cd800000, 0x00000000cd800000|100%| E|CS|TAMS 0x00000000cd700000, 0x00000000cd700000| Complete 

Card table byte_map: [0x0000020147a30000,0x0000020147bf0000] _byte_map_base: 0x00000201473e6000

Marking Bits (Prev, Next): (CMBitMap*) 0x0000020141de1a20, (CMBitMap*) 0x0000020141de1a60
 Prev Bits: [0x0000020147db0000, 0x0000020148b60000)
 Next Bits: [0x0000020148b60000, 0x0000020149910000)

Polling page: 0x0000020141580000

Metaspace:

Usage:
  Non-class:     28.97 MB used.
      Class:      4.33 MB used.
       Both:     33.30 MB used.

Virtual space:
  Non-class space:       32.00 MB reserved,      29.12 MB ( 91%) committed,  4 nodes.
      Class space:        1.00 GB reserved,       4.50 MB ( <1%) committed,  1 nodes.
             Both:        1.03 GB reserved,      33.62 MB (  3%) committed. 

Chunk freelists:
   Non-Class:  2.13 MB
       Class:  3.55 MB
        Both:  5.67 MB

MaxMetaspaceSize: unlimited
CompressedClassSpaceSize: 1.00 GB
Initial GC threshold: 21.00 MB
Current GC threshold: 35.44 MB
CDS: off
MetaspaceReclaimPolicy: balanced
 - commit_granule_bytes: 65536.
 - commit_granule_words: 8192.
 - virtual_space_node_default_size: 1048576.
 - enlarge_chunks_in_place: 1.
 - new_chunks_are_fully_committed: 0.
 - uncommit_free_chunks: 1.
 - use_allocation_guard: 0.
 - handle_deallocations: 1.


Internal statistics:

num_allocs_failed_limit: 3.
num_arena_births: 306.
num_arena_deaths: 0.
num_vsnodes_births: 5.
num_vsnodes_deaths: 0.
num_space_committed: 538.
num_space_uncommitted: 0.
num_chunks_returned_to_freelist: 3.
num_chunks_taken_from_freelist: 1256.
num_chunk_merges: 3.
num_chunk_splits: 870.
num_chunks_enlarged: 679.
num_purges: 0.
num_inconsistent_stats: 0.

CodeCache: size=49152Kb used=8034Kb max_used=8034Kb free=41118Kb
 bounds [0x0000020144a30000, 0x0000020145210000, 0x0000020147a30000]
 total_blobs=4014 nmethods=3494 adapters=445
 compilation: enabled
              stopped_count=0, restarted_count=0
 full_count=0

Compilation events (20 events):
Event: 5.400 Thread 0x000002014c998f00 3485       1       nonapi.io.github.classgraph.fileslice.reader.ClassfileReader::readUnsignedByte (22 bytes)
Event: 5.400 Thread 0x000002014c998f00 nmethod 3485 0x0000020145204010 code [0x00000201452041a0, 0x00000201452042e8]
Event: 5.400 Thread 0x000002014bda6340 3486       1       nonapi.io.github.classgraph.fileslice.reader.ClassfileReader::readUnsignedByte (31 bytes)
Event: 5.400 Thread 0x000002014bda6340 nmethod 3486 0x0000020145204410 code [0x00000201452045a0, 0x00000201452046e8]
Event: 5.400 Thread 0x000002014c99b420 3487       1       nonapi.io.github.classgraph.fileslice.reader.ClassfileReader::readUnsignedShort (22 bytes)
Event: 5.400 Thread 0x000002014c99b420 nmethod 3487 0x0000020145204810 code [0x00000201452049a0, 0x0000020145204aa8]
Event: 5.400 Thread 0x000002014c998f00 3488       1       nonapi.io.github.classgraph.fileslice.reader.ClassfileReader::skip (47 bytes)
Event: 5.401 Thread 0x000002014c998f00 nmethod 3488 0x0000020145204b90 code [0x0000020145204d40, 0x0000020145204ef8]
Event: 5.405 Thread 0x000002014bda6340 3489       1       java.lang.Enum::hashCode (5 bytes)
Event: 5.405 Thread 0x000002014bda6340 nmethod 3489 0x0000020145205010 code [0x00000201452051a0, 0x0000020145205288]
Event: 5.405 Thread 0x000002014bda6340 3490       1       io.github.classgraph.Classfile::getConstantPoolStringOffset (386 bytes)
Event: 5.407 Thread 0x000002014bda6340 nmethod 3490 0x0000020145205310 code [0x0000020145205720, 0x0000020145206948]
Event: 5.407 Thread 0x000002014bda6340 3493       1       io.github.classgraph.Classfile::constantPoolStringEquals (121 bytes)
Event: 5.407 Thread 0x000002014bda6340 nmethod 3493 0x0000020145207290 code [0x00000201452074a0, 0x0000020145207948]
Event: 5.407 Thread 0x000002014bda6340 3491       1       nonapi.io.github.classgraph.fileslice.reader.ClassfileReader::readInt (22 bytes)
Event: 5.408 Thread 0x000002014bda6340 nmethod 3491 0x0000020145207d90 code [0x0000020145207f20, 0x0000020145208028]
Event: 5.408 Thread 0x000002014bda6340 3492       1       nonapi.io.github.classgraph.fileslice.reader.ClassfileReader::readInt (79 bytes)
Event: 5.408 Thread 0x000002014bda6340 nmethod 3492 0x0000020145208110 code [0x00000201452082a0, 0x0000020145208448]
Event: 5.408 Thread 0x000002014bda6340 3494       1       java.util.Collections$UnmodifiableCollection::contains (11 bytes)
Event: 5.408 Thread 0x000002014bda6340 nmethod 3494 0x0000020145208510 code [0x00000201452086a0, 0x0000020145208788]

GC Heap History (20 events):
Event: 2.047 GC heap before
{Heap before GC invocations=3 (full 0):
 garbage-first heap   total 57344K, used 32001K [0x00000000c9400000, 0x0000000100000000)
  region size 1024K, 25 young (25600K), 3 survivors (3072K)
 Metaspace       used 20856K, committed 21056K, reserved 1073152K
  class space    used 2524K, committed 2624K, reserved 1048576K
}
Event: 2.051 GC heap after
{Heap after GC invocations=4 (full 0):
 garbage-first heap   total 57344K, used 11843K [0x00000000c9400000, 0x0000000100000000)
  region size 1024K, 4 young (4096K), 4 survivors (4096K)
 Metaspace       used 20856K, committed 21056K, reserved 1073152K
  class space    used 2524K, committed 2624K, reserved 1048576K
}
Event: 2.087 GC heap before
{Heap before GC invocations=4 (full 0):
 garbage-first heap   total 57344K, used 13891K [0x00000000c9400000, 0x0000000100000000)
  region size 1024K, 7 young (7168K), 4 survivors (4096K)
 Metaspace       used 21360K, committed 21504K, reserved 1073152K
  class space    used 2607K, committed 2688K, reserved 1048576K
}
Event: 2.091 GC heap after
{Heap after GC invocations=5 (full 0):
 garbage-first heap   total 69632K, used 11808K [0x00000000c9400000, 0x0000000100000000)
  region size 1024K, 2 young (2048K), 2 survivors (2048K)
 Metaspace       used 21360K, committed 21504K, reserved 1073152K
  class space    used 2607K, committed 2688K, reserved 1048576K
}
Event: 3.117 GC heap before
{Heap before GC invocations=6 (full 0):
 garbage-first heap   total 51200K, used 39456K [0x00000000c9400000, 0x0000000100000000)
  region size 1024K, 30 young (30720K), 2 survivors (2048K)
 Metaspace       used 26193K, committed 26432K, reserved 1073152K
  class space    used 3215K, committed 3328K, reserved 1048576K
}
Event: 3.122 GC heap after
{Heap after GC invocations=7 (full 0):
 garbage-first heap   total 51200K, used 13579K [0x00000000c9400000, 0x0000000100000000)
  region size 1024K, 4 young (4096K), 4 survivors (4096K)
 Metaspace       used 26193K, committed 26432K, reserved 1073152K
  class space    used 3215K, committed 3328K, reserved 1048576K
}
Event: 3.710 GC heap before
{Heap before GC invocations=7 (full 0):
 garbage-first heap   total 51200K, used 34059K [0x00000000c9400000, 0x0000000100000000)
  region size 1024K, 25 young (25600K), 4 survivors (4096K)
 Metaspace       used 29686K, committed 29952K, reserved 1081344K
  class space    used 3740K, committed 3840K, reserved 1048576K
}
Event: 3.720 GC heap after
{Heap after GC invocations=8 (full 0):
 garbage-first heap   total 51200K, used 15643K [0x00000000c9400000, 0x0000000100000000)
  region size 1024K, 4 young (4096K), 4 survivors (4096K)
 Metaspace       used 29686K, committed 29952K, reserved 1081344K
  class space    used 3740K, committed 3840K, reserved 1048576K
}
Event: 4.432 GC heap before
{Heap before GC invocations=8 (full 0):
 garbage-first heap   total 51200K, used 36123K [0x00000000c9400000, 0x0000000100000000)
  region size 1024K, 24 young (24576K), 4 survivors (4096K)
 Metaspace       used 32757K, committed 33088K, reserved 1081344K
  class space    used 4171K, committed 4352K, reserved 1048576K
}
Event: 4.440 GC heap after
{Heap after GC invocations=9 (full 0):
 garbage-first heap   total 51200K, used 18034K [0x00000000c9400000, 0x0000000100000000)
  region size 1024K, 3 young (3072K), 3 survivors (3072K)
 Metaspace       used 32757K, committed 33088K, reserved 1081344K
  class space    used 4171K, committed 4352K, reserved 1048576K
}
Event: 4.631 GC heap before
{Heap before GC invocations=9 (full 0):
 garbage-first heap   total 51200K, used 34418K [0x00000000c9400000, 0x0000000100000000)
  region size 1024K, 20 young (20480K), 3 survivors (3072K)
 Metaspace       used 33175K, committed 33536K, reserved 1081344K
  class space    used 4235K, committed 4416K, reserved 1048576K
}
Event: 4.638 GC heap after
{Heap after GC invocations=10 (full 0):
 garbage-first heap   total 51200K, used 21435K [0x00000000c9400000, 0x0000000100000000)
  region size 1024K, 3 young (3072K), 3 survivors (3072K)
 Metaspace       used 33175K, committed 33536K, reserved 1081344K
  class space    used 4235K, committed 4416K, reserved 1048576K
}
Event: 4.747 GC heap before
{Heap before GC invocations=10 (full 0):
 garbage-first heap   total 51200K, used 36795K [0x00000000c9400000, 0x0000000100000000)
  region size 1024K, 18 young (18432K), 3 survivors (3072K)
 Metaspace       used 33543K, committed 33856K, reserved 1081344K
  class space    used 4322K, committed 4480K, reserved 1048576K
}
Event: 4.752 GC heap after
{Heap after GC invocations=11 (full 0):
 garbage-first heap   total 51200K, used 24741K [0x00000000c9400000, 0x0000000100000000)
  region size 1024K, 3 young (3072K), 3 survivors (3072K)
 Metaspace       used 33543K, committed 33856K, reserved 1081344K
  class space    used 4322K, committed 4480K, reserved 1048576K
}
Event: 4.811 GC heap before
{Heap before GC invocations=11 (full 0):
 garbage-first heap   total 51200K, used 38053K [0x00000000c9400000, 0x0000000100000000)
  region size 1024K, 16 young (16384K), 3 survivors (3072K)
 Metaspace       used 33707K, committed 34048K, reserved 1081344K
  class space    used 4367K, committed 4544K, reserved 1048576K
}
Event: 4.818 GC heap after
{Heap after GC invocations=12 (full 0):
 garbage-first heap   total 61440K, used 28400K [0x00000000c9400000, 0x0000000100000000)
  region size 1024K, 2 young (2048K), 2 survivors (2048K)
 Metaspace       used 33707K, committed 34048K, reserved 1081344K
  class space    used 4367K, committed 4544K, reserved 1048576K
}
Event: 5.206 GC heap before
{Heap before GC invocations=12 (full 0):
 garbage-first heap   total 61440K, used 43760K [0x00000000c9400000, 0x0000000100000000)
  region size 1024K, 18 young (18432K), 2 survivors (2048K)
 Metaspace       used 34006K, committed 34304K, reserved 1081344K
  class space    used 4419K, committed 4544K, reserved 1048576K
}
Event: 5.213 GC heap after
{Heap after GC invocations=13 (full 0):
 garbage-first heap   total 61440K, used 32523K [0x00000000c9400000, 0x0000000100000000)
  region size 1024K, 3 young (3072K), 3 survivors (3072K)
 Metaspace       used 34006K, committed 34304K, reserved 1081344K
  class space    used 4419K, committed 4544K, reserved 1048576K
}
Event: 5.343 GC heap before
{Heap before GC invocations=13 (full 0):
 garbage-first heap   total 61440K, used 43787K [0x00000000c9400000, 0x0000000100000000)
  region size 1024K, 15 young (15360K), 3 survivors (3072K)
 Metaspace       used 34008K, committed 34304K, reserved 1081344K
  class space    used 4420K, committed 4544K, reserved 1048576K
}
Event: 5.353 GC heap after
{Heap after GC invocations=14 (full 0):
 garbage-first heap   total 61440K, used 37798K [0x00000000c9400000, 0x0000000100000000)
  region size 1024K, 2 young (2048K), 2 survivors (2048K)
 Metaspace       used 34008K, committed 34304K, reserved 1081344K
  class space    used 4420K, committed 4544K, reserved 1048576K
}

Deoptimization events (16 events):
Event: 1.098 Thread 0x0000020141daa950 DEOPT PACKING pc=0x0000020144dc9075 sp=0x0000000901dfd820
Event: 1.098 Thread 0x0000020141daa950 DEOPT UNPACKING pc=0x0000020144a82b43 sp=0x0000000901dfcc90 mode 3
Event: 2.137 Thread 0x0000020141daa950 DEOPT PACKING pc=0x0000020144eeb819 sp=0x0000000901dfd090
Event: 2.137 Thread 0x0000020141daa950 DEOPT UNPACKING pc=0x0000020144a82b43 sp=0x0000000901dfc570 mode 3
Event: 2.780 Thread 0x0000020141daa950 DEOPT PACKING pc=0x0000020144fba6f5 sp=0x0000000901dfcd60
Event: 2.780 Thread 0x0000020141daa950 DEOPT UNPACKING pc=0x0000020144a82b43 sp=0x0000000901dfc1d0 mode 3
Event: 3.729 Thread 0x0000020141daa950 DEOPT PACKING pc=0x000002014505d199 sp=0x0000000901dfc600
Event: 3.729 Thread 0x0000020141daa950 DEOPT UNPACKING pc=0x0000020144a82b43 sp=0x0000000901dfbae0 mode 3
Event: 3.997 Thread 0x000002014e727040 DEOPT PACKING pc=0x00000201450c432b sp=0x00000009034fe500
Event: 3.997 Thread 0x000002014e727040 DEOPT UNPACKING pc=0x0000020144a82b43 sp=0x00000009034fda48 mode 3
Event: 4.602 Thread 0x000002014e941930 DEOPT PACKING pc=0x0000020145192935 sp=0x00000009040fd8e0
Event: 4.602 Thread 0x000002014e941930 DEOPT UNPACKING pc=0x0000020144a82b43 sp=0x00000009040fce08 mode 3
Event: 4.796 Thread 0x000002014e92b020 DEOPT PACKING pc=0x0000020144ee9f01 sp=0x00000009039fef60
Event: 4.796 Thread 0x000002014e92b020 DEOPT UNPACKING pc=0x0000020144a82b43 sp=0x00000009039fe3f0 mode 3
Event: 5.163 Thread 0x000002014e93c0c0 DEOPT PACKING pc=0x0000020144ee4c17 sp=0x0000000903cfeb90
Event: 5.163 Thread 0x000002014e93c0c0 DEOPT UNPACKING pc=0x0000020144a82b43 sp=0x0000000903cfdfe8 mode 3

Classes unloaded (0 events):
No events

Classes redefined (0 events):
No events

Internal exceptions (20 events):
Event: 4.368 Thread 0x000002014e826cb0 Exception <a 'sun/nio/fs/WindowsException'{0x00000000cb572298}> (0x00000000cb572298) 
thrown [e:\jenkins\tmp\workspace\build\src\src\hotspot\share\prims\jni.cpp, line 516]
Event: 4.368 Thread 0x000002014e826cb0 Exception <a 'sun/nio/fs/WindowsException'{0x00000000cb572ca0}> (0x00000000cb572ca0) 
thrown [e:\jenkins\tmp\workspace\build\src\src\hotspot\share\prims\jni.cpp, line 516]
Event: 4.368 Thread 0x000002014e826cb0 Exception <a 'sun/nio/fs/WindowsException'{0x00000000cb573060}> (0x00000000cb573060) 
thrown [e:\jenkins\tmp\workspace\build\src\src\hotspot\share\prims\jni.cpp, line 516]
Event: 4.368 Thread 0x000002014e826cb0 Exception <a 'sun/nio/fs/WindowsException'{0x00000000cb573a60}> (0x00000000cb573a60) 
thrown [e:\jenkins\tmp\workspace\build\src\src\hotspot\share\prims\jni.cpp, line 516]
Event: 4.368 Thread 0x000002014e826cb0 Exception <a 'sun/nio/fs/WindowsException'{0x00000000cb573e10}> (0x00000000cb573e10) 
thrown [e:\jenkins\tmp\workspace\build\src\src\hotspot\share\prims\jni.cpp, line 516]
Event: 4.368 Thread 0x000002014e826cb0 Exception <a 'sun/nio/fs/WindowsException'{0x00000000cb574818}> (0x00000000cb574818) 
thrown [e:\jenkins\tmp\workspace\build\src\src\hotspot\share\prims\jni.cpp, line 516]
Event: 4.368 Thread 0x000002014e826cb0 Exception <a 'sun/nio/fs/WindowsException'{0x00000000cb574bd8}> (0x00000000cb574bd8) 
thrown [e:\jenkins\tmp\workspace\build\src\src\hotspot\share\prims\jni.cpp, line 516]
Event: 4.369 Thread 0x000002014e826cb0 Exception <a 'sun/nio/fs/WindowsException'{0x00000000cb575600}> (0x00000000cb575600) 
thrown [e:\jenkins\tmp\workspace\build\src\src\hotspot\share\prims\jni.cpp, line 516]
Event: 4.369 Thread 0x000002014e826cb0 Exception <a 'sun/nio/fs/WindowsException'{0x00000000cb5759e0}> (0x00000000cb5759e0) 
thrown [e:\jenkins\tmp\workspace\build\src\src\hotspot\share\prims\jni.cpp, line 516]
Event: 4.369 Thread 0x000002014e826cb0 Exception <a 'sun/nio/fs/WindowsException'{0x00000000cb576418}> (0x00000000cb576418) 
thrown [e:\jenkins\tmp\workspace\build\src\src\hotspot\share\prims\jni.cpp, line 516]
Event: 4.369 Thread 0x000002014e826cb0 Exception <a 'sun/nio/fs/WindowsException'{0x00000000cb576808}> (0x00000000cb576808) 
thrown [e:\jenkins\tmp\workspace\build\src\src\hotspot\share\prims\jni.cpp, line 516]
Event: 4.369 Thread 0x000002014e826cb0 Exception <a 'sun/nio/fs/WindowsException'{0x00000000cb577238}> (0x00000000cb577238) 
thrown [e:\jenkins\tmp\workspace\build\src\src\hotspot\share\prims\jni.cpp, line 516]
Event: 4.369 Thread 0x000002014e826cb0 Exception <a 'sun/nio/fs/WindowsException'{0x00000000cb577628}> (0x00000000cb577628) 
thrown [e:\jenkins\tmp\workspace\build\src\src\hotspot\share\prims\jni.cpp, line 516]
Event: 4.508 Thread 0x000002014e853450 Exception <a 'java/lang/NoSuchMethodError'{0x00000000cbb7f6f0}: 'java.lang.Object java.lang.invoke.DirectMethodHandle$Holder.invokeStatic(java.lang.Object, java.lang.Object, java.lang.Object, int, java.lang.Object, java.lang.Object)'> (0x00000000cbb7f6f0) 
thrown [e:\jenkins\tmp\workspace\build\src\src\hotspot\share\interpreter\linkResolver.cpp, line 766]
Event: 4.595 Thread 0x000002014e941930 Exception <a 'java/lang/NoSuchMethodError'{0x00000000cb7bd4b8}: 'java.lang.Object java.lang.invoke.DirectMethodHandle$Holder.invokeStatic(java.lang.Object, int, java.lang.Object)'> (0x00000000cb7bd4b8) 
thrown [e:\jenkins\tmp\workspace\build\src\src\hotspot\share\interpreter\linkResolver.cpp, line 766]
Event: 4.843 Thread 0x000002014e941930 Exception <a 'java/lang/NoSuchMethodError'{0x00000000cc928400}: 'int java.lang.invoke.DirectMethodHandle$Holder.invokeStatic(java.lang.Object)'> (0x00000000cc928400) 
thrown [e:\jenkins\tmp\workspace\build\src\src\hotspot\share\interpreter\linkResolver.cpp, line 766]
Event: 4.843 Thread 0x000002014e941930 Exception <a 'java/lang/NoSuchMethodError'{0x00000000cc92bb78}: 'int java.lang.invoke.DirectMethodHandle$Holder.invokeStaticInit(java.lang.Object)'> (0x00000000cc92bb78) 
thrown [e:\jenkins\tmp\workspace\build\src\src\hotspot\share\interpreter\linkResolver.cpp, line 766]
Event: 4.886 Thread 0x000002014e853450 Exception <a 'java/lang/NoSuchMethodError'{0x00000000cc82db68}: 'int java.lang.invoke.DirectMethodHandle$Holder.invokeVirtual(java.lang.Object, java.lang.Object)'> (0x00000000cc82db68) 
thrown [e:\jenkins\tmp\workspace\build\src\src\hotspot\share\interpreter\linkResolver.cpp, line 766]
Event: 5.406 Thread 0x000002014e826cb0 Exception <a 'sun/nio/fs/WindowsException'{0x00000000cccbec08}> (0x00000000cccbec08) 
thrown [e:\jenkins\tmp\workspace\build\src\src\hotspot\share\prims\jni.cpp, line 516]
Event: 5.407 Thread 0x000002014e826cb0 Exception <a 'sun/nio/fs/WindowsException'{0x00000000cccbf028}> (0x00000000cccbf028) 
thrown [e:\jenkins\tmp\workspace\build\src\src\hotspot\share\prims\jni.cpp, line 516]

VM Operations (20 events):
Event: 5.263 Executing VM operation: ICBufferFull done
Event: 5.264 Executing VM operation: ICBufferFull
Event: 5.264 Executing VM operation: ICBufferFull done
Event: 5.264 Executing VM operation: ICBufferFull
Event: 5.264 Executing VM operation: ICBufferFull done
Event: 5.265 Executing VM operation: ICBufferFull
Event: 5.265 Executing VM operation: ICBufferFull done
Event: 5.266 Executing VM operation: ICBufferFull
Event: 5.266 Executing VM operation: ICBufferFull done
Event: 5.267 Executing VM operation: ICBufferFull
Event: 5.267 Executing VM operation: ICBufferFull done
Event: 5.343 Executing VM operation: G1CollectForAllocation
Event: 5.353 Executing VM operation: G1CollectForAllocation done
Event: 5.404 Executing VM operation: ICBufferFull
Event: 5.404 Executing VM operation: ICBufferFull done
Event: 5.408 Executing VM operation: ICBufferFull
Event: 5.408 Executing VM operation: ICBufferFull done
Event: 5.410 Executing VM operation: ICBufferFull
Event: 5.411 Executing VM operation: ICBufferFull done
Event: 5.411 Executing VM operation: G1Concurrent

Events (20 events):
Event: 4.640 loading class java/util/concurrent/atomic/AtomicLongFieldUpdater$CASUpdater$1
Event: 4.640 loading class java/util/concurrent/atomic/AtomicLongFieldUpdater$CASUpdater$1 done
Event: 4.680 Thread 0x000002014e942c70 Thread added: 0x000002014e942c70
Event: 4.796 loading class java/util/concurrent/locks/AbstractQueuedSynchronizer$ExclusiveNode
Event: 4.796 loading class java/util/concurrent/locks/AbstractQueuedSynchronizer$ExclusiveNode done
Event: 4.854 Thread 0x000002014e943140 Thread added: 0x000002014e943140
Event: 4.870 loading class java/util/concurrent/CompletionException
Event: 4.870 loading class java/util/concurrent/CompletionException done
Event: 4.889 loading class java/io/PrintWriter
Event: 4.889 loading class java/io/PrintWriter done
Event: 4.891 loading class sun/nio/cs/StringUTF16
Event: 4.891 loading class sun/nio/cs/StringUTF16 done
Event: 4.893 loading class java/util/WeakHashMap$EntrySet
Event: 4.893 loading class java/util/WeakHashMap$EntrySet done
Event: 4.893 loading class java/util/WeakHashMap$EntryIterator
Event: 4.893 loading class java/util/WeakHashMap$HashIterator
Event: 4.893 loading class java/util/WeakHashMap$HashIterator done
Event: 4.893 loading class java/util/WeakHashMap$EntryIterator done
Event: 5.396 loading class sun/nio/fs/WindowsChannelFactory$2
Event: 5.396 loading class sun/nio/fs/WindowsChannelFactory$2 done


Dynamic libraries:
0x00007ff66cc60000 - 0x00007ff66cc6e000 	c:\Users\Ronald\.vscode\extensions\redhat.java-1.7.0-win32-x64\jre\17.0.3-win32-x86_64\bin\java.exe
0x00007ffd81b90000 - 0x00007ffd81d87000 	C:\Windows\SYSTEM32\ntdll.dll
0x00007ffd80b20000 - 0x00007ffd80bdd000 	C:\Windows\System32\KERNEL32.DLL
0x00007ffd7f710000 - 0x00007ffd7f9dd000 	C:\Windows\System32\KERNELBASE.dll
0x00007ffd7f4e0000 - 0x00007ffd7f5e0000 	C:\Windows\System32\ucrtbase.dll
0x00007ffd795d0000 - 0x00007ffd795e8000 	c:\Users\Ronald\.vscode\extensions\redhat.java-1.7.0-win32-x64\jre\17.0.3-win32-x86_64\bin\jli.dll
0x00007ffd7c200000 - 0x00007ffd7c219000 	c:\Users\Ronald\.vscode\extensions\redhat.java-1.7.0-win32-x64\jre\17.0.3-win32-x86_64\bin\VCRUNTIME140.dll
0x00007ffd808e0000 - 0x00007ffd80a80000 	C:\Windows\System32\USER32.dll
0x00007ffd7fa30000 - 0x00007ffd7fa52000 	C:\Windows\System32\win32u.dll
0x00007ffd80720000 - 0x00007ffd8074a000 	C:\Windows\System32\GDI32.dll
0x00007ffd7f3d0000 - 0x00007ffd7f4db000 	C:\Windows\System32\gdi32full.dll
0x00007ffd7f5e0000 - 0x00007ffd7f67d000 	C:\Windows\System32\msvcp_win.dll
0x00007ffd65e40000 - 0x00007ffd660da000 	C:\Windows\WinSxS\amd64_microsoft.windows.common-controls_6595b64144ccf1df_6.0.19041.1110_none_60b5254171f9507e\COMCTL32.dll
0x00007ffd80a80000 - 0x00007ffd80b1e000 	C:\Windows\System32\msvcrt.dll
0x00007ffd812f0000 - 0x00007ffd81320000 	C:\Windows\System32\IMM32.DLL
0x00007ffd792a0000 - 0x00007ffd792ac000 	c:\Users\Ronald\.vscode\extensions\redhat.java-1.7.0-win32-x64\jre\17.0.3-win32-x86_64\bin\vcruntime140_1.dll
0x00007ffd61bd0000 - 0x00007ffd61c61000 	c:\Users\Ronald\.vscode\extensions\redhat.java-1.7.0-win32-x64\jre\17.0.3-win32-x86_64\bin\msvcp140.dll
0x00007ffd44120000 - 0x00007ffd44d68000 	c:\Users\Ronald\.vscode\extensions\redhat.java-1.7.0-win32-x64\jre\17.0.3-win32-x86_64\bin\server\jvm.dll
0x00007ffd80750000 - 0x00007ffd807fe000 	C:\Windows\System32\ADVAPI32.dll
0x00007ffd819c0000 - 0x00007ffd81a5c000 	C:\Windows\System32\sechost.dll
0x00007ffd811c0000 - 0x00007ffd812e5000 	C:\Windows\System32\RPCRT4.dll
0x00007ffd80d40000 - 0x00007ffd80d48000 	C:\Windows\System32\PSAPI.DLL
0x00007ffd71e30000 - 0x00007ffd71e39000 	C:\Windows\SYSTEM32\WSOCK32.dll
0x00007ffd80be0000 - 0x00007ffd80c4b000 	C:\Windows\System32\WS2_32.dll
0x00007ffd78a30000 - 0x00007ffd78a3a000 	C:\Windows\SYSTEM32\VERSION.dll
0x00007ffd74630000 - 0x00007ffd74657000 	C:\Windows\SYSTEM32\WINMM.dll
0x00007ffd7d0a0000 - 0x00007ffd7d0b2000 	C:\Windows\SYSTEM32\kernel.appcore.dll
0x00007ffd6e290000 - 0x00007ffd6e29a000 	c:\Users\Ronald\.vscode\extensions\redhat.java-1.7.0-win32-x64\jre\17.0.3-win32-x86_64\bin\jimage.dll
0x00007ffd66240000 - 0x00007ffd66424000 	C:\Windows\SYSTEM32\DBGHELP.DLL
0x00007ffd65160000 - 0x00007ffd6518c000 	C:\Windows\SYSTEM32\dbgcore.DLL
0x00007ffd7f680000 - 0x00007ffd7f702000 	C:\Windows\System32\bcryptPrimitives.dll
0x00007ffd6e260000 - 0x00007ffd6e285000 	c:\Users\Ronald\.vscode\extensions\redhat.java-1.7.0-win32-x64\jre\17.0.3-win32-x86_64\bin\java.dll
0x00007ffd6e0e0000 - 0x00007ffd6e0f8000 	c:\Users\Ronald\.vscode\extensions\redhat.java-1.7.0-win32-x64\jre\17.0.3-win32-x86_64\bin\zip.dll
0x00007ffd7fe40000 - 0x00007ffd80584000 	C:\Windows\System32\SHELL32.dll
0x00007ffd7d3b0000 - 0x00007ffd7db44000 	C:\Windows\SYSTEM32\windows.storage.dll
0x00007ffd81320000 - 0x00007ffd81674000 	C:\Windows\System32\combase.dll
0x00007ffd7ec40000 - 0x00007ffd7ec6c000 	C:\Windows\SYSTEM32\Wldp.dll
0x00007ffd7fca0000 - 0x00007ffd7fd4d000 	C:\Windows\System32\SHCORE.dll
0x00007ffd80cd0000 - 0x00007ffd80d25000 	C:\Windows\System32\shlwapi.dll
0x00007ffd7f1f0000 - 0x00007ffd7f20f000 	C:\Windows\SYSTEM32\profapi.dll
0x00007ffd6e080000 - 0x00007ffd6e099000 	C:\Users\Ronald\.vscode\extensions\redhat.java-1.7.0-win32-x64\jre\17.0.3-win32-x86_64\bin\net.dll
0x00007ffd690f0000 - 0x00007ffd691fa000 	C:\Windows\SYSTEM32\WINHTTP.dll
0x00007ffd7e9a0000 - 0x00007ffd7ea0a000 	C:\Windows\system32\mswsock.dll
0x00007ffd6bb00000 - 0x00007ffd6bb15000 	C:\Users\Ronald\.vscode\extensions\redhat.java-1.7.0-win32-x64\jre\17.0.3-win32-x86_64\bin\nio.dll
0x00007ffd6e250000 - 0x00007ffd6e260000 	c:\Users\Ronald\.vscode\extensions\redhat.java-1.7.0-win32-x64\jre\17.0.3-win32-x86_64\bin\verify.dll
0x00007ffd7c230000 - 0x00007ffd7c239000 	C:\Users\Ronald\.vscode\extensions\redhat.java-1.7.0-win32-x64\jre\17.0.3-win32-x86_64\bin\management.dll
0x00007ffd7c220000 - 0x00007ffd7c22b000 	C:\Users\Ronald\.vscode\extensions\redhat.java-1.7.0-win32-x64\jre\17.0.3-win32-x86_64\bin\management_ext.dll
0x00007ffd62f80000 - 0x00007ffd62f97000 	C:\Windows\system32\napinsp.dll
0x00007ffd62fa0000 - 0x00007ffd62fbb000 	C:\Windows\system32\pnrpnsp.dll
0x00007ffd791f0000 - 0x00007ffd79205000 	C:\Windows\system32\wshbth.dll
0x00007ffd7acf0000 - 0x00007ffd7ad0d000 	C:\Windows\system32\NLAapi.dll
0x00007ffd7e690000 - 0x00007ffd7e6cb000 	C:\Windows\SYSTEM32\IPHLPAPI.DLL
0x00007ffd7e6d0000 - 0x00007ffd7e79b000 	C:\Windows\SYSTEM32\DNSAPI.dll
0x00007ffd806b0000 - 0x00007ffd806b8000 	C:\Windows\System32\NSI.dll
0x00007ffd62fc0000 - 0x00007ffd62fd2000 	C:\Windows\System32\winrnr.dll
0x00007ffd68ff0000 - 0x00007ffd68ffa000 	C:\Windows\System32\rasadhlp.dll
0x00007ffd69070000 - 0x00007ffd690f0000 	C:\Windows\System32\fwpuclnt.dll
0x00007ffd7fa60000 - 0x00007ffd7fa87000 	C:\Windows\System32\bcrypt.dll
0x00007ffd7eb90000 - 0x00007ffd7eba8000 	C:\Windows\SYSTEM32\CRYPTSP.dll
0x00007ffd7e320000 - 0x00007ffd7e354000 	C:\Windows\system32\rsaenh.dll
0x00007ffd7f170000 - 0x00007ffd7f19e000 	C:\Windows\SYSTEM32\USERENV.dll
0x00007ffd7ebb0000 - 0x00007ffd7ebbc000 	C:\Windows\SYSTEM32\CRYPTBASE.dll
0x00007ffd75fe0000 - 0x00007ffd75ff7000 	C:\Windows\SYSTEM32\dhcpcsvc6.DLL
0x00007ffd76120000 - 0x00007ffd7613d000 	C:\Windows\SYSTEM32\dhcpcsvc.DLL

dbghelp: loaded successfully - version: 4.0.5 - missing functions: none
symbol engine: initialized successfully - sym options: 0x614 - pdb path: .;c:\Users\Ronald\.vscode\extensions\redhat.java-1.7.0-win32-x64\jre\17.0.3-win32-x86_64\bin;C:\Windows\SYSTEM32;C:\Windows\WinSxS\amd64_microsoft.windows.common-controls_6595b64144ccf1df_6.0.19041.1110_none_60b5254171f9507e;c:\Users\Ronald\.vscode\extensions\redhat.java-1.7.0-win32-x64\jre\17.0.3-win32-x86_64\bin\server

VM Arguments:
jvm_args: --add-modules=ALL-SYSTEM --add-exports=jdk.compiler/com.sun.tools.javac.file=ALL-UNNAMED --add-exports=jdk.compiler/com.sun.tools.javac.util=ALL-UNNAMED --add-exports=jdk.compiler/com.sun.tools.javac.comp=ALL-UNNAMED --add-exports=jdk.compiler/com.sun.tools.javac.main=ALL-UNNAMED --add-exports=jdk.compiler/com.sun.tools.javac.tree=ALL-UNNAMED --add-exports=jdk.compiler/com.sun.tools.javac.code=ALL-UNNAMED -Dsts.lsp.client=vscode -Dsts.log.file=/dev/null -XX:TieredStopAtLevel=1 -Dspring.config.location=file:c:\Users\Ronald\.vscode\extensions\pivotal.vscode-spring-boot-1.36.0\language-server\BOOT-INF\classes\application.properties 
java_command: org.springframework.ide.vscode.boot.app.BootLanguageServerBootApp
java_class_path (initial): c:\Users\Ronald\.vscode\extensions\pivotal.vscode-spring-boot-1.36.0\language-server\BOOT-INF\classes;c:\Users\Ronald\.vscode\extensions\pivotal.vscode-spring-boot-1.36.0\language-server\BOOT-INF\lib\annotations-23.0.0.jar;c:\Users\Ronald\.vscode\extensions\pivotal.vscode-spring-boot-1.36.0\language-server\BOOT-INF\lib\antlr-runtime-3.5.2.jar;c:\Users\Ronald\.vscode\extensions\pivotal.vscode-spring-boot-1.36.0\language-server\BOOT-INF\lib\antlr4-4.9.3.jar;c:\Users\Ronald\.vscode\extensions\pivotal.vscode-spring-boot-1.36.0\language-server\BOOT-INF\lib\antlr4-runtime-4.9.3.jar;c:\Users\Ronald\.vscode\extensions\pivotal.vscode-spring-boot-1.36.0\language-server\BOOT-INF\lib\asm-9.3.jar;c:\Users\Ronald\.vscode\extensions\pivotal.vscode-spring-boot-1.36.0\language-server\BOOT-INF\lib\asm-analysis-9.3.jar;c:\Users\Ronald\.vscode\extensions\pivotal.vscode-spring-boot-1.36.0\language-server\BOOT-INF\lib\asm-tree-9.3.jar;c:\Users\Ronald\.vscode\extensions\pivotal.vscode-spring-boot-1.36.0\language-server\BOOT-INF\lib\asm-util-9.3.jar;c:\Users\Ronald\.vscode\extensions\pivotal.vscode-spring-boot-1.36.0\language-server\BOOT-INF\lib\byte-buddy-1.10.18.jar;c:\Users\Ronald\.vscode\extensions\pivotal.vscode-spring-boot-1.36.0\language-server\BOOT-INF\lib\caffeine-2.8.6.jar;c:\Users\Ronald\.vscode\extensions\pivotal.vscode-spring-boot-1.36.0\language-server\BOOT-INF\lib\checker-qual-3.12.0.jar;c:\Users\Ronald\.vscode\extensions\pivotal.vscode-spring-boot-1.36.0\language-server\BOOT-INF\lib\classgraph-4.8.146.jar;c:\Users\Ronald\.vscode\extensions\pivotal.vscode-spring-boot-1.36.0\language-server\BOOT-INF\lib\commons-codec-1.14.jar;c:\Users\Ronald\.vscode\extensions\pivotal.vscode-spring-boot-1.36.0\language-server\BOOT-INF\lib\commons-compress-1.21.jar;c:\Users\Ronald\.vscode\extensions\pivotal.vscode-spring-boot-1.36.0\language-server\BOOT-INF\lib\commons-exec-1.3.jar;c:\Users\Ronald\.vscode\extensions\pivotal.vscode-spring-boot-1.36.0\language-server
Launcher Type: SUN_STANDARD

[Global flags]
     intx CICompilerCount                          = 3                                         {product} {ergonomic}
     uint ConcGCThreads                            = 1                                         {product} {ergonomic}
     uint G1ConcRefinementThreads                  = 4                                         {product} {ergonomic}
   size_t G1HeapRegionSize                         = 1048576                                   {product} {ergonomic}
    uintx GCDrainStackTargetSize                   = 64                                        {product} {ergonomic}
   size_t InitialHeapSize                          = 58720256                                  {product} {ergonomic}
   size_t MarkStackSize                            = 4194304                                   {product} {ergonomic}
   size_t MaxHeapSize                              = 918552576                                 {product} {ergonomic}
   size_t MaxNewSize                               = 550502400                                 {product} {ergonomic}
   size_t MinHeapDeltaBytes                        = 1048576                                   {product} {ergonomic}
   size_t MinHeapSize                              = 8388608                                   {product} {ergonomic}
    uintx NonProfiledCodeHeapSize                  = 0                                      {pd product} {ergonomic}
     bool ProfileInterpreter                       = false                                  {pd product} {command line}
    uintx ProfiledCodeHeapSize                     = 0                                      {pd product} {ergonomic}
   size_t SoftMaxHeapSize                          = 918552576                              {manageable} {ergonomic}
     intx TieredStopAtLevel                        = 1                                         {product} {command line}
     bool UseCompressedClassPointers               = true                           {product lp64_product} {ergonomic}
     bool UseCompressedOops                        = true                           {product lp64_product} {ergonomic}
     bool UseG1GC                                  = true                                      {product} {ergonomic}
     bool UseLargePagesIndividualAllocation        = false                                  {pd product} {ergonomic}

Logging:
Log output configuration:
 #0: stdout all=warning uptime,level,tags
 #1: stderr all=off uptime,level,tags

Environment Variables:
JAVA_HOME=C:\Users\Ronald\AppData\Local\Programs\Eclipse Adoptium\jdk-17.0.3.7-hotspot\
PATH=C:\ProgramData\Oracle\Java\javapath;C:\Windows\system32;C:\Windows;C:\Windows\System32\Wbem;C:\Windows\System32\WindowsPowerShell\v1.0\;C:\Windows\System32\OpenSSH\;C:\Users\Ronald\AppData\Local\Programs\Eclipse Adoptium\jdk-17.0.3.7-hotspot\bin;C:\Users\Ronald\AppData\Local\Microsoft\WindowsApps;C:\Users\Ronald\AppData\Local\Programs\Microsoft VS Code\bin
USERNAME=Ronald
OS=Windows_NT
PROCESSOR_IDENTIFIER=AMD64 Family 23 Model 24 Stepping 1, AuthenticAMD



---------------  S Y S T E M  ---------------

OS:
 Windows 10 , 64 bit Build 19041 (10.0.19041.1741)
OS uptime: 2 days 18:41 hours

CPU: total 4 (initial active 4) (4 cores per cpu, 2 threads per core) family 23 model 24 stepping 1 microcode 0x0, cx8, cmov, fxsr, ht, mmx, 3dnowpref, sse, sse2, sse3, ssse3, sse4a, sse4.1, sse4.2, popcnt, lzcnt, tsc, tscinvbit, avx, avx2, aes, clmul, bmi1, bmi2, adx, sha, fma, vzeroupper, clflush, clflushopt

Memory: 4k page, system-wide physical 3498M (415M free)
TotalPageFile size 14250M (AvailPageFile size 2M)
current process WorkingSet (physical memory assigned to process): 146M, peak: 151M
current process commit charge ("private bytes"): 178M, peak: 186M

vm_info: OpenJDK 64-Bit Server VM (17.0.3+7) for windows-amd64 JRE (17.0.3+7), built on Apr 19 2022 16:55:35 by "" with MS VC++ 16.7 (VS2019)

END.
