#
# There is insufficient memory for the Java Runtime Environment to continue.
# Native memory allocation (mmap) failed to map 53477376 bytes for G1 virtual space
# Possible reasons:
#   The system is out of physical RAM or swap space
#   The process is running with CompressedOops enabled, and the Java Heap may be blocking the growth of the native heap
# Possible solutions:
#   Reduce memory load on the system
#   Increase physical memory or swap space
#   Check if swap backing store is full
#   Decrease Java heap size (-Xmx/-Xms)
#   Decrease number of Java threads
#   Decrease Java thread stack sizes (-Xss)
#   Set larger code cache with -XX:ReservedCodeCacheSize=
#   JVM is running with Unscaled Compressed Oops mode in which the Java heap is
#     placed in the first 4GB address space. The Java Heap base address is the
#     maximum limit for the native heap growth. Please use -XX:HeapBaseMinAddress
#     to set the Java Heap base and to place the Java Heap above 4GB virtual address.
# This output file may be truncated or incomplete.
#
#  Out of Memory Error (os_windows.cpp:3535), pid=6788, tid=13960
#
# JRE version: OpenJDK Runtime Environment Temurin-17.0.3+7 (17.0.3+7) (build 17.0.3+7)
# Java VM: OpenJDK 64-Bit Server VM Temurin-17.0.3+7 (17.0.3+7, mixed mode, emulated-client, tiered, compressed oops, compressed class ptrs, g1 gc, windows-amd64)
# No core dump will be written. Minidumps are not enabled by default on client versions of Windows
#

---------------  S U M M A R Y ------------

Command Line: --add-modules=ALL-SYSTEM --add-exports=jdk.compiler/com.sun.tools.javac.file=ALL-UNNAMED --add-exports=jdk.compiler/com.sun.tools.javac.util=ALL-UNNAMED --add-exports=jdk.compiler/com.sun.tools.javac.comp=ALL-UNNAMED --add-exports=jdk.compiler/com.sun.tools.javac.main=ALL-UNNAMED --add-exports=jdk.compiler/com.sun.tools.javac.tree=ALL-UNNAMED --add-exports=jdk.compiler/com.sun.tools.javac.code=ALL-UNNAMED -Dsts.lsp.client=vscode -Dsts.log.file=/dev/null -XX:TieredStopAtLevel=1 -Dspring.config.location=file:c:\Users\Ronald\.vscode\extensions\pivotal.vscode-spring-boot-1.36.0\language-server\BOOT-INF\classes\application.properties org.springframework.ide.vscode.boot.app.BootLanguageServerBootApp

Host: AMD Ryzen 3 3200U with Radeon Vega Mobile Gfx  , 4 cores, 3G,  Windows 10 , 64 bit Build 19041 (10.0.19041.1741)
Time: Wed Jun 22 18:21:33 2022 Hora est. Pacífico, Sudamérica elapsed time: 43.551979 seconds (0d 0h 0m 43s)

---------------  T H R E A D  ---------------

Current thread (0x00000238957ce3d0):  VMThread "VM Thread" [stack: 0x000000dc7d600000,0x000000dc7d700000] [id=13960]

Stack: [0x000000dc7d600000,0x000000dc7d700000]
Native frames: (J=compiled Java code, j=interpreted, Vv=VM code, C=native code)
V  [jvm.dll+0x675efa]
V  [jvm.dll+0x830a24]
V  [jvm.dll+0x8321ce]
V  [jvm.dll+0x832833]
V  [jvm.dll+0x2454b5]
V  [jvm.dll+0x672de9]
V  [jvm.dll+0x667732]
V  [jvm.dll+0x3043ab]
V  [jvm.dll+0x30b8f6]
V  [jvm.dll+0x35b62e]
V  [jvm.dll+0x35b85f]
V  [jvm.dll+0x2db248]
V  [jvm.dll+0x2d94fc]
V  [jvm.dll+0x2d8acc]
V  [jvm.dll+0x31ca2b]
V  [jvm.dll+0x836cdb]
V  [jvm.dll+0x837a14]
V  [jvm.dll+0x837f2c]
V  [jvm.dll+0x838304]
V  [jvm.dll+0x8383d0]
V  [jvm.dll+0x7e0cfa]
V  [jvm.dll+0x674d85]
C  [ucrtbase.dll+0x21bb2]
C  [KERNEL32.DLL+0x17034]
C  [ntdll.dll+0x52651]

VM_Operation (0x000000dc7ecfea10): G1CollectForAllocation, mode: safepoint, requested by thread 0x00000238a2026fc0


---------------  P R O C E S S  ---------------

Threads class SMR info:
_java_thread_list=0x00000238a1e270e0, length=24, elements={
0x000002389f6e0750, 0x000002389f6e1750, 0x000002389f6f2f10, 0x000002389f6f57e0,
0x000002389f6f60a0, 0x000002389f6f6960, 0x000002389f722010, 0x000002389f724d40,
0x000002389f6ad3d0, 0x00000238a032a800, 0x00000238a1da5290, 0x00000238a0a5e230,
0x00000238a0b0e370, 0x00000238a2026150, 0x00000238a2026620, 0x00000238a2026af0,
0x00000238a2026fc0, 0x00000238a202b4a0, 0x00000238a202d280, 0x00000238a202d7a0,
0x00000238a20307c0, 0x00000238a202f950, 0x00000238a20302f0, 0x00000238a2030c90
}

Java Threads: ( => current thread )
  0x000002389f6e0750 JavaThread "Reference Handler" daemon [_thread_blocked, id=13532, stack(0x000000dc7d700000,0x000000dc7d800000)]
  0x000002389f6e1750 JavaThread "Finalizer" daemon [_thread_blocked, id=12100, stack(0x000000dc7d800000,0x000000dc7d900000)]
  0x000002389f6f2f10 JavaThread "Signal Dispatcher" daemon [_thread_blocked, id=15460, stack(0x000000dc7d900000,0x000000dc7da00000)]
  0x000002389f6f57e0 JavaThread "Attach Listener" daemon [_thread_blocked, id=14948, stack(0x000000dc7da00000,0x000000dc7db00000)]
  0x000002389f6f60a0 JavaThread "Service Thread" daemon [_thread_blocked, id=10736, stack(0x000000dc7db00000,0x000000dc7dc00000)]
  0x000002389f6f6960 JavaThread "Monitor Deflation Thread" daemon [_thread_blocked, id=15868, stack(0x000000dc7dc00000,0x000000dc7dd00000)]
  0x000002389f722010 JavaThread "C1 CompilerThread0" daemon [_thread_blocked, id=14852, stack(0x000000dc7dd00000,0x000000dc7de00000)]
  0x000002389f724d40 JavaThread "Sweeper thread" daemon [_thread_blocked, id=12344, stack(0x000000dc7de00000,0x000000dc7df00000)]
  0x000002389f6ad3d0 JavaThread "Common-Cleaner" daemon [_thread_blocked, id=5136, stack(0x000000dc7df00000,0x000000dc7e000000)]
  0x00000238a032a800 JavaThread "Notification Thread" daemon [_thread_blocked, id=6420, stack(0x000000dc7e200000,0x000000dc7e300000)]
  0x00000238a1da5290 JavaThread "ForkJoinPool.commonPool-worker-1" daemon [_thread_blocked, id=12164, stack(0x000000dc7e400000,0x000000dc7e500000)]
  0x00000238a0a5e230 JavaThread "C1 CompilerThread1" daemon [_thread_blocked, id=13780, stack(0x000000dc7e500000,0x000000dc7e600000)]
  0x00000238a0b0e370 JavaThread "ClassGraph-worker-0" daemon [_thread_blocked, id=15592, stack(0x000000dc7e800000,0x000000dc7e900000)]
  0x00000238a2026150 JavaThread "ClassGraph-worker-1" daemon [_thread_blocked, id=788, stack(0x000000dc7e900000,0x000000dc7ea00000)]
  0x00000238a2026620 JavaThread "ClassGraph-worker-2" daemon [_thread_blocked, id=11992, stack(0x000000dc7ea00000,0x000000dc7eb00000)]
  0x00000238a2026af0 JavaThread "ClassGraph-worker-3" daemon [_thread_blocked, id=15576, stack(0x000000dc7eb00000,0x000000dc7ec00000)]
  0x00000238a2026fc0 JavaThread "ClassGraph-worker-4" daemon [_thread_blocked, id=7452, stack(0x000000dc7ec00000,0x000000dc7ed00000)]
  0x00000238a202b4a0 JavaThread "ClassGraph-worker-5" daemon [_thread_blocked, id=14664, stack(0x000000dc7ed00000,0x000000dc7ee00000)]
  0x00000238a202d280 JavaThread "ClassGraph-worker-6" daemon [_thread_blocked, id=4388, stack(0x000000dc7ee00000,0x000000dc7ef00000)]
  0x00000238a202d7a0 JavaThread "ClassGraph-worker-7" daemon [_thread_blocked, id=15604, stack(0x000000dc7ef00000,0x000000dc7f000000)]
  0x00000238a20307c0 JavaThread "pool-7-thread-1" [_thread_blocked, id=11896, stack(0x000000dc7f000000,0x000000dc7f100000)]
  0x00000238a202f950 JavaThread "LanguageServerApp-lifecycle" [_thread_blocked, id=8412, stack(0x000000dc7f100000,0x000000dc7f200000)]
  0x00000238a20302f0 JavaThread "DestroyJavaVM" [_thread_blocked, id=12692, stack(0x000000dc7d000000,0x000000dc7d100000)]
  0x00000238a2030c90 JavaThread "pool-8-thread-1" [_thread_in_native, id=12192, stack(0x000000dc7f200000,0x000000dc7f300000)]

Other Threads:
=>0x00000238957ce3d0 VMThread "VM Thread" [stack: 0x000000dc7d600000,0x000000dc7d700000] [id=13960]
  0x00000238a032acd0 WatcherThread [stack: 0x000000dc7e300000,0x000000dc7e400000] [id=5548]
  0x0000023895731c60 GCTaskThread "GC Thread#0" [stack: 0x000000dc7d100000,0x000000dc7d200000] [id=5488]
  0x00000238a021db30 GCTaskThread "GC Thread#1" [stack: 0x000000dc7e000000,0x000000dc7e100000] [id=13384]
  0x00000238a0b8cf20 GCTaskThread "GC Thread#2" [stack: 0x000000dc7e100000,0x000000dc7e200000] [id=14772]
  0x00000238a0ca1480 GCTaskThread "GC Thread#3" [stack: 0x000000dc7e600000,0x000000dc7e700000] [id=13420]
  0x0000023895739830 ConcurrentGCThread "G1 Main Marker" [stack: 0x000000dc7d200000,0x000000dc7d300000] [id=14976]
  0x000002389573a150 ConcurrentGCThread "G1 Conc#0" [stack: 0x000000dc7d300000,0x000000dc7d400000] [id=16148]
  0x000002389577b210 ConcurrentGCThread "G1 Refine#0" [stack: 0x000000dc7d400000,0x000000dc7d500000] [id=13908]
  0x000002389577bb40 ConcurrentGCThread "G1 Service" [stack: 0x000000dc7d500000,0x000000dc7d600000] [id=16112]

Threads with active compile tasks:

VM state: at safepoint (normal execution)

VM Mutex/Monitor currently owned by a thread:  ([mutex/lock_event])
[0x000002389364a9b0] Threads_lock - owner thread: 0x00000238957ce3d0
[0x00000238956f7d40] Heap_lock - owner thread: 0x00000238a2026fc0

Heap address: 0x00000000c9400000, size: 876 MB, Compressed Oops mode: 32-bit

CDS archive(s) not mapped
Compressed class space mapped at: 0x0000000100000000-0x0000000140000000, reserved size: 1073741824
Narrow klass base: 0x0000000000000000, Narrow klass shift: 3, Narrow klass range: 0x140000000

GC Precious Log:
 CPUs: 4 total, 4 available
 Memory: 3498M
 Large Page Support: Disabled
 NUMA Support: Disabled
 Compressed Oops: Enabled (32-bit)
 Heap Region Size: 1M
 Heap Min Capacity: 8M
 Heap Initial Capacity: 56M
 Heap Max Capacity: 876M
 Pre-touch: Disabled
 Parallel Workers: 4
 Concurrent Workers: 1
 Concurrent Refinement Workers: 4
 Periodic GC: Disabled

Heap:
 garbage-first heap   total 65536K, used 40390K [0x00000000c9400000, 0x0000000100000000)
  region size 1024K, 2 young (2048K), 2 survivors (2048K)
 Metaspace       used 32804K, committed 33088K, reserved 1081344K
  class space    used 4182K, committed 4288K, reserved 1048576K

Heap Regions: E=young(eden), S=young(survivor), O=old, HS=humongous(starts), HC=humongous(continues), CS=collection set, F=free, OA=open archive, CA=closed archive, TAMS=top-at-mark-start (previous, next)
|   0|0x00000000c9400000, 0x00000000c9500000, 0x00000000c9500000|100%| O|  |TAMS 0x00000000c9500000, 0x00000000c9500000| Untracked 
|   1|0x00000000c9500000, 0x00000000c9600000, 0x00000000c9600000|100%| O|  |TAMS 0x00000000c9600000, 0x00000000c9600000| Untracked 
|   2|0x00000000c9600000, 0x00000000c9700000, 0x00000000c9700000|100%| O|  |TAMS 0x00000000c9700000, 0x00000000c9700000| Untracked 
|   3|0x00000000c9700000, 0x00000000c9800000, 0x00000000c9800000|100%| O|  |TAMS 0x00000000c9800000, 0x00000000c9800000| Untracked 
|   4|0x00000000c9800000, 0x00000000c9900000, 0x00000000c9900000|100%| O|  |TAMS 0x00000000c9900000, 0x00000000c9900000| Untracked 
|   5|0x00000000c9900000, 0x00000000c9a00000, 0x00000000c9a00000|100%| O|  |TAMS 0x00000000c9a00000, 0x00000000c9a00000| Untracked 
|   6|0x00000000c9a00000, 0x00000000c9b00000, 0x00000000c9b00000|100%| O|  |TAMS 0x00000000c9b00000, 0x00000000c9b00000| Untracked 
|   7|0x00000000c9b00000, 0x00000000c9c00000, 0x00000000c9c00000|100%| O|  |TAMS 0x00000000c9c00000, 0x00000000c9c00000| Untracked 
|   8|0x00000000c9c00000, 0x00000000c9d00000, 0x00000000c9d00000|100%| O|  |TAMS 0x00000000c9d00000, 0x00000000c9d00000| Untracked 
|   9|0x00000000c9d00000, 0x00000000c9e00000, 0x00000000c9e00000|100%| O|  |TAMS 0x00000000c9e00000, 0x00000000c9e00000| Untracked 
|  10|0x00000000c9e00000, 0x00000000c9e43200, 0x00000000c9f00000| 26%| O|  |TAMS 0x00000000c9e43200, 0x00000000c9e43200| Untracked 
|  11|0x00000000c9f00000, 0x00000000ca000000, 0x00000000ca000000|100%| O|  |TAMS 0x00000000ca000000, 0x00000000ca000000| Untracked 
|  12|0x00000000ca000000, 0x00000000ca100000, 0x00000000ca100000|100%| O|  |TAMS 0x00000000ca100000, 0x00000000ca100000| Untracked 
|  13|0x00000000ca100000, 0x00000000ca200000, 0x00000000ca200000|100%| O|  |TAMS 0x00000000ca200000, 0x00000000ca200000| Untracked 
|  14|0x00000000ca200000, 0x00000000ca300000, 0x00000000ca300000|100%| O|  |TAMS 0x00000000ca300000, 0x00000000ca300000| Untracked 
|  15|0x00000000ca300000, 0x00000000ca400000, 0x00000000ca400000|100%| O|  |TAMS 0x00000000ca400000, 0x00000000ca400000| Untracked 
|  16|0x00000000ca400000, 0x00000000ca500000, 0x00000000ca500000|100%| O|  |TAMS 0x00000000ca500000, 0x00000000ca500000| Untracked 
|  17|0x00000000ca500000, 0x00000000ca600000, 0x00000000ca600000|100%| O|  |TAMS 0x00000000ca600000, 0x00000000ca600000| Untracked 
|  18|0x00000000ca600000, 0x00000000ca700000, 0x00000000ca700000|100%| O|  |TAMS 0x00000000ca700000, 0x00000000ca700000| Untracked 
|  19|0x00000000ca700000, 0x00000000ca800000, 0x00000000ca800000|100%| O|  |TAMS 0x00000000ca800000, 0x00000000ca800000| Untracked 
|  20|0x00000000ca800000, 0x00000000ca900000, 0x00000000ca900000|100%| O|  |TAMS 0x00000000ca900000, 0x00000000ca900000| Untracked 
|  21|0x00000000ca900000, 0x00000000caa00000, 0x00000000caa00000|100%| O|  |TAMS 0x00000000caa00000, 0x00000000caa00000| Untracked 
|  22|0x00000000caa00000, 0x00000000cab00000, 0x00000000cab00000|100%| O|  |TAMS 0x00000000cab00000, 0x00000000cab00000| Untracked 
|  23|0x00000000cab00000, 0x00000000cac00000, 0x00000000cac00000|100%| O|  |TAMS 0x00000000cac00000, 0x00000000cac00000| Untracked 
|  24|0x00000000cac00000, 0x00000000cad00000, 0x00000000cad00000|100%| O|  |TAMS 0x00000000cad00000, 0x00000000cad00000| Untracked 
|  25|0x00000000cad00000, 0x00000000cae00000, 0x00000000cae00000|100%| O|  |TAMS 0x00000000cae00000, 0x00000000cae00000| Untracked 
|  26|0x00000000cae00000, 0x00000000caf00000, 0x00000000caf00000|100%| O|  |TAMS 0x00000000caf00000, 0x00000000caf00000| Untracked 
|  27|0x00000000caf00000, 0x00000000cb000000, 0x00000000cb000000|100%| O|  |TAMS 0x00000000cb000000, 0x00000000cb000000| Untracked 
|  28|0x00000000cb000000, 0x00000000cb100000, 0x00000000cb100000|100%| O|  |TAMS 0x00000000cb100000, 0x00000000cb100000| Untracked 
|  29|0x00000000cb100000, 0x00000000cb200000, 0x00000000cb200000|100%| O|  |TAMS 0x00000000cb200000, 0x00000000cb200000| Untracked 
|  30|0x00000000cb200000, 0x00000000cb300000, 0x00000000cb300000|100%| O|  |TAMS 0x00000000cb300000, 0x00000000cb300000| Untracked 
|  31|0x00000000cb300000, 0x00000000cb400000, 0x00000000cb400000|100%| O|  |TAMS 0x00000000cb33e200, 0x00000000cb400000| Untracked 
|  32|0x00000000cb400000, 0x00000000cb500000, 0x00000000cb500000|100%| O|  |TAMS 0x00000000cb400000, 0x00000000cb4bec00| Untracked 
|  33|0x00000000cb500000, 0x00000000cb600000, 0x00000000cb600000|100%| O|  |TAMS 0x00000000cb500000, 0x00000000cb500000| Untracked 
|  34|0x00000000cb600000, 0x00000000cb700000, 0x00000000cb700000|100%| O|  |TAMS 0x00000000cb600000, 0x00000000cb600000| Untracked 
|  35|0x00000000cb700000, 0x00000000cb800000, 0x00000000cb800000|100%| O|  |TAMS 0x00000000cb700000, 0x00000000cb700000| Untracked 
|  36|0x00000000cb800000, 0x00000000cb900000, 0x00000000cb900000|100%| O|  |TAMS 0x00000000cb800000, 0x00000000cb800000| Untracked 
|  37|0x00000000cb900000, 0x00000000cba00000, 0x00000000cba00000|100%| O|  |TAMS 0x00000000cb900000, 0x00000000cb900000| Untracked 
|  38|0x00000000cba00000, 0x00000000cba2e600, 0x00000000cbb00000| 18%| O|  |TAMS 0x00000000cba00000, 0x00000000cba00000| Untracked 
|  39|0x00000000cbb00000, 0x00000000cbb00000, 0x00000000cbc00000|  0%| F|  |TAMS 0x00000000cbb00000, 0x00000000cbb00000| Untracked 
|  40|0x00000000cbc00000, 0x00000000cbc00000, 0x00000000cbd00000|  0%| F|  |TAMS 0x00000000cbc00000, 0x00000000cbc00000| Untracked 
|  41|0x00000000cbd00000, 0x00000000cbd00000, 0x00000000cbe00000|  0%| F|  |TAMS 0x00000000cbd00000, 0x00000000cbd00000| Untracked 
|  42|0x00000000cbe00000, 0x00000000cbe00000, 0x00000000cbf00000|  0%| F|  |TAMS 0x00000000cbe00000, 0x00000000cbe00000| Untracked 
|  43|0x00000000cbf00000, 0x00000000cbf00000, 0x00000000cc000000|  0%| F|  |TAMS 0x00000000cbf00000, 0x00000000cbf00000| Untracked 
|  44|0x00000000cc000000, 0x00000000cc000000, 0x00000000cc100000|  0%| F|  |TAMS 0x00000000cc000000, 0x00000000cc000000| Untracked 
|  45|0x00000000cc100000, 0x00000000cc100000, 0x00000000cc200000|  0%| F|  |TAMS 0x00000000cc100000, 0x00000000cc100000| Untracked 
|  46|0x00000000cc200000, 0x00000000cc200000, 0x00000000cc300000|  0%| F|  |TAMS 0x00000000cc200000, 0x00000000cc200000| Untracked 
|  47|0x00000000cc300000, 0x00000000cc400000, 0x00000000cc400000|100%| S|CS|TAMS 0x00000000cc300000, 0x00000000cc300000| Complete 
|  48|0x00000000cc400000, 0x00000000cc500000, 0x00000000cc500000|100%| S|CS|TAMS 0x00000000cc400000, 0x00000000cc400000| Complete 
|  49|0x00000000cc500000, 0x00000000cc500000, 0x00000000cc600000|  0%| F|  |TAMS 0x00000000cc500000, 0x00000000cc500000| Untracked 
|  50|0x00000000cc600000, 0x00000000cc600000, 0x00000000cc700000|  0%| F|  |TAMS 0x00000000cc600000, 0x00000000cc600000| Untracked 
|  51|0x00000000cc700000, 0x00000000cc700000, 0x00000000cc800000|  0%| F|  |TAMS 0x00000000cc700000, 0x00000000cc700000| Untracked 
|  52|0x00000000cc800000, 0x00000000cc800000, 0x00000000cc900000|  0%| F|  |TAMS 0x00000000cc800000, 0x00000000cc800000| Untracked 
|  53|0x00000000cc900000, 0x00000000cc900000, 0x00000000cca00000|  0%| F|  |TAMS 0x00000000cc900000, 0x00000000cc900000| Untracked 
|  54|0x00000000cca00000, 0x00000000cca00000, 0x00000000ccb00000|  0%| F|  |TAMS 0x00000000cca00000, 0x00000000cca00000| Untracked 
|  55|0x00000000ccb00000, 0x00000000ccb00000, 0x00000000ccc00000|  0%| F|  |TAMS 0x00000000ccb00000, 0x00000000ccb00000| Untracked 
|  56|0x00000000ccc00000, 0x00000000ccc00000, 0x00000000ccd00000|  0%| F|  |TAMS 0x00000000ccc00000, 0x00000000ccc00000| Untracked 
|  57|0x00000000ccd00000, 0x00000000ccd00000, 0x00000000cce00000|  0%| F|  |TAMS 0x00000000ccd00000, 0x00000000ccd00000| Untracked 
|  58|0x00000000cce00000, 0x00000000cce00000, 0x00000000ccf00000|  0%| F|  |TAMS 0x00000000cce00000, 0x00000000cce00000| Untracked 
|  59|0x00000000ccf00000, 0x00000000ccf00000, 0x00000000cd000000|  0%| F|  |TAMS 0x00000000ccf00000, 0x00000000ccf00000| Untracked 
|  60|0x00000000cd000000, 0x00000000cd000000, 0x00000000cd100000|  0%| F|  |TAMS 0x00000000cd000000, 0x00000000cd000000| Untracked 
|  61|0x00000000cd100000, 0x00000000cd100000, 0x00000000cd200000|  0%| F|  |TAMS 0x00000000cd100000, 0x00000000cd100000| Untracked 
|  62|0x00000000cd200000, 0x00000000cd200000, 0x00000000cd300000|  0%| F|  |TAMS 0x00000000cd200000, 0x00000000cd200000| Untracked 
|  63|0x00000000cd300000, 0x00000000cd300000, 0x00000000cd400000|  0%| F|  |TAMS 0x00000000cd300000, 0x00000000cd300000| Untracked 

Card table byte_map: [0x000002389b380000,0x000002389b540000] _byte_map_base: 0x000002389ad36000

Marking Bits (Prev, Next): (CMBitMap*) 0x0000023895732180, (CMBitMap*) 0x00000238957321c0
 Prev Bits: [0x000002389b700000, 0x000002389c4b0000)
 Next Bits: [0x000002389c4b0000, 0x000002389d260000)

Polling page: 0x00000238935b0000

Metaspace:

Usage:
  Non-class:     27.95 MB used.
      Class:      4.08 MB used.
       Both:     32.04 MB used.

Virtual space:
  Non-class space:       32.00 MB reserved,      28.12 MB ( 88%) committed,  4 nodes.
      Class space:        1.00 GB reserved,       4.19 MB ( <1%) committed,  1 nodes.
             Both:        1.03 GB reserved,      32.31 MB (  3%) committed. 

Chunk freelists:
   Non-Class:  3.09 MB
       Class:  3.77 MB
        Both:  6.86 MB

MaxMetaspaceSize: unlimited
CompressedClassSpaceSize: 1.00 GB
Initial GC threshold: 21.00 MB
Current GC threshold: 53.75 MB
CDS: off
MetaspaceReclaimPolicy: balanced
 - commit_granule_bytes: 65536.
 - commit_granule_words: 8192.
 - virtual_space_node_default_size: 1048576.
 - enlarge_chunks_in_place: 1.
 - new_chunks_are_fully_committed: 0.
 - uncommit_free_chunks: 1.
 - use_allocation_guard: 0.
 - handle_deallocations: 1.


Internal statistics:

num_allocs_failed_limit: 8.
num_arena_births: 288.
num_arena_deaths: 10.
num_vsnodes_births: 5.
num_vsnodes_deaths: 0.
num_space_committed: 517.
num_space_uncommitted: 0.
num_chunks_returned_to_freelist: 18.
num_chunks_taken_from_freelist: 1193.
num_chunk_merges: 12.
num_chunk_splits: 817.
num_chunks_enlarged: 638.
num_purges: 2.
num_inconsistent_stats: 0.

CodeCache: size=49152Kb used=7406Kb max_used=7811Kb free=41745Kb
 bounds [0x0000023898380000, 0x0000023898b30000, 0x000002389b380000]
 total_blobs=3913 nmethods=3400 adapters=439
 compilation: enabled
              stopped_count=0, restarted_count=0
 full_count=0

Compilation events (20 events):
Event: 42.159 Thread 0x00000238a0a5e230 3391       1       java.util.concurrent.ConcurrentLinkedQueue::offer (120 bytes)
Event: 42.161 Thread 0x00000238a0a5e230 nmethod 3391 0x00000238989b8690 code [0x00000238989b88e0, 0x00000238989b9198]
Event: 42.194 Thread 0x00000238a0a5e230 3392       1       java.util.concurrent.ConcurrentLinkedQueue::add (6 bytes)
Event: 42.195 Thread 0x00000238a0a5e230 nmethod 3392 0x00000238989b8390 code [0x00000238989b8520, 0x00000238989b8608]
Event: 42.227 Thread 0x000002389f722010 3393       1       java.util.Arrays::fill (28 bytes)
Event: 42.228 Thread 0x000002389f722010 nmethod 3393 0x00000238989b7f90 code [0x00000238989b8120, 0x00000238989b8268]
Event: 42.252 Thread 0x000002389f722010 3394   !   1       io.github.classgraph.Classfile::readConstantPoolEntries (936 bytes)
Event: 42.257 Thread 0x000002389f722010 nmethod 3394 0x00000238989b3a90 code [0x00000238989b4120, 0x00000238989b6788]
Event: 42.851 Thread 0x00000238a0a5e230 3395       1       nonapi.io.github.classgraph.fastzipfilereader.NestedJarHandler::markSliceAsOpen (12 bytes)
Event: 42.851 Thread 0x00000238a0a5e230 nmethod 3395 0x00000238989b3790 code [0x00000238989b3920, 0x00000238989b3a08]
Event: 42.851 Thread 0x00000238a0a5e230 3396       1       io.github.classgraph.Scanner$ClassfileScanWorkUnit::access$500 (5 bytes)
Event: 42.852 Thread 0x00000238a0a5e230 nmethod 3396 0x00000238989b3490 code [0x00000238989b3620, 0x00000238989b36d8]
Event: 42.852 Thread 0x00000238a0a5e230 3397       1       io.github.classgraph.Scanner$ClassfileScanWorkUnit::access$600 (5 bytes)
Event: 42.852 Thread 0x00000238a0a5e230 nmethod 3397 0x00000238989b3190 code [0x00000238989b3320, 0x00000238989b33d8]
Event: 42.852 Thread 0x00000238a0a5e230 3398       1       io.github.classgraph.Classfile::readMethods (1306 bytes)
Event: 42.853 Thread 0x000002389f722010 3399       1       nonapi.io.github.classgraph.fastzipfilereader.NestedJarHandler::markSliceAsClosed (12 bytes)
Event: 42.853 Thread 0x000002389f722010 nmethod 3399 0x00000238989b2e90 code [0x00000238989b3020, 0x00000238989b3108]
Event: 42.859 Thread 0x00000238a0a5e230 nmethod 3398 0x00000238989ad310 code [0x00000238989ad9a0, 0x00000238989b0728]
Event: 42.894 Thread 0x00000238a0a5e230 3400       1       io.github.classgraph.Classfile::scheduleScanningIfExternalClass (367 bytes)
Event: 42.897 Thread 0x00000238a0a5e230 nmethod 3400 0x00000238989ab090 code [0x00000238989ab500, 0x00000238989ac8d8]

GC Heap History (20 events):
Event: 20.208 GC heap after
{Heap after GC invocations=5 (full 0):
 garbage-first heap   total 57344K, used 11748K [0x00000000c9400000, 0x0000000100000000)
  region size 1024K, 2 young (2048K), 2 survivors (2048K)
 Metaspace       used 21362K, committed 21504K, reserved 1073152K
  class space    used 2608K, committed 2688K, reserved 1048576K
}
Event: 23.112 GC heap before
{Heap before GC invocations=6 (full 0):
 garbage-first heap   total 55296K, used 35300K [0x00000000c9400000, 0x0000000100000000)
  region size 1024K, 26 young (26624K), 2 survivors (2048K)
 Metaspace       used 25205K, committed 25536K, reserved 1073152K
  class space    used 3097K, committed 3264K, reserved 1048576K
}
Event: 23.117 GC heap after
{Heap after GC invocations=7 (full 0):
 garbage-first heap   total 55296K, used 13442K [0x00000000c9400000, 0x0000000100000000)
  region size 1024K, 3 young (3072K), 3 survivors (3072K)
 Metaspace       used 25205K, committed 25536K, reserved 1073152K
  class space    used 3097K, committed 3264K, reserved 1048576K
}
Event: 35.572 GC heap before
{Heap before GC invocations=8 (full 0):
 garbage-first heap   total 51200K, used 38018K [0x00000000c9400000, 0x0000000100000000)
  region size 1024K, 28 young (28672K), 3 survivors (3072K)
 Metaspace       used 29640K, committed 29952K, reserved 1081344K
  class space    used 3735K, committed 3904K, reserved 1048576K
}
Event: 35.585 GC heap after
{Heap after GC invocations=9 (full 0):
 garbage-first heap   total 51200K, used 15725K [0x00000000c9400000, 0x0000000100000000)
  region size 1024K, 4 young (4096K), 4 survivors (4096K)
 Metaspace       used 29640K, committed 29952K, reserved 1081344K
  class space    used 3735K, committed 3904K, reserved 1048576K
}
Event: 36.578 GC heap before
{Heap before GC invocations=9 (full 0):
 garbage-first heap   total 51200K, used 35181K [0x00000000c9400000, 0x0000000100000000)
  region size 1024K, 24 young (24576K), 4 survivors (4096K)
 Metaspace       used 30923K, committed 31232K, reserved 1081344K
  class space    used 3896K, committed 4032K, reserved 1048576K
}
Event: 36.592 GC heap after
{Heap after GC invocations=10 (full 0):
 garbage-first heap   total 51200K, used 19538K [0x00000000c9400000, 0x0000000100000000)
  region size 1024K, 3 young (3072K), 3 survivors (3072K)
 Metaspace       used 30923K, committed 31232K, reserved 1081344K
  class space    used 3896K, committed 4032K, reserved 1048576K
}
Event: 36.719 GC heap before
{Heap before GC invocations=10 (full 0):
 garbage-first heap   total 51200K, used 34898K [0x00000000c9400000, 0x0000000100000000)
  region size 1024K, 19 young (19456K), 3 survivors (3072K)
 Metaspace       used 31211K, committed 31488K, reserved 1081344K
  class space    used 3931K, committed 4032K, reserved 1048576K
}
Event: 36.727 GC heap after
{Heap after GC invocations=11 (full 0):
 garbage-first heap   total 51200K, used 22796K [0x00000000c9400000, 0x0000000100000000)
  region size 1024K, 3 young (3072K), 3 survivors (3072K)
 Metaspace       used 31211K, committed 31488K, reserved 1081344K
  class space    used 3931K, committed 4032K, reserved 1048576K
}
Event: 36.960 GC heap before
{Heap before GC invocations=11 (full 0):
 garbage-first heap   total 51200K, used 37132K [0x00000000c9400000, 0x0000000100000000)
  region size 1024K, 17 young (17408K), 3 survivors (3072K)
 Metaspace       used 31749K, committed 32000K, reserved 1081344K
  class space    used 4021K, committed 4160K, reserved 1048576K
}
Event: 36.965 GC heap after
{Heap after GC invocations=12 (full 0):
 garbage-first heap   total 51200K, used 26023K [0x00000000c9400000, 0x0000000100000000)
  region size 1024K, 3 young (3072K), 3 survivors (3072K)
 Metaspace       used 31749K, committed 32000K, reserved 1081344K
  class space    used 4021K, committed 4160K, reserved 1048576K
}
Event: 37.026 GC heap before
{Heap before GC invocations=12 (full 0):
 garbage-first heap   total 51200K, used 37287K [0x00000000c9400000, 0x0000000100000000)
  region size 1024K, 14 young (14336K), 3 survivors (3072K)
 Metaspace       used 31923K, committed 32192K, reserved 1081344K
  class space    used 4048K, committed 4160K, reserved 1048576K
}
Event: 37.034 GC heap after
{Heap after GC invocations=13 (full 0):
 garbage-first heap   total 51200K, used 30988K [0x00000000c9400000, 0x0000000100000000)
  region size 1024K, 2 young (2048K), 2 survivors (2048K)
 Metaspace       used 31923K, committed 32192K, reserved 1081344K
  class space    used 4048K, committed 4160K, reserved 1048576K
}
Event: 37.936 GC heap before
{Heap before GC invocations=14 (full 0):
 garbage-first heap   total 56320K, used 37132K [0x00000000c9400000, 0x0000000100000000)
  region size 1024K, 8 young (8192K), 2 survivors (2048K)
 Metaspace       used 32704K, committed 33024K, reserved 1081344K
  class space    used 4169K, committed 4288K, reserved 1048576K
}
Event: 37.941 GC heap after
{Heap after GC invocations=15 (full 0):
 garbage-first heap   total 56320K, used 32261K [0x00000000c9400000, 0x0000000100000000)
  region size 1024K, 1 young (1024K), 1 survivors (1024K)
 Metaspace       used 32704K, committed 33024K, reserved 1081344K
  class space    used 4169K, committed 4288K, reserved 1048576K
}
Event: 41.480 GC heap before
{Heap before GC invocations=15 (full 0):
 garbage-first heap   total 56320K, used 40453K [0x00000000c9400000, 0x0000000100000000)
  region size 1024K, 9 young (9216K), 1 survivors (1024K)
 Metaspace       used 32713K, committed 33024K, reserved 1081344K
  class space    used 4171K, committed 4288K, reserved 1048576K
}
Event: 41.481 GC heap after
{Heap after GC invocations=16 (full 0):
 garbage-first heap   total 56320K, used 32499K [0x00000000c9400000, 0x0000000100000000)
  region size 1024K, 2 young (2048K), 2 survivors (2048K)
 Metaspace       used 32713K, committed 33024K, reserved 1081344K
  class space    used 4171K, committed 4288K, reserved 1048576K
}
Event: 41.569 GC heap before
{Heap before GC invocations=17 (full 0):
 garbage-first heap   total 65536K, used 40691K [0x00000000c9400000, 0x0000000100000000)
  region size 1024K, 10 young (10240K), 2 survivors (2048K)
 Metaspace       used 32715K, committed 33024K, reserved 1081344K
  class space    used 4171K, committed 4288K, reserved 1048576K
}
Event: 41.573 GC heap after
{Heap after GC invocations=18 (full 0):
 garbage-first heap   total 65536K, used 34823K [0x00000000c9400000, 0x0000000100000000)
  region size 1024K, 2 young (2048K), 2 survivors (2048K)
 Metaspace       used 32715K, committed 33024K, reserved 1081344K
  class space    used 4171K, committed 4288K, reserved 1048576K
}
Event: 42.930 GC heap before
{Heap before GC invocations=18 (full 0):
 garbage-first heap   total 65536K, used 47111K [0x00000000c9400000, 0x0000000100000000)
  region size 1024K, 15 young (15360K), 2 survivors (2048K)
 Metaspace       used 32804K, committed 33088K, reserved 1081344K
  class space    used 4182K, committed 4288K, reserved 1048576K
}

Deoptimization events (12 events):
Event: 16.370 Thread 0x00000238956f96b0 DEOPT PACKING pc=0x00000238986eb1f5 sp=0x000000dc7d0fd770
Event: 16.370 Thread 0x00000238956f96b0 DEOPT UNPACKING pc=0x00000238983d2b43 sp=0x000000dc7d0fcbe0 mode 3
Event: 20.435 Thread 0x00000238956f96b0 DEOPT PACKING pc=0x00000238987a4599 sp=0x000000dc7d0fcfe0
Event: 20.435 Thread 0x00000238956f96b0 DEOPT UNPACKING pc=0x00000238983d2b43 sp=0x000000dc7d0fc4c0 mode 3
Event: 22.927 Thread 0x00000238956f96b0 DEOPT PACKING pc=0x0000023898867375 sp=0x000000dc7d0fde70
Event: 22.927 Thread 0x00000238956f96b0 DEOPT UNPACKING pc=0x00000238983d2b43 sp=0x000000dc7d0fd2e0 mode 3
Event: 35.672 Thread 0x00000238956f96b0 DEOPT PACKING pc=0x0000023898612599 sp=0x000000dc7d0fc4d0
Event: 35.672 Thread 0x00000238956f96b0 DEOPT UNPACKING pc=0x00000238983d2b43 sp=0x000000dc7d0fb9b8 mode 3
Event: 36.194 Thread 0x00000238a1da5290 DEOPT PACKING pc=0x00000238989e09ab sp=0x000000dc7e4fe3f0
Event: 36.194 Thread 0x00000238a1da5290 DEOPT UNPACKING pc=0x00000238983d2b43 sp=0x000000dc7e4fd938 mode 3
Event: 36.977 Thread 0x00000238a2026150 DEOPT PACKING pc=0x00000238987a0a01 sp=0x000000dc7e9feca0
Event: 36.977 Thread 0x00000238a2026150 DEOPT UNPACKING pc=0x00000238983d2b43 sp=0x000000dc7e9fe130 mode 3

Classes unloaded (5 events):
Event: 37.114 Thread 0x00000238957ce3d0 Unloading class 0x00000001001a3400 'java/lang/invoke/LambdaForm$MH+0x00000001001a3400'
Event: 37.114 Thread 0x00000238957ce3d0 Unloading class 0x00000001001a3000 'java/lang/invoke/LambdaForm$MH+0x00000001001a3000'
Event: 37.114 Thread 0x00000238957ce3d0 Unloading class 0x00000001001a2c00 'java/lang/invoke/LambdaForm$MH+0x00000001001a2c00'
Event: 37.114 Thread 0x00000238957ce3d0 Unloading class 0x00000001001a2800 'java/lang/invoke/LambdaForm$MH+0x00000001001a2800'
Event: 37.114 Thread 0x00000238957ce3d0 Unloading class 0x00000001001a2400 'java/lang/invoke/LambdaForm$MH+0x00000001001a2400'

Classes redefined (0 events):
No events

Internal exceptions (20 events):
Event: 36.329 Thread 0x00000238a2026150 Exception <a 'sun/nio/fs/WindowsException'{0x00000000cbe36ec8}> (0x00000000cbe36ec8) 
thrown [e:\jenkins\tmp\workspace\build\src\src\hotspot\share\prims\jni.cpp, line 516]
Event: 36.329 Thread 0x00000238a2026150 Exception <a 'sun/nio/fs/WindowsException'{0x00000000cbe378d0}> (0x00000000cbe378d0) 
thrown [e:\jenkins\tmp\workspace\build\src\src\hotspot\share\prims\jni.cpp, line 516]
Event: 36.329 Thread 0x00000238a2026150 Exception <a 'sun/nio/fs/WindowsException'{0x00000000cbe37c90}> (0x00000000cbe37c90) 
thrown [e:\jenkins\tmp\workspace\build\src\src\hotspot\share\prims\jni.cpp, line 516]
Event: 36.329 Thread 0x00000238a2026150 Exception <a 'sun/nio/fs/WindowsException'{0x00000000cbe386b8}> (0x00000000cbe386b8) 
thrown [e:\jenkins\tmp\workspace\build\src\src\hotspot\share\prims\jni.cpp, line 516]
Event: 36.329 Thread 0x00000238a2026150 Exception <a 'sun/nio/fs/WindowsException'{0x00000000cbe38a98}> (0x00000000cbe38a98) 
thrown [e:\jenkins\tmp\workspace\build\src\src\hotspot\share\prims\jni.cpp, line 516]
Event: 36.329 Thread 0x00000238a2026150 Exception <a 'sun/nio/fs/WindowsException'{0x00000000cbe394d0}> (0x00000000cbe394d0) 
thrown [e:\jenkins\tmp\workspace\build\src\src\hotspot\share\prims\jni.cpp, line 516]
Event: 36.329 Thread 0x00000238a2026150 Exception <a 'sun/nio/fs/WindowsException'{0x00000000cbe398c0}> (0x00000000cbe398c0) 
thrown [e:\jenkins\tmp\workspace\build\src\src\hotspot\share\prims\jni.cpp, line 516]
Event: 36.330 Thread 0x00000238a2026150 Exception <a 'sun/nio/fs/WindowsException'{0x00000000cbe3a2f0}> (0x00000000cbe3a2f0) 
thrown [e:\jenkins\tmp\workspace\build\src\src\hotspot\share\prims\jni.cpp, line 516]
Event: 36.330 Thread 0x00000238a2026150 Exception <a 'sun/nio/fs/WindowsException'{0x00000000cbe3a6e0}> (0x00000000cbe3a6e0) 
thrown [e:\jenkins\tmp\workspace\build\src\src\hotspot\share\prims\jni.cpp, line 516]
Event: 36.763 Thread 0x00000238956f96b0 Exception <a 'java/lang/NoSuchMethodError'{0x00000000cc12be80}: 'java.lang.Object java.lang.invoke.DirectMethodHandle$Holder.newInvokeSpecial(java.lang.Object, java.lang.Object, int, java.lang.Object, java.lang.Object)'> (0x00000000cc12be80) 
thrown [e:\jenkins\tmp\workspace\build\src\src\hotspot\share\interpreter\linkResolver.cpp, line 766]
Event: 41.701 Thread 0x00000238a202d280 Exception <a 'sun/nio/fs/WindowsException'{0x00000000cc94bc38}> (0x00000000cc94bc38) 
thrown [e:\jenkins\tmp\workspace\build\src\src\hotspot\share\prims\jni.cpp, line 516]
Event: 41.701 Thread 0x00000238a202d280 Exception <a 'sun/nio/fs/WindowsException'{0x00000000cc94c058}> (0x00000000cc94c058) 
thrown [e:\jenkins\tmp\workspace\build\src\src\hotspot\share\prims\jni.cpp, line 516]
Event: 41.732 Thread 0x00000238a202d280 Exception <a 'sun/nio/fs/WindowsException'{0x00000000cc82e7f8}> (0x00000000cc82e7f8) 
thrown [e:\jenkins\tmp\workspace\build\src\src\hotspot\share\prims\jni.cpp, line 516]
Event: 41.732 Thread 0x00000238a202d280 Exception <a 'sun/nio/fs/WindowsException'{0x00000000cc82ec30}> (0x00000000cc82ec30) 
thrown [e:\jenkins\tmp\workspace\build\src\src\hotspot\share\prims\jni.cpp, line 516]
Event: 41.797 Thread 0x00000238a2026af0 Exception <a 'sun/nio/fs/WindowsException'{0x00000000cc84a7a8}> (0x00000000cc84a7a8) 
thrown [e:\jenkins\tmp\workspace\build\src\src\hotspot\share\prims\jni.cpp, line 516]
Event: 41.797 Thread 0x00000238a2026af0 Exception <a 'sun/nio/fs/WindowsException'{0x00000000cc84abb8}> (0x00000000cc84abb8) 
thrown [e:\jenkins\tmp\workspace\build\src\src\hotspot\share\prims\jni.cpp, line 516]
Event: 41.837 Thread 0x00000238a0b0e370 Exception <a 'sun/nio/fs/WindowsException'{0x00000000cc9ed6f0}> (0x00000000cc9ed6f0) 
thrown [e:\jenkins\tmp\workspace\build\src\src\hotspot\share\prims\jni.cpp, line 516]
Event: 41.837 Thread 0x00000238a0b0e370 Exception <a 'sun/nio/fs/WindowsException'{0x00000000cc9edb20}> (0x00000000cc9edb20) 
thrown [e:\jenkins\tmp\workspace\build\src\src\hotspot\share\prims\jni.cpp, line 516]
Event: 41.871 Thread 0x00000238a2026af0 Exception <a 'sun/nio/fs/WindowsException'{0x00000000cc8f2c48}> (0x00000000cc8f2c48) 
thrown [e:\jenkins\tmp\workspace\build\src\src\hotspot\share\prims\jni.cpp, line 516]
Event: 41.871 Thread 0x00000238a2026af0 Exception <a 'sun/nio/fs/WindowsException'{0x00000000cc8f30a8}> (0x00000000cc8f30a8) 
thrown [e:\jenkins\tmp\workspace\build\src\src\hotspot\share\prims\jni.cpp, line 516]

VM Operations (20 events):
Event: 42.058 Executing VM operation: ICBufferFull done
Event: 42.064 Executing VM operation: ICBufferFull
Event: 42.064 Executing VM operation: ICBufferFull done
Event: 42.136 Executing VM operation: ICBufferFull
Event: 42.136 Executing VM operation: ICBufferFull done
Event: 42.251 Executing VM operation: ICBufferFull
Event: 42.251 Executing VM operation: ICBufferFull done
Event: 42.715 Executing VM operation: ICBufferFull
Event: 42.715 Executing VM operation: ICBufferFull done
Event: 42.853 Executing VM operation: ICBufferFull
Event: 42.854 Executing VM operation: ICBufferFull done
Event: 42.854 Executing VM operation: ICBufferFull
Event: 42.855 Executing VM operation: ICBufferFull done
Event: 42.882 Executing VM operation: ICBufferFull
Event: 42.882 Executing VM operation: ICBufferFull done
Event: 42.882 Executing VM operation: ICBufferFull
Event: 42.882 Executing VM operation: ICBufferFull done
Event: 42.930 Executing VM operation: ICBufferFull
Event: 42.930 Executing VM operation: ICBufferFull done
Event: 42.930 Executing VM operation: G1CollectForAllocation

Events (20 events):
Event: 36.928 loading class java/util/stream/Nodes$FixedNodeBuilder
Event: 36.928 loading class java/util/stream/Node$Builder
Event: 36.928 loading class java/util/stream/Node$Builder done
Event: 36.928 loading class java/util/stream/Nodes$ArrayNode
Event: 36.929 loading class java/util/stream/Nodes$ArrayNode done
Event: 36.929 loading class java/util/stream/Nodes$FixedNodeBuilder done
Event: 36.977 loading class java/util/concurrent/locks/AbstractQueuedSynchronizer$ExclusiveNode
Event: 36.977 loading class java/util/concurrent/locks/AbstractQueuedSynchronizer$ExclusiveNode done
Event: 37.081 Thread 0x00000238a2030c90 Thread added: 0x00000238a2030c90
Event: 37.229 loading class jdk/internal/reflect/UnsafeQualifiedIntegerFieldAccessorImpl
Event: 37.250 loading class jdk/internal/reflect/UnsafeQualifiedFieldAccessorImpl
Event: 37.250 loading class jdk/internal/reflect/UnsafeQualifiedFieldAccessorImpl done
Event: 37.251 loading class jdk/internal/reflect/UnsafeQualifiedIntegerFieldAccessorImpl done
Event: 37.322 loading class jdk/internal/vm/annotation/ForceInline
Event: 37.322 loading class jdk/internal/vm/annotation/ForceInline done
Event: 37.323 loading class jdk/internal/reflect/UnsafeBooleanFieldAccessorImpl
Event: 37.323 loading class jdk/internal/reflect/UnsafeBooleanFieldAccessorImpl done
Event: 39.857 Thread 0x00000238a1bbd4f0 Thread exited: 0x00000238a1bbd4f0
Event: 41.679 loading class sun/nio/fs/WindowsChannelFactory$2
Event: 41.679 loading class sun/nio/fs/WindowsChannelFactory$2 done


Dynamic libraries:
0x00007ff66cc60000 - 0x00007ff66cc6e000 	c:\Users\Ronald\.vscode\extensions\redhat.java-1.7.0-win32-x64\jre\17.0.3-win32-x86_64\bin\java.exe
0x00007ffd81b90000 - 0x00007ffd81d87000 	C:\Windows\SYSTEM32\ntdll.dll
0x00007ffd80b20000 - 0x00007ffd80bdd000 	C:\Windows\System32\KERNEL32.DLL
0x00007ffd7f710000 - 0x00007ffd7f9dd000 	C:\Windows\System32\KERNELBASE.dll
0x00007ffd7f4e0000 - 0x00007ffd7f5e0000 	C:\Windows\System32\ucrtbase.dll
0x00007ffd7c200000 - 0x00007ffd7c219000 	c:\Users\Ronald\.vscode\extensions\redhat.java-1.7.0-win32-x64\jre\17.0.3-win32-x86_64\bin\VCRUNTIME140.dll
0x00007ffd795d0000 - 0x00007ffd795e8000 	c:\Users\Ronald\.vscode\extensions\redhat.java-1.7.0-win32-x64\jre\17.0.3-win32-x86_64\bin\jli.dll
0x00007ffd808e0000 - 0x00007ffd80a80000 	C:\Windows\System32\USER32.dll
0x00007ffd65e40000 - 0x00007ffd660da000 	C:\Windows\WinSxS\amd64_microsoft.windows.common-controls_6595b64144ccf1df_6.0.19041.1110_none_60b5254171f9507e\COMCTL32.dll
0x00007ffd7fa30000 - 0x00007ffd7fa52000 	C:\Windows\System32\win32u.dll
0x00007ffd80a80000 - 0x00007ffd80b1e000 	C:\Windows\System32\msvcrt.dll
0x00007ffd80720000 - 0x00007ffd8074a000 	C:\Windows\System32\GDI32.dll
0x00007ffd7f3d0000 - 0x00007ffd7f4db000 	C:\Windows\System32\gdi32full.dll
0x00007ffd7f5e0000 - 0x00007ffd7f67d000 	C:\Windows\System32\msvcp_win.dll
0x00007ffd812f0000 - 0x00007ffd81320000 	C:\Windows\System32\IMM32.DLL
0x00007ffd792a0000 - 0x00007ffd792ac000 	c:\Users\Ronald\.vscode\extensions\redhat.java-1.7.0-win32-x64\jre\17.0.3-win32-x86_64\bin\vcruntime140_1.dll
0x00007ffd61bd0000 - 0x00007ffd61c61000 	c:\Users\Ronald\.vscode\extensions\redhat.java-1.7.0-win32-x64\jre\17.0.3-win32-x86_64\bin\msvcp140.dll
0x00007ffd44120000 - 0x00007ffd44d68000 	c:\Users\Ronald\.vscode\extensions\redhat.java-1.7.0-win32-x64\jre\17.0.3-win32-x86_64\bin\server\jvm.dll
0x00007ffd80750000 - 0x00007ffd807fe000 	C:\Windows\System32\ADVAPI32.dll
0x00007ffd819c0000 - 0x00007ffd81a5c000 	C:\Windows\System32\sechost.dll
0x00007ffd811c0000 - 0x00007ffd812e5000 	C:\Windows\System32\RPCRT4.dll
0x00007ffd80d40000 - 0x00007ffd80d48000 	C:\Windows\System32\PSAPI.DLL
0x00007ffd71e30000 - 0x00007ffd71e39000 	C:\Windows\SYSTEM32\WSOCK32.dll
0x00007ffd78a30000 - 0x00007ffd78a3a000 	C:\Windows\SYSTEM32\VERSION.dll
0x00007ffd80be0000 - 0x00007ffd80c4b000 	C:\Windows\System32\WS2_32.dll
0x00007ffd74630000 - 0x00007ffd74657000 	C:\Windows\SYSTEM32\WINMM.dll
0x00007ffd7d0a0000 - 0x00007ffd7d0b2000 	C:\Windows\SYSTEM32\kernel.appcore.dll
0x00007ffd6e290000 - 0x00007ffd6e29a000 	c:\Users\Ronald\.vscode\extensions\redhat.java-1.7.0-win32-x64\jre\17.0.3-win32-x86_64\bin\jimage.dll
0x00007ffd66240000 - 0x00007ffd66424000 	C:\Windows\SYSTEM32\DBGHELP.DLL
0x00007ffd65160000 - 0x00007ffd6518c000 	C:\Windows\SYSTEM32\dbgcore.DLL
0x00007ffd7f680000 - 0x00007ffd7f702000 	C:\Windows\System32\bcryptPrimitives.dll
0x00007ffd6e260000 - 0x00007ffd6e285000 	c:\Users\Ronald\.vscode\extensions\redhat.java-1.7.0-win32-x64\jre\17.0.3-win32-x86_64\bin\java.dll
0x00007ffd6e0e0000 - 0x00007ffd6e0f8000 	c:\Users\Ronald\.vscode\extensions\redhat.java-1.7.0-win32-x64\jre\17.0.3-win32-x86_64\bin\zip.dll
0x00007ffd7fe40000 - 0x00007ffd80584000 	C:\Windows\System32\SHELL32.dll
0x00007ffd7d3b0000 - 0x00007ffd7db44000 	C:\Windows\SYSTEM32\windows.storage.dll
0x00007ffd81320000 - 0x00007ffd81674000 	C:\Windows\System32\combase.dll
0x00007ffd7ec40000 - 0x00007ffd7ec6c000 	C:\Windows\SYSTEM32\Wldp.dll
0x00007ffd7fca0000 - 0x00007ffd7fd4d000 	C:\Windows\System32\SHCORE.dll
0x00007ffd80cd0000 - 0x00007ffd80d25000 	C:\Windows\System32\shlwapi.dll
0x00007ffd7f1f0000 - 0x00007ffd7f20f000 	C:\Windows\SYSTEM32\profapi.dll
0x00007ffd6e080000 - 0x00007ffd6e099000 	C:\Users\Ronald\.vscode\extensions\redhat.java-1.7.0-win32-x64\jre\17.0.3-win32-x86_64\bin\net.dll
0x00007ffd690f0000 - 0x00007ffd691fa000 	C:\Windows\SYSTEM32\WINHTTP.dll
0x00007ffd7e9a0000 - 0x00007ffd7ea0a000 	C:\Windows\system32\mswsock.dll
0x00007ffd6bb00000 - 0x00007ffd6bb15000 	C:\Users\Ronald\.vscode\extensions\redhat.java-1.7.0-win32-x64\jre\17.0.3-win32-x86_64\bin\nio.dll
0x00007ffd6e250000 - 0x00007ffd6e260000 	c:\Users\Ronald\.vscode\extensions\redhat.java-1.7.0-win32-x64\jre\17.0.3-win32-x86_64\bin\verify.dll
0x00007ffd7c230000 - 0x00007ffd7c239000 	C:\Users\Ronald\.vscode\extensions\redhat.java-1.7.0-win32-x64\jre\17.0.3-win32-x86_64\bin\management.dll
0x00007ffd7c220000 - 0x00007ffd7c22b000 	C:\Users\Ronald\.vscode\extensions\redhat.java-1.7.0-win32-x64\jre\17.0.3-win32-x86_64\bin\management_ext.dll
0x00007ffd62f80000 - 0x00007ffd62f97000 	C:\Windows\system32\napinsp.dll
0x00007ffd62fa0000 - 0x00007ffd62fbb000 	C:\Windows\system32\pnrpnsp.dll
0x00007ffd791f0000 - 0x00007ffd79205000 	C:\Windows\system32\wshbth.dll
0x00007ffd7acf0000 - 0x00007ffd7ad0d000 	C:\Windows\system32\NLAapi.dll
0x00007ffd7e690000 - 0x00007ffd7e6cb000 	C:\Windows\SYSTEM32\IPHLPAPI.DLL
0x00007ffd7e6d0000 - 0x00007ffd7e79b000 	C:\Windows\SYSTEM32\DNSAPI.dll
0x00007ffd806b0000 - 0x00007ffd806b8000 	C:\Windows\System32\NSI.dll
0x00007ffd62fc0000 - 0x00007ffd62fd2000 	C:\Windows\System32\winrnr.dll
0x00007ffd68ff0000 - 0x00007ffd68ffa000 	C:\Windows\System32\rasadhlp.dll
0x00007ffd69070000 - 0x00007ffd690f0000 	C:\Windows\System32\fwpuclnt.dll
0x00007ffd7fa60000 - 0x00007ffd7fa87000 	C:\Windows\System32\bcrypt.dll
0x00007ffd7eb90000 - 0x00007ffd7eba8000 	C:\Windows\SYSTEM32\CRYPTSP.dll
0x00007ffd7e320000 - 0x00007ffd7e354000 	C:\Windows\system32\rsaenh.dll
0x00007ffd7f170000 - 0x00007ffd7f19e000 	C:\Windows\SYSTEM32\USERENV.dll
0x00007ffd7ebb0000 - 0x00007ffd7ebbc000 	C:\Windows\SYSTEM32\CRYPTBASE.dll
0x00007ffd75fe0000 - 0x00007ffd75ff7000 	C:\Windows\SYSTEM32\dhcpcsvc6.DLL
0x00007ffd76120000 - 0x00007ffd7613d000 	C:\Windows\SYSTEM32\dhcpcsvc.DLL

dbghelp: loaded successfully - version: 4.0.5 - missing functions: none
symbol engine: initialized successfully - sym options: 0x614 - pdb path: .;c:\Users\Ronald\.vscode\extensions\redhat.java-1.7.0-win32-x64\jre\17.0.3-win32-x86_64\bin;C:\Windows\SYSTEM32;C:\Windows\WinSxS\amd64_microsoft.windows.common-controls_6595b64144ccf1df_6.0.19041.1110_none_60b5254171f9507e;c:\Users\Ronald\.vscode\extensions\redhat.java-1.7.0-win32-x64\jre\17.0.3-win32-x86_64\bin\server

VM Arguments:
jvm_args: --add-modules=ALL-SYSTEM --add-exports=jdk.compiler/com.sun.tools.javac.file=ALL-UNNAMED --add-exports=jdk.compiler/com.sun.tools.javac.util=ALL-UNNAMED --add-exports=jdk.compiler/com.sun.tools.javac.comp=ALL-UNNAMED --add-exports=jdk.compiler/com.sun.tools.javac.main=ALL-UNNAMED --add-exports=jdk.compiler/com.sun.tools.javac.tree=ALL-UNNAMED --add-exports=jdk.compiler/com.sun.tools.javac.code=ALL-UNNAMED -Dsts.lsp.client=vscode -Dsts.log.file=/dev/null -XX:TieredStopAtLevel=1 -Dspring.config.location=file:c:\Users\Ronald\.vscode\extensions\pivotal.vscode-spring-boot-1.36.0\language-server\BOOT-INF\classes\application.properties 
java_command: org.springframework.ide.vscode.boot.app.BootLanguageServerBootApp
java_class_path (initial): c:\Users\Ronald\.vscode\extensions\pivotal.vscode-spring-boot-1.36.0\language-server\BOOT-INF\classes;c:\Users\Ronald\.vscode\extensions\pivotal.vscode-spring-boot-1.36.0\language-server\BOOT-INF\lib\annotations-23.0.0.jar;c:\Users\Ronald\.vscode\extensions\pivotal.vscode-spring-boot-1.36.0\language-server\BOOT-INF\lib\antlr-runtime-3.5.2.jar;c:\Users\Ronald\.vscode\extensions\pivotal.vscode-spring-boot-1.36.0\language-server\BOOT-INF\lib\antlr4-4.9.3.jar;c:\Users\Ronald\.vscode\extensions\pivotal.vscode-spring-boot-1.36.0\language-server\BOOT-INF\lib\antlr4-runtime-4.9.3.jar;c:\Users\Ronald\.vscode\extensions\pivotal.vscode-spring-boot-1.36.0\language-server\BOOT-INF\lib\asm-9.3.jar;c:\Users\Ronald\.vscode\extensions\pivotal.vscode-spring-boot-1.36.0\language-server\BOOT-INF\lib\asm-analysis-9.3.jar;c:\Users\Ronald\.vscode\extensions\pivotal.vscode-spring-boot-1.36.0\language-server\BOOT-INF\lib\asm-tree-9.3.jar;c:\Users\Ronald\.vscode\extensions\pivotal.vscode-spring-boot-1.36.0\language-server\BOOT-INF\lib\asm-util-9.3.jar;c:\Users\Ronald\.vscode\extensions\pivotal.vscode-spring-boot-1.36.0\language-server\BOOT-INF\lib\byte-buddy-1.10.18.jar;c:\Users\Ronald\.vscode\extensions\pivotal.vscode-spring-boot-1.36.0\language-server\BOOT-INF\lib\caffeine-2.8.6.jar;c:\Users\Ronald\.vscode\extensions\pivotal.vscode-spring-boot-1.36.0\language-server\BOOT-INF\lib\checker-qual-3.12.0.jar;c:\Users\Ronald\.vscode\extensions\pivotal.vscode-spring-boot-1.36.0\language-server\BOOT-INF\lib\classgraph-4.8.146.jar;c:\Users\Ronald\.vscode\extensions\pivotal.vscode-spring-boot-1.36.0\language-server\BOOT-INF\lib\commons-codec-1.14.jar;c:\Users\Ronald\.vscode\extensions\pivotal.vscode-spring-boot-1.36.0\language-server\BOOT-INF\lib\commons-compress-1.21.jar;c:\Users\Ronald\.vscode\extensions\pivotal.vscode-spring-boot-1.36.0\language-server\BOOT-INF\lib\commons-exec-1.3.jar;c:\Users\Ronald\.vscode\extensions\pivotal.vscode-spring-boot-1.36.0\language-server
Launcher Type: SUN_STANDARD

[Global flags]
     intx CICompilerCount                          = 3                                         {product} {ergonomic}
     uint ConcGCThreads                            = 1                                         {product} {ergonomic}
     uint G1ConcRefinementThreads                  = 4                                         {product} {ergonomic}
   size_t G1HeapRegionSize                         = 1048576                                   {product} {ergonomic}
    uintx GCDrainStackTargetSize                   = 64                                        {product} {ergonomic}
   size_t InitialHeapSize                          = 58720256                                  {product} {ergonomic}
   size_t MarkStackSize                            = 4194304                                   {product} {ergonomic}
   size_t MaxHeapSize                              = 918552576                                 {product} {ergonomic}
   size_t MaxNewSize                               = 550502400                                 {product} {ergonomic}
   size_t MinHeapDeltaBytes                        = 1048576                                   {product} {ergonomic}
   size_t MinHeapSize                              = 8388608                                   {product} {ergonomic}
    uintx NonProfiledCodeHeapSize                  = 0                                      {pd product} {ergonomic}
     bool ProfileInterpreter                       = false                                  {pd product} {command line}
    uintx ProfiledCodeHeapSize                     = 0                                      {pd product} {ergonomic}
   size_t SoftMaxHeapSize                          = 918552576                              {manageable} {ergonomic}
     intx TieredStopAtLevel                        = 1                                         {product} {command line}
     bool UseCompressedClassPointers               = true                           {product lp64_product} {ergonomic}
     bool UseCompressedOops                        = true                           {product lp64_product} {ergonomic}
     bool UseG1GC                                  = true                                      {product} {ergonomic}
     bool UseLargePagesIndividualAllocation        = false                                  {pd product} {ergonomic}

Logging:
Log output configuration:
 #0: stdout all=warning uptime,level,tags
 #1: stderr all=off uptime,level,tags

Environment Variables:
JAVA_HOME=C:\Users\Ronald\AppData\Local\Programs\Eclipse Adoptium\jdk-17.0.3.7-hotspot\
PATH=C:\ProgramData\Oracle\Java\javapath;C:\Windows\system32;C:\Windows;C:\Windows\System32\Wbem;C:\Windows\System32\WindowsPowerShell\v1.0\;C:\Windows\System32\OpenSSH\;C:\Users\Ronald\AppData\Local\Programs\Eclipse Adoptium\jdk-17.0.3.7-hotspot\bin;C:\Users\Ronald\AppData\Local\Microsoft\WindowsApps;C:\Users\Ronald\AppData\Local\Programs\Microsoft VS Code\bin
USERNAME=Ronald
OS=Windows_NT
PROCESSOR_IDENTIFIER=AMD64 Family 23 Model 24 Stepping 1, AuthenticAMD



---------------  S Y S T E M  ---------------

OS:
 Windows 10 , 64 bit Build 19041 (10.0.19041.1741)
OS uptime: 2 days 18:41 hours

CPU: total 4 (initial active 4) (4 cores per cpu, 2 threads per core) family 23 model 24 stepping 1 microcode 0x0, cx8, cmov, fxsr, ht, mmx, 3dnowpref, sse, sse2, sse3, ssse3, sse4a, sse4.1, sse4.2, popcnt, lzcnt, tsc, tscinvbit, avx, avx2, aes, clmul, bmi1, bmi2, adx, sha, fma, vzeroupper, clflush, clflushopt

Memory: 4k page, system-wide physical 3498M (324M free)
TotalPageFile size 14250M (AvailPageFile size 6M)
current process WorkingSet (physical memory assigned to process): 150M, peak: 150M
current process commit charge ("private bytes"): 179M, peak: 230M

vm_info: OpenJDK 64-Bit Server VM (17.0.3+7) for windows-amd64 JRE (17.0.3+7), built on Apr 19 2022 16:55:35 by "" with MS VC++ 16.7 (VS2019)

END.
