#
# There is insufficient memory for the Java Runtime Environment to continue.
# Native memory allocation (mmap) failed to map 292552704 bytes for G1 virtual space
# Possible reasons:
#   The system is out of physical RAM or swap space
#   The process is running with CompressedOops enabled, and the Java Heap may be blocking the growth of the native heap
# Possible solutions:
#   Reduce memory load on the system
#   Increase physical memory or swap space
#   Check if swap backing store is full
#   Decrease Java heap size (-Xmx/-Xms)
#   Decrease number of Java threads
#   Decrease Java thread stack sizes (-Xss)
#   Set larger code cache with -XX:ReservedCodeCacheSize=
#   JVM is running with Unscaled Compressed Oops mode in which the Java heap is
#     placed in the first 4GB address space. The Java Heap base address is the
#     maximum limit for the native heap growth. Please use -XX:HeapBaseMinAddress
#     to set the Java Heap base and to place the Java Heap above 4GB virtual address.
# This output file may be truncated or incomplete.
#
#  Out of Memory Error (os_windows.cpp:3535), pid=1556, tid=5996
#
# JRE version: OpenJDK Runtime Environment Temurin-17.0.3+7 (17.0.3+7) (build 17.0.3+7)
# Java VM: OpenJDK 64-Bit Server VM Temurin-17.0.3+7 (17.0.3+7, mixed mode, emulated-client, tiered, compressed oops, compressed class ptrs, g1 gc, windows-amd64)
# No core dump will be written. Minidumps are not enabled by default on client versions of Windows
#

---------------  S U M M A R Y ------------

Command Line: --add-modules=ALL-SYSTEM --add-exports=jdk.compiler/com.sun.tools.javac.file=ALL-UNNAMED --add-exports=jdk.compiler/com.sun.tools.javac.util=ALL-UNNAMED --add-exports=jdk.compiler/com.sun.tools.javac.comp=ALL-UNNAMED --add-exports=jdk.compiler/com.sun.tools.javac.main=ALL-UNNAMED --add-exports=jdk.compiler/com.sun.tools.javac.tree=ALL-UNNAMED --add-exports=jdk.compiler/com.sun.tools.javac.code=ALL-UNNAMED -Dsts.lsp.client=vscode -Dsts.log.file=/dev/null -XX:TieredStopAtLevel=1 -Dspring.config.location=file:c:\Users\Ronald\.vscode\extensions\pivotal.vscode-spring-boot-1.36.0\language-server\BOOT-INF\classes\application.properties org.springframework.ide.vscode.boot.app.BootLanguageServerBootApp

Host: AMD Ryzen 3 3200U with Radeon Vega Mobile Gfx  , 4 cores, 3G,  Windows 10 , 64 bit Build 19041 (10.0.19041.1741)
Time: Thu Jun 23 23:56:25 2022 Hora est. Pacífico, Sudamérica elapsed time: 200.486469 seconds (0d 0h 3m 20s)

---------------  T H R E A D  ---------------

Current thread (0x000001757ac9e3c0):  VMThread "VM Thread" [stack: 0x0000006f46f00000,0x0000006f47000000] [id=5996]

Stack: [0x0000006f46f00000,0x0000006f47000000]
Native frames: (J=compiled Java code, j=interpreted, Vv=VM code, C=native code)
V  [jvm.dll+0x675efa]
V  [jvm.dll+0x830a24]
V  [jvm.dll+0x8321ce]
V  [jvm.dll+0x832833]
V  [jvm.dll+0x2454b5]
V  [jvm.dll+0x672de9]
V  [jvm.dll+0x667732]
V  [jvm.dll+0x3043ab]
V  [jvm.dll+0x30b8f6]
V  [jvm.dll+0x35b62e]
V  [jvm.dll+0x35b85f]
V  [jvm.dll+0x2db248]
V  [jvm.dll+0x2d94fc]
V  [jvm.dll+0x2d8acc]
V  [jvm.dll+0x31ca2b]
V  [jvm.dll+0x836cdb]
V  [jvm.dll+0x837a14]
V  [jvm.dll+0x837f2c]
V  [jvm.dll+0x838304]
V  [jvm.dll+0x8383d0]
V  [jvm.dll+0x7e0cfa]
V  [jvm.dll+0x674d85]
C  [ucrtbase.dll+0x21bb2]
C  [KERNEL32.DLL+0x17034]
C  [ntdll.dll+0x52651]

VM_Operation (0x0000006f484fe310): G1CollectForAllocation, mode: safepoint, requested by thread 0x000001757d762600


---------------  P R O C E S S  ---------------

Threads class SMR info:
_java_thread_list=0x000001757d4fd5a0, length=30, elements={
0x000001757acc2390, 0x000001757acc3110, 0x000001757acf7530, 0x000001757acf8f60,
0x000001757acf9820, 0x000001757acfa0e0, 0x000001757acfaa50, 0x000001757acfd360,
0x0000017570dadcf0, 0x000001757b9f4e30, 0x000001757d3d79a0, 0x000001757d75e340,
0x000001757d75e810, 0x000001757d460440, 0x000001757d460910, 0x000001757d762130,
0x000001757d762600, 0x000001757d762ad0, 0x000001757d76a9c0, 0x000001757d768ce0,
0x000001757d768340, 0x000001757d7679a0, 0x000001757d767e70, 0x000001757d76a020,
0x000001757d7691b0, 0x000001757d769680, 0x000001757d76a4f0, 0x000001757d768810,
0x000001757d767000, 0x000001757d7674d0
}

Java Threads: ( => current thread )
  0x000001757acc2390 JavaThread "Reference Handler" daemon [_thread_blocked, id=11380, stack(0x0000006f47000000,0x0000006f47100000)]
  0x000001757acc3110 JavaThread "Finalizer" daemon [_thread_blocked, id=12672, stack(0x0000006f47100000,0x0000006f47200000)]
  0x000001757acf7530 JavaThread "Signal Dispatcher" daemon [_thread_blocked, id=6944, stack(0x0000006f47200000,0x0000006f47300000)]
  0x000001757acf8f60 JavaThread "Attach Listener" daemon [_thread_blocked, id=10028, stack(0x0000006f47300000,0x0000006f47400000)]
  0x000001757acf9820 JavaThread "Service Thread" daemon [_thread_blocked, id=8208, stack(0x0000006f47400000,0x0000006f47500000)]
  0x000001757acfa0e0 JavaThread "Monitor Deflation Thread" daemon [_thread_blocked, id=10604, stack(0x0000006f47500000,0x0000006f47600000)]
  0x000001757acfaa50 JavaThread "C1 CompilerThread0" daemon [_thread_blocked, id=9332, stack(0x0000006f47600000,0x0000006f47700000)]
  0x000001757acfd360 JavaThread "Sweeper thread" daemon [_thread_blocked, id=9924, stack(0x0000006f47700000,0x0000006f47800000)]
  0x0000017570dadcf0 JavaThread "Common-Cleaner" daemon [_thread_blocked, id=2164, stack(0x0000006f47800000,0x0000006f47900000)]
  0x000001757b9f4e30 JavaThread "Notification Thread" daemon [_thread_blocked, id=10824, stack(0x0000006f47a00000,0x0000006f47b00000)]
  0x000001757d3d79a0 JavaThread "ForkJoinPool.commonPool-worker-1" daemon [_thread_blocked, id=6316, stack(0x0000006f46600000,0x0000006f46700000)]
  0x000001757d75e340 JavaThread "ClassGraph-worker-0" daemon [_thread_blocked, id=10996, stack(0x0000006f46800000,0x0000006f46900000)]
  0x000001757d75e810 JavaThread "ClassGraph-worker-1" daemon [_thread_blocked, id=7724, stack(0x0000006f48000000,0x0000006f48100000)]
  0x000001757d460440 JavaThread "ClassGraph-worker-2" daemon [_thread_blocked, id=13272, stack(0x0000006f48100000,0x0000006f48200000)]
  0x000001757d460910 JavaThread "ClassGraph-worker-3" daemon [_thread_blocked, id=6868, stack(0x0000006f48200000,0x0000006f48300000)]
  0x000001757d762130 JavaThread "ClassGraph-worker-4" daemon [_thread_blocked, id=8584, stack(0x0000006f48300000,0x0000006f48400000)]
  0x000001757d762600 JavaThread "ClassGraph-worker-5" daemon [_thread_blocked, id=10444, stack(0x0000006f48400000,0x0000006f48500000)]
  0x000001757d762ad0 JavaThread "ClassGraph-worker-6" daemon [_thread_blocked, id=6748, stack(0x0000006f48500000,0x0000006f48600000)]
  0x000001757d76a9c0 JavaThread "ClassGraph-worker-7" daemon [_thread_blocked, id=3308, stack(0x0000006f48600000,0x0000006f48700000)]
  0x000001757d768ce0 JavaThread "pool-7-thread-1" [_thread_blocked, id=10248, stack(0x0000006f48700000,0x0000006f48800000)]
  0x000001757d768340 JavaThread "LanguageServerApp-lifecycle" [_thread_blocked, id=13032, stack(0x0000006f48800000,0x0000006f48900000)]
  0x000001757d7679a0 JavaThread "DestroyJavaVM" [_thread_blocked, id=9916, stack(0x0000006f46900000,0x0000006f46a00000)]
  0x000001757d767e70 JavaThread "pool-8-thread-1" [_thread_in_native, id=4224, stack(0x0000006f48900000,0x0000006f48a00000)]
  0x000001757d76a020 JavaThread "Simple-Language-Server main thread" daemon [_thread_blocked, id=12152, stack(0x0000006f46700000,0x0000006f46800000)]
  0x000001757d7691b0 JavaThread "pool-5-thread-1" [_thread_blocked, id=9952, stack(0x0000006f48b00000,0x0000006f48c00000)]
  0x000001757d769680 JavaThread "Reconciler-1" [_thread_blocked, id=4300, stack(0x0000006f48c00000,0x0000006f48d00000)]
  0x000001757d76a4f0 JavaThread "parallel-1" daemon [_thread_blocked, id=11844, stack(0x0000006f48d00000,0x0000006f48e00000)]
  0x000001757d768810 JavaThread "pool-2-thread-1" [_thread_blocked, id=12188, stack(0x0000006f48e00000,0x0000006f48f00000)]
  0x000001757d767000 JavaThread "ForkJoinPool.commonPool-worker-2" daemon [_thread_blocked, id=8972, stack(0x0000006f48f00000,0x0000006f49000000)]
  0x000001757d7674d0 JavaThread "pool-2-thread-2" [_thread_blocked, id=10812, stack(0x0000006f49000000,0x0000006f49100000)]

Other Threads:
=>0x000001757ac9e3c0 VMThread "VM Thread" [stack: 0x0000006f46f00000,0x0000006f47000000] [id=5996]
  0x0000017570d20250 WatcherThread [stack: 0x0000006f47b00000,0x0000006f47c00000] [id=6624]
  0x0000017570d10470 GCTaskThread "GC Thread#0" [stack: 0x0000006f46a00000,0x0000006f46b00000] [id=3348]
  0x000001757b960a70 GCTaskThread "GC Thread#1" [stack: 0x0000006f47900000,0x0000006f47a00000] [id=7828]
  0x000001757c2979d0 GCTaskThread "GC Thread#2" [stack: 0x0000006f47c00000,0x0000006f47d00000] [id=4112]
  0x000001757c297c80 GCTaskThread "GC Thread#3" [stack: 0x0000006f47d00000,0x0000006f47e00000] [id=11512]
  0x0000017570d18040 ConcurrentGCThread "G1 Main Marker" [stack: 0x0000006f46b00000,0x0000006f46c00000] [id=12404]
  0x0000017570d19100 ConcurrentGCThread "G1 Conc#0" [stack: 0x0000006f46c00000,0x0000006f46d00000] [id=12684]
  0x0000017570d568b0 ConcurrentGCThread "G1 Refine#0" [stack: 0x0000006f46d00000,0x0000006f46e00000] [id=2076]
  0x000001757d991980 ConcurrentGCThread "G1 Refine#1" [stack: 0x0000006f49100000,0x0000006f49200000] [id=5360]
  0x0000017570d571e0 ConcurrentGCThread "G1 Service" [stack: 0x0000006f46e00000,0x0000006f46f00000] [id=3136]

Threads with active compile tasks:

VM state: at safepoint (normal execution)

VM Mutex/Monitor currently owned by a thread:  ([mutex/lock_event])
[0x000001756ebf66f0] Threads_lock - owner thread: 0x000001757ac9e3c0
[0x0000017570cd3b80] Heap_lock - owner thread: 0x000001757d762600

Heap address: 0x00000000c9400000, size: 876 MB, Compressed Oops mode: 32-bit

CDS archive(s) not mapped
Compressed class space mapped at: 0x0000000100000000-0x0000000140000000, reserved size: 1073741824
Narrow klass base: 0x0000000000000000, Narrow klass shift: 3, Narrow klass range: 0x140000000

GC Precious Log:
 CPUs: 4 total, 4 available
 Memory: 3498M
 Large Page Support: Disabled
 NUMA Support: Disabled
 Compressed Oops: Enabled (32-bit)
 Heap Region Size: 1M
 Heap Min Capacity: 8M
 Heap Initial Capacity: 56M
 Heap Max Capacity: 876M
 Pre-touch: Disabled
 Parallel Workers: 4
 Concurrent Workers: 1
 Concurrent Refinement Workers: 4
 Periodic GC: Disabled

Heap:
 garbage-first heap   total 184320K, used 91061K [0x00000000c9400000, 0x0000000100000000)
  region size 1024K, 1 young (1024K), 1 survivors (1024K)
 Metaspace       used 34326K, committed 34624K, reserved 1081344K
  class space    used 4467K, committed 4608K, reserved 1048576K

Heap Regions: E=young(eden), S=young(survivor), O=old, HS=humongous(starts), HC=humongous(continues), CS=collection set, F=free, OA=open archive, CA=closed archive, TAMS=top-at-mark-start (previous, next)
|   0|0x00000000c9400000, 0x00000000c9500000, 0x00000000c9500000|100%| O|  |TAMS 0x00000000c9500000, 0x00000000c9400000| Untracked 
|   1|0x00000000c9500000, 0x00000000c9600000, 0x00000000c9600000|100%| O|  |TAMS 0x00000000c9600000, 0x00000000c9500000| Untracked 
|   2|0x00000000c9600000, 0x00000000c9700000, 0x00000000c9700000|100%| O|  |TAMS 0x00000000c9700000, 0x00000000c9600000| Untracked 
|   3|0x00000000c9700000, 0x00000000c9800000, 0x00000000c9800000|100%| O|  |TAMS 0x00000000c9800000, 0x00000000c9700000| Untracked 
|   4|0x00000000c9800000, 0x00000000c9900000, 0x00000000c9900000|100%| O|  |TAMS 0x00000000c9900000, 0x00000000c9800000| Untracked 
|   5|0x00000000c9900000, 0x00000000c9a00000, 0x00000000c9a00000|100%| O|  |TAMS 0x00000000c9a00000, 0x00000000c9900000| Untracked 
|   6|0x00000000c9a00000, 0x00000000c9b00000, 0x00000000c9b00000|100%| O|  |TAMS 0x00000000c9b00000, 0x00000000c9a00000| Untracked 
|   7|0x00000000c9b00000, 0x00000000c9c00000, 0x00000000c9c00000|100%| O|  |TAMS 0x00000000c9c00000, 0x00000000c9b00000| Untracked 
|   8|0x00000000c9c00000, 0x00000000c9d00000, 0x00000000c9d00000|100%| O|  |TAMS 0x00000000c9c00000, 0x00000000c9c00000| Untracked 
|   9|0x00000000c9d00000, 0x00000000c9e00000, 0x00000000c9e00000|100%| O|  |TAMS 0x00000000c9e00000, 0x00000000c9d00000| Untracked 
|  10|0x00000000c9e00000, 0x00000000c9f00000, 0x00000000c9f00000|100%| O|  |TAMS 0x00000000c9f00000, 0x00000000c9e00000| Untracked 
|  11|0x00000000c9f00000, 0x00000000ca000000, 0x00000000ca000000|100%| O|  |TAMS 0x00000000ca000000, 0x00000000c9f00000| Untracked 
|  12|0x00000000ca000000, 0x00000000ca100000, 0x00000000ca100000|100%| O|  |TAMS 0x00000000ca100000, 0x00000000ca000000| Untracked 
|  13|0x00000000ca100000, 0x00000000ca200000, 0x00000000ca200000|100%| O|  |TAMS 0x00000000ca200000, 0x00000000ca100000| Untracked 
|  14|0x00000000ca200000, 0x00000000ca300000, 0x00000000ca300000|100%| O|  |TAMS 0x00000000ca300000, 0x00000000ca200000| Untracked 
|  15|0x00000000ca300000, 0x00000000ca400000, 0x00000000ca400000|100%| O|  |TAMS 0x00000000ca400000, 0x00000000ca300000| Untracked 
|  16|0x00000000ca400000, 0x00000000ca500000, 0x00000000ca500000|100%| O|  |TAMS 0x00000000ca500000, 0x00000000ca400000| Untracked 
|  17|0x00000000ca500000, 0x00000000ca600000, 0x00000000ca600000|100%| O|  |TAMS 0x00000000ca600000, 0x00000000ca500000| Untracked 
|  18|0x00000000ca600000, 0x00000000ca700000, 0x00000000ca700000|100%| O|  |TAMS 0x00000000ca700000, 0x00000000ca600000| Untracked 
|  19|0x00000000ca700000, 0x00000000ca800000, 0x00000000ca800000|100%| O|  |TAMS 0x00000000ca800000, 0x00000000ca700000| Untracked 
|  20|0x00000000ca800000, 0x00000000ca900000, 0x00000000ca900000|100%| O|  |TAMS 0x00000000ca900000, 0x00000000ca800000| Untracked 
|  21|0x00000000ca900000, 0x00000000caa00000, 0x00000000caa00000|100%| O|  |TAMS 0x00000000caa00000, 0x00000000ca900000| Untracked 
|  22|0x00000000caa00000, 0x00000000cab00000, 0x00000000cab00000|100%| O|  |TAMS 0x00000000cab00000, 0x00000000caa00000| Untracked 
|  23|0x00000000cab00000, 0x00000000cac00000, 0x00000000cac00000|100%| O|  |TAMS 0x00000000cac00000, 0x00000000cab00000| Untracked 
|  24|0x00000000cac00000, 0x00000000cad00000, 0x00000000cad00000|100%| O|  |TAMS 0x00000000cad00000, 0x00000000cac00000| Untracked 
|  25|0x00000000cad00000, 0x00000000cae00000, 0x00000000cae00000|100%| O|  |TAMS 0x00000000cae00000, 0x00000000cad00000| Untracked 
|  26|0x00000000cae00000, 0x00000000caf00000, 0x00000000caf00000|100%| O|  |TAMS 0x00000000caf00000, 0x00000000cae00000| Untracked 
|  27|0x00000000caf00000, 0x00000000cb000000, 0x00000000cb000000|100%| O|  |TAMS 0x00000000cb000000, 0x00000000caf00000| Untracked 
|  28|0x00000000cb000000, 0x00000000cb100000, 0x00000000cb100000|100%| O|  |TAMS 0x00000000cb100000, 0x00000000cb000000| Untracked 
|  29|0x00000000cb100000, 0x00000000cb200000, 0x00000000cb200000|100%| O|  |TAMS 0x00000000cb200000, 0x00000000cb100000| Untracked 
|  30|0x00000000cb200000, 0x00000000cb300000, 0x00000000cb300000|100%| O|  |TAMS 0x00000000cb300000, 0x00000000cb200000| Untracked 
|  31|0x00000000cb300000, 0x00000000cb400000, 0x00000000cb400000|100%| O|  |TAMS 0x00000000cb400000, 0x00000000cb300000| Untracked 
|  32|0x00000000cb400000, 0x00000000cb500000, 0x00000000cb500000|100%| O|  |TAMS 0x00000000cb500000, 0x00000000cb400000| Untracked 
|  33|0x00000000cb500000, 0x00000000cb600000, 0x00000000cb600000|100%| O|  |TAMS 0x00000000cb600000, 0x00000000cb500000| Untracked 
|  34|0x00000000cb600000, 0x00000000cb700000, 0x00000000cb700000|100%| O|  |TAMS 0x00000000cb700000, 0x00000000cb600000| Untracked 
|  35|0x00000000cb700000, 0x00000000cb800000, 0x00000000cb800000|100%| O|  |TAMS 0x00000000cb800000, 0x00000000cb700000| Untracked 
|  36|0x00000000cb800000, 0x00000000cb900000, 0x00000000cb900000|100%| O|  |TAMS 0x00000000cb900000, 0x00000000cb800000| Untracked 
|  37|0x00000000cb900000, 0x00000000cba00000, 0x00000000cba00000|100%| O|  |TAMS 0x00000000cba00000, 0x00000000cb900000| Untracked 
|  38|0x00000000cba00000, 0x00000000cbb00000, 0x00000000cbb00000|100%| O|  |TAMS 0x00000000cbb00000, 0x00000000cba00000| Untracked 
|  39|0x00000000cbb00000, 0x00000000cbc00000, 0x00000000cbc00000|100%| O|  |TAMS 0x00000000cbc00000, 0x00000000cbb00000| Untracked 
|  40|0x00000000cbc00000, 0x00000000cbd00000, 0x00000000cbd00000|100%| O|  |TAMS 0x00000000cbd00000, 0x00000000cbc00000| Untracked 
|  41|0x00000000cbd00000, 0x00000000cbe00000, 0x00000000cbe00000|100%| O|  |TAMS 0x00000000cbe00000, 0x00000000cbd00000| Untracked 
|  42|0x00000000cbe00000, 0x00000000cbf00000, 0x00000000cbf00000|100%| O|  |TAMS 0x00000000cbf00000, 0x00000000cbe00000| Untracked 
|  43|0x00000000cbf00000, 0x00000000cc000000, 0x00000000cc000000|100%| O|  |TAMS 0x00000000cc000000, 0x00000000cbf00000| Untracked 
|  44|0x00000000cc000000, 0x00000000cc100000, 0x00000000cc100000|100%| O|  |TAMS 0x00000000cc100000, 0x00000000cc000000| Untracked 
|  45|0x00000000cc100000, 0x00000000cc200000, 0x00000000cc200000|100%| O|  |TAMS 0x00000000cc200000, 0x00000000cc100000| Untracked 
|  46|0x00000000cc200000, 0x00000000cc300000, 0x00000000cc300000|100%| O|  |TAMS 0x00000000cc300000, 0x00000000cc200000| Untracked 
|  47|0x00000000cc300000, 0x00000000cc400000, 0x00000000cc400000|100%| O|  |TAMS 0x00000000cc400000, 0x00000000cc300000| Untracked 
|  48|0x00000000cc400000, 0x00000000cc500000, 0x00000000cc500000|100%| O|  |TAMS 0x00000000cc500000, 0x00000000cc400000| Untracked 
|  49|0x00000000cc500000, 0x00000000cc600000, 0x00000000cc600000|100%| O|  |TAMS 0x00000000cc600000, 0x00000000cc500000| Untracked 
|  50|0x00000000cc600000, 0x00000000cc700000, 0x00000000cc700000|100%| O|  |TAMS 0x00000000cc700000, 0x00000000cc600000| Untracked 
|  51|0x00000000cc700000, 0x00000000cc800000, 0x00000000cc800000|100%| O|  |TAMS 0x00000000cc800000, 0x00000000cc700000| Untracked 
|  52|0x00000000cc800000, 0x00000000cc900000, 0x00000000cc900000|100%| O|  |TAMS 0x00000000cc900000, 0x00000000cc800000| Untracked 
|  53|0x00000000cc900000, 0x00000000cca00000, 0x00000000cca00000|100%| O|  |TAMS 0x00000000cca00000, 0x00000000cc900000| Untracked 
|  54|0x00000000cca00000, 0x00000000ccb00000, 0x00000000ccb00000|100%| O|  |TAMS 0x00000000ccb00000, 0x00000000cca00000| Untracked 
|  55|0x00000000ccb00000, 0x00000000ccc00000, 0x00000000ccc00000|100%| O|  |TAMS 0x00000000ccc00000, 0x00000000ccb00000| Untracked 
|  56|0x00000000ccc00000, 0x00000000ccd00000, 0x00000000ccd00000|100%| O|  |TAMS 0x00000000ccd00000, 0x00000000ccc00000| Untracked 
|  57|0x00000000ccd00000, 0x00000000cce00000, 0x00000000cce00000|100%| O|  |TAMS 0x00000000cce00000, 0x00000000ccd00000| Untracked 
|  58|0x00000000cce00000, 0x00000000ccf00000, 0x00000000ccf00000|100%| O|  |TAMS 0x00000000ccf00000, 0x00000000cce00000| Untracked 
|  59|0x00000000ccf00000, 0x00000000cd000000, 0x00000000cd000000|100%| O|  |TAMS 0x00000000cd000000, 0x00000000ccf00000| Untracked 
|  60|0x00000000cd000000, 0x00000000cd000000, 0x00000000cd100000|  0%| F|  |TAMS 0x00000000cd000000, 0x00000000cd000000| Untracked 
|  61|0x00000000cd100000, 0x00000000cd200000, 0x00000000cd200000|100%| O|  |TAMS 0x00000000cd200000, 0x00000000cd100000| Untracked 
|  62|0x00000000cd200000, 0x00000000cd300000, 0x00000000cd300000|100%| O|  |TAMS 0x00000000cd300000, 0x00000000cd200000| Untracked 
|  63|0x00000000cd300000, 0x00000000cd400000, 0x00000000cd400000|100%| O|  |TAMS 0x00000000cd400000, 0x00000000cd300000| Untracked 
|  64|0x00000000cd400000, 0x00000000cd500000, 0x00000000cd500000|100%| O|  |TAMS 0x00000000cd500000, 0x00000000cd400000| Untracked 
|  65|0x00000000cd500000, 0x00000000cd600000, 0x00000000cd600000|100%| O|  |TAMS 0x00000000cd600000, 0x00000000cd500000| Untracked 
|  66|0x00000000cd600000, 0x00000000cd700000, 0x00000000cd700000|100%| O|  |TAMS 0x00000000cd700000, 0x00000000cd600000| Untracked 
|  67|0x00000000cd700000, 0x00000000cd800000, 0x00000000cd800000|100%| O|  |TAMS 0x00000000cd800000, 0x00000000cd700000| Untracked 
|  68|0x00000000cd800000, 0x00000000cd900000, 0x00000000cd900000|100%| O|  |TAMS 0x00000000cd900000, 0x00000000cd800000| Untracked 
|  69|0x00000000cd900000, 0x00000000cda00000, 0x00000000cda00000|100%| O|  |TAMS 0x00000000cda00000, 0x00000000cd900000| Untracked 
|  70|0x00000000cda00000, 0x00000000cdb00000, 0x00000000cdb00000|100%| O|  |TAMS 0x00000000cdb00000, 0x00000000cda00000| Untracked 
|  71|0x00000000cdb00000, 0x00000000cdc00000, 0x00000000cdc00000|100%| O|  |TAMS 0x00000000cdc00000, 0x00000000cdb00000| Untracked 
|  72|0x00000000cdc00000, 0x00000000cdd00000, 0x00000000cdd00000|100%| O|  |TAMS 0x00000000cdd00000, 0x00000000cdc00000| Untracked 
|  73|0x00000000cdd00000, 0x00000000cde00000, 0x00000000cde00000|100%| O|  |TAMS 0x00000000cde00000, 0x00000000cdd00000| Untracked 
|  74|0x00000000cde00000, 0x00000000cdf00000, 0x00000000cdf00000|100%| O|  |TAMS 0x00000000cdf00000, 0x00000000cde00000| Untracked 
|  75|0x00000000cdf00000, 0x00000000ce000000, 0x00000000ce000000|100%| O|  |TAMS 0x00000000ce000000, 0x00000000cdf00000| Untracked 
|  76|0x00000000ce000000, 0x00000000ce100000, 0x00000000ce100000|100%| O|  |TAMS 0x00000000ce100000, 0x00000000ce000000| Untracked 
|  77|0x00000000ce100000, 0x00000000ce200000, 0x00000000ce200000|100%| O|  |TAMS 0x00000000ce200000, 0x00000000ce100000| Untracked 
|  78|0x00000000ce200000, 0x00000000ce300000, 0x00000000ce300000|100%| O|  |TAMS 0x00000000ce300000, 0x00000000ce200000| Untracked 
|  79|0x00000000ce300000, 0x00000000ce400000, 0x00000000ce400000|100%| O|  |TAMS 0x00000000ce400000, 0x00000000ce300000| Untracked 
|  80|0x00000000ce400000, 0x00000000ce500000, 0x00000000ce500000|100%| O|  |TAMS 0x00000000ce500000, 0x00000000ce400000| Untracked 
|  81|0x00000000ce500000, 0x00000000ce600000, 0x00000000ce600000|100%| O|  |TAMS 0x00000000ce600000, 0x00000000ce500000| Untracked 
|  82|0x00000000ce600000, 0x00000000ce700000, 0x00000000ce700000|100%| O|  |TAMS 0x00000000ce700000, 0x00000000ce600000| Untracked 
|  83|0x00000000ce700000, 0x00000000ce800000, 0x00000000ce800000|100%| O|  |TAMS 0x00000000ce800000, 0x00000000ce700000| Untracked 
|  84|0x00000000ce800000, 0x00000000ce900000, 0x00000000ce900000|100%| O|  |TAMS 0x00000000ce900000, 0x00000000ce800000| Untracked 
|  85|0x00000000ce900000, 0x00000000cea00000, 0x00000000cea00000|100%| O|  |TAMS 0x00000000ce90d200, 0x00000000ce900000| Untracked 
|  86|0x00000000cea00000, 0x00000000ceb00000, 0x00000000ceb00000|100%| O|  |TAMS 0x00000000cea00000, 0x00000000cea00000| Untracked 
|  87|0x00000000ceb00000, 0x00000000cec00000, 0x00000000cec00000|100%| O|  |TAMS 0x00000000ceb00000, 0x00000000ceb00000| Untracked 
|  88|0x00000000cec00000, 0x00000000ced00000, 0x00000000ced00000|100%| O|  |TAMS 0x00000000cec00000, 0x00000000cec00000| Untracked 
|  89|0x00000000ced00000, 0x00000000ced2ea00, 0x00000000cee00000| 18%| O|  |TAMS 0x00000000ced00000, 0x00000000ced00000| Untracked 
|  90|0x00000000cee00000, 0x00000000cee00000, 0x00000000cef00000|  0%| F|  |TAMS 0x00000000cee00000, 0x00000000cee00000| Untracked 
|  91|0x00000000cef00000, 0x00000000cef00000, 0x00000000cf000000|  0%| F|  |TAMS 0x00000000cef00000, 0x00000000cef00000| Untracked 
|  92|0x00000000cf000000, 0x00000000cf000000, 0x00000000cf100000|  0%| F|  |TAMS 0x00000000cf000000, 0x00000000cf000000| Untracked 
|  93|0x00000000cf100000, 0x00000000cf100000, 0x00000000cf200000|  0%| F|  |TAMS 0x00000000cf100000, 0x00000000cf100000| Untracked 
|  94|0x00000000cf200000, 0x00000000cf200000, 0x00000000cf300000|  0%| F|  |TAMS 0x00000000cf200000, 0x00000000cf200000| Untracked 
|  95|0x00000000cf300000, 0x00000000cf300000, 0x00000000cf400000|  0%| F|  |TAMS 0x00000000cf300000, 0x00000000cf300000| Untracked 
|  96|0x00000000cf400000, 0x00000000cf400000, 0x00000000cf500000|  0%| F|  |TAMS 0x00000000cf400000, 0x00000000cf400000| Untracked 
|  97|0x00000000cf500000, 0x00000000cf500000, 0x00000000cf600000|  0%| F|  |TAMS 0x00000000cf500000, 0x00000000cf500000| Untracked 
|  98|0x00000000cf600000, 0x00000000cf600000, 0x00000000cf700000|  0%| F|  |TAMS 0x00000000cf600000, 0x00000000cf600000| Untracked 
|  99|0x00000000cf700000, 0x00000000cf700000, 0x00000000cf800000|  0%| F|  |TAMS 0x00000000cf700000, 0x00000000cf700000| Untracked 
| 100|0x00000000cf800000, 0x00000000cf800000, 0x00000000cf900000|  0%| F|  |TAMS 0x00000000cf800000, 0x00000000cf800000| Untracked 
| 101|0x00000000cf900000, 0x00000000cf900000, 0x00000000cfa00000|  0%| F|  |TAMS 0x00000000cf900000, 0x00000000cf900000| Untracked 
| 102|0x00000000cfa00000, 0x00000000cfa00000, 0x00000000cfb00000|  0%| F|  |TAMS 0x00000000cfa00000, 0x00000000cfa00000| Untracked 
| 103|0x00000000cfb00000, 0x00000000cfb00000, 0x00000000cfc00000|  0%| F|  |TAMS 0x00000000cfb00000, 0x00000000cfb00000| Untracked 
| 104|0x00000000cfc00000, 0x00000000cfc00000, 0x00000000cfd00000|  0%| F|  |TAMS 0x00000000cfc00000, 0x00000000cfc00000| Untracked 
| 105|0x00000000cfd00000, 0x00000000cfd00000, 0x00000000cfe00000|  0%| F|  |TAMS 0x00000000cfd00000, 0x00000000cfd00000| Untracked 
| 106|0x00000000cfe00000, 0x00000000cfe00000, 0x00000000cff00000|  0%| F|  |TAMS 0x00000000cfe00000, 0x00000000cfe00000| Untracked 
| 107|0x00000000cff00000, 0x00000000cff00000, 0x00000000d0000000|  0%| F|  |TAMS 0x00000000cff00000, 0x00000000cff00000| Untracked 
| 108|0x00000000d0000000, 0x00000000d0000000, 0x00000000d0100000|  0%| F|  |TAMS 0x00000000d0000000, 0x00000000d0000000| Untracked 
| 109|0x00000000d0100000, 0x00000000d0100000, 0x00000000d0200000|  0%| F|  |TAMS 0x00000000d0100000, 0x00000000d0100000| Untracked 
| 110|0x00000000d0200000, 0x00000000d0200000, 0x00000000d0300000|  0%| F|  |TAMS 0x00000000d0200000, 0x00000000d0200000| Untracked 
| 111|0x00000000d0300000, 0x00000000d0300000, 0x00000000d0400000|  0%| F|  |TAMS 0x00000000d0300000, 0x00000000d0300000| Untracked 
| 112|0x00000000d0400000, 0x00000000d0400000, 0x00000000d0500000|  0%| F|  |TAMS 0x00000000d0400000, 0x00000000d0400000| Untracked 
| 113|0x00000000d0500000, 0x00000000d0500000, 0x00000000d0600000|  0%| F|  |TAMS 0x00000000d0500000, 0x00000000d0500000| Untracked 
| 114|0x00000000d0600000, 0x00000000d0600000, 0x00000000d0700000|  0%| F|  |TAMS 0x00000000d0600000, 0x00000000d0600000| Untracked 
| 115|0x00000000d0700000, 0x00000000d0700000, 0x00000000d0800000|  0%| F|  |TAMS 0x00000000d0700000, 0x00000000d0700000| Untracked 
| 116|0x00000000d0800000, 0x00000000d0800000, 0x00000000d0900000|  0%| F|  |TAMS 0x00000000d0800000, 0x00000000d0800000| Untracked 
| 117|0x00000000d0900000, 0x00000000d0900000, 0x00000000d0a00000|  0%| F|  |TAMS 0x00000000d0900000, 0x00000000d0900000| Untracked 
| 118|0x00000000d0a00000, 0x00000000d0a00000, 0x00000000d0b00000|  0%| F|  |TAMS 0x00000000d0a00000, 0x00000000d0a00000| Untracked 
| 119|0x00000000d0b00000, 0x00000000d0b00000, 0x00000000d0c00000|  0%| F|  |TAMS 0x00000000d0b00000, 0x00000000d0b00000| Untracked 
| 120|0x00000000d0c00000, 0x00000000d0c00000, 0x00000000d0d00000|  0%| F|  |TAMS 0x00000000d0c00000, 0x00000000d0c00000| Untracked 
| 121|0x00000000d0d00000, 0x00000000d0d00000, 0x00000000d0e00000|  0%| F|  |TAMS 0x00000000d0d00000, 0x00000000d0d00000| Untracked 
| 122|0x00000000d0e00000, 0x00000000d0e00000, 0x00000000d0f00000|  0%| F|  |TAMS 0x00000000d0e00000, 0x00000000d0e00000| Untracked 
| 123|0x00000000d0f00000, 0x00000000d0f00000, 0x00000000d1000000|  0%| F|  |TAMS 0x00000000d0f00000, 0x00000000d0f00000| Untracked 
| 124|0x00000000d1000000, 0x00000000d1000000, 0x00000000d1100000|  0%| F|  |TAMS 0x00000000d1000000, 0x00000000d1000000| Untracked 
| 125|0x00000000d1100000, 0x00000000d1100000, 0x00000000d1200000|  0%| F|  |TAMS 0x00000000d1100000, 0x00000000d1100000| Untracked 
| 126|0x00000000d1200000, 0x00000000d1200000, 0x00000000d1300000|  0%| F|  |TAMS 0x00000000d1200000, 0x00000000d1200000| Untracked 
| 127|0x00000000d1300000, 0x00000000d1300000, 0x00000000d1400000|  0%| F|  |TAMS 0x00000000d1300000, 0x00000000d1300000| Untracked 
| 128|0x00000000d1400000, 0x00000000d1400000, 0x00000000d1500000|  0%| F|  |TAMS 0x00000000d1400000, 0x00000000d1400000| Untracked 
| 129|0x00000000d1500000, 0x00000000d1500000, 0x00000000d1600000|  0%| F|  |TAMS 0x00000000d1500000, 0x00000000d1500000| Untracked 
| 130|0x00000000d1600000, 0x00000000d1600000, 0x00000000d1700000|  0%| F|  |TAMS 0x00000000d1600000, 0x00000000d1600000| Untracked 
| 131|0x00000000d1700000, 0x00000000d1700000, 0x00000000d1800000|  0%| F|  |TAMS 0x00000000d1700000, 0x00000000d1700000| Untracked 
| 132|0x00000000d1800000, 0x00000000d1800000, 0x00000000d1900000|  0%| F|  |TAMS 0x00000000d1800000, 0x00000000d1800000| Untracked 
| 133|0x00000000d1900000, 0x00000000d1900000, 0x00000000d1a00000|  0%| F|  |TAMS 0x00000000d1900000, 0x00000000d1900000| Untracked 
| 134|0x00000000d1a00000, 0x00000000d1a00000, 0x00000000d1b00000|  0%| F|  |TAMS 0x00000000d1a00000, 0x00000000d1a00000| Untracked 
| 135|0x00000000d1b00000, 0x00000000d1b00000, 0x00000000d1c00000|  0%| F|  |TAMS 0x00000000d1b00000, 0x00000000d1b00000| Untracked 
| 136|0x00000000d1c00000, 0x00000000d1c00000, 0x00000000d1d00000|  0%| F|  |TAMS 0x00000000d1c00000, 0x00000000d1c00000| Untracked 
| 137|0x00000000d1d00000, 0x00000000d1d00000, 0x00000000d1e00000|  0%| F|  |TAMS 0x00000000d1d00000, 0x00000000d1d00000| Untracked 
| 138|0x00000000d1e00000, 0x00000000d1e00000, 0x00000000d1f00000|  0%| F|  |TAMS 0x00000000d1e00000, 0x00000000d1e00000| Untracked 
| 139|0x00000000d1f00000, 0x00000000d1f00000, 0x00000000d2000000|  0%| F|  |TAMS 0x00000000d1f00000, 0x00000000d1f00000| Untracked 
| 140|0x00000000d2000000, 0x00000000d2000000, 0x00000000d2100000|  0%| F|  |TAMS 0x00000000d2000000, 0x00000000d2000000| Untracked 
| 141|0x00000000d2100000, 0x00000000d2100000, 0x00000000d2200000|  0%| F|  |TAMS 0x00000000d2100000, 0x00000000d2100000| Untracked 
| 142|0x00000000d2200000, 0x00000000d2200000, 0x00000000d2300000|  0%| F|  |TAMS 0x00000000d2200000, 0x00000000d2200000| Untracked 
| 143|0x00000000d2300000, 0x00000000d2300000, 0x00000000d2400000|  0%| F|  |TAMS 0x00000000d2300000, 0x00000000d2300000| Untracked 
| 144|0x00000000d2400000, 0x00000000d2400000, 0x00000000d2500000|  0%| F|  |TAMS 0x00000000d2400000, 0x00000000d2400000| Untracked 
| 145|0x00000000d2500000, 0x00000000d2500000, 0x00000000d2600000|  0%| F|  |TAMS 0x00000000d2500000, 0x00000000d2500000| Untracked 
| 146|0x00000000d2600000, 0x00000000d2600000, 0x00000000d2700000|  0%| F|  |TAMS 0x00000000d2600000, 0x00000000d2600000| Untracked 
| 147|0x00000000d2700000, 0x00000000d2700000, 0x00000000d2800000|  0%| F|  |TAMS 0x00000000d2700000, 0x00000000d2700000| Untracked 
| 148|0x00000000d2800000, 0x00000000d2800000, 0x00000000d2900000|  0%| F|  |TAMS 0x00000000d2800000, 0x00000000d2800000| Untracked 
| 149|0x00000000d2900000, 0x00000000d2900000, 0x00000000d2a00000|  0%| F|  |TAMS 0x00000000d2900000, 0x00000000d2900000| Untracked 
| 150|0x00000000d2a00000, 0x00000000d2a00000, 0x00000000d2b00000|  0%| F|  |TAMS 0x00000000d2a00000, 0x00000000d2a00000| Untracked 
| 151|0x00000000d2b00000, 0x00000000d2b00000, 0x00000000d2c00000|  0%| F|  |TAMS 0x00000000d2b00000, 0x00000000d2b00000| Untracked 
| 152|0x00000000d2c00000, 0x00000000d2c00000, 0x00000000d2d00000|  0%| F|  |TAMS 0x00000000d2c00000, 0x00000000d2c00000| Untracked 
| 153|0x00000000d2d00000, 0x00000000d2d00000, 0x00000000d2e00000|  0%| F|  |TAMS 0x00000000d2d00000, 0x00000000d2d00000| Untracked 
| 154|0x00000000d2e00000, 0x00000000d2e00000, 0x00000000d2f00000|  0%| F|  |TAMS 0x00000000d2e00000, 0x00000000d2e00000| Untracked 
| 155|0x00000000d2f00000, 0x00000000d2f00000, 0x00000000d3000000|  0%| F|  |TAMS 0x00000000d2f00000, 0x00000000d2f00000| Untracked 
| 156|0x00000000d3000000, 0x00000000d3000000, 0x00000000d3100000|  0%| F|  |TAMS 0x00000000d3000000, 0x00000000d3000000| Untracked 
| 157|0x00000000d3100000, 0x00000000d3100000, 0x00000000d3200000|  0%| F|  |TAMS 0x00000000d3100000, 0x00000000d3100000| Untracked 
| 158|0x00000000d3200000, 0x00000000d3200000, 0x00000000d3300000|  0%| F|  |TAMS 0x00000000d3200000, 0x00000000d3200000| Untracked 
| 159|0x00000000d3300000, 0x00000000d3300000, 0x00000000d3400000|  0%| F|  |TAMS 0x00000000d3300000, 0x00000000d3300000| Untracked 
| 160|0x00000000d3400000, 0x00000000d3400000, 0x00000000d3500000|  0%| F|  |TAMS 0x00000000d3400000, 0x00000000d3400000| Untracked 
| 161|0x00000000d3500000, 0x00000000d3500000, 0x00000000d3600000|  0%| F|  |TAMS 0x00000000d3500000, 0x00000000d3500000| Untracked 
| 162|0x00000000d3600000, 0x00000000d3600000, 0x00000000d3700000|  0%| F|  |TAMS 0x00000000d3600000, 0x00000000d3600000| Untracked 
| 163|0x00000000d3700000, 0x00000000d3700000, 0x00000000d3800000|  0%| F|  |TAMS 0x00000000d3700000, 0x00000000d3700000| Untracked 
| 164|0x00000000d3800000, 0x00000000d3800000, 0x00000000d3900000|  0%| F|  |TAMS 0x00000000d3800000, 0x00000000d3800000| Untracked 
| 165|0x00000000d3900000, 0x00000000d3900000, 0x00000000d3a00000|  0%| F|  |TAMS 0x00000000d3900000, 0x00000000d3900000| Untracked 
| 166|0x00000000d3a00000, 0x00000000d3a00000, 0x00000000d3b00000|  0%| F|  |TAMS 0x00000000d3a00000, 0x00000000d3a00000| Untracked 
| 167|0x00000000d3b00000, 0x00000000d3b00000, 0x00000000d3c00000|  0%| F|  |TAMS 0x00000000d3b00000, 0x00000000d3b00000| Untracked 
| 168|0x00000000d3c00000, 0x00000000d3c00000, 0x00000000d3d00000|  0%| F|  |TAMS 0x00000000d3c00000, 0x00000000d3c00000| Untracked 
| 169|0x00000000d3d00000, 0x00000000d3d00000, 0x00000000d3e00000|  0%| F|  |TAMS 0x00000000d3d00000, 0x00000000d3d00000| Untracked 
| 170|0x00000000d3e00000, 0x00000000d3e00000, 0x00000000d3f00000|  0%| F|  |TAMS 0x00000000d3e00000, 0x00000000d3e00000| Untracked 
| 171|0x00000000d3f00000, 0x00000000d3f00000, 0x00000000d4000000|  0%| F|  |TAMS 0x00000000d3f00000, 0x00000000d3f00000| Untracked 
| 172|0x00000000d4000000, 0x00000000d4000000, 0x00000000d4100000|  0%| F|  |TAMS 0x00000000d4000000, 0x00000000d4000000| Untracked 
| 173|0x00000000d4100000, 0x00000000d4100000, 0x00000000d4200000|  0%| F|  |TAMS 0x00000000d4100000, 0x00000000d4100000| Untracked 
| 174|0x00000000d4200000, 0x00000000d4200000, 0x00000000d4300000|  0%| F|  |TAMS 0x00000000d4200000, 0x00000000d4200000| Untracked 
| 175|0x00000000d4300000, 0x00000000d43beae0, 0x00000000d4400000| 74%| S|CS|TAMS 0x00000000d4300000, 0x00000000d4300000| Complete 
| 176|0x00000000d4400000, 0x00000000d4400000, 0x00000000d4500000|  0%| F|  |TAMS 0x00000000d4400000, 0x00000000d4400000| Untracked 
| 177|0x00000000d4500000, 0x00000000d4500000, 0x00000000d4600000|  0%| F|  |TAMS 0x00000000d4500000, 0x00000000d4500000| Untracked 
| 178|0x00000000d4600000, 0x00000000d4600000, 0x00000000d4700000|  0%| F|  |TAMS 0x00000000d4600000, 0x00000000d4600000| Untracked 
| 179|0x00000000d4700000, 0x00000000d4700000, 0x00000000d4800000|  0%| F|  |TAMS 0x00000000d4700000, 0x00000000d4700000| Untracked 

Card table byte_map: [0x0000017576960000,0x0000017576b20000] _byte_map_base: 0x0000017576316000

Marking Bits (Prev, Next): (CMBitMap*) 0x0000017570d109d0, (CMBitMap*) 0x0000017570d10990
 Prev Bits: [0x0000017577a90000, 0x0000017578840000)
 Next Bits: [0x0000017576ce0000, 0x0000017577a90000)

Polling page: 0x000001756ecf0000

Metaspace:

Usage:
  Non-class:     29.16 MB used.
      Class:      4.36 MB used.
       Both:     33.52 MB used.

Virtual space:
  Non-class space:       32.00 MB reserved,      29.31 MB ( 92%) committed,  4 nodes.
      Class space:        1.00 GB reserved,       4.50 MB ( <1%) committed,  1 nodes.
             Both:        1.03 GB reserved,      33.81 MB (  3%) committed. 

Chunk freelists:
   Non-Class:  1.95 MB
       Class:  3.52 MB
        Both:  5.47 MB

MaxMetaspaceSize: unlimited
CompressedClassSpaceSize: 1.00 GB
Initial GC threshold: 21.00 MB
Current GC threshold: 56.38 MB
CDS: off
MetaspaceReclaimPolicy: balanced
 - commit_granule_bytes: 65536.
 - commit_granule_words: 8192.
 - virtual_space_node_default_size: 1048576.
 - enlarge_chunks_in_place: 1.
 - new_chunks_are_fully_committed: 0.
 - uncommit_free_chunks: 1.
 - use_allocation_guard: 0.
 - handle_deallocations: 1.


Internal statistics:

num_allocs_failed_limit: 5.
num_arena_births: 338.
num_arena_deaths: 62.
num_vsnodes_births: 5.
num_vsnodes_deaths: 0.
num_space_committed: 541.
num_space_uncommitted: 0.
num_chunks_returned_to_freelist: 68.
num_chunks_taken_from_freelist: 1342.
num_chunk_merges: 19.
num_chunk_splits: 892.
num_chunks_enlarged: 697.
num_purges: 2.
num_inconsistent_stats: 0.

CodeCache: size=49152Kb used=7130Kb max_used=7553Kb free=42021Kb
 bounds [0x0000017573960000, 0x00000175740f0000, 0x0000017576960000]
 total_blobs=4081 nmethods=3561 adapters=446
 compilation: enabled
              stopped_count=0, restarted_count=0
 full_count=0

Compilation events (20 events):
Event: 184.736 Thread 0x000001757acfaa50 3553       1       io.github.classgraph.ObjectTypedValueWrapper::instantiateOrGet (416 bytes)
Event: 184.737 Thread 0x000001757acfaa50 nmethod 3553 0x0000017573ea8090 code [0x0000017573ea8360, 0x0000017573ea8c68]
Event: 184.737 Thread 0x000001757acfaa50 3554       1       io.github.classgraph.Classfile::extendScanningUpwardsFromAnnotationParameterValues (166 bytes)
Event: 184.738 Thread 0x000001757acfaa50 nmethod 3554 0x0000017573ea7110 code [0x0000017573ea73a0, 0x0000017573ea7b48]
Event: 184.738 Thread 0x000001757acfaa50 3552       1       io.github.classgraph.AnnotationParameterValue::<init> (22 bytes)
Event: 184.738 Thread 0x000001757acfaa50 nmethod 3552 0x0000017573ea6c90 code [0x0000017573ea6e40, 0x0000017573ea7048]
Event: 184.738 Thread 0x000001757acfaa50 3555       1       io.github.classgraph.ObjectTypedValueWrapper::get (7 bytes)
Event: 184.738 Thread 0x000001757acfaa50 nmethod 3555 0x0000017573ea6990 code [0x0000017573ea6b20, 0x0000017573ea6c08]
Event: 186.621 Thread 0x000001757acfaa50 3556       1       io.github.classgraph.MethodInfoList::<init> (5 bytes)
Event: 186.621 Thread 0x000001757acfaa50 nmethod 3556 0x0000017573ea6610 code [0x0000017573ea67a0, 0x0000017573ea68d8]
Event: 187.640 Thread 0x000001757acfaa50 3557   !   1       sun.nio.fs.WindowsDirectoryStream::<init> (175 bytes)
Event: 187.642 Thread 0x000001757acfaa50 nmethod 3557 0x0000017573ea4e90 code [0x0000017573ea5160, 0x0000017573ea5ce8]
Event: 188.749 Thread 0x000001757acfaa50 3558       1       io.github.classgraph.AnnotationParameterValue::getValue (19 bytes)
Event: 188.749 Thread 0x000001757acfaa50 nmethod 3558 0x0000017573ea4b10 code [0x0000017573ea4ca0, 0x0000017573ea4dc8]
Event: 192.554 Thread 0x000001757acfaa50 3559       1       java.nio.file.Path::resolve (21 bytes)
Event: 192.554 Thread 0x000001757acfaa50 nmethod 3559 0x0000017573ea4610 code [0x0000017573ea47c0, 0x0000017573ea49a8]
Event: 192.554 Thread 0x000001757acfaa50 3560       1       sun.nio.fs.WindowsPath::resolve (6 bytes)
Event: 192.554 Thread 0x000001757acfaa50 nmethod 3560 0x0000017573ea4310 code [0x0000017573ea44a0, 0x0000017573ea4588]
Event: 192.554 Thread 0x000001757acfaa50 3561       1       sun.nio.fs.WindowsPath::resolve (393 bytes)
Event: 192.557 Thread 0x000001757acfaa50 nmethod 3561 0x0000017573ea1910 code [0x0000017573ea1dc0, 0x0000017573ea3608]

GC Heap History (20 events):
Event: 189.916 GC heap after
{Heap after GC invocations=57 (full 0):
 garbage-first heap   total 135168K, used 78727K [0x00000000c9400000, 0x0000000100000000)
  region size 1024K, 3 young (3072K), 3 survivors (3072K)
 Metaspace       used 34326K, committed 34624K, reserved 1081344K
  class space    used 4467K, committed 4608K, reserved 1048576K
}
Event: 189.921 GC heap before
{Heap before GC invocations=57 (full 0):
 garbage-first heap   total 135168K, used 80775K [0x00000000c9400000, 0x0000000100000000)
  region size 1024K, 6 young (6144K), 3 survivors (3072K)
 Metaspace       used 34326K, committed 34624K, reserved 1081344K
  class space    used 4467K, committed 4608K, reserved 1048576K
}
Event: 189.924 GC heap after
{Heap after GC invocations=58 (full 0):
 garbage-first heap   total 135168K, used 78809K [0x00000000c9400000, 0x0000000100000000)
  region size 1024K, 1 young (1024K), 1 survivors (1024K)
 Metaspace       used 34326K, committed 34624K, reserved 1081344K
  class space    used 4467K, committed 4608K, reserved 1048576K
}
Event: 191.298 GC heap before
{Heap before GC invocations=58 (full 0):
 garbage-first heap   total 135168K, used 113625K [0x00000000c9400000, 0x0000000100000000)
  region size 1024K, 36 young (36864K), 1 survivors (1024K)
 Metaspace       used 34326K, committed 34624K, reserved 1081344K
  class space    used 4467K, committed 4608K, reserved 1048576K
}
Event: 191.300 GC heap after
{Heap after GC invocations=59 (full 0):
 garbage-first heap   total 135168K, used 80148K [0x00000000c9400000, 0x0000000100000000)
  region size 1024K, 2 young (2048K), 2 survivors (2048K)
 Metaspace       used 34326K, committed 34624K, reserved 1081344K
  class space    used 4467K, committed 4608K, reserved 1048576K
}
Event: 193.008 GC heap before
{Heap before GC invocations=60 (full 0):
 garbage-first heap   total 153600K, used 112916K [0x00000000c9400000, 0x0000000100000000)
  region size 1024K, 35 young (35840K), 2 survivors (2048K)
 Metaspace       used 34326K, committed 34624K, reserved 1081344K
  class space    used 4467K, committed 4608K, reserved 1048576K
}
Event: 193.011 GC heap after
{Heap after GC invocations=61 (full 0):
 garbage-first heap   total 153600K, used 81995K [0x00000000c9400000, 0x0000000100000000)
  region size 1024K, 4 young (4096K), 4 survivors (4096K)
 Metaspace       used 34326K, committed 34624K, reserved 1081344K
  class space    used 4467K, committed 4608K, reserved 1048576K
}
Event: 193.016 GC heap before
{Heap before GC invocations=61 (full 0):
 garbage-first heap   total 153600K, used 84043K [0x00000000c9400000, 0x0000000100000000)
  region size 1024K, 7 young (7168K), 4 survivors (4096K)
 Metaspace       used 34326K, committed 34624K, reserved 1081344K
  class space    used 4467K, committed 4608K, reserved 1048576K
}
Event: 193.019 GC heap after
{Heap after GC invocations=62 (full 0):
 garbage-first heap   total 153600K, used 82165K [0x00000000c9400000, 0x0000000100000000)
  region size 1024K, 1 young (1024K), 1 survivors (1024K)
 Metaspace       used 34326K, committed 34624K, reserved 1081344K
  class space    used 4467K, committed 4608K, reserved 1048576K
}
Event: 195.168 GC heap before
{Heap before GC invocations=62 (full 0):
 garbage-first heap   total 153600K, used 129269K [0x00000000c9400000, 0x0000000100000000)
  region size 1024K, 49 young (50176K), 1 survivors (1024K)
 Metaspace       used 34326K, committed 34624K, reserved 1081344K
  class space    used 4467K, committed 4608K, reserved 1048576K
}
Event: 195.171 GC heap after
{Heap after GC invocations=63 (full 0):
 garbage-first heap   total 153600K, used 84330K [0x00000000c9400000, 0x0000000100000000)
  region size 1024K, 3 young (3072K), 3 survivors (3072K)
 Metaspace       used 34326K, committed 34624K, reserved 1081344K
  class space    used 4467K, committed 4608K, reserved 1048576K
}
Event: 195.793 GC heap before
{Heap before GC invocations=64 (full 0):
 garbage-first heap   total 153600K, used 129386K [0x00000000c9400000, 0x0000000100000000)
  region size 1024K, 48 young (49152K), 3 survivors (3072K)
 Metaspace       used 34326K, committed 34624K, reserved 1081344K
  class space    used 4467K, committed 4608K, reserved 1048576K
}
Event: 195.796 GC heap after
{Heap after GC invocations=65 (full 0):
 garbage-first heap   total 153600K, used 86499K [0x00000000c9400000, 0x0000000100000000)
  region size 1024K, 5 young (5120K), 5 survivors (5120K)
 Metaspace       used 34326K, committed 34624K, reserved 1081344K
  class space    used 4467K, committed 4608K, reserved 1048576K
}
Event: 195.814 GC heap before
{Heap before GC invocations=65 (full 0):
 garbage-first heap   total 153600K, used 87523K [0x00000000c9400000, 0x0000000100000000)
  region size 1024K, 7 young (7168K), 5 survivors (5120K)
 Metaspace       used 34326K, committed 34624K, reserved 1081344K
  class space    used 4467K, committed 4608K, reserved 1048576K
}
Event: 195.817 GC heap after
{Heap after GC invocations=66 (full 0):
 garbage-first heap   total 153600K, used 86912K [0x00000000c9400000, 0x0000000100000000)
  region size 1024K, 1 young (1024K), 1 survivors (1024K)
 Metaspace       used 34326K, committed 34624K, reserved 1081344K
  class space    used 4467K, committed 4608K, reserved 1048576K
}
Event: 196.256 GC heap before
{Heap before GC invocations=66 (full 0):
 garbage-first heap   total 153600K, used 129920K [0x00000000c9400000, 0x0000000100000000)
  region size 1024K, 44 young (45056K), 1 survivors (1024K)
 Metaspace       used 34326K, committed 34624K, reserved 1081344K
  class space    used 4467K, committed 4608K, reserved 1048576K
}
Event: 196.258 GC heap after
{Heap after GC invocations=67 (full 0):
 garbage-first heap   total 153600K, used 88764K [0x00000000c9400000, 0x0000000100000000)
  region size 1024K, 3 young (3072K), 3 survivors (3072K)
 Metaspace       used 34326K, committed 34624K, reserved 1081344K
  class space    used 4467K, committed 4608K, reserved 1048576K
}
Event: 196.453 GC heap before
{Heap before GC invocations=68 (full 0):
 garbage-first heap   total 184320K, used 129724K [0x00000000c9400000, 0x0000000100000000)
  region size 1024K, 44 young (45056K), 3 survivors (3072K)
 Metaspace       used 34326K, committed 34624K, reserved 1081344K
  class space    used 4467K, committed 4608K, reserved 1048576K
}
Event: 196.457 GC heap after
{Heap after GC invocations=69 (full 0):
 garbage-first heap   total 184320K, used 90709K [0x00000000c9400000, 0x0000000100000000)
  region size 1024K, 5 young (5120K), 5 survivors (5120K)
 Metaspace       used 34326K, committed 34624K, reserved 1081344K
  class space    used 4467K, committed 4608K, reserved 1048576K
}
Event: 196.464 GC heap before
{Heap before GC invocations=69 (full 0):
 garbage-first heap   total 184320K, used 93781K [0x00000000c9400000, 0x0000000100000000)
  region size 1024K, 9 young (9216K), 5 survivors (5120K)
 Metaspace       used 34326K, committed 34624K, reserved 1081344K
  class space    used 4467K, committed 4608K, reserved 1048576K
}

Deoptimization events (14 events):
Event: 51.374 Thread 0x0000017570cd6820 DEOPT PACKING pc=0x0000017573c9b0f5 sp=0x0000006f469fd650
Event: 51.374 Thread 0x0000017570cd6820 DEOPT UNPACKING pc=0x00000175739b2b43 sp=0x0000006f469fcac0 mode 3
Event: 79.807 Thread 0x0000017570cd6820 DEOPT PACKING pc=0x0000017573cf6b19 sp=0x0000006f469fce00
Event: 79.807 Thread 0x0000017570cd6820 DEOPT UNPACKING pc=0x00000175739b2b43 sp=0x0000006f469fc2e0 mode 3
Event: 104.013 Thread 0x0000017570cd6820 DEOPT PACKING pc=0x0000017573d89ff5 sp=0x0000006f469fded0
Event: 104.013 Thread 0x0000017570cd6820 DEOPT UNPACKING pc=0x00000175739b2b43 sp=0x0000006f469fd328 mode 3
Event: 158.760 Thread 0x000001757d3d79a0 DEOPT PACKING pc=0x0000017573f2f7ab sp=0x0000006f466fe940
Event: 158.760 Thread 0x000001757d3d79a0 DEOPT UNPACKING pc=0x00000175739b2b43 sp=0x0000006f466fde88 mode 3
Event: 160.407 Thread 0x000001757d460440 DEOPT PACKING pc=0x0000017573cf8181 sp=0x0000006f481feb00
Event: 160.407 Thread 0x000001757d460440 DEOPT UNPACKING pc=0x00000175739b2b43 sp=0x0000006f481fdf90 mode 3
Event: 163.521 Thread 0x000001757d7691b0 DEOPT PACKING pc=0x0000017573f20cb5 sp=0x0000006f48bfe8d0
Event: 163.522 Thread 0x000001757d7691b0 DEOPT UNPACKING pc=0x00000175739b2b43 sp=0x0000006f48bfddf8 mode 3
Event: 163.631 Thread 0x000001757d7691b0 DEOPT PACKING pc=0x0000017573dcf097 sp=0x0000006f48bfeff0
Event: 163.631 Thread 0x000001757d7691b0 DEOPT UNPACKING pc=0x00000175739b2b43 sp=0x0000006f48bfe448 mode 3

Classes unloaded (20 events):
Event: 160.218 Thread 0x000001757ac9e3c0 Unloading class 0x0000000100342000 'java/lang/invoke/LambdaForm$MH+0x0000000100342000'
Event: 160.218 Thread 0x000001757ac9e3c0 Unloading class 0x0000000100341c00 'java/lang/invoke/LambdaForm$MH+0x0000000100341c00'
Event: 160.218 Thread 0x000001757ac9e3c0 Unloading class 0x0000000100341800 'java/lang/invoke/LambdaForm$MH+0x0000000100341800'
Event: 160.218 Thread 0x000001757ac9e3c0 Unloading class 0x0000000100341400 'java/lang/invoke/LambdaForm$MH+0x0000000100341400'
Event: 160.218 Thread 0x000001757ac9e3c0 Unloading class 0x0000000100340c00 'java/lang/invoke/LambdaForm$DMH+0x0000000100340c00'
Event: 160.218 Thread 0x000001757ac9e3c0 Unloading class 0x0000000100340400 'java/lang/invoke/LambdaForm$DMH+0x0000000100340400'
Event: 160.218 Thread 0x000001757ac9e3c0 Unloading class 0x00000001001a3400 'java/lang/invoke/LambdaForm$MH+0x00000001001a3400'
Event: 160.218 Thread 0x000001757ac9e3c0 Unloading class 0x00000001001a3000 'java/lang/invoke/LambdaForm$MH+0x00000001001a3000'
Event: 160.218 Thread 0x000001757ac9e3c0 Unloading class 0x00000001001a2c00 'java/lang/invoke/LambdaForm$MH+0x00000001001a2c00'
Event: 160.218 Thread 0x000001757ac9e3c0 Unloading class 0x00000001001a2800 'java/lang/invoke/LambdaForm$MH+0x00000001001a2800'
Event: 160.218 Thread 0x000001757ac9e3c0 Unloading class 0x00000001001a2400 'java/lang/invoke/LambdaForm$MH+0x00000001001a2400'
Event: 160.218 Thread 0x000001757ac9e3c0 Unloading class 0x00000001001a1c00 'java/lang/invoke/LambdaForm$MH+0x00000001001a1c00'
Event: 160.218 Thread 0x000001757ac9e3c0 Unloading class 0x00000001000d6800 'java/lang/invoke/LambdaForm$MH+0x00000001000d6800'
Event: 160.218 Thread 0x000001757ac9e3c0 Unloading class 0x00000001000d6000 'java/lang/invoke/LambdaForm$MH+0x00000001000d6000'
Event: 160.218 Thread 0x000001757ac9e3c0 Unloading class 0x00000001000d5c00 'java/lang/invoke/LambdaForm$MH+0x00000001000d5c00'
Event: 160.218 Thread 0x000001757ac9e3c0 Unloading class 0x00000001000d5800 'java/lang/invoke/LambdaForm$MH+0x00000001000d5800'
Event: 160.218 Thread 0x000001757ac9e3c0 Unloading class 0x00000001000d5000 'java/lang/invoke/LambdaForm$MH+0x00000001000d5000'
Event: 160.218 Thread 0x000001757ac9e3c0 Unloading class 0x00000001000d4c00 'java/lang/invoke/LambdaForm$MH+0x00000001000d4c00'
Event: 160.218 Thread 0x000001757ac9e3c0 Unloading class 0x00000001000d4800 'java/lang/invoke/LambdaForm$MH+0x00000001000d4800'
Event: 160.218 Thread 0x000001757ac9e3c0 Unloading class 0x00000001000d4000 'java/lang/invoke/LambdaForm$MH+0x00000001000d4000'

Classes redefined (0 events):
No events

Internal exceptions (20 events):
Event: 191.305 Thread 0x000001757d75e810 Exception <a 'sun/nio/fs/WindowsException'{0x00000000d16920b8}> (0x00000000d16920b8) 
thrown [e:\jenkins\tmp\workspace\build\src\src\hotspot\share\prims\jni.cpp, line 516]
Event: 191.305 Thread 0x000001757d75e810 Exception <a 'sun/nio/fs/WindowsException'{0x00000000d16924f8}> (0x00000000d16924f8) 
thrown [e:\jenkins\tmp\workspace\build\src\src\hotspot\share\prims\jni.cpp, line 516]
Event: 191.307 Thread 0x000001757d76a9c0 Exception <a 'sun/nio/fs/WindowsException'{0x00000000d142e6d8}> (0x00000000d142e6d8) 
thrown [e:\jenkins\tmp\workspace\build\src\src\hotspot\share\prims\jni.cpp, line 516]
Event: 191.307 Thread 0x000001757d76a9c0 Exception <a 'sun/nio/fs/WindowsException'{0x00000000d142eb48}> (0x00000000d142eb48) 
thrown [e:\jenkins\tmp\workspace\build\src\src\hotspot\share\prims\jni.cpp, line 516]
Event: 192.535 Thread 0x000001757d762130 Exception <a 'sun/nio/fs/WindowsException'{0x00000000d1a14da0}> (0x00000000d1a14da0) 
thrown [e:\jenkins\tmp\workspace\build\src\src\hotspot\share\prims\jni.cpp, line 516]
Event: 192.535 Thread 0x000001757d762130 Exception <a 'sun/nio/fs/WindowsException'{0x00000000d1a151d0}> (0x00000000d1a151d0) 
thrown [e:\jenkins\tmp\workspace\build\src\src\hotspot\share\prims\jni.cpp, line 516]
Event: 192.554 Thread 0x000001757d75e340 Exception <a 'sun/nio/fs/WindowsException'{0x00000000d1afe6e8}> (0x00000000d1afe6e8) 
thrown [e:\jenkins\tmp\workspace\build\src\src\hotspot\share\prims\jni.cpp, line 516]
Event: 192.554 Thread 0x000001757d75e340 Exception <a 'sun/nio/fs/WindowsException'{0x00000000d1afeb20}> (0x00000000d1afeb20) 
thrown [e:\jenkins\tmp\workspace\build\src\src\hotspot\share\prims\jni.cpp, line 516]
Event: 193.012 Thread 0x000001757d460910 Exception <a 'sun/nio/fs/WindowsException'{0x00000000d2925308}> (0x00000000d2925308) 
thrown [e:\jenkins\tmp\workspace\build\src\src\hotspot\share\prims\jni.cpp, line 516]
Event: 193.012 Thread 0x000001757d75e810 Exception <a 'sun/nio/fs/WindowsException'{0x00000000d2927a50}> (0x00000000d2927a50) 
thrown [e:\jenkins\tmp\workspace\build\src\src\hotspot\share\prims\jni.cpp, line 516]
Event: 193.012 Thread 0x000001757d460910 Exception <a 'sun/nio/fs/WindowsException'{0x00000000d2925798}> (0x00000000d2925798) 
thrown [e:\jenkins\tmp\workspace\build\src\src\hotspot\share\prims\jni.cpp, line 516]
Event: 193.012 Thread 0x000001757d75e810 Exception <a 'sun/nio/fs/WindowsException'{0x00000000d2932000}> (0x00000000d2932000) 
thrown [e:\jenkins\tmp\workspace\build\src\src\hotspot\share\prims\jni.cpp, line 516]
Event: 193.012 Thread 0x000001757d762130 Exception <a 'sun/nio/fs/WindowsException'{0x00000000d2940cc8}> (0x00000000d2940cc8) 
thrown [e:\jenkins\tmp\workspace\build\src\src\hotspot\share\prims\jni.cpp, line 516]
Event: 193.012 Thread 0x000001757d762130 Exception <a 'sun/nio/fs/WindowsException'{0x00000000d2941118}> (0x00000000d2941118) 
thrown [e:\jenkins\tmp\workspace\build\src\src\hotspot\share\prims\jni.cpp, line 516]
Event: 195.290 Thread 0x000001757d460910 Exception <a 'sun/nio/fs/WindowsException'{0x00000000d29f4be0}> (0x00000000d29f4be0) 
thrown [e:\jenkins\tmp\workspace\build\src\src\hotspot\share\prims\jni.cpp, line 516]
Event: 195.290 Thread 0x000001757d460910 Exception <a 'sun/nio/fs/WindowsException'{0x00000000d29f5030}> (0x00000000d29f5030) 
thrown [e:\jenkins\tmp\workspace\build\src\src\hotspot\share\prims\jni.cpp, line 516]
Event: 196.407 Thread 0x000001757d762130 Exception <a 'sun/nio/fs/WindowsException'{0x00000000d4598f98}> (0x00000000d4598f98) 
thrown [e:\jenkins\tmp\workspace\build\src\src\hotspot\share\prims\jni.cpp, line 516]
Event: 196.408 Thread 0x000001757d762130 Exception <a 'sun/nio/fs/WindowsException'{0x00000000d45993d8}> (0x00000000d45993d8) 
thrown [e:\jenkins\tmp\workspace\build\src\src\hotspot\share\prims\jni.cpp, line 516]
Event: 196.450 Thread 0x000001757d75e340 Exception <a 'sun/nio/fs/WindowsException'{0x00000000d34aa0f0}> (0x00000000d34aa0f0) 
thrown [e:\jenkins\tmp\workspace\build\src\src\hotspot\share\prims\jni.cpp, line 516]
Event: 196.450 Thread 0x000001757d75e340 Exception <a 'sun/nio/fs/WindowsException'{0x00000000d34aa590}> (0x00000000d34aa590) 
thrown [e:\jenkins\tmp\workspace\build\src\src\hotspot\share\prims\jni.cpp, line 516]

VM Operations (20 events):
Event: 195.171 Executing VM operation: G1CollectForAllocation done
Event: 195.267 Executing VM operation: G1Concurrent
Event: 195.273 Executing VM operation: G1Concurrent done
Event: 195.326 Executing VM operation: G1Concurrent
Event: 195.327 Executing VM operation: G1Concurrent done
Event: 195.792 Executing VM operation: G1CollectForAllocation
Event: 195.796 Executing VM operation: G1CollectForAllocation done
Event: 195.813 Executing VM operation: G1CollectForAllocation
Event: 195.818 Executing VM operation: G1CollectForAllocation done
Event: 196.256 Executing VM operation: G1CollectForAllocation
Event: 196.258 Executing VM operation: G1CollectForAllocation done
Event: 196.387 Executing VM operation: G1Concurrent
Event: 196.392 Executing VM operation: G1Concurrent done
Event: 196.446 Executing VM operation: G1Concurrent
Event: 196.446 Executing VM operation: G1Concurrent done
Event: 196.452 Executing VM operation: G1CollectForAllocation
Event: 196.452 Executing VM operation: G1CollectForAllocation done
Event: 196.452 Executing VM operation: G1CollectForAllocation
Event: 196.458 Executing VM operation: G1CollectForAllocation done
Event: 196.464 Executing VM operation: G1CollectForAllocation

Events (20 events):
Event: 164.713 Thread 0x000001757d767000 Thread added: 0x000001757d767000
Event: 164.713 Thread 0x000001757d7674d0 Thread added: 0x000001757d7674d0
Event: 164.713 loading class java/util/concurrent/CompletableFuture$UniRelay
Event: 164.713 loading class java/util/concurrent/CompletableFuture$UniRelay done
Event: 165.069 loading class java/util/concurrent/CompletableFuture$Signaller done
Event: 165.230 loading class java/util/concurrent/CompletionException
Event: 165.230 loading class java/util/concurrent/CompletionException done
Event: 165.288 loading class java/io/PrintWriter
Event: 165.288 loading class java/io/PrintWriter done
Event: 165.290 loading class sun/nio/cs/StringUTF16
Event: 165.290 loading class sun/nio/cs/StringUTF16 done
Event: 165.291 loading class java/util/WeakHashMap$EntrySet
Event: 165.291 loading class java/util/WeakHashMap$EntrySet done
Event: 165.291 loading class java/util/WeakHashMap$EntryIterator
Event: 165.291 loading class java/util/WeakHashMap$HashIterator
Event: 165.292 loading class java/util/WeakHashMap$HashIterator done
Event: 165.292 loading class java/util/WeakHashMap$EntryIterator done
Event: 170.093 loading class sun/nio/fs/WindowsChannelFactory$2
Event: 170.093 loading class sun/nio/fs/WindowsChannelFactory$2 done
Event: 177.007 Thread 0x000001757b8f0730 Thread exited: 0x000001757b8f0730


Dynamic libraries:
0x00007ff754d40000 - 0x00007ff754d4e000 	c:\Users\Ronald\.vscode\extensions\redhat.java-1.7.0-win32-x64\jre\17.0.3-win32-x86_64\bin\java.exe
0x00007ff8b0910000 - 0x00007ff8b0b07000 	C:\Windows\SYSTEM32\ntdll.dll
0x00007ff8afad0000 - 0x00007ff8afb8d000 	C:\Windows\System32\KERNEL32.DLL
0x00007ff8ae380000 - 0x00007ff8ae64d000 	C:\Windows\System32\KERNELBASE.dll
0x00007ff8ae820000 - 0x00007ff8ae920000 	C:\Windows\System32\ucrtbase.dll
0x00007ff899d60000 - 0x00007ff899d79000 	c:\Users\Ronald\.vscode\extensions\redhat.java-1.7.0-win32-x64\jre\17.0.3-win32-x86_64\bin\VCRUNTIME140.dll
0x00007ff899d40000 - 0x00007ff899d58000 	c:\Users\Ronald\.vscode\extensions\redhat.java-1.7.0-win32-x64\jre\17.0.3-win32-x86_64\bin\jli.dll
0x00007ff8b06a0000 - 0x00007ff8b0840000 	C:\Windows\System32\USER32.dll
0x00007ff893f70000 - 0x00007ff89420a000 	C:\Windows\WinSxS\amd64_microsoft.windows.common-controls_6595b64144ccf1df_6.0.19041.1110_none_60b5254171f9507e\COMCTL32.dll
0x00007ff8af2e0000 - 0x00007ff8af37e000 	C:\Windows\System32\msvcrt.dll
0x00007ff8ae760000 - 0x00007ff8ae782000 	C:\Windows\System32\win32u.dll
0x00007ff8aeef0000 - 0x00007ff8aef1a000 	C:\Windows\System32\GDI32.dll
0x00007ff8ae650000 - 0x00007ff8ae75b000 	C:\Windows\System32\gdi32full.dll
0x00007ff8ae2e0000 - 0x00007ff8ae37d000 	C:\Windows\System32\msvcp_win.dll
0x00007ff8aefd0000 - 0x00007ff8af000000 	C:\Windows\System32\IMM32.DLL
0x00007ff8a9140000 - 0x00007ff8a914c000 	c:\Users\Ronald\.vscode\extensions\redhat.java-1.7.0-win32-x64\jre\17.0.3-win32-x86_64\bin\vcruntime140_1.dll
0x00007ff87b020000 - 0x00007ff87b0b1000 	c:\Users\Ronald\.vscode\extensions\redhat.java-1.7.0-win32-x64\jre\17.0.3-win32-x86_64\bin\msvcp140.dll
0x00007ff855a70000 - 0x00007ff8566b8000 	c:\Users\Ronald\.vscode\extensions\redhat.java-1.7.0-win32-x64\jre\17.0.3-win32-x86_64\bin\server\jvm.dll
0x00007ff8aeb60000 - 0x00007ff8aec0e000 	C:\Windows\System32\ADVAPI32.dll
0x00007ff8aef30000 - 0x00007ff8aefcc000 	C:\Windows\System32\sechost.dll
0x00007ff8af1b0000 - 0x00007ff8af2d5000 	C:\Windows\System32\RPCRT4.dll
0x00007ff8b0070000 - 0x00007ff8b0078000 	C:\Windows\System32\PSAPI.DLL
0x00007ff8a6eb0000 - 0x00007ff8a6eba000 	C:\Windows\SYSTEM32\VERSION.dll
0x00007ff89da40000 - 0x00007ff89da49000 	C:\Windows\SYSTEM32\WSOCK32.dll
0x00007ff8a4ff0000 - 0x00007ff8a5017000 	C:\Windows\SYSTEM32\WINMM.dll
0x00007ff8b0080000 - 0x00007ff8b00eb000 	C:\Windows\System32\WS2_32.dll
0x00007ff8abf30000 - 0x00007ff8abf42000 	C:\Windows\SYSTEM32\kernel.appcore.dll
0x00007ff89bb50000 - 0x00007ff89bb5a000 	c:\Users\Ronald\.vscode\extensions\redhat.java-1.7.0-win32-x64\jre\17.0.3-win32-x86_64\bin\jimage.dll
0x00007ff898350000 - 0x00007ff898534000 	C:\Windows\SYSTEM32\DBGHELP.DLL
0x00007ff898320000 - 0x00007ff89834c000 	C:\Windows\SYSTEM32\dbgcore.DLL
0x00007ff8ae790000 - 0x00007ff8ae812000 	C:\Windows\System32\bcryptPrimitives.dll
0x00007ff899d10000 - 0x00007ff899d35000 	c:\Users\Ronald\.vscode\extensions\redhat.java-1.7.0-win32-x64\jre\17.0.3-win32-x86_64\bin\java.dll
0x00007ff899cf0000 - 0x00007ff899d08000 	c:\Users\Ronald\.vscode\extensions\redhat.java-1.7.0-win32-x64\jre\17.0.3-win32-x86_64\bin\zip.dll
0x00007ff8af380000 - 0x00007ff8afac4000 	C:\Windows\System32\SHELL32.dll
0x00007ff8ac130000 - 0x00007ff8ac8c4000 	C:\Windows\SYSTEM32\windows.storage.dll
0x00007ff8b01d0000 - 0x00007ff8b0524000 	C:\Windows\System32\combase.dll
0x00007ff8ad9c0000 - 0x00007ff8ad9ec000 	C:\Windows\SYSTEM32\Wldp.dll
0x00007ff8aee40000 - 0x00007ff8aeeed000 	C:\Windows\System32\SHCORE.dll
0x00007ff8aed30000 - 0x00007ff8aed85000 	C:\Windows\System32\shlwapi.dll
0x00007ff8adf70000 - 0x00007ff8adf8f000 	C:\Windows\SYSTEM32\profapi.dll
0x00007ff898c50000 - 0x00007ff898c69000 	C:\Users\Ronald\.vscode\extensions\redhat.java-1.7.0-win32-x64\jre\17.0.3-win32-x86_64\bin\net.dll
0x00007ff898aa0000 - 0x00007ff898baa000 	C:\Windows\SYSTEM32\WINHTTP.dll
0x00007ff8ad720000 - 0x00007ff8ad78a000 	C:\Windows\system32\mswsock.dll
0x00007ff898c30000 - 0x00007ff898c45000 	C:\Users\Ronald\.vscode\extensions\redhat.java-1.7.0-win32-x64\jre\17.0.3-win32-x86_64\bin\nio.dll
0x00007ff8a8830000 - 0x00007ff8a8840000 	c:\Users\Ronald\.vscode\extensions\redhat.java-1.7.0-win32-x64\jre\17.0.3-win32-x86_64\bin\verify.dll
0x00007ff8ab890000 - 0x00007ff8ab899000 	C:\Users\Ronald\.vscode\extensions\redhat.java-1.7.0-win32-x64\jre\17.0.3-win32-x86_64\bin\management.dll
0x00007ff8a8ae0000 - 0x00007ff8a8aeb000 	C:\Users\Ronald\.vscode\extensions\redhat.java-1.7.0-win32-x64\jre\17.0.3-win32-x86_64\bin\management_ext.dll
0x00007ff899e20000 - 0x00007ff899e37000 	C:\Windows\system32\napinsp.dll
0x00007ff899e00000 - 0x00007ff899e1b000 	C:\Windows\system32\pnrpnsp.dll
0x00007ff8a9370000 - 0x00007ff8a9385000 	C:\Windows\system32\wshbth.dll
0x00007ff8a7ca0000 - 0x00007ff8a7cbd000 	C:\Windows\system32\NLAapi.dll
0x00007ff8ad410000 - 0x00007ff8ad44b000 	C:\Windows\SYSTEM32\IPHLPAPI.DLL
0x00007ff8ad450000 - 0x00007ff8ad51b000 	C:\Windows\SYSTEM32\DNSAPI.dll
0x00007ff8afb90000 - 0x00007ff8afb98000 	C:\Windows\System32\NSI.dll
0x00007ff899d80000 - 0x00007ff899d92000 	C:\Windows\System32\winrnr.dll
0x00007ff897720000 - 0x00007ff89772a000 	C:\Windows\System32\rasadhlp.dll
0x00007ff897d10000 - 0x00007ff897d90000 	C:\Windows\System32\fwpuclnt.dll
0x00007ff8ae200000 - 0x00007ff8ae227000 	C:\Windows\System32\bcrypt.dll
0x00007ff8ad910000 - 0x00007ff8ad928000 	C:\Windows\SYSTEM32\CRYPTSP.dll
0x00007ff8ad0a0000 - 0x00007ff8ad0d4000 	C:\Windows\system32\rsaenh.dll
0x00007ff8adf30000 - 0x00007ff8adf5e000 	C:\Windows\SYSTEM32\USERENV.dll
0x00007ff8ad930000 - 0x00007ff8ad93c000 	C:\Windows\SYSTEM32\CRYPTBASE.dll
0x00007ff89f180000 - 0x00007ff89f197000 	C:\Windows\SYSTEM32\dhcpcsvc6.DLL
0x00007ff8a06d0000 - 0x00007ff8a06ed000 	C:\Windows\SYSTEM32\dhcpcsvc.DLL

dbghelp: loaded successfully - version: 4.0.5 - missing functions: none
symbol engine: initialized successfully - sym options: 0x614 - pdb path: .;c:\Users\Ronald\.vscode\extensions\redhat.java-1.7.0-win32-x64\jre\17.0.3-win32-x86_64\bin;C:\Windows\SYSTEM32;C:\Windows\WinSxS\amd64_microsoft.windows.common-controls_6595b64144ccf1df_6.0.19041.1110_none_60b5254171f9507e;c:\Users\Ronald\.vscode\extensions\redhat.java-1.7.0-win32-x64\jre\17.0.3-win32-x86_64\bin\server

VM Arguments:
jvm_args: --add-modules=ALL-SYSTEM --add-exports=jdk.compiler/com.sun.tools.javac.file=ALL-UNNAMED --add-exports=jdk.compiler/com.sun.tools.javac.util=ALL-UNNAMED --add-exports=jdk.compiler/com.sun.tools.javac.comp=ALL-UNNAMED --add-exports=jdk.compiler/com.sun.tools.javac.main=ALL-UNNAMED --add-exports=jdk.compiler/com.sun.tools.javac.tree=ALL-UNNAMED --add-exports=jdk.compiler/com.sun.tools.javac.code=ALL-UNNAMED -Dsts.lsp.client=vscode -Dsts.log.file=/dev/null -XX:TieredStopAtLevel=1 -Dspring.config.location=file:c:\Users\Ronald\.vscode\extensions\pivotal.vscode-spring-boot-1.36.0\language-server\BOOT-INF\classes\application.properties 
java_command: org.springframework.ide.vscode.boot.app.BootLanguageServerBootApp
java_class_path (initial): c:\Users\Ronald\.vscode\extensions\pivotal.vscode-spring-boot-1.36.0\language-server\BOOT-INF\classes;c:\Users\Ronald\.vscode\extensions\pivotal.vscode-spring-boot-1.36.0\language-server\BOOT-INF\lib\annotations-23.0.0.jar;c:\Users\Ronald\.vscode\extensions\pivotal.vscode-spring-boot-1.36.0\language-server\BOOT-INF\lib\antlr-runtime-3.5.2.jar;c:\Users\Ronald\.vscode\extensions\pivotal.vscode-spring-boot-1.36.0\language-server\BOOT-INF\lib\antlr4-4.9.3.jar;c:\Users\Ronald\.vscode\extensions\pivotal.vscode-spring-boot-1.36.0\language-server\BOOT-INF\lib\antlr4-runtime-4.9.3.jar;c:\Users\Ronald\.vscode\extensions\pivotal.vscode-spring-boot-1.36.0\language-server\BOOT-INF\lib\asm-9.3.jar;c:\Users\Ronald\.vscode\extensions\pivotal.vscode-spring-boot-1.36.0\language-server\BOOT-INF\lib\asm-analysis-9.3.jar;c:\Users\Ronald\.vscode\extensions\pivotal.vscode-spring-boot-1.36.0\language-server\BOOT-INF\lib\asm-tree-9.3.jar;c:\Users\Ronald\.vscode\extensions\pivotal.vscode-spring-boot-1.36.0\language-server\BOOT-INF\lib\asm-util-9.3.jar;c:\Users\Ronald\.vscode\extensions\pivotal.vscode-spring-boot-1.36.0\language-server\BOOT-INF\lib\byte-buddy-1.10.18.jar;c:\Users\Ronald\.vscode\extensions\pivotal.vscode-spring-boot-1.36.0\language-server\BOOT-INF\lib\caffeine-2.8.6.jar;c:\Users\Ronald\.vscode\extensions\pivotal.vscode-spring-boot-1.36.0\language-server\BOOT-INF\lib\checker-qual-3.12.0.jar;c:\Users\Ronald\.vscode\extensions\pivotal.vscode-spring-boot-1.36.0\language-server\BOOT-INF\lib\classgraph-4.8.146.jar;c:\Users\Ronald\.vscode\extensions\pivotal.vscode-spring-boot-1.36.0\language-server\BOOT-INF\lib\commons-codec-1.14.jar;c:\Users\Ronald\.vscode\extensions\pivotal.vscode-spring-boot-1.36.0\language-server\BOOT-INF\lib\commons-compress-1.21.jar;c:\Users\Ronald\.vscode\extensions\pivotal.vscode-spring-boot-1.36.0\language-server\BOOT-INF\lib\commons-exec-1.3.jar;c:\Users\Ronald\.vscode\extensions\pivotal.vscode-spring-boot-1.36.0\language-server
Launcher Type: SUN_STANDARD

[Global flags]
     intx CICompilerCount                          = 3                                         {product} {ergonomic}
     uint ConcGCThreads                            = 1                                         {product} {ergonomic}
     uint G1ConcRefinementThreads                  = 4                                         {product} {ergonomic}
   size_t G1HeapRegionSize                         = 1048576                                   {product} {ergonomic}
    uintx GCDrainStackTargetSize                   = 64                                        {product} {ergonomic}
   size_t InitialHeapSize                          = 58720256                                  {product} {ergonomic}
   size_t MarkStackSize                            = 4194304                                   {product} {ergonomic}
   size_t MaxHeapSize                              = 918552576                                 {product} {ergonomic}
   size_t MaxNewSize                               = 550502400                                 {product} {ergonomic}
   size_t MinHeapDeltaBytes                        = 1048576                                   {product} {ergonomic}
   size_t MinHeapSize                              = 8388608                                   {product} {ergonomic}
    uintx NonProfiledCodeHeapSize                  = 0                                      {pd product} {ergonomic}
     bool ProfileInterpreter                       = false                                  {pd product} {command line}
    uintx ProfiledCodeHeapSize                     = 0                                      {pd product} {ergonomic}
   size_t SoftMaxHeapSize                          = 918552576                              {manageable} {ergonomic}
     intx TieredStopAtLevel                        = 1                                         {product} {command line}
     bool UseCompressedClassPointers               = true                           {product lp64_product} {ergonomic}
     bool UseCompressedOops                        = true                           {product lp64_product} {ergonomic}
     bool UseG1GC                                  = true                                      {product} {ergonomic}
     bool UseLargePagesIndividualAllocation        = false                                  {pd product} {ergonomic}

Logging:
Log output configuration:
 #0: stdout all=warning uptime,level,tags
 #1: stderr all=off uptime,level,tags

Environment Variables:
JAVA_HOME=C:\Users\Ronald\AppData\Local\Programs\Eclipse Adoptium\jdk-17.0.3.7-hotspot\
PATH=C:\ProgramData\Oracle\Java\javapath;C:\Windows\system32;C:\Windows;C:\Windows\System32\Wbem;C:\Windows\System32\WindowsPowerShell\v1.0\;C:\Windows\System32\OpenSSH\;C:\Users\Ronald\AppData\Local\Programs\Eclipse Adoptium\jdk-17.0.3.7-hotspot\bin;C:\Users\Ronald\AppData\Local\Microsoft\WindowsApps;C:\Users\Ronald\AppData\Local\Programs\Microsoft VS Code\bin
USERNAME=Ronald
OS=Windows_NT
PROCESSOR_IDENTIFIER=AMD64 Family 23 Model 24 Stepping 1, AuthenticAMD



---------------  S Y S T E M  ---------------

OS:
 Windows 10 , 64 bit Build 19041 (10.0.19041.1741)
OS uptime: 1 days 2:03 hours

CPU: total 4 (initial active 4) (4 cores per cpu, 2 threads per core) family 23 model 24 stepping 1 microcode 0x0, cx8, cmov, fxsr, ht, mmx, 3dnowpref, sse, sse2, sse3, ssse3, sse4a, sse4.1, sse4.2, popcnt, lzcnt, tsc, tscinvbit, avx, avx2, aes, clmul, bmi1, bmi2, adx, sha, fma, vzeroupper, clflush, clflushopt

Memory: 4k page, system-wide physical 3498M (242M free)
TotalPageFile size 14188M (AvailPageFile size 232M)
current process WorkingSet (physical memory assigned to process): 263M, peak: 263M
current process commit charge ("private bytes"): 303M, peak: 582M

vm_info: OpenJDK 64-Bit Server VM (17.0.3+7) for windows-amd64 JRE (17.0.3+7), built on Apr 19 2022 16:55:35 by "" with MS VC++ 16.7 (VS2019)

END.
