#
# There is insufficient memory for the Java Runtime Environment to continue.
# Native memory allocation (mmap) failed to map 65536 bytes for Failed to commit metaspace.
# Possible reasons:
#   The system is out of physical RAM or swap space
#   The process is running with CompressedOops enabled, and the Java Heap may be blocking the growth of the native heap
# Possible solutions:
#   Reduce memory load on the system
#   Increase physical memory or swap space
#   Check if swap backing store is full
#   Decrease Java heap size (-Xmx/-Xms)
#   Decrease number of Java threads
#   Decrease Java thread stack sizes (-Xss)
#   Set larger code cache with -XX:ReservedCodeCacheSize=
#   JVM is running with Unscaled Compressed Oops mode in which the Java heap is
#     placed in the first 4GB address space. The Java Heap base address is the
#     maximum limit for the native heap growth. Please use -XX:HeapBaseMinAddress
#     to set the Java Heap base and to place the Java Heap above 4GB virtual address.
# This output file may be truncated or incomplete.
#
#  Out of Memory Error (virtualSpaceNode.cpp:110), pid=3960, tid=5792
#
# JRE version: OpenJDK Runtime Environment Temurin-17.0.3+7 (17.0.3+7) (build 17.0.3+7)
# Java VM: OpenJDK 64-Bit Server VM Temurin-17.0.3+7 (17.0.3+7, mixed mode, emulated-client, tiered, compressed oops, compressed class ptrs, g1 gc, windows-amd64)
# No core dump will be written. Minidumps are not enabled by default on client versions of Windows
#

---------------  S U M M A R Y ------------

Command Line: --add-modules=ALL-SYSTEM --add-exports=jdk.compiler/com.sun.tools.javac.file=ALL-UNNAMED --add-exports=jdk.compiler/com.sun.tools.javac.util=ALL-UNNAMED --add-exports=jdk.compiler/com.sun.tools.javac.comp=ALL-UNNAMED --add-exports=jdk.compiler/com.sun.tools.javac.main=ALL-UNNAMED --add-exports=jdk.compiler/com.sun.tools.javac.tree=ALL-UNNAMED --add-exports=jdk.compiler/com.sun.tools.javac.code=ALL-UNNAMED -Dsts.lsp.client=vscode -Dsts.log.file=/dev/null -XX:TieredStopAtLevel=1 -Dspring.config.location=file:c:\Users\Ronald\.vscode\extensions\pivotal.vscode-spring-boot-1.36.0\language-server\BOOT-INF\classes\application.properties org.springframework.ide.vscode.boot.app.BootLanguageServerBootApp

Host: AMD Ryzen 3 3200U with Radeon Vega Mobile Gfx  , 4 cores, 3G,  Windows 10 , 64 bit Build 19041 (10.0.19041.1741)
Time: Wed Jun 22 18:21:44 2022 Hora est. Pacífico, Sudamérica elapsed time: 1.287130 seconds (0d 0h 0m 1s)

---------------  T H R E A D  ---------------

Current thread (0x000001ff295e79e0):  JavaThread "main" [_thread_in_vm, id=5792, stack(0x000000bb46100000,0x000000bb46200000)]

Stack: [0x000000bb46100000,0x000000bb46200000]
Native frames: (J=compiled Java code, j=interpreted, Vv=VM code, C=native code)
V  [jvm.dll+0x675efa]
V  [jvm.dll+0x830a24]
V  [jvm.dll+0x8321ce]
V  [jvm.dll+0x832833]
V  [jvm.dll+0x2454b5]
V  [jvm.dll+0x82c9cb]
V  [jvm.dll+0x61ab26]
V  [jvm.dll+0x61ab8a]
V  [jvm.dll+0x61d3aa]
V  [jvm.dll+0x61b4c6]
V  [jvm.dll+0x242f0c]
V  [jvm.dll+0x6cc39d]
V  [jvm.dll+0x6ccdcf]
V  [jvm.dll+0x36fdf3]
V  [jvm.dll+0x36efd2]
V  [jvm.dll+0x36ef78]
V  [jvm.dll+0x37ed9a]
C  0x000001ff2da79a84

Java frames: (J=compiled Java code, j=interpreted, Vv=VM code)
j  java.util.logging.ConsoleHandler.<init>()V+4 java.logging@17.0.3
v  ~StubRoutines::call_stub
j  jdk.internal.reflect.NativeConstructorAccessorImpl.newInstance0(Ljava/lang/reflect/Constructor;[Ljava/lang/Object;)Ljava/lang/Object;+0 java.base@17.0.3
j  jdk.internal.reflect.NativeConstructorAccessorImpl.newInstance([Ljava/lang/Object;)Ljava/lang/Object;+118 java.base@17.0.3
j  jdk.internal.reflect.DelegatingConstructorAccessorImpl.newInstance([Ljava/lang/Object;)Ljava/lang/Object;+5 java.base@17.0.3
j  java.lang.reflect.Constructor.newInstanceWithCaller([Ljava/lang/Object;ZLjava/lang/Class;)Ljava/lang/Object;+66 java.base@17.0.3
j  java.lang.reflect.ReflectAccess.newInstance(Ljava/lang/reflect/Constructor;[Ljava/lang/Object;Ljava/lang/Class;)Ljava/lang/Object;+4 java.base@17.0.3
j  jdk.internal.reflect.ReflectionFactory.newInstance(Ljava/lang/reflect/Constructor;[Ljava/lang/Object;Ljava/lang/Class;)Ljava/lang/Object;+7 java.base@17.0.3
j  java.lang.Class.newInstance()Ljava/lang/Object;+118 java.base@17.0.3
j  java.util.logging.LogManager.createLoggerHandlers(Ljava/lang/String;Ljava/lang/String;)Ljava/util/List;+50 java.logging@17.0.3
j  java.util.logging.LogManager$4.run()Ljava/lang/Void;+28 java.logging@17.0.3
j  java.util.logging.LogManager$4.run()Ljava/lang/Object;+1 java.logging@17.0.3
j  java.security.AccessController.executePrivileged(Ljava/security/PrivilegedAction;Ljava/security/AccessControlContext;Ljava/lang/Class;)Ljava/lang/Object;+29 java.base@17.0.3
j  java.security.AccessController.doPrivileged(Ljava/security/PrivilegedAction;)Ljava/lang/Object;+5 java.base@17.0.3
j  java.util.logging.LogManager.loadLoggerHandlers(Ljava/util/logging/Logger;Ljava/lang/String;Ljava/lang/String;)V+11 java.logging@17.0.3
j  java.util.logging.LogManager.initializeGlobalHandlers()V+52 java.logging@17.0.3
j  java.util.logging.LogManager$RootLogger.accessCheckedHandlers()[Ljava/util/logging/Handler;+4 java.logging@17.0.3
j  java.util.logging.Logger.getHandlers()[Ljava/util/logging/Handler;+1 java.logging@17.0.3
j  org.springframework.boot.logging.Slf4JLoggingSystem.isJulUsingASingleConsoleHandlerAtMost()Z+10
j  org.springframework.boot.logging.Slf4JLoggingSystem.isBridgeJulIntoSlf4j()Z+8
j  org.springframework.boot.logging.Slf4JLoggingSystem.configureJdkLoggingBridgeHandler()V+1
j  org.springframework.boot.logging.Slf4JLoggingSystem.beforeInitialize()V+5
j  org.springframework.boot.logging.logback.LogbackLoggingSystem.beforeInitialize()V+15
j  org.springframework.boot.context.logging.LoggingApplicationListener.onApplicationStartingEvent(Lorg/springframework/boot/context/event/ApplicationStartingEvent;)V+18
j  org.springframework.boot.context.logging.LoggingApplicationListener.onApplicationEvent(Lorg/springframework/context/ApplicationEvent;)V+12
j  org.springframework.context.event.SimpleApplicationEventMulticaster.doInvokeListener(Lorg/springframework/context/ApplicationListener;Lorg/springframework/context/ApplicationEvent;)V+2
j  org.springframework.context.event.SimpleApplicationEventMulticaster.invokeListener(Lorg/springframework/context/ApplicationListener;Lorg/springframework/context/ApplicationEvent;)V+34
j  org.springframework.context.event.SimpleApplicationEventMulticaster.multicastEvent(Lorg/springframework/context/ApplicationEvent;Lorg/springframework/core/ResolvableType;)V+83
j  org.springframework.context.event.SimpleApplicationEventMulticaster.multicastEvent(Lorg/springframework/context/ApplicationEvent;)V+7
j  org.springframework.boot.context.event.EventPublishingRunListener.starting()V+19
j  org.springframework.boot.SpringApplicationRunListeners.starting()V+30
j  org.springframework.boot.SpringApplication.run([Ljava/lang/String;)Lorg/springframework/context/ConfigurableApplicationContext;+36
j  org.springframework.boot.SpringApplication.run([Ljava/lang/Class;[Ljava/lang/String;)Lorg/springframework/context/ConfigurableApplicationContext;+9
j  org.springframework.boot.SpringApplication.run(Ljava/lang/Class;[Ljava/lang/String;)Lorg/springframework/context/ConfigurableApplicationContext;+9
j  org.springframework.ide.vscode.boot.app.BootLanguageServerBootApp.main([Ljava/lang/String;)V+19
v  ~StubRoutines::call_stub

---------------  P R O C E S S  ---------------

Threads class SMR info:
_java_thread_list=0x000001ff36b2a750, length=13, elements={
0x000001ff295e79e0, 0x000001ff355723a0, 0x000001ff355733a0, 0x000001ff355c6550,
0x000001ff35588750, 0x000001ff3558a020, 0x000001ff3558a8e0, 0x000001ff3558b250,
0x000001ff3559f410, 0x000001ff360416e0, 0x000001ff3550c0d0, 0x000001ff36219280,
0x000001ff36ad4f10
}

Java Threads: ( => current thread )
=>0x000001ff295e79e0 JavaThread "main" [_thread_in_vm, id=5792, stack(0x000000bb46100000,0x000000bb46200000)]
  0x000001ff355723a0 JavaThread "Reference Handler" daemon [_thread_blocked, id=5220, stack(0x000000bb46800000,0x000000bb46900000)]
  0x000001ff355733a0 JavaThread "Finalizer" daemon [_thread_blocked, id=7440, stack(0x000000bb46900000,0x000000bb46a00000)]
  0x000001ff355c6550 JavaThread "Signal Dispatcher" daemon [_thread_blocked, id=11252, stack(0x000000bb46a00000,0x000000bb46b00000)]
  0x000001ff35588750 JavaThread "Attach Listener" daemon [_thread_blocked, id=10636, stack(0x000000bb46b00000,0x000000bb46c00000)]
  0x000001ff3558a020 JavaThread "Service Thread" daemon [_thread_blocked, id=11456, stack(0x000000bb46c00000,0x000000bb46d00000)]
  0x000001ff3558a8e0 JavaThread "Monitor Deflation Thread" daemon [_thread_blocked, id=11760, stack(0x000000bb46d00000,0x000000bb46e00000)]
  0x000001ff3558b250 JavaThread "C1 CompilerThread0" daemon [_thread_blocked, id=15032, stack(0x000000bb46e00000,0x000000bb46f00000)]
  0x000001ff3559f410 JavaThread "Sweeper thread" daemon [_thread_blocked, id=1532, stack(0x000000bb46f00000,0x000000bb47000000)]
  0x000001ff360416e0 JavaThread "Common-Cleaner" daemon [_thread_blocked, id=11912, stack(0x000000bb47000000,0x000000bb47100000)]
  0x000001ff3550c0d0 JavaThread "C1 CompilerThread1" daemon [_thread_blocked, id=6540, stack(0x000000bb47100000,0x000000bb47200000)]
  0x000001ff36219280 JavaThread "Notification Thread" daemon [_thread_blocked, id=9540, stack(0x000000bb47200000,0x000000bb47300000)]
  0x000001ff36ad4f10 JavaThread "C1 CompilerThread2" daemon [_thread_blocked, id=14628, stack(0x000000bb47700000,0x000000bb47800000)]

Other Threads:
  0x000001ff35545ea0 VMThread "VM Thread" [stack: 0x000000bb46700000,0x000000bb46800000] [id=11508]
  0x000001ff2962f930 WatcherThread [stack: 0x000000bb47300000,0x000000bb47400000] [id=12804]
  0x000001ff2961fc00 GCTaskThread "GC Thread#0" [stack: 0x000000bb46200000,0x000000bb46300000] [id=13428]
  0x000001ff36a671a0 GCTaskThread "GC Thread#1" [stack: 0x000000bb47400000,0x000000bb47500000] [id=14248]
  0x000001ff36a7a1c0 GCTaskThread "GC Thread#2" [stack: 0x000000bb47500000,0x000000bb47600000] [id=4604]
  0x000001ff36a7e480 GCTaskThread "GC Thread#3" [stack: 0x000000bb47600000,0x000000bb47700000] [id=11668]
  0x000001ff296277d0 ConcurrentGCThread "G1 Main Marker" [stack: 0x000000bb46300000,0x000000bb46400000] [id=6448]
  0x000001ff29628890 ConcurrentGCThread "G1 Conc#0" [stack: 0x000000bb46400000,0x000000bb46500000] [id=3660]
  0x000001ff2969c4a0 ConcurrentGCThread "G1 Refine#0" [stack: 0x000000bb46500000,0x000000bb46600000] [id=13952]
  0x000001ff2969cdd0 ConcurrentGCThread "G1 Service" [stack: 0x000000bb46600000,0x000000bb46700000] [id=15440]

Threads with active compile tasks:

VM state: not at safepoint (normal execution)

VM Mutex/Monitor currently owned by a thread:  ([mutex/lock_event])
[0x000001ff2946aa60] Metaspace_lock - owner thread: 0x000001ff295e79e0

Heap address: 0x00000000c9400000, size: 876 MB, Compressed Oops mode: 32-bit

CDS archive(s) not mapped
Compressed class space mapped at: 0x0000000100000000-0x0000000140000000, reserved size: 1073741824
Narrow klass base: 0x0000000000000000, Narrow klass shift: 3, Narrow klass range: 0x140000000

GC Precious Log:
 CPUs: 4 total, 4 available
 Memory: 3498M
 Large Page Support: Disabled
 NUMA Support: Disabled
 Compressed Oops: Enabled (32-bit)
 Heap Region Size: 1M
 Heap Min Capacity: 8M
 Heap Initial Capacity: 56M
 Heap Max Capacity: 876M
 Pre-touch: Disabled
 Parallel Workers: 4
 Concurrent Workers: 1
 Concurrent Refinement Workers: 4
 Periodic GC: Disabled

Heap:
 garbage-first heap   total 57344K, used 12135K [0x00000000c9400000, 0x0000000100000000)
  region size 1024K, 7 young (7168K), 2 survivors (2048K)
 Metaspace       used 11592K, committed 11776K, reserved 1064960K
  class space    used 1365K, committed 1472K, reserved 1048576K

Heap Regions: E=young(eden), S=young(survivor), O=old, HS=humongous(starts), HC=humongous(continues), CS=collection set, F=free, OA=open archive, CA=closed archive, TAMS=top-at-mark-start (previous, next)
|   0|0x00000000c9400000, 0x00000000c9500000, 0x00000000c9500000|100%| O|  |TAMS 0x00000000c9400000, 0x00000000c9400000| Untracked 
|   1|0x00000000c9500000, 0x00000000c9600000, 0x00000000c9600000|100%| O|  |TAMS 0x00000000c9500000, 0x00000000c9500000| Untracked 
|   2|0x00000000c9600000, 0x00000000c9700000, 0x00000000c9700000|100%| O|  |TAMS 0x00000000c9600000, 0x00000000c9600000| Untracked 
|   3|0x00000000c9700000, 0x00000000c9800000, 0x00000000c9800000|100%| O|  |TAMS 0x00000000c9700000, 0x00000000c9700000| Untracked 
|   4|0x00000000c9800000, 0x00000000c9900000, 0x00000000c9900000|100%| O|  |TAMS 0x00000000c9800000, 0x00000000c9800000| Untracked 
|   5|0x00000000c9900000, 0x00000000c9a00000, 0x00000000c9a00000|100%| O|  |TAMS 0x00000000c9900000, 0x00000000c9900000| Untracked 
|   6|0x00000000c9a00000, 0x00000000c9a63600, 0x00000000c9b00000| 38%| O|  |TAMS 0x00000000c9a00000, 0x00000000c9a00000| Untracked 
|   7|0x00000000c9b00000, 0x00000000c9b00000, 0x00000000c9c00000|  0%| F|  |TAMS 0x00000000c9b00000, 0x00000000c9b00000| Untracked 
|   8|0x00000000c9c00000, 0x00000000c9c00000, 0x00000000c9d00000|  0%| F|  |TAMS 0x00000000c9c00000, 0x00000000c9c00000| Untracked 
|   9|0x00000000c9d00000, 0x00000000c9d00000, 0x00000000c9e00000|  0%| F|  |TAMS 0x00000000c9d00000, 0x00000000c9d00000| Untracked 
|  10|0x00000000c9e00000, 0x00000000c9e00000, 0x00000000c9f00000|  0%| F|  |TAMS 0x00000000c9e00000, 0x00000000c9e00000| Untracked 
|  11|0x00000000c9f00000, 0x00000000c9f00000, 0x00000000ca000000|  0%| F|  |TAMS 0x00000000c9f00000, 0x00000000c9f00000| Untracked 
|  12|0x00000000ca000000, 0x00000000ca000000, 0x00000000ca100000|  0%| F|  |TAMS 0x00000000ca000000, 0x00000000ca000000| Untracked 
|  13|0x00000000ca100000, 0x00000000ca100000, 0x00000000ca200000|  0%| F|  |TAMS 0x00000000ca100000, 0x00000000ca100000| Untracked 
|  14|0x00000000ca200000, 0x00000000ca200000, 0x00000000ca300000|  0%| F|  |TAMS 0x00000000ca200000, 0x00000000ca200000| Untracked 
|  15|0x00000000ca300000, 0x00000000ca300000, 0x00000000ca400000|  0%| F|  |TAMS 0x00000000ca300000, 0x00000000ca300000| Untracked 
|  16|0x00000000ca400000, 0x00000000ca400000, 0x00000000ca500000|  0%| F|  |TAMS 0x00000000ca400000, 0x00000000ca400000| Untracked 
|  17|0x00000000ca500000, 0x00000000ca500000, 0x00000000ca600000|  0%| F|  |TAMS 0x00000000ca500000, 0x00000000ca500000| Untracked 
|  18|0x00000000ca600000, 0x00000000ca600000, 0x00000000ca700000|  0%| F|  |TAMS 0x00000000ca600000, 0x00000000ca600000| Untracked 
|  19|0x00000000ca700000, 0x00000000ca700000, 0x00000000ca800000|  0%| F|  |TAMS 0x00000000ca700000, 0x00000000ca700000| Untracked 
|  20|0x00000000ca800000, 0x00000000ca800000, 0x00000000ca900000|  0%| F|  |TAMS 0x00000000ca800000, 0x00000000ca800000| Untracked 
|  21|0x00000000ca900000, 0x00000000ca900000, 0x00000000caa00000|  0%| F|  |TAMS 0x00000000ca900000, 0x00000000ca900000| Untracked 
|  22|0x00000000caa00000, 0x00000000caa00000, 0x00000000cab00000|  0%| F|  |TAMS 0x00000000caa00000, 0x00000000caa00000| Untracked 
|  23|0x00000000cab00000, 0x00000000cab00000, 0x00000000cac00000|  0%| F|  |TAMS 0x00000000cab00000, 0x00000000cab00000| Untracked 
|  24|0x00000000cac00000, 0x00000000cac00000, 0x00000000cad00000|  0%| F|  |TAMS 0x00000000cac00000, 0x00000000cac00000| Untracked 
|  25|0x00000000cad00000, 0x00000000cad00000, 0x00000000cae00000|  0%| F|  |TAMS 0x00000000cad00000, 0x00000000cad00000| Untracked 
|  26|0x00000000cae00000, 0x00000000cae00000, 0x00000000caf00000|  0%| F|  |TAMS 0x00000000cae00000, 0x00000000cae00000| Untracked 
|  27|0x00000000caf00000, 0x00000000caf00000, 0x00000000cb000000|  0%| F|  |TAMS 0x00000000caf00000, 0x00000000caf00000| Untracked 
|  28|0x00000000cb000000, 0x00000000cb000000, 0x00000000cb100000|  0%| F|  |TAMS 0x00000000cb000000, 0x00000000cb000000| Untracked 
|  29|0x00000000cb100000, 0x00000000cb100000, 0x00000000cb200000|  0%| F|  |TAMS 0x00000000cb100000, 0x00000000cb100000| Untracked 
|  30|0x00000000cb200000, 0x00000000cb200000, 0x00000000cb300000|  0%| F|  |TAMS 0x00000000cb200000, 0x00000000cb200000| Untracked 
|  31|0x00000000cb300000, 0x00000000cb300000, 0x00000000cb400000|  0%| F|  |TAMS 0x00000000cb300000, 0x00000000cb300000| Untracked 
|  32|0x00000000cb400000, 0x00000000cb400000, 0x00000000cb500000|  0%| F|  |TAMS 0x00000000cb400000, 0x00000000cb400000| Untracked 
|  33|0x00000000cb500000, 0x00000000cb500000, 0x00000000cb600000|  0%| F|  |TAMS 0x00000000cb500000, 0x00000000cb500000| Untracked 
|  34|0x00000000cb600000, 0x00000000cb600000, 0x00000000cb700000|  0%| F|  |TAMS 0x00000000cb600000, 0x00000000cb600000| Untracked 
|  35|0x00000000cb700000, 0x00000000cb700000, 0x00000000cb800000|  0%| F|  |TAMS 0x00000000cb700000, 0x00000000cb700000| Untracked 
|  36|0x00000000cb800000, 0x00000000cb800000, 0x00000000cb900000|  0%| F|  |TAMS 0x00000000cb800000, 0x00000000cb800000| Untracked 
|  37|0x00000000cb900000, 0x00000000cb900000, 0x00000000cba00000|  0%| F|  |TAMS 0x00000000cb900000, 0x00000000cb900000| Untracked 
|  38|0x00000000cba00000, 0x00000000cba00000, 0x00000000cbb00000|  0%| F|  |TAMS 0x00000000cba00000, 0x00000000cba00000| Untracked 
|  39|0x00000000cbb00000, 0x00000000cbb00000, 0x00000000cbc00000|  0%| F|  |TAMS 0x00000000cbb00000, 0x00000000cbb00000| Untracked 
|  40|0x00000000cbc00000, 0x00000000cbc00000, 0x00000000cbd00000|  0%| F|  |TAMS 0x00000000cbc00000, 0x00000000cbc00000| Untracked 
|  41|0x00000000cbd00000, 0x00000000cbd00000, 0x00000000cbe00000|  0%| F|  |TAMS 0x00000000cbd00000, 0x00000000cbd00000| Untracked 
|  42|0x00000000cbe00000, 0x00000000cbe00000, 0x00000000cbf00000|  0%| F|  |TAMS 0x00000000cbe00000, 0x00000000cbe00000| Untracked 
|  43|0x00000000cbf00000, 0x00000000cbf00000, 0x00000000cc000000|  0%| F|  |TAMS 0x00000000cbf00000, 0x00000000cbf00000| Untracked 
|  44|0x00000000cc000000, 0x00000000cc000000, 0x00000000cc100000|  0%| F|  |TAMS 0x00000000cc000000, 0x00000000cc000000| Untracked 
|  45|0x00000000cc100000, 0x00000000cc176808, 0x00000000cc200000| 46%| S|CS|TAMS 0x00000000cc100000, 0x00000000cc100000| Complete 
|  46|0x00000000cc200000, 0x00000000cc300000, 0x00000000cc300000|100%| S|CS|TAMS 0x00000000cc200000, 0x00000000cc200000| Complete 
|  47|0x00000000cc300000, 0x00000000cc300000, 0x00000000cc400000|  0%| F|  |TAMS 0x00000000cc300000, 0x00000000cc300000| Untracked 
|  48|0x00000000cc400000, 0x00000000cc400000, 0x00000000cc500000|  0%| F|  |TAMS 0x00000000cc400000, 0x00000000cc400000| Untracked 
|  49|0x00000000cc500000, 0x00000000cc500000, 0x00000000cc600000|  0%| F|  |TAMS 0x00000000cc500000, 0x00000000cc500000| Untracked 
|  50|0x00000000cc600000, 0x00000000cc600000, 0x00000000cc700000|  0%| F|  |TAMS 0x00000000cc600000, 0x00000000cc600000| Untracked 
|  51|0x00000000cc700000, 0x00000000cc79fdb8, 0x00000000cc800000| 62%| E|  |TAMS 0x00000000cc700000, 0x00000000cc700000| Complete 
|  52|0x00000000cc800000, 0x00000000cc900000, 0x00000000cc900000|100%| E|CS|TAMS 0x00000000cc800000, 0x00000000cc800000| Complete 
|  53|0x00000000cc900000, 0x00000000cca00000, 0x00000000cca00000|100%| E|CS|TAMS 0x00000000cc900000, 0x00000000cc900000| Complete 
|  54|0x00000000cca00000, 0x00000000ccb00000, 0x00000000ccb00000|100%| E|CS|TAMS 0x00000000cca00000, 0x00000000cca00000| Complete 
|  55|0x00000000ccb00000, 0x00000000ccc00000, 0x00000000ccc00000|100%| E|CS|TAMS 0x00000000ccb00000, 0x00000000ccb00000| Complete 

Card table byte_map: [0x000001ff310d0000,0x000001ff31290000] _byte_map_base: 0x000001ff30a86000

Marking Bits (Prev, Next): (CMBitMap*) 0x000001ff29620120, (CMBitMap*) 0x000001ff29620160
 Prev Bits: [0x000001ff31450000, 0x000001ff32200000)
 Next Bits: [0x000001ff32200000, 0x000001ff32fb0000)

Polling page: 0x000001ff296c0000

Metaspace:

Usage:
  Non-class:      9.99 MB used.
      Class:      1.33 MB used.
       Both:     11.32 MB used.

Virtual space:
  Non-class space:       16.00 MB reserved,      10.06 MB ( 63%) committed,  2 nodes.
      Class space:        1.00 GB reserved,       1.44 MB ( <1%) committed,  1 nodes.
             Both:        1.02 GB reserved,      11.50 MB (  1%) committed. 

Chunk freelists:
   Non-Class:  1.73 MB
       Class:  2.55 MB
        Both:  4.28 MB

MaxMetaspaceSize: unlimited
CompressedClassSpaceSize: 1.00 GB
Initial GC threshold: 21.00 MB
Current GC threshold: 21.00 MB
CDS: off
MetaspaceReclaimPolicy: balanced
 - commit_granule_bytes: 65536.
 - commit_granule_words: 8192.
 - virtual_space_node_default_size: 1048576.
 - enlarge_chunks_in_place: 1.
 - new_chunks_are_fully_committed: 0.
 - uncommit_free_chunks: 1.
 - use_allocation_guard: 0.
 - handle_deallocations: 1.


Internal statistics:

num_allocs_failed_limit: 0.
num_arena_births: 56.
num_arena_deaths: 0.
num_vsnodes_births: 3.
num_vsnodes_deaths: 0.
num_space_committed: 184.
num_space_uncommitted: 0.
num_chunks_returned_to_freelist: 0.
num_chunks_taken_from_freelist: 202.
num_chunk_merges: 0.
num_chunk_splits: 142.
num_chunks_enlarged: 117.
num_purges: 0.
num_inconsistent_stats: 0.

CodeCache: size=49152Kb used=3768Kb max_used=3768Kb free=45383Kb
 bounds [0x000001ff2da60000, 0x000001ff2de10000, 0x000001ff30a60000]
 total_blobs=1451 nmethods=1032 adapters=345
 compilation: enabled
              stopped_count=0, restarted_count=0
 full_count=0

Compilation events (20 events):
Event: 1.263 Thread 0x000001ff3558b250 1023       1       java.lang.invoke.MethodHandles$Lookup::<init> (84 bytes)
Event: 1.263 Thread 0x000001ff36ad4f10 1024       1       java.lang.invoke.MemberName::getModifiers (8 bytes)
Event: 1.263 Thread 0x000001ff36ad4f10 nmethod 1024 0x000001ff2de09010 code [0x000001ff2de091a0, 0x000001ff2de09278]
Event: 1.263 Thread 0x000001ff3558b250 nmethod 1023 0x000001ff2de09310 code [0x000001ff2de094a0, 0x000001ff2de095f8]
Event: 1.268 Thread 0x000001ff3550c0d0 1025       1       java.lang.invoke.MethodHandles$Lookup::isClassAccessible (53 bytes)
Event: 1.268 Thread 0x000001ff36ad4f10 1026       1       java.lang.invoke.MemberName::isCallerSensitive (7 bytes)
Event: 1.268 Thread 0x000001ff36ad4f10 nmethod 1026 0x000001ff2de09690 code [0x000001ff2de09820, 0x000001ff2de09918]
Event: 1.268 Thread 0x000001ff3550c0d0 nmethod 1025 0x000001ff2de09990 code [0x000001ff2de09b60, 0x000001ff2de09db8]
Event: 1.269 Thread 0x000001ff3550c0d0 1027       1       java.util.regex.Pattern::has (15 bytes)
Event: 1.269 Thread 0x000001ff3550c0d0 nmethod 1027 0x000001ff2de09f10 code [0x000001ff2de0a0a0, 0x000001ff2de0a178]
Event: 1.272 Thread 0x000001ff3550c0d0 1028       1       java.util.HashMap::computeIfAbsent (330 bytes)
Event: 1.273 Thread 0x000001ff3550c0d0 nmethod 1028 0x000001ff2de0a810 code [0x000001ff2de0aaa0, 0x000001ff2de0b3c8]
Event: 1.275 Thread 0x000001ff3550c0d0 1029       1       java.lang.invoke.MethodType::basicType (8 bytes)
Event: 1.276 Thread 0x000001ff3550c0d0 nmethod 1029 0x000001ff2de0b910 code [0x000001ff2de0baa0, 0x000001ff2de0bb78]
Event: 1.276 Thread 0x000001ff3550c0d0 1030 %     1       java.util.Properties$LineReader::readLine @ 224 (584 bytes)
Event: 1.277 Thread 0x000001ff36ad4f10 1031       1       java.lang.reflect.Executable::<init> (5 bytes)
Event: 1.278 Thread 0x000001ff36ad4f10 nmethod 1031 0x000001ff2de0bc10 code [0x000001ff2de0bda0, 0x000001ff2de0be58]
Event: 1.278 Thread 0x000001ff36ad4f10 1032       1       java.lang.reflect.AccessibleObject::<init> (5 bytes)
Event: 1.278 Thread 0x000001ff36ad4f10 nmethod 1032 0x000001ff2de0bf10 code [0x000001ff2de0c0a0, 0x000001ff2de0c158]
Event: 1.278 Thread 0x000001ff3550c0d0 nmethod 1030% 0x000001ff2de0c210 code [0x000001ff2de0c4a0, 0x000001ff2de0d858]

GC Heap History (4 events):
Event: 0.675 GC heap before
{Heap before GC invocations=0 (full 0):
 garbage-first heap   total 57344K, used 12288K [0x00000000c9400000, 0x0000000100000000)
  region size 1024K, 13 young (13312K), 0 survivors (0K)
 Metaspace       used 6844K, committed 7040K, reserved 1056768K
  class space    used 716K, committed 832K, reserved 1048576K
}
Event: 0.690 GC heap after
{Heap after GC invocations=1 (full 0):
 garbage-first heap   total 57344K, used 6670K [0x00000000c9400000, 0x0000000100000000)
  region size 1024K, 2 young (2048K), 2 survivors (2048K)
 Metaspace       used 6844K, committed 7040K, reserved 1056768K
  class space    used 716K, committed 832K, reserved 1048576K
}
Event: 1.082 GC heap before
{Heap before GC invocations=1 (full 0):
 garbage-first heap   total 57344K, used 14862K [0x00000000c9400000, 0x0000000100000000)
  region size 1024K, 11 young (11264K), 2 survivors (2048K)
 Metaspace       used 10084K, committed 10240K, reserved 1064960K
  class space    used 1152K, committed 1216K, reserved 1048576K
}
Event: 1.087 GC heap after
{Heap after GC invocations=2 (full 0):
 garbage-first heap   total 57344K, used 8039K [0x00000000c9400000, 0x0000000100000000)
  region size 1024K, 2 young (2048K), 2 survivors (2048K)
 Metaspace       used 10084K, committed 10240K, reserved 1064960K
  class space    used 1152K, committed 1216K, reserved 1048576K
}

Deoptimization events (2 events):
Event: 1.159 Thread 0x000001ff295e79e0 DEOPT PACKING pc=0x000001ff2ddf42f5 sp=0x000000bb461fdbb0
Event: 1.159 Thread 0x000001ff295e79e0 DEOPT UNPACKING pc=0x000001ff2dab2b43 sp=0x000000bb461fd020 mode 3

Classes unloaded (0 events):
No events

Classes redefined (0 events):
No events

Internal exceptions (8 events):
Event: 0.285 Thread 0x000001ff295e79e0 Exception <a 'java/lang/NoSuchMethodError'{0x00000000cca3b0c8}: 'void java.lang.invoke.DirectMethodHandle$Holder.invokeStatic(java.lang.Object, java.lang.Object, java.lang.Object)'> (0x00000000cca3b0c8) 
thrown [e:\jenkins\tmp\workspace\build\src\src\hotspot\share\interpreter\linkResolver.cpp, line 766]
Event: 0.604 Thread 0x000001ff295e79e0 Exception <a 'java/lang/ClassNotFoundException'{0x00000000cc09b2b0}: javax/smartcardio/CardPermission> (0x00000000cc09b2b0) 
thrown [e:\jenkins\tmp\workspace\build\src\src\hotspot\share\classfile\systemDictionary.cpp, line 256]
Event: 0.606 Thread 0x000001ff295e79e0 Exception <a 'java/io/FileNotFoundException'{0x00000000cc0a9890}> (0x00000000cc0a9890) 
thrown [e:\jenkins\tmp\workspace\build\src\src\hotspot\share\prims\jni.cpp, line 516]
Event: 1.109 Thread 0x000001ff295e79e0 Exception <a 'java/lang/NoSuchMethodError'{0x00000000ccbb55e8}: 'int java.lang.invoke.DirectMethodHandle$Holder.invokeStaticInit(java.lang.Object, java.lang.Object)'> (0x00000000ccbb55e8) 
thrown [e:\jenkins\tmp\workspace\build\src\src\hotspot\share\interpreter\linkResolver.cpp, line 766]
Event: 1.176 Thread 0x000001ff295e79e0 Exception <a 'java/lang/NoSuchMethodError'{0x00000000cc96e7b0}: 'java.lang.Object java.lang.invoke.Invokers$Holder.invokeExact_MT(java.lang.Object, java.lang.Object, java.lang.Object, java.lang.Object, java.lang.Object, java.lang.Object)'> (0x00000000cc96e7b0) 
thrown [e:\jenkins\tmp\workspace\build\src\src\hotspot\share\interpreter\linkResolver.cpp, line 766]
Event: 1.196 Thread 0x000001ff295e79e0 Exception <a 'java/lang/NoSuchMethodError'{0x00000000cc9fd418}: 'int java.lang.invoke.DirectMethodHandle$Holder.invokeStaticInit(java.lang.Object, java.lang.Object, java.lang.Object)'> (0x00000000cc9fd418) 
thrown [e:\jenkins\tmp\workspace\build\src\src\hotspot\share\interpreter\linkResolver.cpp, line 766]
Event: 1.220 Thread 0x000001ff295e79e0 Exception <a 'java/lang/NoSuchMethodError'{0x00000000cc828cf8}: 'java.lang.Object java.lang.invoke.DirectMethodHandle$Holder.invokeVirtual(java.lang.Object, java.lang.Object, java.lang.Object)'> (0x00000000cc828cf8) 
thrown [e:\jenkins\tmp\workspace\build\src\src\hotspot\share\interpreter\linkResolver.cpp, line 766]
Event: 1.235 Thread 0x000001ff295e79e0 Exception <a 'java/lang/NoSuchMethodError'{0x00000000cc859118}: 'java.lang.Object java.lang.invoke.DirectMethodHandle$Holder.newInvokeSpecial(java.lang.Object, java.lang.Object, java.lang.Object, java.lang.Object, java.lang.Object)'> (0x00000000cc859118) 
thrown [e:\jenkins\tmp\workspace\build\src\src\hotspot\share\interpreter\linkResolver.cpp, line 766]

VM Operations (12 events):
Event: 0.290 Executing VM operation: HandshakeAllThreads
Event: 0.290 Executing VM operation: HandshakeAllThreads done
Event: 0.654 Executing VM operation: HandshakeAllThreads
Event: 0.654 Executing VM operation: HandshakeAllThreads done
Event: 0.675 Executing VM operation: G1CollectForAllocation
Event: 0.690 Executing VM operation: G1CollectForAllocation done
Event: 0.977 Executing VM operation: HandshakeAllThreads
Event: 0.977 Executing VM operation: HandshakeAllThreads done
Event: 1.070 Executing VM operation: HandshakeAllThreads
Event: 1.070 Executing VM operation: HandshakeAllThreads done
Event: 1.082 Executing VM operation: G1CollectForAllocation
Event: 1.087 Executing VM operation: G1CollectForAllocation done

Events (20 events):
Event: 1.279 loading class jdk/internal/logger/BootstrapLogger$DetectBackend
Event: 1.279 loading class jdk/internal/logger/BootstrapLogger$DetectBackend done
Event: 1.279 loading class jdk/internal/logger/BootstrapLogger$DetectBackend$1
Event: 1.279 loading class jdk/internal/logger/BootstrapLogger$DetectBackend$1 done
Event: 1.280 loading class jdk/internal/logger/BootstrapLogger$LoggingBackend
Event: 1.280 loading class jdk/internal/logger/BootstrapLogger$LoggingBackend done
Event: 1.280 loading class jdk/internal/logger/BootstrapLogger$RedirectedLoggers
Event: 1.280 loading class jdk/internal/logger/BootstrapLogger$RedirectedLoggers done
Event: 1.280 loading class jdk/internal/logger/BootstrapLogger$BootstrapExecutors
Event: 1.281 loading class jdk/internal/logger/BootstrapLogger$BootstrapExecutors done
Event: 1.281 loading class java/util/logging/LogManager$4
Event: 1.281 loading class java/util/logging/LogManager$4 done
Event: 1.281 loading class java/util/logging/ConsoleHandler
Event: 1.281 loading class java/util/logging/StreamHandler
Event: 1.281 loading class java/util/logging/StreamHandler done
Event: 1.281 loading class java/util/logging/ConsoleHandler done
Event: 1.281 loading class java/util/logging/SimpleFormatter
Event: 1.281 loading class java/util/logging/Formatter
Event: 1.281 loading class java/util/logging/Formatter done
Event: 1.281 loading class java/util/logging/SimpleFormatter done


Dynamic libraries:
0x00007ff66cc60000 - 0x00007ff66cc6e000 	c:\Users\Ronald\.vscode\extensions\redhat.java-1.7.0-win32-x64\jre\17.0.3-win32-x86_64\bin\java.exe
0x00007ffd81b90000 - 0x00007ffd81d87000 	C:\Windows\SYSTEM32\ntdll.dll
0x00007ffd80b20000 - 0x00007ffd80bdd000 	C:\Windows\System32\KERNEL32.DLL
0x00007ffd7f710000 - 0x00007ffd7f9dd000 	C:\Windows\System32\KERNELBASE.dll
0x00007ffd7f4e0000 - 0x00007ffd7f5e0000 	C:\Windows\System32\ucrtbase.dll
0x00007ffd795d0000 - 0x00007ffd795e8000 	c:\Users\Ronald\.vscode\extensions\redhat.java-1.7.0-win32-x64\jre\17.0.3-win32-x86_64\bin\jli.dll
0x00007ffd7c200000 - 0x00007ffd7c219000 	c:\Users\Ronald\.vscode\extensions\redhat.java-1.7.0-win32-x64\jre\17.0.3-win32-x86_64\bin\VCRUNTIME140.dll
0x00007ffd808e0000 - 0x00007ffd80a80000 	C:\Windows\System32\USER32.dll
0x00007ffd7fa30000 - 0x00007ffd7fa52000 	C:\Windows\System32\win32u.dll
0x00007ffd65e40000 - 0x00007ffd660da000 	C:\Windows\WinSxS\amd64_microsoft.windows.common-controls_6595b64144ccf1df_6.0.19041.1110_none_60b5254171f9507e\COMCTL32.dll
0x00007ffd80720000 - 0x00007ffd8074a000 	C:\Windows\System32\GDI32.dll
0x00007ffd80a80000 - 0x00007ffd80b1e000 	C:\Windows\System32\msvcrt.dll
0x00007ffd7f3d0000 - 0x00007ffd7f4db000 	C:\Windows\System32\gdi32full.dll
0x00007ffd7f5e0000 - 0x00007ffd7f67d000 	C:\Windows\System32\msvcp_win.dll
0x00007ffd812f0000 - 0x00007ffd81320000 	C:\Windows\System32\IMM32.DLL
0x00007ffd792a0000 - 0x00007ffd792ac000 	c:\Users\Ronald\.vscode\extensions\redhat.java-1.7.0-win32-x64\jre\17.0.3-win32-x86_64\bin\vcruntime140_1.dll
0x00007ffd61bd0000 - 0x00007ffd61c61000 	c:\Users\Ronald\.vscode\extensions\redhat.java-1.7.0-win32-x64\jre\17.0.3-win32-x86_64\bin\msvcp140.dll
0x00007ffd44120000 - 0x00007ffd44d68000 	c:\Users\Ronald\.vscode\extensions\redhat.java-1.7.0-win32-x64\jre\17.0.3-win32-x86_64\bin\server\jvm.dll
0x00007ffd80750000 - 0x00007ffd807fe000 	C:\Windows\System32\ADVAPI32.dll
0x00007ffd819c0000 - 0x00007ffd81a5c000 	C:\Windows\System32\sechost.dll
0x00007ffd811c0000 - 0x00007ffd812e5000 	C:\Windows\System32\RPCRT4.dll
0x00007ffd80d40000 - 0x00007ffd80d48000 	C:\Windows\System32\PSAPI.DLL
0x00007ffd71e30000 - 0x00007ffd71e39000 	C:\Windows\SYSTEM32\WSOCK32.dll
0x00007ffd74630000 - 0x00007ffd74657000 	C:\Windows\SYSTEM32\WINMM.dll
0x00007ffd80be0000 - 0x00007ffd80c4b000 	C:\Windows\System32\WS2_32.dll
0x00007ffd78a30000 - 0x00007ffd78a3a000 	C:\Windows\SYSTEM32\VERSION.dll
0x00007ffd7d0a0000 - 0x00007ffd7d0b2000 	C:\Windows\SYSTEM32\kernel.appcore.dll
0x00007ffd6e290000 - 0x00007ffd6e29a000 	c:\Users\Ronald\.vscode\extensions\redhat.java-1.7.0-win32-x64\jre\17.0.3-win32-x86_64\bin\jimage.dll
0x00007ffd66240000 - 0x00007ffd66424000 	C:\Windows\SYSTEM32\DBGHELP.DLL
0x00007ffd65160000 - 0x00007ffd6518c000 	C:\Windows\SYSTEM32\dbgcore.DLL
0x00007ffd7f680000 - 0x00007ffd7f702000 	C:\Windows\System32\bcryptPrimitives.dll
0x00007ffd6e260000 - 0x00007ffd6e285000 	c:\Users\Ronald\.vscode\extensions\redhat.java-1.7.0-win32-x64\jre\17.0.3-win32-x86_64\bin\java.dll
0x00007ffd6e0e0000 - 0x00007ffd6e0f8000 	c:\Users\Ronald\.vscode\extensions\redhat.java-1.7.0-win32-x64\jre\17.0.3-win32-x86_64\bin\zip.dll
0x00007ffd7fe40000 - 0x00007ffd80584000 	C:\Windows\System32\SHELL32.dll
0x00007ffd7d3b0000 - 0x00007ffd7db44000 	C:\Windows\SYSTEM32\windows.storage.dll
0x00007ffd81320000 - 0x00007ffd81674000 	C:\Windows\System32\combase.dll
0x00007ffd7ec40000 - 0x00007ffd7ec6c000 	C:\Windows\SYSTEM32\Wldp.dll
0x00007ffd7fca0000 - 0x00007ffd7fd4d000 	C:\Windows\System32\SHCORE.dll
0x00007ffd80cd0000 - 0x00007ffd80d25000 	C:\Windows\System32\shlwapi.dll
0x00007ffd7f1f0000 - 0x00007ffd7f20f000 	C:\Windows\SYSTEM32\profapi.dll
0x00007ffd6e080000 - 0x00007ffd6e099000 	C:\Users\Ronald\.vscode\extensions\redhat.java-1.7.0-win32-x64\jre\17.0.3-win32-x86_64\bin\net.dll
0x00007ffd690f0000 - 0x00007ffd691fa000 	C:\Windows\SYSTEM32\WINHTTP.dll
0x00007ffd7e9a0000 - 0x00007ffd7ea0a000 	C:\Windows\system32\mswsock.dll
0x00007ffd6bb00000 - 0x00007ffd6bb15000 	C:\Users\Ronald\.vscode\extensions\redhat.java-1.7.0-win32-x64\jre\17.0.3-win32-x86_64\bin\nio.dll
0x00007ffd6e250000 - 0x00007ffd6e260000 	c:\Users\Ronald\.vscode\extensions\redhat.java-1.7.0-win32-x64\jre\17.0.3-win32-x86_64\bin\verify.dll

dbghelp: loaded successfully - version: 4.0.5 - missing functions: none
symbol engine: initialized successfully - sym options: 0x614 - pdb path: .;c:\Users\Ronald\.vscode\extensions\redhat.java-1.7.0-win32-x64\jre\17.0.3-win32-x86_64\bin;C:\Windows\SYSTEM32;C:\Windows\WinSxS\amd64_microsoft.windows.common-controls_6595b64144ccf1df_6.0.19041.1110_none_60b5254171f9507e;c:\Users\Ronald\.vscode\extensions\redhat.java-1.7.0-win32-x64\jre\17.0.3-win32-x86_64\bin\server

VM Arguments:
jvm_args: --add-modules=ALL-SYSTEM --add-exports=jdk.compiler/com.sun.tools.javac.file=ALL-UNNAMED --add-exports=jdk.compiler/com.sun.tools.javac.util=ALL-UNNAMED --add-exports=jdk.compiler/com.sun.tools.javac.comp=ALL-UNNAMED --add-exports=jdk.compiler/com.sun.tools.javac.main=ALL-UNNAMED --add-exports=jdk.compiler/com.sun.tools.javac.tree=ALL-UNNAMED --add-exports=jdk.compiler/com.sun.tools.javac.code=ALL-UNNAMED -Dsts.lsp.client=vscode -Dsts.log.file=/dev/null -XX:TieredStopAtLevel=1 -Dspring.config.location=file:c:\Users\Ronald\.vscode\extensions\pivotal.vscode-spring-boot-1.36.0\language-server\BOOT-INF\classes\application.properties 
java_command: org.springframework.ide.vscode.boot.app.BootLanguageServerBootApp
java_class_path (initial): c:\Users\Ronald\.vscode\extensions\pivotal.vscode-spring-boot-1.36.0\language-server\BOOT-INF\classes;c:\Users\Ronald\.vscode\extensions\pivotal.vscode-spring-boot-1.36.0\language-server\BOOT-INF\lib\annotations-23.0.0.jar;c:\Users\Ronald\.vscode\extensions\pivotal.vscode-spring-boot-1.36.0\language-server\BOOT-INF\lib\antlr-runtime-3.5.2.jar;c:\Users\Ronald\.vscode\extensions\pivotal.vscode-spring-boot-1.36.0\language-server\BOOT-INF\lib\antlr4-4.9.3.jar;c:\Users\Ronald\.vscode\extensions\pivotal.vscode-spring-boot-1.36.0\language-server\BOOT-INF\lib\antlr4-runtime-4.9.3.jar;c:\Users\Ronald\.vscode\extensions\pivotal.vscode-spring-boot-1.36.0\language-server\BOOT-INF\lib\asm-9.3.jar;c:\Users\Ronald\.vscode\extensions\pivotal.vscode-spring-boot-1.36.0\language-server\BOOT-INF\lib\asm-analysis-9.3.jar;c:\Users\Ronald\.vscode\extensions\pivotal.vscode-spring-boot-1.36.0\language-server\BOOT-INF\lib\asm-tree-9.3.jar;c:\Users\Ronald\.vscode\extensions\pivotal.vscode-spring-boot-1.36.0\language-server\BOOT-INF\lib\asm-util-9.3.jar;c:\Users\Ronald\.vscode\extensions\pivotal.vscode-spring-boot-1.36.0\language-server\BOOT-INF\lib\byte-buddy-1.10.18.jar;c:\Users\Ronald\.vscode\extensions\pivotal.vscode-spring-boot-1.36.0\language-server\BOOT-INF\lib\caffeine-2.8.6.jar;c:\Users\Ronald\.vscode\extensions\pivotal.vscode-spring-boot-1.36.0\language-server\BOOT-INF\lib\checker-qual-3.12.0.jar;c:\Users\Ronald\.vscode\extensions\pivotal.vscode-spring-boot-1.36.0\language-server\BOOT-INF\lib\classgraph-4.8.146.jar;c:\Users\Ronald\.vscode\extensions\pivotal.vscode-spring-boot-1.36.0\language-server\BOOT-INF\lib\commons-codec-1.14.jar;c:\Users\Ronald\.vscode\extensions\pivotal.vscode-spring-boot-1.36.0\language-server\BOOT-INF\lib\commons-compress-1.21.jar;c:\Users\Ronald\.vscode\extensions\pivotal.vscode-spring-boot-1.36.0\language-server\BOOT-INF\lib\commons-exec-1.3.jar;c:\Users\Ronald\.vscode\extensions\pivotal.vscode-spring-boot-1.36.0\language-server
Launcher Type: SUN_STANDARD

[Global flags]
     intx CICompilerCount                          = 3                                         {product} {ergonomic}
     uint ConcGCThreads                            = 1                                         {product} {ergonomic}
     uint G1ConcRefinementThreads                  = 4                                         {product} {ergonomic}
   size_t G1HeapRegionSize                         = 1048576                                   {product} {ergonomic}
    uintx GCDrainStackTargetSize                   = 64                                        {product} {ergonomic}
   size_t InitialHeapSize                          = 58720256                                  {product} {ergonomic}
   size_t MarkStackSize                            = 4194304                                   {product} {ergonomic}
   size_t MaxHeapSize                              = 918552576                                 {product} {ergonomic}
   size_t MaxNewSize                               = 550502400                                 {product} {ergonomic}
   size_t MinHeapDeltaBytes                        = 1048576                                   {product} {ergonomic}
   size_t MinHeapSize                              = 8388608                                   {product} {ergonomic}
    uintx NonProfiledCodeHeapSize                  = 0                                      {pd product} {ergonomic}
     bool ProfileInterpreter                       = false                                  {pd product} {command line}
    uintx ProfiledCodeHeapSize                     = 0                                      {pd product} {ergonomic}
   size_t SoftMaxHeapSize                          = 918552576                              {manageable} {ergonomic}
     intx TieredStopAtLevel                        = 1                                         {product} {command line}
     bool UseCompressedClassPointers               = true                           {product lp64_product} {ergonomic}
     bool UseCompressedOops                        = true                           {product lp64_product} {ergonomic}
     bool UseG1GC                                  = true                                      {product} {ergonomic}
     bool UseLargePagesIndividualAllocation        = false                                  {pd product} {ergonomic}

Logging:
Log output configuration:
 #0: stdout all=warning uptime,level,tags
 #1: stderr all=off uptime,level,tags

Environment Variables:
JAVA_HOME=C:\Users\Ronald\AppData\Local\Programs\Eclipse Adoptium\jdk-17.0.3.7-hotspot\
PATH=C:\ProgramData\Oracle\Java\javapath;C:\Windows\system32;C:\Windows;C:\Windows\System32\Wbem;C:\Windows\System32\WindowsPowerShell\v1.0\;C:\Windows\System32\OpenSSH\;C:\Users\Ronald\AppData\Local\Programs\Eclipse Adoptium\jdk-17.0.3.7-hotspot\bin;C:\Users\Ronald\AppData\Local\Microsoft\WindowsApps;C:\Users\Ronald\AppData\Local\Programs\Microsoft VS Code\bin
USERNAME=Ronald
OS=Windows_NT
PROCESSOR_IDENTIFIER=AMD64 Family 23 Model 24 Stepping 1, AuthenticAMD



---------------  S Y S T E M  ---------------

OS:
 Windows 10 , 64 bit Build 19041 (10.0.19041.1741)
OS uptime: 2 days 18:41 hours

CPU: total 4 (initial active 4) (4 cores per cpu, 2 threads per core) family 23 model 24 stepping 1 microcode 0x0, cx8, cmov, fxsr, ht, mmx, 3dnowpref, sse, sse2, sse3, ssse3, sse4a, sse4.1, sse4.2, popcnt, lzcnt, tsc, tscinvbit, avx, avx2, aes, clmul, bmi1, bmi2, adx, sha, fma, vzeroupper, clflush, clflushopt

Memory: 4k page, system-wide physical 3498M (543M free)
TotalPageFile size 14250M (AvailPageFile size 263M)
current process WorkingSet (physical memory assigned to process): 65M, peak: 65M
current process commit charge ("private bytes"): 133M, peak: 133M

vm_info: OpenJDK 64-Bit Server VM (17.0.3+7) for windows-amd64 JRE (17.0.3+7), built on Apr 19 2022 16:55:35 by "" with MS VC++ 16.7 (VS2019)

END.
