#
# There is insufficient memory for the Java Runtime Environment to continue.
# Native memory allocation (mmap) failed to map 66060288 bytes for G1 virtual space
# Possible reasons:
#   The system is out of physical RAM or swap space
#   The process is running with CompressedOops enabled, and the Java Heap may be blocking the growth of the native heap
# Possible solutions:
#   Reduce memory load on the system
#   Increase physical memory or swap space
#   Check if swap backing store is full
#   Decrease Java heap size (-Xmx/-Xms)
#   Decrease number of Java threads
#   Decrease Java thread stack sizes (-Xss)
#   Set larger code cache with -XX:ReservedCodeCacheSize=
#   JVM is running with Unscaled Compressed Oops mode in which the Java heap is
#     placed in the first 4GB address space. The Java Heap base address is the
#     maximum limit for the native heap growth. Please use -XX:HeapBaseMinAddress
#     to set the Java Heap base and to place the Java Heap above 4GB virtual address.
# This output file may be truncated or incomplete.
#
#  Out of Memory Error (os_windows.cpp:3535), pid=12300, tid=9592
#
# JRE version: OpenJDK Runtime Environment Temurin-17.0.3+7 (17.0.3+7) (build 17.0.3+7)
# Java VM: OpenJDK 64-Bit Server VM Temurin-17.0.3+7 (17.0.3+7, mixed mode, emulated-client, tiered, compressed oops, compressed class ptrs, g1 gc, windows-amd64)
# No core dump will be written. Minidumps are not enabled by default on client versions of Windows
#

---------------  S U M M A R Y ------------

Command Line: --add-modules=ALL-SYSTEM --add-exports=jdk.compiler/com.sun.tools.javac.file=ALL-UNNAMED --add-exports=jdk.compiler/com.sun.tools.javac.util=ALL-UNNAMED --add-exports=jdk.compiler/com.sun.tools.javac.comp=ALL-UNNAMED --add-exports=jdk.compiler/com.sun.tools.javac.main=ALL-UNNAMED --add-exports=jdk.compiler/com.sun.tools.javac.tree=ALL-UNNAMED --add-exports=jdk.compiler/com.sun.tools.javac.code=ALL-UNNAMED -Dsts.lsp.client=vscode -Dsts.log.file=/dev/null -XX:TieredStopAtLevel=1 -Dspring.config.location=file:c:\Users\Ronald\.vscode\extensions\pivotal.vscode-spring-boot-1.36.0\language-server\BOOT-INF\classes\application.properties org.springframework.ide.vscode.boot.app.BootLanguageServerBootApp

Host: AMD Ryzen 3 3200U with Radeon Vega Mobile Gfx  , 4 cores, 3G,  Windows 10 , 64 bit Build 19041 (10.0.19041.1741)
Time: Thu Jun 23 23:58:15 2022 Hora est. Pacífico, Sudamérica elapsed time: 55.356501 seconds (0d 0h 0m 55s)

---------------  T H R E A D  ---------------

Current thread (0x00000255e6c86cb0):  VMThread "VM Thread" [stack: 0x0000009b34d00000,0x0000009b34e00000] [id=9592]

Stack: [0x0000009b34d00000,0x0000009b34e00000]
Native frames: (J=compiled Java code, j=interpreted, Vv=VM code, C=native code)
V  [jvm.dll+0x675efa]
V  [jvm.dll+0x830a24]
V  [jvm.dll+0x8321ce]
V  [jvm.dll+0x832833]
V  [jvm.dll+0x2454b5]
V  [jvm.dll+0x672de9]
V  [jvm.dll+0x667732]
V  [jvm.dll+0x3043ab]
V  [jvm.dll+0x30b8f6]
V  [jvm.dll+0x35b62e]
V  [jvm.dll+0x35b85f]
V  [jvm.dll+0x2db248]
V  [jvm.dll+0x2de2d6]
V  [jvm.dll+0x2e8998]
V  [jvm.dll+0x31cc40]
V  [jvm.dll+0x836cdb]
V  [jvm.dll+0x837a14]
V  [jvm.dll+0x837f2c]
V  [jvm.dll+0x838304]
V  [jvm.dll+0x8383d0]
V  [jvm.dll+0x7e0cfa]
V  [jvm.dll+0x674d85]
C  [ucrtbase.dll+0x21bb2]
C  [KERNEL32.DLL+0x17034]
C  [ntdll.dll+0x52651]

VM_Operation (0x0000009b349ff8c0): G1Concurrent, mode: safepoint, requested by thread 0x00000255dccc9370


---------------  P R O C E S S  ---------------

Threads class SMR info:
_java_thread_list=0x00000255e9170dc0, length=27, elements={
0x00000255e6caa020, 0x00000255e6cacbb0, 0x00000255e6ceb010, 0x00000255e6ceecf0,
0x00000255e6cef5b0, 0x00000255e6cefe70, 0x00000255e6cf3ce0, 0x00000255e6cfe600,
0x00000255e782a9b0, 0x00000255e7a2c9d0, 0x00000255e8ef7030, 0x00000255e8f00d40,
0x00000255e78a6880, 0x00000255dac2d760, 0x00000255e94dd440, 0x00000255e94daf20,
0x00000255e94dbe90, 0x00000255e94dc360, 0x00000255e94fe930, 0x00000255e8fc2090,
0x00000255e8fbfa10, 0x00000255e8fc2560, 0x00000255e8fc1bc0, 0x00000255e8fc03b0,
0x00000255e8fc2a30, 0x00000255e8fbf070, 0x00000255e8fbf540
}

Java Threads: ( => current thread )
  0x00000255e6caa020 JavaThread "Reference Handler" daemon [_thread_blocked, id=10428, stack(0x0000009b34e00000,0x0000009b34f00000)]
  0x00000255e6cacbb0 JavaThread "Finalizer" daemon [_thread_blocked, id=13104, stack(0x0000009b34f00000,0x0000009b35000000)]
  0x00000255e6ceb010 JavaThread "Signal Dispatcher" daemon [_thread_blocked, id=10628, stack(0x0000009b35000000,0x0000009b35100000)]
  0x00000255e6ceecf0 JavaThread "Attach Listener" daemon [_thread_blocked, id=12172, stack(0x0000009b35100000,0x0000009b35200000)]
  0x00000255e6cef5b0 JavaThread "Service Thread" daemon [_thread_blocked, id=4712, stack(0x0000009b35200000,0x0000009b35300000)]
  0x00000255e6cefe70 JavaThread "Monitor Deflation Thread" daemon [_thread_blocked, id=10724, stack(0x0000009b35300000,0x0000009b35400000)]
  0x00000255e6cf3ce0 JavaThread "C1 CompilerThread0" daemon [_thread_blocked, id=7840, stack(0x0000009b35400000,0x0000009b35500000)]
  0x00000255e6cfe600 JavaThread "Sweeper thread" daemon [_thread_blocked, id=2496, stack(0x0000009b35500000,0x0000009b35600000)]
  0x00000255e782a9b0 JavaThread "Common-Cleaner" daemon [_thread_blocked, id=2188, stack(0x0000009b35600000,0x0000009b35700000)]
  0x00000255e7a2c9d0 JavaThread "Notification Thread" daemon [_thread_blocked, id=8964, stack(0x0000009b35900000,0x0000009b35a00000)]
  0x00000255e8ef7030 JavaThread "ForkJoinPool.commonPool-worker-1" daemon [_thread_blocked, id=12408, stack(0x0000009b35700000,0x0000009b35800000)]
  0x00000255e8f00d40 JavaThread "pool-7-thread-1" [_thread_blocked, id=10660, stack(0x0000009b35f00000,0x0000009b36000000)]
  0x00000255e78a6880 JavaThread "LanguageServerApp-lifecycle" [_thread_blocked, id=10804, stack(0x0000009b36000000,0x0000009b36100000)]
  0x00000255dac2d760 JavaThread "DestroyJavaVM" [_thread_blocked, id=11768, stack(0x0000009b34700000,0x0000009b34800000)]
  0x00000255e94dd440 JavaThread "pool-8-thread-1" [_thread_in_native, id=5344, stack(0x0000009b36100000,0x0000009b36200000)]
  0x00000255e94daf20 JavaThread "ClassGraph-worker-0" daemon [_thread_blocked, id=13172, stack(0x0000009b36200000,0x0000009b36300000)]
  0x00000255e94dbe90 JavaThread "ClassGraph-worker-1" daemon [_thread_blocked, id=4452, stack(0x0000009b36300000,0x0000009b36400000)]
  0x00000255e94dc360 JavaThread "ClassGraph-worker-2" daemon [_thread_blocked, id=12272, stack(0x0000009b36400000,0x0000009b36500000)]
  0x00000255e94fe930 JavaThread "ClassGraph-worker-3" daemon [_thread_blocked, id=12848, stack(0x0000009b36500000,0x0000009b36600000)]
  0x00000255e8fc2090 JavaThread "ClassGraph-worker-4" daemon [_thread_blocked, id=7252, stack(0x0000009b36600000,0x0000009b36700000)]
  0x00000255e8fbfa10 JavaThread "ClassGraph-worker-5" daemon [_thread_blocked, id=6300, stack(0x0000009b36700000,0x0000009b36800000)]
  0x00000255e8fc2560 JavaThread "ClassGraph-worker-6" daemon [_thread_blocked, id=7364, stack(0x0000009b36800000,0x0000009b36900000)]
  0x00000255e8fc1bc0 JavaThread "ClassGraph-worker-7" daemon [_thread_blocked, id=8792, stack(0x0000009b36900000,0x0000009b36a00000)]
  0x00000255e8fc03b0 JavaThread "Simple-Language-Server main thread" daemon [_thread_blocked, id=13300, stack(0x0000009b36a00000,0x0000009b36b00000)]
  0x00000255e8fc2a30 JavaThread "pool-5-thread-1" [_thread_blocked, id=12556, stack(0x0000009b36b00000,0x0000009b36c00000)]
  0x00000255e8fbf070 JavaThread "Reconciler-1" [_thread_blocked, id=348, stack(0x0000009b36c00000,0x0000009b36d00000)]
  0x00000255e8fbf540 JavaThread "parallel-1" daemon [_thread_blocked, id=6880, stack(0x0000009b36d00000,0x0000009b36e00000)]

Other Threads:
=>0x00000255e6c86cb0 VMThread "VM Thread" [stack: 0x0000009b34d00000,0x0000009b34e00000] [id=9592]
  0x00000255e79c76c0 WatcherThread [stack: 0x0000009b35a00000,0x0000009b35b00000] [id=11288]
  0x00000255dccc17a0 GCTaskThread "GC Thread#0" [stack: 0x0000009b34800000,0x0000009b34900000] [id=7292]
  0x00000255e81776e0 GCTaskThread "GC Thread#1" [stack: 0x0000009b35800000,0x0000009b35900000] [id=12752]
  0x00000255e82ff910 GCTaskThread "GC Thread#2" [stack: 0x0000009b35b00000,0x0000009b35c00000] [id=3428]
  0x00000255e82ffbc0 GCTaskThread "GC Thread#3" [stack: 0x0000009b35c00000,0x0000009b35d00000] [id=1404]
  0x00000255dccc9370 ConcurrentGCThread "G1 Main Marker" [stack: 0x0000009b34900000,0x0000009b34a00000] [id=12952]
  0x00000255dccca430 ConcurrentGCThread "G1 Conc#0" [stack: 0x0000009b34a00000,0x0000009b34b00000] [id=4364]
  0x00000255dcd409a0 ConcurrentGCThread "G1 Refine#0" [stack: 0x0000009b34b00000,0x0000009b34c00000] [id=11480]
  0x00000255dcd412d0 ConcurrentGCThread "G1 Service" [stack: 0x0000009b34c00000,0x0000009b34d00000] [id=9096]

Threads with active compile tasks:

VM state: at safepoint (normal execution)

VM Mutex/Monitor currently owned by a thread:  ([mutex/lock_event])
[0x00000255dcc88e10] Threads_lock - owner thread: 0x00000255e6c86cb0
[0x00000255dcc8a640] Heap_lock - owner thread: 0x00000255dccc9370

Heap address: 0x00000000c9400000, size: 876 MB, Compressed Oops mode: 32-bit

CDS archive(s) not mapped
Compressed class space mapped at: 0x0000000100000000-0x0000000140000000, reserved size: 1073741824
Narrow klass base: 0x0000000000000000, Narrow klass shift: 3, Narrow klass range: 0x140000000

GC Precious Log:
 CPUs: 4 total, 4 available
 Memory: 3498M
 Large Page Support: Disabled
 NUMA Support: Disabled
 Compressed Oops: Enabled (32-bit)
 Heap Region Size: 1M
 Heap Min Capacity: 8M
 Heap Initial Capacity: 56M
 Heap Max Capacity: 876M
 Pre-touch: Disabled
 Parallel Workers: 4
 Concurrent Workers: 1
 Concurrent Refinement Workers: 4
 Periodic GC: Disabled

Heap:
 garbage-first heap   total 196608K, used 153103K [0x00000000c9400000, 0x0000000100000000)
  region size 1024K, 82 young (83968K), 9 survivors (9216K)
 Metaspace       used 34286K, committed 34624K, reserved 1081344K
  class space    used 4451K, committed 4608K, reserved 1048576K

Heap Regions: E=young(eden), S=young(survivor), O=old, HS=humongous(starts), HC=humongous(continues), CS=collection set, F=free, OA=open archive, CA=closed archive, TAMS=top-at-mark-start (previous, next)
|   0|0x00000000c9400000, 0x00000000c9500000, 0x00000000c9500000|100%| O|  |TAMS 0x00000000c9500000, 0x00000000c9400000| Untracked 
|   1|0x00000000c9500000, 0x00000000c9600000, 0x00000000c9600000|100%| O|  |TAMS 0x00000000c9600000, 0x00000000c9500000| Untracked 
|   2|0x00000000c9600000, 0x00000000c9700000, 0x00000000c9700000|100%| O|  |TAMS 0x00000000c9700000, 0x00000000c9600000| Untracked 
|   3|0x00000000c9700000, 0x00000000c9800000, 0x00000000c9800000|100%| O|  |TAMS 0x00000000c9800000, 0x00000000c9700000| Untracked 
|   4|0x00000000c9800000, 0x00000000c9900000, 0x00000000c9900000|100%| O|  |TAMS 0x00000000c9900000, 0x00000000c9800000| Untracked 
|   5|0x00000000c9900000, 0x00000000c9a00000, 0x00000000c9a00000|100%| O|  |TAMS 0x00000000c9a00000, 0x00000000c9900000| Untracked 
|   6|0x00000000c9a00000, 0x00000000c9b00000, 0x00000000c9b00000|100%| O|  |TAMS 0x00000000c9b00000, 0x00000000c9a00000| Untracked 
|   7|0x00000000c9b00000, 0x00000000c9c00000, 0x00000000c9c00000|100%| O|  |TAMS 0x00000000c9c00000, 0x00000000c9b00000| Untracked 
|   8|0x00000000c9c00000, 0x00000000c9d00000, 0x00000000c9d00000|100%| O|  |TAMS 0x00000000c9d00000, 0x00000000c9c00000| Untracked 
|   9|0x00000000c9d00000, 0x00000000c9e00000, 0x00000000c9e00000|100%| O|  |TAMS 0x00000000c9e00000, 0x00000000c9d00000| Untracked 
|  10|0x00000000c9e00000, 0x00000000c9f00000, 0x00000000c9f00000|100%| O|  |TAMS 0x00000000c9f00000, 0x00000000c9e00000| Untracked 
|  11|0x00000000c9f00000, 0x00000000ca000000, 0x00000000ca000000|100%| O|  |TAMS 0x00000000ca000000, 0x00000000c9f00000| Untracked 
|  12|0x00000000ca000000, 0x00000000ca100000, 0x00000000ca100000|100%| O|  |TAMS 0x00000000ca100000, 0x00000000ca000000| Untracked 
|  13|0x00000000ca100000, 0x00000000ca200000, 0x00000000ca200000|100%| O|  |TAMS 0x00000000ca200000, 0x00000000ca100000| Updating 
|  14|0x00000000ca200000, 0x00000000ca300000, 0x00000000ca300000|100%| O|  |TAMS 0x00000000ca300000, 0x00000000ca200000| Untracked 
|  15|0x00000000ca300000, 0x00000000ca400000, 0x00000000ca400000|100%| O|  |TAMS 0x00000000ca400000, 0x00000000ca300000| Untracked 
|  16|0x00000000ca400000, 0x00000000ca500000, 0x00000000ca500000|100%| O|  |TAMS 0x00000000ca500000, 0x00000000ca400000| Untracked 
|  17|0x00000000ca500000, 0x00000000ca600000, 0x00000000ca600000|100%| O|  |TAMS 0x00000000ca600000, 0x00000000ca500000| Untracked 
|  18|0x00000000ca600000, 0x00000000ca700000, 0x00000000ca700000|100%| O|  |TAMS 0x00000000ca700000, 0x00000000ca600000| Untracked 
|  19|0x00000000ca700000, 0x00000000ca800000, 0x00000000ca800000|100%| O|  |TAMS 0x00000000ca800000, 0x00000000ca700000| Untracked 
|  20|0x00000000ca800000, 0x00000000ca900000, 0x00000000ca900000|100%| O|  |TAMS 0x00000000ca900000, 0x00000000ca800000| Updating 
|  21|0x00000000ca900000, 0x00000000caa00000, 0x00000000caa00000|100%| O|  |TAMS 0x00000000caa00000, 0x00000000ca900000| Untracked 
|  22|0x00000000caa00000, 0x00000000cab00000, 0x00000000cab00000|100%| O|  |TAMS 0x00000000cab00000, 0x00000000caa00000| Untracked 
|  23|0x00000000cab00000, 0x00000000cac00000, 0x00000000cac00000|100%| O|  |TAMS 0x00000000cac00000, 0x00000000cab00000| Updating 
|  24|0x00000000cac00000, 0x00000000cad00000, 0x00000000cad00000|100%| O|  |TAMS 0x00000000cad00000, 0x00000000cac00000| Untracked 
|  25|0x00000000cad00000, 0x00000000cae00000, 0x00000000cae00000|100%| O|  |TAMS 0x00000000cae00000, 0x00000000cad00000| Untracked 
|  26|0x00000000cae00000, 0x00000000caf00000, 0x00000000caf00000|100%| O|  |TAMS 0x00000000caf00000, 0x00000000cae00000| Untracked 
|  27|0x00000000caf00000, 0x00000000cb000000, 0x00000000cb000000|100%| O|  |TAMS 0x00000000cb000000, 0x00000000caf00000| Untracked 
|  28|0x00000000cb000000, 0x00000000cb100000, 0x00000000cb100000|100%| O|  |TAMS 0x00000000cb100000, 0x00000000cb000000| Updating 
|  29|0x00000000cb100000, 0x00000000cb200000, 0x00000000cb200000|100%| O|  |TAMS 0x00000000cb200000, 0x00000000cb100000| Untracked 
|  30|0x00000000cb200000, 0x00000000cb300000, 0x00000000cb300000|100%| O|  |TAMS 0x00000000cb300000, 0x00000000cb200000| Updating 
|  31|0x00000000cb300000, 0x00000000cb400000, 0x00000000cb400000|100%| O|  |TAMS 0x00000000cb400000, 0x00000000cb300000| Untracked 
|  32|0x00000000cb400000, 0x00000000cb500000, 0x00000000cb500000|100%| O|  |TAMS 0x00000000cb500000, 0x00000000cb400000| Untracked 
|  33|0x00000000cb500000, 0x00000000cb600000, 0x00000000cb600000|100%| O|  |TAMS 0x00000000cb600000, 0x00000000cb500000| Untracked 
|  34|0x00000000cb600000, 0x00000000cb700000, 0x00000000cb700000|100%| O|  |TAMS 0x00000000cb700000, 0x00000000cb600000| Untracked 
|  35|0x00000000cb700000, 0x00000000cb800000, 0x00000000cb800000|100%| O|  |TAMS 0x00000000cb800000, 0x00000000cb700000| Untracked 
|  36|0x00000000cb800000, 0x00000000cb900000, 0x00000000cb900000|100%| O|  |TAMS 0x00000000cb900000, 0x00000000cb800000| Untracked 
|  37|0x00000000cb900000, 0x00000000cba00000, 0x00000000cba00000|100%| O|  |TAMS 0x00000000cba00000, 0x00000000cb900000| Updating 
|  38|0x00000000cba00000, 0x00000000cbb00000, 0x00000000cbb00000|100%| O|  |TAMS 0x00000000cbb00000, 0x00000000cba00000| Untracked 
|  39|0x00000000cbb00000, 0x00000000cbc00000, 0x00000000cbc00000|100%| O|  |TAMS 0x00000000cbc00000, 0x00000000cbb00000| Untracked 
|  40|0x00000000cbc00000, 0x00000000cbd00000, 0x00000000cbd00000|100%| O|  |TAMS 0x00000000cbd00000, 0x00000000cbc00000| Untracked 
|  41|0x00000000cbd00000, 0x00000000cbe00000, 0x00000000cbe00000|100%| O|  |TAMS 0x00000000cbe00000, 0x00000000cbd00000| Untracked 
|  42|0x00000000cbe00000, 0x00000000cbf00000, 0x00000000cbf00000|100%| O|  |TAMS 0x00000000cbf00000, 0x00000000cbe00000| Untracked 
|  43|0x00000000cbf00000, 0x00000000cc000000, 0x00000000cc000000|100%| O|  |TAMS 0x00000000cc000000, 0x00000000cbf00000| Untracked 
|  44|0x00000000cc000000, 0x00000000cc100000, 0x00000000cc100000|100%| O|  |TAMS 0x00000000cc100000, 0x00000000cc000000| Updating 
|  45|0x00000000cc100000, 0x00000000cc200000, 0x00000000cc200000|100%| O|  |TAMS 0x00000000cc200000, 0x00000000cc100000| Untracked 
|  46|0x00000000cc200000, 0x00000000cc300000, 0x00000000cc300000|100%| O|  |TAMS 0x00000000cc300000, 0x00000000cc200000| Untracked 
|  47|0x00000000cc300000, 0x00000000cc400000, 0x00000000cc400000|100%| O|  |TAMS 0x00000000cc400000, 0x00000000cc300000| Updating 
|  48|0x00000000cc400000, 0x00000000cc500000, 0x00000000cc500000|100%| O|  |TAMS 0x00000000cc500000, 0x00000000cc400000| Untracked 
|  49|0x00000000cc500000, 0x00000000cc600000, 0x00000000cc600000|100%| O|  |TAMS 0x00000000cc600000, 0x00000000cc500000| Untracked 
|  50|0x00000000cc600000, 0x00000000cc700000, 0x00000000cc700000|100%| O|  |TAMS 0x00000000cc700000, 0x00000000cc600000| Untracked 
|  51|0x00000000cc700000, 0x00000000cc800000, 0x00000000cc800000|100%| O|  |TAMS 0x00000000cc800000, 0x00000000cc700000| Untracked 
|  52|0x00000000cc800000, 0x00000000cc900000, 0x00000000cc900000|100%| O|  |TAMS 0x00000000cc900000, 0x00000000cc800000| Updating 
|  53|0x00000000cc900000, 0x00000000cca00000, 0x00000000cca00000|100%| O|  |TAMS 0x00000000cca00000, 0x00000000cc900000| Untracked 
|  54|0x00000000cca00000, 0x00000000ccb00000, 0x00000000ccb00000|100%| O|  |TAMS 0x00000000ccb00000, 0x00000000cca00000| Untracked 
|  55|0x00000000ccb00000, 0x00000000ccc00000, 0x00000000ccc00000|100%| O|  |TAMS 0x00000000ccc00000, 0x00000000ccb00000| Updating 
|  56|0x00000000ccc00000, 0x00000000ccd00000, 0x00000000ccd00000|100%| O|  |TAMS 0x00000000ccd00000, 0x00000000ccc00000| Untracked 
|  57|0x00000000ccd00000, 0x00000000cce00000, 0x00000000cce00000|100%| O|  |TAMS 0x00000000cce00000, 0x00000000ccd00000| Untracked 
|  58|0x00000000cce00000, 0x00000000ccf00000, 0x00000000ccf00000|100%| O|  |TAMS 0x00000000ccf00000, 0x00000000cce00000| Updating 
|  59|0x00000000ccf00000, 0x00000000cd000000, 0x00000000cd000000|100%| O|  |TAMS 0x00000000cd000000, 0x00000000ccf00000| Untracked 
|  60|0x00000000cd000000, 0x00000000cd100000, 0x00000000cd100000|100%| O|  |TAMS 0x00000000cd100000, 0x00000000cd000000| Untracked 
|  61|0x00000000cd100000, 0x00000000cd200000, 0x00000000cd200000|100%| O|  |TAMS 0x00000000cd200000, 0x00000000cd100000| Updating 
|  62|0x00000000cd200000, 0x00000000cd300000, 0x00000000cd300000|100%| O|  |TAMS 0x00000000cd300000, 0x00000000cd200000| Untracked 
|  63|0x00000000cd300000, 0x00000000cd400000, 0x00000000cd400000|100%| O|  |TAMS 0x00000000cd400000, 0x00000000cd300000| Untracked 
|  64|0x00000000cd400000, 0x00000000cd500000, 0x00000000cd500000|100%| O|  |TAMS 0x00000000cd464c00, 0x00000000cd400000| Updating 
|  65|0x00000000cd500000, 0x00000000cd600000, 0x00000000cd600000|100%| O|  |TAMS 0x00000000cd500000, 0x00000000cd500000| Untracked 
|  66|0x00000000cd600000, 0x00000000cd700000, 0x00000000cd700000|100%| O|  |TAMS 0x00000000cd600000, 0x00000000cd600000| Untracked 
|  67|0x00000000cd700000, 0x00000000cd800000, 0x00000000cd800000|100%| O|  |TAMS 0x00000000cd700000, 0x00000000cd700000| Untracked 
|  68|0x00000000cd800000, 0x00000000cd800000, 0x00000000cd900000|  0%| F|  |TAMS 0x00000000cd800000, 0x00000000cd800000| Untracked 
|  69|0x00000000cd900000, 0x00000000cda00000, 0x00000000cda00000|100%| O|  |TAMS 0x00000000cd900000, 0x00000000cd900000| Untracked 
|  70|0x00000000cda00000, 0x00000000cdb00000, 0x00000000cdb00000|100%| O|  |TAMS 0x00000000cda00000, 0x00000000cda00000| Untracked 
|  71|0x00000000cdb00000, 0x00000000cdb29400, 0x00000000cdc00000| 16%| O|  |TAMS 0x00000000cdb00000, 0x00000000cdb00000| Updating 
|  72|0x00000000cdc00000, 0x00000000cdc00000, 0x00000000cdd00000|  0%| F|  |TAMS 0x00000000cdc00000, 0x00000000cdc00000| Untracked 
|  73|0x00000000cdd00000, 0x00000000cdd00000, 0x00000000cde00000|  0%| F|  |TAMS 0x00000000cdd00000, 0x00000000cdd00000| Untracked 
|  74|0x00000000cde00000, 0x00000000cde00000, 0x00000000cdf00000|  0%| F|  |TAMS 0x00000000cde00000, 0x00000000cde00000| Untracked 
|  75|0x00000000cdf00000, 0x00000000cdf00000, 0x00000000ce000000|  0%| F|  |TAMS 0x00000000cdf00000, 0x00000000cdf00000| Untracked 
|  76|0x00000000ce000000, 0x00000000ce000000, 0x00000000ce100000|  0%| F|  |TAMS 0x00000000ce000000, 0x00000000ce000000| Untracked 
|  77|0x00000000ce100000, 0x00000000ce100000, 0x00000000ce200000|  0%| F|  |TAMS 0x00000000ce100000, 0x00000000ce100000| Untracked 
|  78|0x00000000ce200000, 0x00000000ce200000, 0x00000000ce300000|  0%| F|  |TAMS 0x00000000ce200000, 0x00000000ce200000| Untracked 
|  79|0x00000000ce300000, 0x00000000ce300000, 0x00000000ce400000|  0%| F|  |TAMS 0x00000000ce300000, 0x00000000ce300000| Untracked 
|  80|0x00000000ce400000, 0x00000000ce400000, 0x00000000ce500000|  0%| F|  |TAMS 0x00000000ce400000, 0x00000000ce400000| Untracked 
|  81|0x00000000ce500000, 0x00000000ce500000, 0x00000000ce600000|  0%| F|  |TAMS 0x00000000ce500000, 0x00000000ce500000| Untracked 
|  82|0x00000000ce600000, 0x00000000ce600000, 0x00000000ce700000|  0%| F|  |TAMS 0x00000000ce600000, 0x00000000ce600000| Untracked 
|  83|0x00000000ce700000, 0x00000000ce700000, 0x00000000ce800000|  0%| F|  |TAMS 0x00000000ce700000, 0x00000000ce700000| Untracked 
|  84|0x00000000ce800000, 0x00000000ce800000, 0x00000000ce900000|  0%| F|  |TAMS 0x00000000ce800000, 0x00000000ce800000| Untracked 
|  85|0x00000000ce900000, 0x00000000ce900000, 0x00000000cea00000|  0%| F|  |TAMS 0x00000000ce900000, 0x00000000ce900000| Untracked 
|  86|0x00000000cea00000, 0x00000000cea00000, 0x00000000ceb00000|  0%| F|  |TAMS 0x00000000cea00000, 0x00000000cea00000| Untracked 
|  87|0x00000000ceb00000, 0x00000000ceb00000, 0x00000000cec00000|  0%| F|  |TAMS 0x00000000ceb00000, 0x00000000ceb00000| Untracked 
|  88|0x00000000cec00000, 0x00000000cec00000, 0x00000000ced00000|  0%| F|  |TAMS 0x00000000cec00000, 0x00000000cec00000| Untracked 
|  89|0x00000000ced00000, 0x00000000ced00000, 0x00000000cee00000|  0%| F|  |TAMS 0x00000000ced00000, 0x00000000ced00000| Untracked 
|  90|0x00000000cee00000, 0x00000000cee00000, 0x00000000cef00000|  0%| F|  |TAMS 0x00000000cee00000, 0x00000000cee00000| Untracked 
|  91|0x00000000cef00000, 0x00000000cef00000, 0x00000000cf000000|  0%| F|  |TAMS 0x00000000cef00000, 0x00000000cef00000| Untracked 
|  92|0x00000000cf000000, 0x00000000cf05aa38, 0x00000000cf100000| 35%| S|CS|TAMS 0x00000000cf000000, 0x00000000cf000000| Complete 
|  93|0x00000000cf100000, 0x00000000cf200000, 0x00000000cf200000|100%| S|CS|TAMS 0x00000000cf100000, 0x00000000cf100000| Complete 
|  94|0x00000000cf200000, 0x00000000cf300000, 0x00000000cf300000|100%| S|CS|TAMS 0x00000000cf200000, 0x00000000cf200000| Complete 
|  95|0x00000000cf300000, 0x00000000cf400000, 0x00000000cf400000|100%| S|CS|TAMS 0x00000000cf300000, 0x00000000cf300000| Complete 
|  96|0x00000000cf400000, 0x00000000cf500000, 0x00000000cf500000|100%| S|CS|TAMS 0x00000000cf400000, 0x00000000cf400000| Complete 
|  97|0x00000000cf500000, 0x00000000cf600000, 0x00000000cf600000|100%| S|CS|TAMS 0x00000000cf500000, 0x00000000cf500000| Complete 
|  98|0x00000000cf600000, 0x00000000cf700000, 0x00000000cf700000|100%| S|CS|TAMS 0x00000000cf600000, 0x00000000cf600000| Complete 
|  99|0x00000000cf700000, 0x00000000cf800000, 0x00000000cf800000|100%| S|CS|TAMS 0x00000000cf700000, 0x00000000cf700000| Complete 
| 100|0x00000000cf800000, 0x00000000cf900000, 0x00000000cf900000|100%| S|CS|TAMS 0x00000000cf800000, 0x00000000cf800000| Complete 
| 101|0x00000000cf900000, 0x00000000cf900000, 0x00000000cfa00000|  0%| F|  |TAMS 0x00000000cf900000, 0x00000000cf900000| Untracked 
| 102|0x00000000cfa00000, 0x00000000cfa00000, 0x00000000cfb00000|  0%| F|  |TAMS 0x00000000cfa00000, 0x00000000cfa00000| Untracked 
| 103|0x00000000cfb00000, 0x00000000cfb00000, 0x00000000cfc00000|  0%| F|  |TAMS 0x00000000cfb00000, 0x00000000cfb00000| Untracked 
| 104|0x00000000cfc00000, 0x00000000cfc00000, 0x00000000cfd00000|  0%| F|  |TAMS 0x00000000cfc00000, 0x00000000cfc00000| Untracked 
| 105|0x00000000cfd00000, 0x00000000cfd00000, 0x00000000cfe00000|  0%| F|  |TAMS 0x00000000cfd00000, 0x00000000cfd00000| Untracked 
| 106|0x00000000cfe00000, 0x00000000cfe00000, 0x00000000cff00000|  0%| F|  |TAMS 0x00000000cfe00000, 0x00000000cfe00000| Untracked 
| 107|0x00000000cff00000, 0x00000000cff00000, 0x00000000d0000000|  0%| F|  |TAMS 0x00000000cff00000, 0x00000000cff00000| Untracked 
| 108|0x00000000d0000000, 0x00000000d0000000, 0x00000000d0100000|  0%| F|  |TAMS 0x00000000d0000000, 0x00000000d0000000| Untracked 
| 109|0x00000000d0100000, 0x00000000d0100000, 0x00000000d0200000|  0%| F|  |TAMS 0x00000000d0100000, 0x00000000d0100000| Untracked 
| 110|0x00000000d0200000, 0x00000000d0200000, 0x00000000d0300000|  0%| F|  |TAMS 0x00000000d0200000, 0x00000000d0200000| Untracked 
| 111|0x00000000d0300000, 0x00000000d0300000, 0x00000000d0400000|  0%| F|  |TAMS 0x00000000d0300000, 0x00000000d0300000| Untracked 
| 112|0x00000000d0400000, 0x00000000d0400000, 0x00000000d0500000|  0%| F|  |TAMS 0x00000000d0400000, 0x00000000d0400000| Untracked 
| 113|0x00000000d0500000, 0x00000000d0500000, 0x00000000d0600000|  0%| F|  |TAMS 0x00000000d0500000, 0x00000000d0500000| Untracked 
| 114|0x00000000d0600000, 0x00000000d0600000, 0x00000000d0700000|  0%| F|  |TAMS 0x00000000d0600000, 0x00000000d0600000| Untracked 
| 115|0x00000000d0700000, 0x00000000d0700000, 0x00000000d0800000|  0%| F|  |TAMS 0x00000000d0700000, 0x00000000d0700000| Untracked 
| 116|0x00000000d0800000, 0x00000000d0800000, 0x00000000d0900000|  0%| F|  |TAMS 0x00000000d0800000, 0x00000000d0800000| Untracked 
| 117|0x00000000d0900000, 0x00000000d0900000, 0x00000000d0a00000|  0%| F|  |TAMS 0x00000000d0900000, 0x00000000d0900000| Untracked 
| 118|0x00000000d0a00000, 0x00000000d0a00000, 0x00000000d0b00000|  0%| F|  |TAMS 0x00000000d0a00000, 0x00000000d0a00000| Untracked 
| 119|0x00000000d0b00000, 0x00000000d0b19fd8, 0x00000000d0c00000| 10%| E|  |TAMS 0x00000000d0b00000, 0x00000000d0b00000| Complete 
| 120|0x00000000d0c00000, 0x00000000d0cfad40, 0x00000000d0d00000| 97%| E|  |TAMS 0x00000000d0c00000, 0x00000000d0c00000| Complete 
| 121|0x00000000d0d00000, 0x00000000d0e00000, 0x00000000d0e00000|100%| E|CS|TAMS 0x00000000d0d00000, 0x00000000d0d00000| Complete 
| 122|0x00000000d0e00000, 0x00000000d0f00000, 0x00000000d0f00000|100%| E|CS|TAMS 0x00000000d0e00000, 0x00000000d0e00000| Complete 
| 123|0x00000000d0f00000, 0x00000000d1000000, 0x00000000d1000000|100%| E|CS|TAMS 0x00000000d0f00000, 0x00000000d0f00000| Complete 
| 124|0x00000000d1000000, 0x00000000d1100000, 0x00000000d1100000|100%| E|CS|TAMS 0x00000000d1000000, 0x00000000d1000000| Complete 
| 125|0x00000000d1100000, 0x00000000d1200000, 0x00000000d1200000|100%| E|CS|TAMS 0x00000000d1100000, 0x00000000d1100000| Complete 
| 126|0x00000000d1200000, 0x00000000d1300000, 0x00000000d1300000|100%| E|CS|TAMS 0x00000000d1200000, 0x00000000d1200000| Complete 
| 127|0x00000000d1300000, 0x00000000d1400000, 0x00000000d1400000|100%| E|CS|TAMS 0x00000000d1300000, 0x00000000d1300000| Complete 
| 128|0x00000000d1400000, 0x00000000d1500000, 0x00000000d1500000|100%| E|CS|TAMS 0x00000000d1400000, 0x00000000d1400000| Complete 
| 129|0x00000000d1500000, 0x00000000d1600000, 0x00000000d1600000|100%| E|CS|TAMS 0x00000000d1500000, 0x00000000d1500000| Complete 
| 130|0x00000000d1600000, 0x00000000d1700000, 0x00000000d1700000|100%| E|CS|TAMS 0x00000000d1600000, 0x00000000d1600000| Complete 
| 131|0x00000000d1700000, 0x00000000d1800000, 0x00000000d1800000|100%| E|CS|TAMS 0x00000000d1700000, 0x00000000d1700000| Complete 
| 132|0x00000000d1800000, 0x00000000d1900000, 0x00000000d1900000|100%| E|CS|TAMS 0x00000000d1800000, 0x00000000d1800000| Complete 
| 133|0x00000000d1900000, 0x00000000d1a00000, 0x00000000d1a00000|100%| E|CS|TAMS 0x00000000d1900000, 0x00000000d1900000| Complete 
| 134|0x00000000d1a00000, 0x00000000d1b00000, 0x00000000d1b00000|100%| E|CS|TAMS 0x00000000d1a00000, 0x00000000d1a00000| Complete 
| 135|0x00000000d1b00000, 0x00000000d1c00000, 0x00000000d1c00000|100%| E|CS|TAMS 0x00000000d1b00000, 0x00000000d1b00000| Complete 
| 136|0x00000000d1c00000, 0x00000000d1d00000, 0x00000000d1d00000|100%| E|CS|TAMS 0x00000000d1c00000, 0x00000000d1c00000| Complete 
| 137|0x00000000d1d00000, 0x00000000d1e00000, 0x00000000d1e00000|100%| E|CS|TAMS 0x00000000d1d00000, 0x00000000d1d00000| Complete 
| 138|0x00000000d1e00000, 0x00000000d1f00000, 0x00000000d1f00000|100%| E|CS|TAMS 0x00000000d1e00000, 0x00000000d1e00000| Complete 
| 139|0x00000000d1f00000, 0x00000000d2000000, 0x00000000d2000000|100%| E|CS|TAMS 0x00000000d1f00000, 0x00000000d1f00000| Complete 
| 140|0x00000000d2000000, 0x00000000d2100000, 0x00000000d2100000|100%| E|CS|TAMS 0x00000000d2000000, 0x00000000d2000000| Complete 
| 141|0x00000000d2100000, 0x00000000d2200000, 0x00000000d2200000|100%| E|CS|TAMS 0x00000000d2100000, 0x00000000d2100000| Complete 
| 142|0x00000000d2200000, 0x00000000d2300000, 0x00000000d2300000|100%| E|CS|TAMS 0x00000000d2200000, 0x00000000d2200000| Complete 
| 143|0x00000000d2300000, 0x00000000d2400000, 0x00000000d2400000|100%| E|CS|TAMS 0x00000000d2300000, 0x00000000d2300000| Complete 
| 144|0x00000000d2400000, 0x00000000d2500000, 0x00000000d2500000|100%| E|CS|TAMS 0x00000000d2400000, 0x00000000d2400000| Complete 
| 145|0x00000000d2500000, 0x00000000d2600000, 0x00000000d2600000|100%| E|CS|TAMS 0x00000000d2500000, 0x00000000d2500000| Complete 
| 146|0x00000000d2600000, 0x00000000d2700000, 0x00000000d2700000|100%| E|CS|TAMS 0x00000000d2600000, 0x00000000d2600000| Complete 
| 147|0x00000000d2700000, 0x00000000d2800000, 0x00000000d2800000|100%| E|CS|TAMS 0x00000000d2700000, 0x00000000d2700000| Complete 
| 148|0x00000000d2800000, 0x00000000d2900000, 0x00000000d2900000|100%| E|CS|TAMS 0x00000000d2800000, 0x00000000d2800000| Complete 
| 149|0x00000000d2900000, 0x00000000d2a00000, 0x00000000d2a00000|100%| E|CS|TAMS 0x00000000d2900000, 0x00000000d2900000| Complete 
| 150|0x00000000d2a00000, 0x00000000d2b00000, 0x00000000d2b00000|100%| E|CS|TAMS 0x00000000d2a00000, 0x00000000d2a00000| Complete 
| 151|0x00000000d2b00000, 0x00000000d2c00000, 0x00000000d2c00000|100%| E|CS|TAMS 0x00000000d2b00000, 0x00000000d2b00000| Complete 
| 152|0x00000000d2c00000, 0x00000000d2d00000, 0x00000000d2d00000|100%| E|CS|TAMS 0x00000000d2c00000, 0x00000000d2c00000| Complete 
| 153|0x00000000d2d00000, 0x00000000d2e00000, 0x00000000d2e00000|100%| E|CS|TAMS 0x00000000d2d00000, 0x00000000d2d00000| Complete 
| 154|0x00000000d2e00000, 0x00000000d2f00000, 0x00000000d2f00000|100%| E|CS|TAMS 0x00000000d2e00000, 0x00000000d2e00000| Complete 
| 155|0x00000000d2f00000, 0x00000000d3000000, 0x00000000d3000000|100%| E|CS|TAMS 0x00000000d2f00000, 0x00000000d2f00000| Complete 
| 156|0x00000000d3000000, 0x00000000d3100000, 0x00000000d3100000|100%| E|CS|TAMS 0x00000000d3000000, 0x00000000d3000000| Complete 
| 157|0x00000000d3100000, 0x00000000d3200000, 0x00000000d3200000|100%| E|CS|TAMS 0x00000000d3100000, 0x00000000d3100000| Complete 
| 158|0x00000000d3200000, 0x00000000d3300000, 0x00000000d3300000|100%| E|CS|TAMS 0x00000000d3200000, 0x00000000d3200000| Complete 
| 159|0x00000000d3300000, 0x00000000d3400000, 0x00000000d3400000|100%| E|CS|TAMS 0x00000000d3300000, 0x00000000d3300000| Complete 
| 160|0x00000000d3400000, 0x00000000d3500000, 0x00000000d3500000|100%| E|CS|TAMS 0x00000000d3400000, 0x00000000d3400000| Complete 
| 161|0x00000000d3500000, 0x00000000d3600000, 0x00000000d3600000|100%| E|CS|TAMS 0x00000000d3500000, 0x00000000d3500000| Complete 
| 162|0x00000000d3600000, 0x00000000d3700000, 0x00000000d3700000|100%| E|CS|TAMS 0x00000000d3600000, 0x00000000d3600000| Complete 
| 163|0x00000000d3700000, 0x00000000d3800000, 0x00000000d3800000|100%| E|CS|TAMS 0x00000000d3700000, 0x00000000d3700000| Complete 
| 164|0x00000000d3800000, 0x00000000d3900000, 0x00000000d3900000|100%| E|CS|TAMS 0x00000000d3800000, 0x00000000d3800000| Complete 
| 165|0x00000000d3900000, 0x00000000d3a00000, 0x00000000d3a00000|100%| E|CS|TAMS 0x00000000d3900000, 0x00000000d3900000| Complete 
| 166|0x00000000d3a00000, 0x00000000d3b00000, 0x00000000d3b00000|100%| E|CS|TAMS 0x00000000d3a00000, 0x00000000d3a00000| Complete 
| 167|0x00000000d3b00000, 0x00000000d3c00000, 0x00000000d3c00000|100%| E|CS|TAMS 0x00000000d3b00000, 0x00000000d3b00000| Complete 
| 168|0x00000000d3c00000, 0x00000000d3d00000, 0x00000000d3d00000|100%| E|CS|TAMS 0x00000000d3c00000, 0x00000000d3c00000| Complete 
| 169|0x00000000d3d00000, 0x00000000d3e00000, 0x00000000d3e00000|100%| E|CS|TAMS 0x00000000d3d00000, 0x00000000d3d00000| Complete 
| 170|0x00000000d3e00000, 0x00000000d3f00000, 0x00000000d3f00000|100%| E|CS|TAMS 0x00000000d3e00000, 0x00000000d3e00000| Complete 
| 171|0x00000000d3f00000, 0x00000000d4000000, 0x00000000d4000000|100%| E|CS|TAMS 0x00000000d3f00000, 0x00000000d3f00000| Complete 
| 172|0x00000000d4000000, 0x00000000d4100000, 0x00000000d4100000|100%| E|CS|TAMS 0x00000000d4000000, 0x00000000d4000000| Complete 
| 173|0x00000000d4100000, 0x00000000d4200000, 0x00000000d4200000|100%| E|CS|TAMS 0x00000000d4100000, 0x00000000d4100000| Complete 
| 174|0x00000000d4200000, 0x00000000d4300000, 0x00000000d4300000|100%| E|CS|TAMS 0x00000000d4200000, 0x00000000d4200000| Complete 
| 175|0x00000000d4300000, 0x00000000d4400000, 0x00000000d4400000|100%| E|CS|TAMS 0x00000000d4300000, 0x00000000d4300000| Complete 
| 176|0x00000000d4400000, 0x00000000d4500000, 0x00000000d4500000|100%| E|CS|TAMS 0x00000000d4400000, 0x00000000d4400000| Complete 
| 177|0x00000000d4500000, 0x00000000d4600000, 0x00000000d4600000|100%| E|CS|TAMS 0x00000000d4500000, 0x00000000d4500000| Complete 
| 178|0x00000000d4600000, 0x00000000d4700000, 0x00000000d4700000|100%| E|CS|TAMS 0x00000000d4600000, 0x00000000d4600000| Complete 
| 179|0x00000000d4700000, 0x00000000d4800000, 0x00000000d4800000|100%| E|CS|TAMS 0x00000000d4700000, 0x00000000d4700000| Complete 
| 180|0x00000000d4800000, 0x00000000d4900000, 0x00000000d4900000|100%| E|CS|TAMS 0x00000000d4800000, 0x00000000d4800000| Complete 
| 181|0x00000000d4900000, 0x00000000d4a00000, 0x00000000d4a00000|100%| E|CS|TAMS 0x00000000d4900000, 0x00000000d4900000| Complete 
| 182|0x00000000d4a00000, 0x00000000d4b00000, 0x00000000d4b00000|100%| E|CS|TAMS 0x00000000d4a00000, 0x00000000d4a00000| Complete 
| 183|0x00000000d4b00000, 0x00000000d4c00000, 0x00000000d4c00000|100%| E|CS|TAMS 0x00000000d4b00000, 0x00000000d4b00000| Complete 
| 184|0x00000000d4c00000, 0x00000000d4d00000, 0x00000000d4d00000|100%| E|CS|TAMS 0x00000000d4c00000, 0x00000000d4c00000| Complete 
| 185|0x00000000d4d00000, 0x00000000d4e00000, 0x00000000d4e00000|100%| E|CS|TAMS 0x00000000d4d00000, 0x00000000d4d00000| Complete 
| 186|0x00000000d4e00000, 0x00000000d4f00000, 0x00000000d4f00000|100%| E|CS|TAMS 0x00000000d4e00000, 0x00000000d4e00000| Complete 
| 187|0x00000000d4f00000, 0x00000000d5000000, 0x00000000d5000000|100%| E|CS|TAMS 0x00000000d4f00000, 0x00000000d4f00000| Complete 
| 188|0x00000000d5000000, 0x00000000d5100000, 0x00000000d5100000|100%| E|CS|TAMS 0x00000000d5000000, 0x00000000d5000000| Complete 
| 189|0x00000000d5100000, 0x00000000d5200000, 0x00000000d5200000|100%| E|CS|TAMS 0x00000000d5100000, 0x00000000d5100000| Complete 
| 190|0x00000000d5200000, 0x00000000d5300000, 0x00000000d5300000|100%| E|CS|TAMS 0x00000000d5200000, 0x00000000d5200000| Complete 
| 191|0x00000000d5300000, 0x00000000d5400000, 0x00000000d5400000|100%| E|CS|TAMS 0x00000000d5300000, 0x00000000d5300000| Complete 

Card table byte_map: [0x00000255e2910000,0x00000255e2ad0000] _byte_map_base: 0x00000255e22c6000

Marking Bits (Prev, Next): (CMBitMap*) 0x00000255dccc1cc0, (CMBitMap*) 0x00000255dccc1d00
 Prev Bits: [0x00000255e2c90000, 0x00000255e3a40000)
 Next Bits: [0x00000255e3a40000, 0x00000255e47f0000)

Polling page: 0x00000255dae30000

Metaspace:

Usage:
  Non-class:     29.14 MB used.
      Class:      4.35 MB used.
       Both:     33.48 MB used.

Virtual space:
  Non-class space:       32.00 MB reserved,      29.31 MB ( 92%) committed,  4 nodes.
      Class space:        1.00 GB reserved,       4.50 MB ( <1%) committed,  1 nodes.
             Both:        1.03 GB reserved,      33.81 MB (  3%) committed. 

Chunk freelists:
   Non-Class:  1.98 MB
       Class:  3.52 MB
        Both:  5.50 MB

MaxMetaspaceSize: unlimited
CompressedClassSpaceSize: 1.00 GB
Initial GC threshold: 21.00 MB
Current GC threshold: 55.94 MB
CDS: off
MetaspaceReclaimPolicy: balanced
 - commit_granule_bytes: 65536.
 - commit_granule_words: 8192.
 - virtual_space_node_default_size: 1048576.
 - enlarge_chunks_in_place: 1.
 - new_chunks_are_fully_committed: 0.
 - uncommit_free_chunks: 1.
 - use_allocation_guard: 0.
 - handle_deallocations: 1.


Internal statistics:

num_allocs_failed_limit: 3.
num_arena_births: 306.
num_arena_deaths: 0.
num_vsnodes_births: 5.
num_vsnodes_deaths: 0.
num_space_committed: 541.
num_space_uncommitted: 0.
num_chunks_returned_to_freelist: 3.
num_chunks_taken_from_freelist: 1282.
num_chunk_merges: 3.
num_chunk_splits: 866.
num_chunks_enlarged: 681.
num_purges: 0.
num_inconsistent_stats: 0.

CodeCache: size=49152Kb used=7181Kb max_used=8228Kb free=41970Kb
 bounds [0x00000255df910000, 0x00000255e0130000, 0x00000255e2910000]
 total_blobs=4071 nmethods=3551 adapters=446
 compilation: enabled
              stopped_count=0, restarted_count=0
 full_count=0

Compilation events (20 events):
Event: 37.866 Thread 0x00000255e6cf3ce0 3542       1       io.github.classgraph.ObjectTypedValueWrapper::<init> (498 bytes)
Event: 37.869 Thread 0x00000255e6cf3ce0 nmethod 3542 0x00000255e0121810 code [0x00000255e0121c00, 0x00000255e0123768]
Event: 37.869 Thread 0x00000255e6cf3ce0 3544       1       io.github.classgraph.ObjectTypedValueWrapper::instantiateOrGet (416 bytes)
Event: 37.871 Thread 0x00000255e6cf3ce0 nmethod 3544 0x00000255e0120990 code [0x00000255e0120c60, 0x00000255e0121568]
Event: 37.871 Thread 0x00000255e6cf3ce0 3545       1       io.github.classgraph.Classfile::extendScanningUpwardsFromAnnotationParameterValues (166 bytes)
Event: 37.872 Thread 0x00000255e6cf3ce0 nmethod 3545 0x00000255e011fa10 code [0x00000255e011fca0, 0x00000255e0120448]
Event: 37.872 Thread 0x00000255e6cf3ce0 3543       1       io.github.classgraph.AnnotationParameterValue::<init> (22 bytes)
Event: 37.873 Thread 0x00000255e6cf3ce0 nmethod 3543 0x00000255e011f590 code [0x00000255e011f740, 0x00000255e011f948]
Event: 37.873 Thread 0x00000255e6cf3ce0 3546       1       io.github.classgraph.AnnotationParameterValue::getValue (19 bytes)
Event: 37.873 Thread 0x00000255e6cf3ce0 nmethod 3546 0x00000255e011f210 code [0x00000255e011f3a0, 0x00000255e011f4c8]
Event: 37.953 Thread 0x00000255e6cf3ce0 3547       1       io.github.classgraph.MethodInfoList::<init> (5 bytes)
Event: 37.953 Thread 0x00000255e6cf3ce0 nmethod 3547 0x00000255e011ee90 code [0x00000255e011f020, 0x00000255e011f158]
Event: 38.032 Thread 0x00000255e6cf3ce0 3548   !   1       sun.nio.fs.WindowsDirectoryStream::<init> (175 bytes)
Event: 38.035 Thread 0x00000255e6cf3ce0 nmethod 3548 0x00000255e011d710 code [0x00000255e011d9e0, 0x00000255e011e568]
Event: 39.061 Thread 0x00000255e6cf3ce0 3549       1       java.nio.file.Path::resolve (21 bytes)
Event: 39.067 Thread 0x00000255e6cf3ce0 nmethod 3549 0x00000255e011d210 code [0x00000255e011d3c0, 0x00000255e011d5a8]
Event: 39.068 Thread 0x00000255e6cf3ce0 3550       1       sun.nio.fs.WindowsPath::resolve (6 bytes)
Event: 39.069 Thread 0x00000255e6cf3ce0 nmethod 3550 0x00000255e011cf10 code [0x00000255e011d0a0, 0x00000255e011d188]
Event: 39.069 Thread 0x00000255e6cf3ce0 3551       1       sun.nio.fs.WindowsPath::resolve (393 bytes)
Event: 39.079 Thread 0x00000255e6cf3ce0 nmethod 3551 0x00000255e011a510 code [0x00000255e011a9c0, 0x00000255e011c208]

GC Heap History (20 events):
Event: 30.752 GC heap before
{Heap before GC invocations=23 (full 0):
 garbage-first heap   total 142336K, used 109610K [0x00000000c9400000, 0x0000000100000000)
  region size 1024K, 64 young (65536K), 6 survivors (6144K)
 Metaspace       used 34284K, committed 34624K, reserved 1081344K
  class space    used 4451K, committed 4608K, reserved 1048576K
}
Event: 30.759 GC heap after
{Heap after GC invocations=24 (full 0):
 garbage-first heap   total 142336K, used 54378K [0x00000000c9400000, 0x0000000100000000)
  region size 1024K, 6 young (6144K), 6 survivors (6144K)
 Metaspace       used 34284K, committed 34624K, reserved 1081344K
  class space    used 4451K, committed 4608K, reserved 1048576K
}
Event: 30.870 GC heap before
{Heap before GC invocations=24 (full 0):
 garbage-first heap   total 142336K, used 112746K [0x00000000c9400000, 0x0000000100000000)
  region size 1024K, 64 young (65536K), 6 survivors (6144K)
 Metaspace       used 34284K, committed 34624K, reserved 1081344K
  class space    used 4451K, committed 4608K, reserved 1048576K
}
Event: 30.877 GC heap after
{Heap after GC invocations=25 (full 0):
 garbage-first heap   total 142336K, used 57478K [0x00000000c9400000, 0x0000000100000000)
  region size 1024K, 6 young (6144K), 6 survivors (6144K)
 Metaspace       used 34284K, committed 34624K, reserved 1081344K
  class space    used 4451K, committed 4608K, reserved 1048576K
}
Event: 30.988 GC heap before
{Heap before GC invocations=25 (full 0):
 garbage-first heap   total 142336K, used 114822K [0x00000000c9400000, 0x0000000100000000)
  region size 1024K, 63 young (64512K), 6 survivors (6144K)
 Metaspace       used 34284K, committed 34624K, reserved 1081344K
  class space    used 4451K, committed 4608K, reserved 1048576K
}
Event: 30.994 GC heap after
{Heap after GC invocations=26 (full 0):
 garbage-first heap   total 142336K, used 60093K [0x00000000c9400000, 0x0000000100000000)
  region size 1024K, 6 young (6144K), 6 survivors (6144K)
 Metaspace       used 34284K, committed 34624K, reserved 1081344K
  class space    used 4451K, committed 4608K, reserved 1048576K
}
Event: 31.858 GC heap before
{Heap before GC invocations=26 (full 0):
 garbage-first heap   total 142336K, used 116413K [0x00000000c9400000, 0x0000000100000000)
  region size 1024K, 62 young (63488K), 6 survivors (6144K)
 Metaspace       used 34284K, committed 34624K, reserved 1081344K
  class space    used 4451K, committed 4608K, reserved 1048576K
}
Event: 31.865 GC heap after
{Heap after GC invocations=27 (full 0):
 garbage-first heap   total 142336K, used 62983K [0x00000000c9400000, 0x0000000100000000)
  region size 1024K, 6 young (6144K), 6 survivors (6144K)
 Metaspace       used 34284K, committed 34624K, reserved 1081344K
  class space    used 4451K, committed 4608K, reserved 1048576K
}
Event: 34.320 GC heap before
{Heap before GC invocations=27 (full 0):
 garbage-first heap   total 142336K, used 117255K [0x00000000c9400000, 0x0000000100000000)
  region size 1024K, 60 young (61440K), 6 survivors (6144K)
 Metaspace       used 34284K, committed 34624K, reserved 1081344K
  class space    used 4451K, committed 4608K, reserved 1048576K
}
Event: 34.328 GC heap after
{Heap after GC invocations=28 (full 0):
 garbage-first heap   total 142336K, used 66255K [0x00000000c9400000, 0x0000000100000000)
  region size 1024K, 6 young (6144K), 6 survivors (6144K)
 Metaspace       used 34284K, committed 34624K, reserved 1081344K
  class space    used 4451K, committed 4608K, reserved 1048576K
}
Event: 37.842 GC heap before
{Heap before GC invocations=28 (full 0):
 garbage-first heap   total 142336K, used 118479K [0x00000000c9400000, 0x0000000100000000)
  region size 1024K, 58 young (59392K), 6 survivors (6144K)
 Metaspace       used 34284K, committed 34624K, reserved 1081344K
  class space    used 4451K, committed 4608K, reserved 1048576K
}
Event: 37.849 GC heap after
{Heap after GC invocations=29 (full 0):
 garbage-first heap   total 142336K, used 68652K [0x00000000c9400000, 0x0000000100000000)
  region size 1024K, 6 young (6144K), 6 survivors (6144K)
 Metaspace       used 34284K, committed 34624K, reserved 1081344K
  class space    used 4451K, committed 4608K, reserved 1048576K
}
Event: 37.954 GC heap before
{Heap before GC invocations=29 (full 0):
 garbage-first heap   total 142336K, used 118828K [0x00000000c9400000, 0x0000000100000000)
  region size 1024K, 56 young (57344K), 6 survivors (6144K)
 Metaspace       used 34284K, committed 34624K, reserved 1081344K
  class space    used 4451K, committed 4608K, reserved 1048576K
}
Event: 37.960 GC heap after
{Heap after GC invocations=30 (full 0):
 garbage-first heap   total 142336K, used 72352K [0x00000000c9400000, 0x0000000100000000)
  region size 1024K, 7 young (7168K), 7 survivors (7168K)
 Metaspace       used 34284K, committed 34624K, reserved 1081344K
  class space    used 4451K, committed 4608K, reserved 1048576K
}
Event: 38.056 GC heap before
{Heap before GC invocations=30 (full 0):
 garbage-first heap   total 142336K, used 118432K [0x00000000c9400000, 0x0000000100000000)
  region size 1024K, 53 young (54272K), 7 survivors (7168K)
 Metaspace       used 34284K, committed 34624K, reserved 1081344K
  class space    used 4451K, committed 4608K, reserved 1048576K
}
Event: 38.117 GC heap after
{Heap after GC invocations=31 (full 0):
 garbage-first heap   total 196608K, used 74406K [0x00000000c9400000, 0x0000000100000000)
  region size 1024K, 6 young (6144K), 6 survivors (6144K)
 Metaspace       used 34284K, committed 34624K, reserved 1081344K
  class space    used 4451K, committed 4608K, reserved 1048576K
}
Event: 38.435 GC heap before
{Heap before GC invocations=31 (full 0):
 garbage-first heap   total 196608K, used 156326K [0x00000000c9400000, 0x0000000100000000)
  region size 1024K, 87 young (89088K), 6 survivors (6144K)
 Metaspace       used 34284K, committed 34624K, reserved 1081344K
  class space    used 4451K, committed 4608K, reserved 1048576K
}
Event: 38.444 GC heap after
{Heap after GC invocations=32 (full 0):
 garbage-first heap   total 196608K, used 77680K [0x00000000c9400000, 0x0000000100000000)
  region size 1024K, 9 young (9216K), 9 survivors (9216K)
 Metaspace       used 34284K, committed 34624K, reserved 1081344K
  class space    used 4451K, committed 4608K, reserved 1048576K
}
Event: 38.704 GC heap before
{Heap before GC invocations=32 (full 0):
 garbage-first heap   total 196608K, used 161648K [0x00000000c9400000, 0x0000000100000000)
  region size 1024K, 91 young (93184K), 9 survivors (9216K)
 Metaspace       used 34286K, committed 34624K, reserved 1081344K
  class space    used 4451K, committed 4608K, reserved 1048576K
}
Event: 39.005 GC heap after
{Heap after GC invocations=33 (full 0):
 garbage-first heap   total 196608K, used 80399K [0x00000000c9400000, 0x0000000100000000)
  region size 1024K, 9 young (9216K), 9 survivors (9216K)
 Metaspace       used 34286K, committed 34624K, reserved 1081344K
  class space    used 4451K, committed 4608K, reserved 1048576K
}

Deoptimization events (16 events):
Event: 4.731 Thread 0x00000255dac2d760 DEOPT PACKING pc=0x00000255dfca3d75 sp=0x0000009b347fda20
Event: 4.731 Thread 0x00000255dac2d760 DEOPT UNPACKING pc=0x00000255df962b43 sp=0x0000009b347fce90 mode 3
Event: 8.955 Thread 0x00000255dac2d760 DEOPT PACKING pc=0x00000255dfacd219 sp=0x0000009b347fd290
Event: 8.955 Thread 0x00000255dac2d760 DEOPT UNPACKING pc=0x00000255df962b43 sp=0x0000009b347fc770 mode 3
Event: 11.356 Thread 0x00000255dac2d760 DEOPT PACKING pc=0x00000255dfde8b75 sp=0x0000009b347fce00
Event: 11.356 Thread 0x00000255dac2d760 DEOPT UNPACKING pc=0x00000255df962b43 sp=0x0000009b347fc270 mode 3
Event: 16.512 Thread 0x00000255dac2d760 DEOPT PACKING pc=0x00000255dfd26019 sp=0x0000009b347fc780
Event: 16.512 Thread 0x00000255dac2d760 DEOPT UNPACKING pc=0x00000255df962b43 sp=0x0000009b347fbc68 mode 3
Event: 17.045 Thread 0x00000255e8ef7030 DEOPT PACKING pc=0x00000255dfe64b2b sp=0x0000009b357fe470
Event: 17.045 Thread 0x00000255e8ef7030 DEOPT UNPACKING pc=0x00000255df962b43 sp=0x0000009b357fd9b8 mode 3
Event: 17.825 Thread 0x00000255e8fc03b0 DEOPT PACKING pc=0x00000255e00567b5 sp=0x0000009b36afd7f0
Event: 17.825 Thread 0x00000255e8fc03b0 DEOPT UNPACKING pc=0x00000255df962b43 sp=0x0000009b36afcd18 mode 3
Event: 17.858 Thread 0x00000255e94dd440 DEOPT PACKING pc=0x00000255dfacbd81 sp=0x0000009b361fdab0
Event: 17.858 Thread 0x00000255e94dd440 DEOPT UNPACKING pc=0x00000255df962b43 sp=0x0000009b361fcf40 mode 3
Event: 17.859 Thread 0x00000255e8fc2a30 DEOPT PACKING pc=0x00000255dfa88b17 sp=0x0000009b36bff340
Event: 17.859 Thread 0x00000255e8fc2a30 DEOPT UNPACKING pc=0x00000255df962b43 sp=0x0000009b36bfe798 mode 3

Classes unloaded (0 events):
No events

Classes redefined (0 events):
No events

Internal exceptions (20 events):
Event: 39.017 Thread 0x00000255e8fbfa10 Exception <a 'sun/nio/fs/WindowsException'{0x00000000d4cd52b8}> (0x00000000d4cd52b8) 
thrown [e:\jenkins\tmp\workspace\build\src\src\hotspot\share\prims\jni.cpp, line 516]
Event: 39.017 Thread 0x00000255e8fbfa10 Exception <a 'sun/nio/fs/WindowsException'{0x00000000d4cd5788}> (0x00000000d4cd5788) 
thrown [e:\jenkins\tmp\workspace\build\src\src\hotspot\share\prims\jni.cpp, line 516]
Event: 39.018 Thread 0x00000255e94dbe90 Exception <a 'sun/nio/fs/WindowsException'{0x00000000d48fe7b0}> (0x00000000d48fe7b0) 
thrown [e:\jenkins\tmp\workspace\build\src\src\hotspot\share\prims\jni.cpp, line 516]
Event: 39.018 Thread 0x00000255e94dbe90 Exception <a 'sun/nio/fs/WindowsException'{0x00000000d48fec40}> (0x00000000d48fec40) 
thrown [e:\jenkins\tmp\workspace\build\src\src\hotspot\share\prims\jni.cpp, line 516]
Event: 39.020 Thread 0x00000255e94dc360 Exception <a 'sun/nio/fs/WindowsException'{0x00000000d4b35110}> (0x00000000d4b35110) 
thrown [e:\jenkins\tmp\workspace\build\src\src\hotspot\share\prims\jni.cpp, line 516]
Event: 39.020 Thread 0x00000255e94dc360 Exception <a 'sun/nio/fs/WindowsException'{0x00000000d4b35540}> (0x00000000d4b35540) 
thrown [e:\jenkins\tmp\workspace\build\src\src\hotspot\share\prims\jni.cpp, line 516]
Event: 39.022 Thread 0x00000255e8fc1bc0 Exception <a 'sun/nio/fs/WindowsException'{0x00000000d42fe3b0}> (0x00000000d42fe3b0) 
thrown [e:\jenkins\tmp\workspace\build\src\src\hotspot\share\prims\jni.cpp, line 516]
Event: 39.022 Thread 0x00000255e8fc1bc0 Exception <a 'sun/nio/fs/WindowsException'{0x00000000d42fe7f0}> (0x00000000d42fe7f0) 
thrown [e:\jenkins\tmp\workspace\build\src\src\hotspot\share\prims\jni.cpp, line 516]
Event: 39.032 Thread 0x00000255e8fbfa10 Exception <a 'sun/nio/fs/WindowsException'{0x00000000d39ac510}> (0x00000000d39ac510) 
thrown [e:\jenkins\tmp\workspace\build\src\src\hotspot\share\prims\jni.cpp, line 516]
Event: 39.032 Thread 0x00000255e8fbfa10 Exception <a 'sun/nio/fs/WindowsException'{0x00000000d39ac980}> (0x00000000d39ac980) 
thrown [e:\jenkins\tmp\workspace\build\src\src\hotspot\share\prims\jni.cpp, line 516]
Event: 39.033 Thread 0x00000255e8fc2090 Exception <a 'sun/nio/fs/WindowsException'{0x00000000d39f1850}> (0x00000000d39f1850) 
thrown [e:\jenkins\tmp\workspace\build\src\src\hotspot\share\prims\jni.cpp, line 516]
Event: 39.033 Thread 0x00000255e8fc2090 Exception <a 'sun/nio/fs/WindowsException'{0x00000000d39f1cf0}> (0x00000000d39f1cf0) 
thrown [e:\jenkins\tmp\workspace\build\src\src\hotspot\share\prims\jni.cpp, line 516]
Event: 39.034 Thread 0x00000255e8fbfa10 Exception <a 'sun/nio/fs/WindowsException'{0x00000000d37a5fd8}> (0x00000000d37a5fd8) 
thrown [e:\jenkins\tmp\workspace\build\src\src\hotspot\share\prims\jni.cpp, line 516]
Event: 39.034 Thread 0x00000255e8fbfa10 Exception <a 'sun/nio/fs/WindowsException'{0x00000000d37a6418}> (0x00000000d37a6418) 
thrown [e:\jenkins\tmp\workspace\build\src\src\hotspot\share\prims\jni.cpp, line 516]
Event: 39.060 Thread 0x00000255e94fe930 Exception <a 'sun/nio/fs/WindowsException'{0x00000000d205b550}> (0x00000000d205b550) 
thrown [e:\jenkins\tmp\workspace\build\src\src\hotspot\share\prims\jni.cpp, line 516]
Event: 39.060 Thread 0x00000255e94fe930 Exception <a 'sun/nio/fs/WindowsException'{0x00000000d205b980}> (0x00000000d205b980) 
thrown [e:\jenkins\tmp\workspace\build\src\src\hotspot\share\prims\jni.cpp, line 516]
Event: 39.061 Thread 0x00000255e8fbfa10 Exception <a 'sun/nio/fs/WindowsException'{0x00000000d1ff9ce8}> (0x00000000d1ff9ce8) 
thrown [e:\jenkins\tmp\workspace\build\src\src\hotspot\share\prims\jni.cpp, line 516]
Event: 39.061 Thread 0x00000255e8fbfa10 Exception <a 'sun/nio/fs/WindowsException'{0x00000000d1ffa120}> (0x00000000d1ffa120) 
thrown [e:\jenkins\tmp\workspace\build\src\src\hotspot\share\prims\jni.cpp, line 516]
Event: 39.069 Thread 0x00000255e8fc2090 Exception <a 'sun/nio/fs/WindowsException'{0x00000000d1999888}> (0x00000000d1999888) 
thrown [e:\jenkins\tmp\workspace\build\src\src\hotspot\share\prims\jni.cpp, line 516]
Event: 39.069 Thread 0x00000255e8fc2090 Exception <a 'sun/nio/fs/WindowsException'{0x00000000d1999cd8}> (0x00000000d1999cd8) 
thrown [e:\jenkins\tmp\workspace\build\src\src\hotspot\share\prims\jni.cpp, line 516]

VM Operations (20 events):
Event: 30.878 Executing VM operation: G1CollectForAllocation done
Event: 30.987 Executing VM operation: G1CollectForAllocation
Event: 30.987 Executing VM operation: G1CollectForAllocation done
Event: 30.988 Executing VM operation: G1CollectForAllocation
Event: 30.995 Executing VM operation: G1CollectForAllocation done
Event: 31.858 Executing VM operation: G1CollectForAllocation
Event: 31.865 Executing VM operation: G1CollectForAllocation done
Event: 34.320 Executing VM operation: G1CollectForAllocation
Event: 34.328 Executing VM operation: G1CollectForAllocation done
Event: 37.842 Executing VM operation: G1CollectForAllocation
Event: 37.849 Executing VM operation: G1CollectForAllocation done
Event: 37.954 Executing VM operation: G1CollectForAllocation
Event: 37.960 Executing VM operation: G1CollectForAllocation done
Event: 38.056 Executing VM operation: G1CollectForAllocation
Event: 38.118 Executing VM operation: G1CollectForAllocation done
Event: 38.390 Executing VM operation: G1CollectForAllocation
Event: 38.444 Executing VM operation: G1CollectForAllocation done
Event: 38.550 Executing VM operation: G1CollectForAllocation
Event: 39.005 Executing VM operation: G1CollectForAllocation done
Event: 39.246 Executing VM operation: G1Concurrent

Events (20 events):
Event: 17.858 loading class java/util/concurrent/locks/AbstractQueuedSynchronizer$ExclusiveNode done
Event: 17.982 Thread 0x00000255e8fbf540 Thread added: 0x00000255e8fbf540
Event: 18.145 loading class java/util/concurrent/CompletionException
Event: 18.145 loading class java/util/concurrent/CompletionException done
Event: 18.152 loading class java/io/PrintWriter
Event: 18.152 loading class java/io/PrintWriter done
Event: 18.154 loading class sun/nio/cs/StringUTF16
Event: 18.154 loading class sun/nio/cs/StringUTF16 done
Event: 18.155 loading class java/util/WeakHashMap$EntrySet
Event: 18.155 loading class java/util/WeakHashMap$EntrySet done
Event: 18.155 loading class java/util/WeakHashMap$EntryIterator
Event: 18.155 loading class java/util/WeakHashMap$HashIterator
Event: 18.155 loading class java/util/WeakHashMap$HashIterator done
Event: 18.155 loading class java/util/WeakHashMap$EntryIterator done
Event: 19.404 Thread 0x00000255e8f349b0 Thread exited: 0x00000255e8f349b0
Event: 21.127 loading class sun/nio/fs/WindowsChannelFactory$2
Event: 21.127 loading class sun/nio/fs/WindowsChannelFactory$2 done
Event: 21.150 Thread 0x00000255e8f349b0 Thread added: 0x00000255e8f349b0
Event: 23.228 Thread 0x00000255e8f349b0 Thread exited: 0x00000255e8f349b0
Event: 36.006 Thread 0x00000255e8f33570 Thread exited: 0x00000255e8f33570


Dynamic libraries:
0x00007ff754d40000 - 0x00007ff754d4e000 	c:\Users\Ronald\.vscode\extensions\redhat.java-1.7.0-win32-x64\jre\17.0.3-win32-x86_64\bin\java.exe
0x00007ff8b0910000 - 0x00007ff8b0b07000 	C:\Windows\SYSTEM32\ntdll.dll
0x00007ff8afad0000 - 0x00007ff8afb8d000 	C:\Windows\System32\KERNEL32.DLL
0x00007ff8ae380000 - 0x00007ff8ae64d000 	C:\Windows\System32\KERNELBASE.dll
0x00007ff8ae820000 - 0x00007ff8ae920000 	C:\Windows\System32\ucrtbase.dll
0x00007ff899d40000 - 0x00007ff899d58000 	c:\Users\Ronald\.vscode\extensions\redhat.java-1.7.0-win32-x64\jre\17.0.3-win32-x86_64\bin\jli.dll
0x00007ff8b06a0000 - 0x00007ff8b0840000 	C:\Windows\System32\USER32.dll
0x00007ff899d60000 - 0x00007ff899d79000 	c:\Users\Ronald\.vscode\extensions\redhat.java-1.7.0-win32-x64\jre\17.0.3-win32-x86_64\bin\VCRUNTIME140.dll
0x00007ff8ae760000 - 0x00007ff8ae782000 	C:\Windows\System32\win32u.dll
0x00007ff893f70000 - 0x00007ff89420a000 	C:\Windows\WinSxS\amd64_microsoft.windows.common-controls_6595b64144ccf1df_6.0.19041.1110_none_60b5254171f9507e\COMCTL32.dll
0x00007ff8aeef0000 - 0x00007ff8aef1a000 	C:\Windows\System32\GDI32.dll
0x00007ff8ae650000 - 0x00007ff8ae75b000 	C:\Windows\System32\gdi32full.dll
0x00007ff8ae2e0000 - 0x00007ff8ae37d000 	C:\Windows\System32\msvcp_win.dll
0x00007ff8af2e0000 - 0x00007ff8af37e000 	C:\Windows\System32\msvcrt.dll
0x00007ff8aefd0000 - 0x00007ff8af000000 	C:\Windows\System32\IMM32.DLL
0x00007ff8a9140000 - 0x00007ff8a914c000 	c:\Users\Ronald\.vscode\extensions\redhat.java-1.7.0-win32-x64\jre\17.0.3-win32-x86_64\bin\vcruntime140_1.dll
0x00007ff87b020000 - 0x00007ff87b0b1000 	c:\Users\Ronald\.vscode\extensions\redhat.java-1.7.0-win32-x64\jre\17.0.3-win32-x86_64\bin\msvcp140.dll
0x00007ff855a70000 - 0x00007ff8566b8000 	c:\Users\Ronald\.vscode\extensions\redhat.java-1.7.0-win32-x64\jre\17.0.3-win32-x86_64\bin\server\jvm.dll
0x00007ff8aeb60000 - 0x00007ff8aec0e000 	C:\Windows\System32\ADVAPI32.dll
0x00007ff8aef30000 - 0x00007ff8aefcc000 	C:\Windows\System32\sechost.dll
0x00007ff8af1b0000 - 0x00007ff8af2d5000 	C:\Windows\System32\RPCRT4.dll
0x00007ff8b0070000 - 0x00007ff8b0078000 	C:\Windows\System32\PSAPI.DLL
0x00007ff8a4ff0000 - 0x00007ff8a5017000 	C:\Windows\SYSTEM32\WINMM.dll
0x00007ff8a6eb0000 - 0x00007ff8a6eba000 	C:\Windows\SYSTEM32\VERSION.dll
0x00007ff89da40000 - 0x00007ff89da49000 	C:\Windows\SYSTEM32\WSOCK32.dll
0x00007ff8b0080000 - 0x00007ff8b00eb000 	C:\Windows\System32\WS2_32.dll
0x00007ff8abf30000 - 0x00007ff8abf42000 	C:\Windows\SYSTEM32\kernel.appcore.dll
0x00007ff89bb50000 - 0x00007ff89bb5a000 	c:\Users\Ronald\.vscode\extensions\redhat.java-1.7.0-win32-x64\jre\17.0.3-win32-x86_64\bin\jimage.dll
0x00007ff898350000 - 0x00007ff898534000 	C:\Windows\SYSTEM32\DBGHELP.DLL
0x00007ff898320000 - 0x00007ff89834c000 	C:\Windows\SYSTEM32\dbgcore.DLL
0x00007ff8ae790000 - 0x00007ff8ae812000 	C:\Windows\System32\bcryptPrimitives.dll
0x00007ff899d10000 - 0x00007ff899d35000 	c:\Users\Ronald\.vscode\extensions\redhat.java-1.7.0-win32-x64\jre\17.0.3-win32-x86_64\bin\java.dll
0x00007ff899cf0000 - 0x00007ff899d08000 	c:\Users\Ronald\.vscode\extensions\redhat.java-1.7.0-win32-x64\jre\17.0.3-win32-x86_64\bin\zip.dll
0x00007ff8af380000 - 0x00007ff8afac4000 	C:\Windows\System32\SHELL32.dll
0x00007ff8ac130000 - 0x00007ff8ac8c4000 	C:\Windows\SYSTEM32\windows.storage.dll
0x00007ff8b01d0000 - 0x00007ff8b0524000 	C:\Windows\System32\combase.dll
0x00007ff8ad9c0000 - 0x00007ff8ad9ec000 	C:\Windows\SYSTEM32\Wldp.dll
0x00007ff8aee40000 - 0x00007ff8aeeed000 	C:\Windows\System32\SHCORE.dll
0x00007ff8aed30000 - 0x00007ff8aed85000 	C:\Windows\System32\shlwapi.dll
0x00007ff8adf70000 - 0x00007ff8adf8f000 	C:\Windows\SYSTEM32\profapi.dll
0x00007ff898c50000 - 0x00007ff898c69000 	C:\Users\Ronald\.vscode\extensions\redhat.java-1.7.0-win32-x64\jre\17.0.3-win32-x86_64\bin\net.dll
0x00007ff898aa0000 - 0x00007ff898baa000 	C:\Windows\SYSTEM32\WINHTTP.dll
0x00007ff8ad720000 - 0x00007ff8ad78a000 	C:\Windows\system32\mswsock.dll
0x00007ff898c30000 - 0x00007ff898c45000 	C:\Users\Ronald\.vscode\extensions\redhat.java-1.7.0-win32-x64\jre\17.0.3-win32-x86_64\bin\nio.dll
0x00007ff8a8830000 - 0x00007ff8a8840000 	c:\Users\Ronald\.vscode\extensions\redhat.java-1.7.0-win32-x64\jre\17.0.3-win32-x86_64\bin\verify.dll
0x00007ff8ab890000 - 0x00007ff8ab899000 	C:\Users\Ronald\.vscode\extensions\redhat.java-1.7.0-win32-x64\jre\17.0.3-win32-x86_64\bin\management.dll
0x00007ff8a8ae0000 - 0x00007ff8a8aeb000 	C:\Users\Ronald\.vscode\extensions\redhat.java-1.7.0-win32-x64\jre\17.0.3-win32-x86_64\bin\management_ext.dll
0x00007ff899e20000 - 0x00007ff899e37000 	C:\Windows\system32\napinsp.dll
0x00007ff899e00000 - 0x00007ff899e1b000 	C:\Windows\system32\pnrpnsp.dll
0x00007ff8a9370000 - 0x00007ff8a9385000 	C:\Windows\system32\wshbth.dll
0x00007ff8a7ca0000 - 0x00007ff8a7cbd000 	C:\Windows\system32\NLAapi.dll
0x00007ff8ad410000 - 0x00007ff8ad44b000 	C:\Windows\SYSTEM32\IPHLPAPI.DLL
0x00007ff8ad450000 - 0x00007ff8ad51b000 	C:\Windows\SYSTEM32\DNSAPI.dll
0x00007ff8afb90000 - 0x00007ff8afb98000 	C:\Windows\System32\NSI.dll
0x00007ff899d80000 - 0x00007ff899d92000 	C:\Windows\System32\winrnr.dll
0x00007ff897720000 - 0x00007ff89772a000 	C:\Windows\System32\rasadhlp.dll
0x00007ff897d10000 - 0x00007ff897d90000 	C:\Windows\System32\fwpuclnt.dll
0x00007ff8ae200000 - 0x00007ff8ae227000 	C:\Windows\System32\bcrypt.dll
0x00007ff8ad910000 - 0x00007ff8ad928000 	C:\Windows\SYSTEM32\CRYPTSP.dll
0x00007ff8ad0a0000 - 0x00007ff8ad0d4000 	C:\Windows\system32\rsaenh.dll
0x00007ff8adf30000 - 0x00007ff8adf5e000 	C:\Windows\SYSTEM32\USERENV.dll
0x00007ff8ad930000 - 0x00007ff8ad93c000 	C:\Windows\SYSTEM32\CRYPTBASE.dll
0x00007ff89f180000 - 0x00007ff89f197000 	C:\Windows\SYSTEM32\dhcpcsvc6.DLL
0x00007ff8a06d0000 - 0x00007ff8a06ed000 	C:\Windows\SYSTEM32\dhcpcsvc.DLL

dbghelp: loaded successfully - version: 4.0.5 - missing functions: none
symbol engine: initialized successfully - sym options: 0x614 - pdb path: .;c:\Users\Ronald\.vscode\extensions\redhat.java-1.7.0-win32-x64\jre\17.0.3-win32-x86_64\bin;C:\Windows\SYSTEM32;C:\Windows\WinSxS\amd64_microsoft.windows.common-controls_6595b64144ccf1df_6.0.19041.1110_none_60b5254171f9507e;c:\Users\Ronald\.vscode\extensions\redhat.java-1.7.0-win32-x64\jre\17.0.3-win32-x86_64\bin\server

VM Arguments:
jvm_args: --add-modules=ALL-SYSTEM --add-exports=jdk.compiler/com.sun.tools.javac.file=ALL-UNNAMED --add-exports=jdk.compiler/com.sun.tools.javac.util=ALL-UNNAMED --add-exports=jdk.compiler/com.sun.tools.javac.comp=ALL-UNNAMED --add-exports=jdk.compiler/com.sun.tools.javac.main=ALL-UNNAMED --add-exports=jdk.compiler/com.sun.tools.javac.tree=ALL-UNNAMED --add-exports=jdk.compiler/com.sun.tools.javac.code=ALL-UNNAMED -Dsts.lsp.client=vscode -Dsts.log.file=/dev/null -XX:TieredStopAtLevel=1 -Dspring.config.location=file:c:\Users\Ronald\.vscode\extensions\pivotal.vscode-spring-boot-1.36.0\language-server\BOOT-INF\classes\application.properties 
java_command: org.springframework.ide.vscode.boot.app.BootLanguageServerBootApp
java_class_path (initial): c:\Users\Ronald\.vscode\extensions\pivotal.vscode-spring-boot-1.36.0\language-server\BOOT-INF\classes;c:\Users\Ronald\.vscode\extensions\pivotal.vscode-spring-boot-1.36.0\language-server\BOOT-INF\lib\annotations-23.0.0.jar;c:\Users\Ronald\.vscode\extensions\pivotal.vscode-spring-boot-1.36.0\language-server\BOOT-INF\lib\antlr-runtime-3.5.2.jar;c:\Users\Ronald\.vscode\extensions\pivotal.vscode-spring-boot-1.36.0\language-server\BOOT-INF\lib\antlr4-4.9.3.jar;c:\Users\Ronald\.vscode\extensions\pivotal.vscode-spring-boot-1.36.0\language-server\BOOT-INF\lib\antlr4-runtime-4.9.3.jar;c:\Users\Ronald\.vscode\extensions\pivotal.vscode-spring-boot-1.36.0\language-server\BOOT-INF\lib\asm-9.3.jar;c:\Users\Ronald\.vscode\extensions\pivotal.vscode-spring-boot-1.36.0\language-server\BOOT-INF\lib\asm-analysis-9.3.jar;c:\Users\Ronald\.vscode\extensions\pivotal.vscode-spring-boot-1.36.0\language-server\BOOT-INF\lib\asm-tree-9.3.jar;c:\Users\Ronald\.vscode\extensions\pivotal.vscode-spring-boot-1.36.0\language-server\BOOT-INF\lib\asm-util-9.3.jar;c:\Users\Ronald\.vscode\extensions\pivotal.vscode-spring-boot-1.36.0\language-server\BOOT-INF\lib\byte-buddy-1.10.18.jar;c:\Users\Ronald\.vscode\extensions\pivotal.vscode-spring-boot-1.36.0\language-server\BOOT-INF\lib\caffeine-2.8.6.jar;c:\Users\Ronald\.vscode\extensions\pivotal.vscode-spring-boot-1.36.0\language-server\BOOT-INF\lib\checker-qual-3.12.0.jar;c:\Users\Ronald\.vscode\extensions\pivotal.vscode-spring-boot-1.36.0\language-server\BOOT-INF\lib\classgraph-4.8.146.jar;c:\Users\Ronald\.vscode\extensions\pivotal.vscode-spring-boot-1.36.0\language-server\BOOT-INF\lib\commons-codec-1.14.jar;c:\Users\Ronald\.vscode\extensions\pivotal.vscode-spring-boot-1.36.0\language-server\BOOT-INF\lib\commons-compress-1.21.jar;c:\Users\Ronald\.vscode\extensions\pivotal.vscode-spring-boot-1.36.0\language-server\BOOT-INF\lib\commons-exec-1.3.jar;c:\Users\Ronald\.vscode\extensions\pivotal.vscode-spring-boot-1.36.0\language-server
Launcher Type: SUN_STANDARD

[Global flags]
     intx CICompilerCount                          = 3                                         {product} {ergonomic}
     uint ConcGCThreads                            = 1                                         {product} {ergonomic}
     uint G1ConcRefinementThreads                  = 4                                         {product} {ergonomic}
   size_t G1HeapRegionSize                         = 1048576                                   {product} {ergonomic}
    uintx GCDrainStackTargetSize                   = 64                                        {product} {ergonomic}
   size_t InitialHeapSize                          = 58720256                                  {product} {ergonomic}
   size_t MarkStackSize                            = 4194304                                   {product} {ergonomic}
   size_t MaxHeapSize                              = 918552576                                 {product} {ergonomic}
   size_t MaxNewSize                               = 550502400                                 {product} {ergonomic}
   size_t MinHeapDeltaBytes                        = 1048576                                   {product} {ergonomic}
   size_t MinHeapSize                              = 8388608                                   {product} {ergonomic}
    uintx NonProfiledCodeHeapSize                  = 0                                      {pd product} {ergonomic}
     bool ProfileInterpreter                       = false                                  {pd product} {command line}
    uintx ProfiledCodeHeapSize                     = 0                                      {pd product} {ergonomic}
   size_t SoftMaxHeapSize                          = 918552576                              {manageable} {ergonomic}
     intx TieredStopAtLevel                        = 1                                         {product} {command line}
     bool UseCompressedClassPointers               = true                           {product lp64_product} {ergonomic}
     bool UseCompressedOops                        = true                           {product lp64_product} {ergonomic}
     bool UseG1GC                                  = true                                      {product} {ergonomic}
     bool UseLargePagesIndividualAllocation        = false                                  {pd product} {ergonomic}

Logging:
Log output configuration:
 #0: stdout all=warning uptime,level,tags
 #1: stderr all=off uptime,level,tags

Environment Variables:
JAVA_HOME=C:\Users\Ronald\AppData\Local\Programs\Eclipse Adoptium\jdk-17.0.3.7-hotspot\
PATH=C:\ProgramData\Oracle\Java\javapath;C:\Windows\system32;C:\Windows;C:\Windows\System32\Wbem;C:\Windows\System32\WindowsPowerShell\v1.0\;C:\Windows\System32\OpenSSH\;C:\Users\Ronald\AppData\Local\Programs\Eclipse Adoptium\jdk-17.0.3.7-hotspot\bin;C:\Users\Ronald\AppData\Local\Microsoft\WindowsApps;C:\Users\Ronald\AppData\Local\Programs\Microsoft VS Code\bin
USERNAME=Ronald
OS=Windows_NT
PROCESSOR_IDENTIFIER=AMD64 Family 23 Model 24 Stepping 1, AuthenticAMD



---------------  S Y S T E M  ---------------

OS:
 Windows 10 , 64 bit Build 19041 (10.0.19041.1741)
OS uptime: 1 days 2:05 hours

CPU: total 4 (initial active 4) (4 cores per cpu, 2 threads per core) family 23 model 24 stepping 1 microcode 0x0, cx8, cmov, fxsr, ht, mmx, 3dnowpref, sse, sse2, sse3, ssse3, sse4a, sse4.1, sse4.2, popcnt, lzcnt, tsc, tscinvbit, avx, avx2, aes, clmul, bmi1, bmi2, adx, sha, fma, vzeroupper, clflush, clflushopt

Memory: 4k page, system-wide physical 3498M (229M free)
TotalPageFile size 14250M (AvailPageFile size 58M)
current process WorkingSet (physical memory assigned to process): 177M, peak: 265M
current process commit charge ("private bytes"): 315M, peak: 378M

vm_info: OpenJDK 64-Bit Server VM (17.0.3+7) for windows-amd64 JRE (17.0.3+7), built on Apr 19 2022 16:55:35 by "" with MS VC++ 16.7 (VS2019)

END.
