#
# There is insufficient memory for the Java Runtime Environment to continue.
# Native memory allocation (mmap) failed to map 4194304 bytes for G1 virtual space
# Possible reasons:
#   The system is out of physical RAM or swap space
#   The process is running with CompressedOops enabled, and the Java Heap may be blocking the growth of the native heap
# Possible solutions:
#   Reduce memory load on the system
#   Increase physical memory or swap space
#   Check if swap backing store is full
#   Decrease Java heap size (-Xmx/-Xms)
#   Decrease number of Java threads
#   Decrease Java thread stack sizes (-Xss)
#   Set larger code cache with -XX:ReservedCodeCacheSize=
#   JVM is running with Unscaled Compressed Oops mode in which the Java heap is
#     placed in the first 4GB address space. The Java Heap base address is the
#     maximum limit for the native heap growth. Please use -XX:HeapBaseMinAddress
#     to set the Java Heap base and to place the Java Heap above 4GB virtual address.
# This output file may be truncated or incomplete.
#
#  Out of Memory Error (os_windows.cpp:3535), pid=7952, tid=1472
#
# JRE version: OpenJDK Runtime Environment Temurin-17.0.3+7 (17.0.3+7) (build 17.0.3+7)
# Java VM: OpenJDK 64-Bit Server VM Temurin-17.0.3+7 (17.0.3+7, mixed mode, emulated-client, tiered, compressed oops, compressed class ptrs, g1 gc, windows-amd64)
# No core dump will be written. Minidumps are not enabled by default on client versions of Windows
#

---------------  S U M M A R Y ------------

Command Line: --add-modules=ALL-SYSTEM --add-exports=jdk.compiler/com.sun.tools.javac.file=ALL-UNNAMED --add-exports=jdk.compiler/com.sun.tools.javac.util=ALL-UNNAMED --add-exports=jdk.compiler/com.sun.tools.javac.comp=ALL-UNNAMED --add-exports=jdk.compiler/com.sun.tools.javac.main=ALL-UNNAMED --add-exports=jdk.compiler/com.sun.tools.javac.tree=ALL-UNNAMED --add-exports=jdk.compiler/com.sun.tools.javac.code=ALL-UNNAMED -Dsts.lsp.client=vscode -Dsts.log.file=/dev/null -XX:TieredStopAtLevel=1 -Dspring.config.location=file:c:\Users\Ronald\.vscode\extensions\pivotal.vscode-spring-boot-1.36.0\language-server\BOOT-INF\classes\application.properties org.springframework.ide.vscode.boot.app.BootLanguageServerBootApp

Host: AMD Ryzen 3 3200U with Radeon Vega Mobile Gfx  , 4 cores, 3G,  Windows 10 , 64 bit Build 19041 (10.0.19041.1741)
Time: Wed Jun 22 18:21:51 2022 Hora est. Pacífico, Sudamérica elapsed time: 5.528470 seconds (0d 0h 0m 5s)

---------------  T H R E A D  ---------------

Current thread (0x000001d20e708a80):  VMThread "VM Thread" [stack: 0x0000005ba2200000,0x0000005ba2300000] [id=1472]

Stack: [0x0000005ba2200000,0x0000005ba2300000]
Native frames: (J=compiled Java code, j=interpreted, Vv=VM code, C=native code)
V  [jvm.dll+0x675efa]
V  [jvm.dll+0x830a24]
V  [jvm.dll+0x8321ce]
V  [jvm.dll+0x832833]
V  [jvm.dll+0x2454b5]
V  [jvm.dll+0x672de9]
V  [jvm.dll+0x667732]
V  [jvm.dll+0x3043ab]
V  [jvm.dll+0x30b8f6]
V  [jvm.dll+0x35b62e]
V  [jvm.dll+0x35b85f]
V  [jvm.dll+0x2db248]
V  [jvm.dll+0x2d94fc]
V  [jvm.dll+0x2d8acc]
V  [jvm.dll+0x31ca2b]
V  [jvm.dll+0x836cdb]
V  [jvm.dll+0x837a14]
V  [jvm.dll+0x837f2c]
V  [jvm.dll+0x838304]
V  [jvm.dll+0x8383d0]
V  [jvm.dll+0x7e0cfa]
V  [jvm.dll+0x674d85]
C  [ucrtbase.dll+0x21bb2]
C  [KERNEL32.DLL+0x17034]
C  [ntdll.dll+0x52651]

VM_Operation (0x0000005ba39fd8a0): G1CollectForAllocation, mode: safepoint, requested by thread 0x000001d21108b100


---------------  P R O C E S S  ---------------

Threads class SMR info:
_java_thread_list=0x000001d210e1f790, length=25, elements={
0x000001d20e71e750, 0x000001d20e71fef0, 0x000001d20e733f90, 0x000001d20e7359c0,
0x000001d20e736280, 0x000001d20e736b40, 0x000001d20e7374b0, 0x000001d20e7647c0,
0x000001d20480b480, 0x000001d20e7cea90, 0x000001d20f3047f0, 0x000001d20fc761b0,
0x000001d210f31050, 0x000001d21104a580, 0x000001d21105e720, 0x000001d20473a950,
0x000001d21105ebf0, 0x000001d21108a420, 0x000001d211089ee0, 0x000001d21108b100,
0x000001d21108b5d0, 0x000001d2110c16f0, 0x000001d2110bfa10, 0x000001d2110c1bc0,
0x000001d2110c0d50
}

Java Threads: ( => current thread )
  0x000001d20e71e750 JavaThread "Reference Handler" daemon [_thread_blocked, id=13168, stack(0x0000005ba2300000,0x0000005ba2400000)]
  0x000001d20e71fef0 JavaThread "Finalizer" daemon [_thread_blocked, id=7032, stack(0x0000005ba2400000,0x0000005ba2500000)]
  0x000001d20e733f90 JavaThread "Signal Dispatcher" daemon [_thread_blocked, id=14600, stack(0x0000005ba2500000,0x0000005ba2600000)]
  0x000001d20e7359c0 JavaThread "Attach Listener" daemon [_thread_blocked, id=16028, stack(0x0000005ba2600000,0x0000005ba2700000)]
  0x000001d20e736280 JavaThread "Service Thread" daemon [_thread_blocked, id=15752, stack(0x0000005ba2700000,0x0000005ba2800000)]
  0x000001d20e736b40 JavaThread "Monitor Deflation Thread" daemon [_thread_blocked, id=14260, stack(0x0000005ba2800000,0x0000005ba2900000)]
  0x000001d20e7374b0 JavaThread "C1 CompilerThread0" daemon [_thread_in_native, id=13528, stack(0x0000005ba2900000,0x0000005ba2a00000)]
  0x000001d20e7647c0 JavaThread "Sweeper thread" daemon [_thread_blocked, id=14408, stack(0x0000005ba2a00000,0x0000005ba2b00000)]
  0x000001d20480b480 JavaThread "Common-Cleaner" daemon [_thread_blocked, id=14752, stack(0x0000005ba2b00000,0x0000005ba2c00000)]
  0x000001d20e7cea90 JavaThread "C1 CompilerThread1" daemon [_thread_in_native, id=14404, stack(0x0000005ba2c00000,0x0000005ba2d00000)]
  0x000001d20f3047f0 JavaThread "Notification Thread" daemon [_thread_blocked, id=13904, stack(0x0000005ba2d00000,0x0000005ba2e00000)]
  0x000001d20fc761b0 JavaThread "C1 CompilerThread2" daemon [_thread_blocked, id=15328, stack(0x0000005ba3200000,0x0000005ba3300000)]
  0x000001d210f31050 JavaThread "ForkJoinPool.commonPool-worker-1" daemon [_thread_blocked, id=8320, stack(0x0000005ba3300000,0x0000005ba3400000)]
  0x000001d21104a580 JavaThread "pool-7-thread-1" [_thread_blocked, id=14656, stack(0x0000005ba3400000,0x0000005ba3500000)]
  0x000001d21105e720 JavaThread "LanguageServerApp-lifecycle" [_thread_blocked, id=7144, stack(0x0000005ba3500000,0x0000005ba3600000)]
  0x000001d20473a950 JavaThread "DestroyJavaVM" [_thread_blocked, id=13804, stack(0x0000005ba1c00000,0x0000005ba1d00000)]
  0x000001d21105ebf0 JavaThread "ClassGraph-worker-0" daemon [_thread_blocked, id=12092, stack(0x0000005ba3600000,0x0000005ba3700000)]
  0x000001d21108a420 JavaThread "ClassGraph-worker-1" daemon [_thread_blocked, id=14940, stack(0x0000005ba3700000,0x0000005ba3800000)]
  0x000001d211089ee0 JavaThread "ClassGraph-worker-2" daemon [_thread_blocked, id=15808, stack(0x0000005ba3800000,0x0000005ba3900000)]
  0x000001d21108b100 JavaThread "ClassGraph-worker-3" daemon [_thread_blocked, id=16208, stack(0x0000005ba3900000,0x0000005ba3a00000)]
  0x000001d21108b5d0 JavaThread "ClassGraph-worker-4" daemon [_thread_blocked, id=1476, stack(0x0000005ba3a00000,0x0000005ba3b00000)]
  0x000001d2110c16f0 JavaThread "ClassGraph-worker-5" daemon [_thread_blocked, id=11480, stack(0x0000005ba3b00000,0x0000005ba3c00000)]
  0x000001d2110bfa10 JavaThread "ClassGraph-worker-6" daemon [_thread_blocked, id=8188, stack(0x0000005ba3c00000,0x0000005ba3d00000)]
  0x000001d2110c1bc0 JavaThread "ClassGraph-worker-7" daemon [_thread_blocked, id=5240, stack(0x0000005ba3d00000,0x0000005ba3e00000)]
  0x000001d2110c0d50 JavaThread "pool-8-thread-1" [_thread_blocked, id=14420, stack(0x0000005ba3e00000,0x0000005ba3f00000)]

Other Threads:
=>0x000001d20e708a80 VMThread "VM Thread" [stack: 0x0000005ba2200000,0x0000005ba2300000] [id=1472]
  0x000001d20f306cd0 WatcherThread [stack: 0x0000005ba2e00000,0x0000005ba2f00000] [id=13432]
  0x000001d204771600 GCTaskThread "GC Thread#0" [stack: 0x0000005ba1d00000,0x0000005ba1e00000] [id=15768]
  0x000001d20fb60620 GCTaskThread "GC Thread#1" [stack: 0x0000005ba2f00000,0x0000005ba3000000] [id=10052]
  0x000001d20fbedcd0 GCTaskThread "GC Thread#2" [stack: 0x0000005ba3000000,0x0000005ba3100000] [id=7016]
  0x000001d20fbf1f90 GCTaskThread "GC Thread#3" [stack: 0x0000005ba3100000,0x0000005ba3200000] [id=13440]
  0x000001d2047791d0 ConcurrentGCThread "G1 Main Marker" [stack: 0x0000005ba1e00000,0x0000005ba1f00000] [id=13300]
  0x000001d204779af0 ConcurrentGCThread "G1 Conc#0" [stack: 0x0000005ba1f00000,0x0000005ba2000000] [id=8456]
  0x000001d2047b5710 ConcurrentGCThread "G1 Refine#0" [stack: 0x0000005ba2000000,0x0000005ba2100000] [id=6552]
  0x000001d2047b6040 ConcurrentGCThread "G1 Service" [stack: 0x0000005ba2100000,0x0000005ba2200000] [id=10340]

Threads with active compile tasks:
C1 CompilerThread0     5600 3246   !   1       com.google.gson.internal.reflect.UnsafeReflectionAccessor::makeAccessible (53 bytes)
C1 CompilerThread1     5600 3241       1       java.net.URI::appendSchemeSpecificPart (185 bytes)
C1 CompilerThread2     5600 3262       1       java.lang.reflect.Field::getGenericType (20 bytes)

VM state: at safepoint (normal execution)

VM Mutex/Monitor currently owned by a thread:  ([mutex/lock_event])
[0x000001d202569430] Threads_lock - owner thread: 0x000001d20e708a80
[0x000001d20263afe0] Heap_lock - owner thread: 0x000001d21108b100

Heap address: 0x00000000c9400000, size: 876 MB, Compressed Oops mode: 32-bit

CDS archive(s) not mapped
Compressed class space mapped at: 0x0000000100000000-0x0000000140000000, reserved size: 1073741824
Narrow klass base: 0x0000000000000000, Narrow klass shift: 3, Narrow klass range: 0x140000000

GC Precious Log:
 CPUs: 4 total, 4 available
 Memory: 3498M
 Large Page Support: Disabled
 NUMA Support: Disabled
 Compressed Oops: Enabled (32-bit)
 Heap Region Size: 1M
 Heap Min Capacity: 8M
 Heap Initial Capacity: 56M
 Heap Max Capacity: 876M
 Pre-touch: Disabled
 Parallel Workers: 4
 Concurrent Workers: 1
 Concurrent Refinement Workers: 4
 Periodic GC: Disabled

Heap:
 garbage-first heap   total 51200K, used 24803K [0x00000000c9400000, 0x0000000100000000)
  region size 1024K, 3 young (3072K), 3 survivors (3072K)
 Metaspace       used 32677K, committed 32960K, reserved 1081344K
  class space    used 4154K, committed 4288K, reserved 1048576K

Heap Regions: E=young(eden), S=young(survivor), O=old, HS=humongous(starts), HC=humongous(continues), CS=collection set, F=free, OA=open archive, CA=closed archive, TAMS=top-at-mark-start (previous, next)
|   0|0x00000000c9400000, 0x00000000c9500000, 0x00000000c9500000|100%| O|  |TAMS 0x00000000c9500000, 0x00000000c9400000| Untracked 
|   1|0x00000000c9500000, 0x00000000c9600000, 0x00000000c9600000|100%| O|  |TAMS 0x00000000c9600000, 0x00000000c9500000| Untracked 
|   2|0x00000000c9600000, 0x00000000c9700000, 0x00000000c9700000|100%| O|  |TAMS 0x00000000c9700000, 0x00000000c9600000| Untracked 
|   3|0x00000000c9700000, 0x00000000c9800000, 0x00000000c9800000|100%| O|  |TAMS 0x00000000c9800000, 0x00000000c9700000| Untracked 
|   4|0x00000000c9800000, 0x00000000c9900000, 0x00000000c9900000|100%| O|  |TAMS 0x00000000c9900000, 0x00000000c9800000| Untracked 
|   5|0x00000000c9900000, 0x00000000c9a00000, 0x00000000c9a00000|100%| O|  |TAMS 0x00000000c9a00000, 0x00000000c9900000| Untracked 
|   6|0x00000000c9a00000, 0x00000000c9b00000, 0x00000000c9b00000|100%| O|  |TAMS 0x00000000c9b00000, 0x00000000c9a00000| Untracked 
|   7|0x00000000c9b00000, 0x00000000c9c00000, 0x00000000c9c00000|100%| O|  |TAMS 0x00000000c9c00000, 0x00000000c9b00000| Untracked 
|   8|0x00000000c9c00000, 0x00000000c9d00000, 0x00000000c9d00000|100%| O|  |TAMS 0x00000000c9d00000, 0x00000000c9c00000| Untracked 
|   9|0x00000000c9d00000, 0x00000000c9e00000, 0x00000000c9e00000|100%| O|  |TAMS 0x00000000c9e00000, 0x00000000c9d00000| Untracked 
|  10|0x00000000c9e00000, 0x00000000c9e60200, 0x00000000c9f00000| 37%| O|  |TAMS 0x00000000c9e60200, 0x00000000c9e00000| Untracked 
|  11|0x00000000c9f00000, 0x00000000ca000000, 0x00000000ca000000|100%| O|  |TAMS 0x00000000c9f00000, 0x00000000c9f00000| Untracked 
|  12|0x00000000ca000000, 0x00000000ca100000, 0x00000000ca100000|100%| O|  |TAMS 0x00000000ca000000, 0x00000000ca000000| Untracked 
|  13|0x00000000ca100000, 0x00000000ca200000, 0x00000000ca200000|100%| O|  |TAMS 0x00000000ca100000, 0x00000000ca100000| Untracked 
|  14|0x00000000ca200000, 0x00000000ca300000, 0x00000000ca300000|100%| O|  |TAMS 0x00000000ca200000, 0x00000000ca200000| Untracked 
|  15|0x00000000ca300000, 0x00000000ca400000, 0x00000000ca400000|100%| O|  |TAMS 0x00000000ca300000, 0x00000000ca300000| Untracked 
|  16|0x00000000ca400000, 0x00000000ca500000, 0x00000000ca500000|100%| O|  |TAMS 0x00000000ca400000, 0x00000000ca400000| Untracked 
|  17|0x00000000ca500000, 0x00000000ca600000, 0x00000000ca600000|100%| O|  |TAMS 0x00000000ca500000, 0x00000000ca500000| Untracked 
|  18|0x00000000ca600000, 0x00000000ca700000, 0x00000000ca700000|100%| O|  |TAMS 0x00000000ca600000, 0x00000000ca600000| Untracked 
|  19|0x00000000ca700000, 0x00000000ca800000, 0x00000000ca800000|100%| O|  |TAMS 0x00000000ca700000, 0x00000000ca700000| Untracked 
|  20|0x00000000ca800000, 0x00000000ca900000, 0x00000000ca900000|100%| O|  |TAMS 0x00000000ca800000, 0x00000000ca800000| Untracked 
|  21|0x00000000ca900000, 0x00000000ca9d8c00, 0x00000000caa00000| 84%| O|  |TAMS 0x00000000ca900000, 0x00000000ca900000| Untracked 
|  22|0x00000000caa00000, 0x00000000caa00000, 0x00000000cab00000|  0%| F|  |TAMS 0x00000000caa00000, 0x00000000caa00000| Untracked 
|  23|0x00000000cab00000, 0x00000000cab00000, 0x00000000cac00000|  0%| F|  |TAMS 0x00000000cab00000, 0x00000000cab00000| Untracked 
|  24|0x00000000cac00000, 0x00000000cac00000, 0x00000000cad00000|  0%| F|  |TAMS 0x00000000cac00000, 0x00000000cac00000| Untracked 
|  25|0x00000000cad00000, 0x00000000cad00000, 0x00000000cae00000|  0%| F|  |TAMS 0x00000000cad00000, 0x00000000cad00000| Untracked 
|  26|0x00000000cae00000, 0x00000000cae00000, 0x00000000caf00000|  0%| F|  |TAMS 0x00000000cae00000, 0x00000000cae00000| Untracked 
|  27|0x00000000caf00000, 0x00000000caf00000, 0x00000000cb000000|  0%| F|  |TAMS 0x00000000caf00000, 0x00000000caf00000| Untracked 
|  28|0x00000000cb000000, 0x00000000cb000000, 0x00000000cb100000|  0%| F|  |TAMS 0x00000000cb000000, 0x00000000cb000000| Untracked 
|  29|0x00000000cb100000, 0x00000000cb100000, 0x00000000cb200000|  0%| F|  |TAMS 0x00000000cb100000, 0x00000000cb100000| Untracked 
|  30|0x00000000cb200000, 0x00000000cb200000, 0x00000000cb300000|  0%| F|  |TAMS 0x00000000cb200000, 0x00000000cb200000| Untracked 
|  31|0x00000000cb300000, 0x00000000cb300000, 0x00000000cb400000|  0%| F|  |TAMS 0x00000000cb300000, 0x00000000cb300000| Untracked 
|  32|0x00000000cb400000, 0x00000000cb500000, 0x00000000cb500000|100%| S|CS|TAMS 0x00000000cb400000, 0x00000000cb400000| Complete 
|  33|0x00000000cb500000, 0x00000000cb600000, 0x00000000cb600000|100%| S|CS|TAMS 0x00000000cb500000, 0x00000000cb500000| Complete 
|  34|0x00000000cb600000, 0x00000000cb700000, 0x00000000cb700000|100%| S|CS|TAMS 0x00000000cb600000, 0x00000000cb600000| Complete 
|  35|0x00000000cb700000, 0x00000000cb700000, 0x00000000cb800000|  0%| F|  |TAMS 0x00000000cb700000, 0x00000000cb700000| Untracked 
|  36|0x00000000cb800000, 0x00000000cb800000, 0x00000000cb900000|  0%| F|  |TAMS 0x00000000cb800000, 0x00000000cb800000| Untracked 
|  37|0x00000000cb900000, 0x00000000cb900000, 0x00000000cba00000|  0%| F|  |TAMS 0x00000000cb900000, 0x00000000cb900000| Untracked 
|  38|0x00000000cba00000, 0x00000000cba00000, 0x00000000cbb00000|  0%| F|  |TAMS 0x00000000cba00000, 0x00000000cba00000| Untracked 
|  39|0x00000000cbb00000, 0x00000000cbb00000, 0x00000000cbc00000|  0%| F|  |TAMS 0x00000000cbb00000, 0x00000000cbb00000| Untracked 
|  40|0x00000000cbc00000, 0x00000000cbc00000, 0x00000000cbd00000|  0%| F|  |TAMS 0x00000000cbc00000, 0x00000000cbc00000| Untracked 
|  41|0x00000000cbd00000, 0x00000000cbd00000, 0x00000000cbe00000|  0%| F|  |TAMS 0x00000000cbd00000, 0x00000000cbd00000| Untracked 
|  42|0x00000000cbe00000, 0x00000000cbe00000, 0x00000000cbf00000|  0%| F|  |TAMS 0x00000000cbe00000, 0x00000000cbe00000| Untracked 
|  43|0x00000000cbf00000, 0x00000000cbf00000, 0x00000000cc000000|  0%| F|  |TAMS 0x00000000cbf00000, 0x00000000cbf00000| Untracked 
|  44|0x00000000cc000000, 0x00000000cc000000, 0x00000000cc100000|  0%| F|  |TAMS 0x00000000cc000000, 0x00000000cc000000| Untracked 
|  45|0x00000000cc100000, 0x00000000cc100000, 0x00000000cc200000|  0%| F|  |TAMS 0x00000000cc100000, 0x00000000cc100000| Untracked 
|  50|0x00000000cc600000, 0x00000000cc600000, 0x00000000cc700000|  0%| F|  |TAMS 0x00000000cc600000, 0x00000000cc600000| Untracked 
|  51|0x00000000cc700000, 0x00000000cc700000, 0x00000000cc800000|  0%| F|  |TAMS 0x00000000cc700000, 0x00000000cc700000| Untracked 
|  54|0x00000000cca00000, 0x00000000cca00000, 0x00000000ccb00000|  0%| F|  |TAMS 0x00000000cca00000, 0x00000000cca00000| Untracked 
|  55|0x00000000ccb00000, 0x00000000ccb00000, 0x00000000ccc00000|  0%| F|  |TAMS 0x00000000ccb00000, 0x00000000ccb00000| Untracked 

Card table byte_map: [0x000001d20a3c0000,0x000001d20a580000] _byte_map_base: 0x000001d209d76000

Marking Bits (Prev, Next): (CMBitMap*) 0x000001d204771b60, (CMBitMap*) 0x000001d204771b20
 Prev Bits: [0x000001d20b4f0000, 0x000001d20c2a0000)
 Next Bits: [0x000001d20a740000, 0x000001d20b4f0000)

Polling page: 0x000001d2028e0000

Metaspace:

Usage:
  Non-class:     27.85 MB used.
      Class:      4.06 MB used.
       Both:     31.91 MB used.

Virtual space:
  Non-class space:       32.00 MB reserved,      28.00 MB ( 88%) committed,  4 nodes.
      Class space:        1.00 GB reserved,       4.19 MB ( <1%) committed,  1 nodes.
             Both:        1.03 GB reserved,      32.19 MB (  3%) committed. 

Chunk freelists:
   Non-Class:  3.12 MB
       Class:  3.80 MB
        Both:  6.92 MB

MaxMetaspaceSize: unlimited
CompressedClassSpaceSize: 1.00 GB
Initial GC threshold: 21.00 MB
Current GC threshold: 35.56 MB
CDS: off
MetaspaceReclaimPolicy: balanced
 - commit_granule_bytes: 65536.
 - commit_granule_words: 8192.
 - virtual_space_node_default_size: 1048576.
 - enlarge_chunks_in_place: 1.
 - new_chunks_are_fully_committed: 0.
 - uncommit_free_chunks: 1.
 - use_allocation_guard: 0.
 - handle_deallocations: 1.


Internal statistics:

num_allocs_failed_limit: 3.
num_arena_births: 288.
num_arena_deaths: 0.
num_vsnodes_births: 5.
num_vsnodes_deaths: 0.
num_space_committed: 515.
num_space_uncommitted: 0.
num_chunks_returned_to_freelist: 3.
num_chunks_taken_from_freelist: 1165.
num_chunk_merges: 3.
num_chunk_splits: 810.
num_chunks_enlarged: 639.
num_purges: 0.
num_inconsistent_stats: 0.

CodeCache: size=49152Kb used=7605Kb max_used=7605Kb free=41547Kb
 bounds [0x000001d2073c0000, 0x000001d207b30000, 0x000001d20a3c0000]
 total_blobs=3772 nmethods=3259 adapters=438
 compilation: enabled
              stopped_count=0, restarted_count=0
 full_count=0

Compilation events (20 events):
Event: 4.670 Thread 0x000001d20fc761b0 nmethod 3248 0x000001d207b29890 code [0x000001d207b29a40, 0x000001d207b29be8]
Event: 4.670 Thread 0x000001d20fc761b0 3252       1       java.util.AbstractMap$SimpleEntry::<init> (15 bytes)
Event: 4.670 Thread 0x000001d20fc761b0 nmethod 3252 0x000001d207b29c90 code [0x000001d207b29e20, 0x000001d207b29f78]
Event: 4.670 Thread 0x000001d20fc761b0 3253       1       java.io.RandomAccessFile::<init> (8 bytes)
Event: 4.670 Thread 0x000001d20fc761b0 nmethod 3253 0x000001d207b2a010 code [0x000001d207b2a1a0, 0x000001d207b2a288]
Event: 4.670 Thread 0x000001d20fc761b0 3254       1       java.io.RandomAccessFile::<init> (262 bytes)
Event: 4.671 Thread 0x000001d20fc761b0 nmethod 3254 0x000001d207b2a310 code [0x000001d207b2a5c0, 0x000001d207b2af88]
Event: 4.671 Thread 0x000001d20fc761b0 3255       1       java.io.RandomAccessFile::open (7 bytes)
Event: 4.671 Thread 0x000001d20fc761b0 nmethod 3255 0x000001d207b2b490 code [0x000001d207b2b620, 0x000001d207b2b708]
Event: 4.673 Thread 0x000001d20fc761b0 3257       1       java.util.Collections$UnmodifiableCollection::iterator (9 bytes)
Event: 4.673 Thread 0x000001d20fc761b0 nmethod 3257 0x000001d207b2b790 code [0x000001d207b2b940, 0x000001d207b2bb48]
Event: 4.674 Thread 0x000001d20fc761b0 3258       1       java.util.Collections$UnmodifiableCollection$1::<init> (26 bytes)
Event: 4.674 Thread 0x000001d20fc761b0 nmethod 3258 0x000001d207b2bc10 code [0x000001d207b2bdc0, 0x000001d207b2bf68]
Event: 4.674 Thread 0x000001d20fc761b0 3259   !   1       nonapi.io.github.classgraph.fileslice.reader.RandomAccessFileChannelReader::read (93 bytes)
Event: 4.674 Thread 0x000001d20fc761b0 nmethod 3259 0x000001d207b2c010 code [0x000001d207b2c220, 0x000001d207b2c868]
Event: 4.674 Thread 0x000001d20fc761b0 3260       1       java.lang.reflect.Field::setAccessible (21 bytes)
Event: 4.674 Thread 0x000001d20fc761b0 nmethod 3260 0x000001d207b2cd10 code [0x000001d207b2cec0, 0x000001d207b2d048]
Event: 4.675 Thread 0x000001d20fc761b0 3261       1       java.lang.reflect.Field::checkCanSetAccessible (10 bytes)
Event: 4.675 Thread 0x000001d20fc761b0 nmethod 3261 0x000001d207b2d110 code [0x000001d207b2d2a0, 0x000001d207b2d388]
Event: 4.675 Thread 0x000001d20fc761b0 3262       1       java.lang.reflect.Field::getGenericType (20 bytes)

GC Heap History (19 events):
Event: 0.719 GC heap before
{Heap before GC invocations=0 (full 0):
 garbage-first heap   total 57344K, used 12288K [0x00000000c9400000, 0x0000000100000000)
  region size 1024K, 13 young (13312K), 0 survivors (0K)
 Metaspace       used 6844K, committed 7040K, reserved 1056768K
  class space    used 716K, committed 832K, reserved 1048576K
}
Event: 0.725 GC heap after
{Heap after GC invocations=1 (full 0):
 garbage-first heap   total 57344K, used 6524K [0x00000000c9400000, 0x0000000100000000)
  region size 1024K, 2 young (2048K), 2 survivors (2048K)
 Metaspace       used 6844K, committed 7040K, reserved 1056768K
  class space    used 716K, committed 832K, reserved 1048576K
}
Event: 1.143 GC heap before
{Heap before GC invocations=1 (full 0):
 garbage-first heap   total 57344K, used 14716K [0x00000000c9400000, 0x0000000100000000)
  region size 1024K, 11 young (11264K), 2 survivors (2048K)
 Metaspace       used 10125K, committed 10240K, reserved 1064960K
  class space    used 1158K, committed 1216K, reserved 1048576K
}
Event: 1.148 GC heap after
{Heap after GC invocations=2 (full 0):
 garbage-first heap   total 57344K, used 8318K [0x00000000c9400000, 0x0000000100000000)
  region size 1024K, 2 young (2048K), 2 survivors (2048K)
 Metaspace       used 10125K, committed 10240K, reserved 1064960K
  class space    used 1158K, committed 1216K, reserved 1048576K
}
Event: 1.843 GC heap before
{Heap before GC invocations=2 (full 0):
 garbage-first heap   total 57344K, used 23678K [0x00000000c9400000, 0x0000000100000000)
  region size 1024K, 18 young (18432K), 2 survivors (2048K)
 Metaspace       used 15915K, committed 16064K, reserved 1064960K
  class space    used 1929K, committed 1984K, reserved 1048576K
}
Event: 1.851 GC heap after
{Heap after GC invocations=3 (full 0):
 garbage-first heap   total 57344K, used 10701K [0x00000000c9400000, 0x0000000100000000)
  region size 1024K, 3 young (3072K), 3 survivors (3072K)
 Metaspace       used 15915K, committed 16064K, reserved 1064960K
  class space    used 1929K, committed 1984K, reserved 1048576K
}
Event: 2.328 GC heap before
{Heap before GC invocations=3 (full 0):
 garbage-first heap   total 57344K, used 31181K [0x00000000c9400000, 0x0000000100000000)
  region size 1024K, 24 young (24576K), 3 survivors (3072K)
 Metaspace       used 20753K, committed 20992K, reserved 1073152K
  class space    used 2506K, committed 2624K, reserved 1048576K
}
Event: 2.332 GC heap after
{Heap after GC invocations=4 (full 0):
 garbage-first heap   total 57344K, used 12171K [0x00000000c9400000, 0x0000000100000000)
  region size 1024K, 2 young (2048K), 2 survivors (2048K)
 Metaspace       used 20753K, committed 20992K, reserved 1073152K
  class space    used 2506K, committed 2624K, reserved 1048576K
}
Event: 2.376 GC heap before
{Heap before GC invocations=4 (full 0):
 garbage-first heap   total 57344K, used 15243K [0x00000000c9400000, 0x0000000100000000)
  region size 1024K, 6 young (6144K), 2 survivors (2048K)
 Metaspace       used 21360K, committed 21504K, reserved 1073152K
  class space    used 2605K, committed 2688K, reserved 1048576K
}
Event: 2.378 GC heap after
{Heap after GC invocations=5 (full 0):
 garbage-first heap   total 57344K, used 12036K [0x00000000c9400000, 0x0000000100000000)
  region size 1024K, 2 young (2048K), 2 survivors (2048K)
 Metaspace       used 21360K, committed 21504K, reserved 1073152K
  class space    used 2605K, committed 2688K, reserved 1048576K
}
Event: 3.212 GC heap before
{Heap before GC invocations=6 (full 0):
 garbage-first heap   total 51200K, used 36612K [0x00000000c9400000, 0x0000000100000000)
  region size 1024K, 26 young (26624K), 2 survivors (2048K)
 Metaspace       used 25357K, committed 25600K, reserved 1073152K
  class space    used 3116K, committed 3264K, reserved 1048576K
}
Event: 3.217 GC heap after
{Heap after GC invocations=7 (full 0):
 garbage-first heap   total 51200K, used 13557K [0x00000000c9400000, 0x0000000100000000)
  region size 1024K, 3 young (3072K), 3 survivors (3072K)
 Metaspace       used 25357K, committed 25600K, reserved 1073152K
  class space    used 3116K, committed 3264K, reserved 1048576K
}
Event: 3.692 GC heap before
{Heap before GC invocations=7 (full 0):
 garbage-first heap   total 51200K, used 34037K [0x00000000c9400000, 0x0000000100000000)
  region size 1024K, 24 young (24576K), 3 survivors (3072K)
 Metaspace       used 28574K, committed 28864K, reserved 1081344K
  class space    used 3592K, committed 3712K, reserved 1048576K
}
Event: 3.702 GC heap after
{Heap after GC invocations=8 (full 0):
 garbage-first heap   total 51200K, used 15866K [0x00000000c9400000, 0x0000000100000000)
  region size 1024K, 3 young (3072K), 3 survivors (3072K)
 Metaspace       used 28574K, committed 28864K, reserved 1081344K
  class space    used 3592K, committed 3712K, reserved 1048576K
}
Event: 4.470 GC heap before
{Heap before GC invocations=8 (full 0):
 garbage-first heap   total 51200K, used 36346K [0x00000000c9400000, 0x0000000100000000)
  region size 1024K, 23 young (23552K), 3 survivors (3072K)
 Metaspace       used 32026K, committed 32256K, reserved 1081344K
  class space    used 4056K, committed 4160K, reserved 1048576K
}
Event: 4.475 GC heap after
{Heap after GC invocations=9 (full 0):
 garbage-first heap   total 51200K, used 17844K [0x00000000c9400000, 0x0000000100000000)
  region size 1024K, 3 young (3072K), 3 survivors (3072K)
 Metaspace       used 32026K, committed 32256K, reserved 1081344K
  class space    used 4056K, committed 4160K, reserved 1048576K
}
Event: 4.581 GC heap before
{Heap before GC invocations=9 (full 0):
 garbage-first heap   total 51200K, used 35252K [0x00000000c9400000, 0x0000000100000000)
  region size 1024K, 21 young (21504K), 3 survivors (3072K)
 Metaspace       used 32346K, committed 32640K, reserved 1081344K
  class space    used 4103K, committed 4224K, reserved 1048576K
}
Event: 4.587 GC heap after
{Heap after GC invocations=10 (full 0):
 garbage-first heap   total 51200K, used 21522K [0x00000000c9400000, 0x0000000100000000)
  region size 1024K, 3 young (3072K), 3 survivors (3072K)
 Metaspace       used 32346K, committed 32640K, reserved 1081344K
  class space    used 4103K, committed 4224K, reserved 1048576K
}
Event: 4.675 GC heap before
{Heap before GC invocations=10 (full 0):
 garbage-first heap   total 51200K, used 35858K [0x00000000c9400000, 0x0000000100000000)
  region size 1024K, 18 young (18432K), 3 survivors (3072K)
 Metaspace       used 32677K, committed 32960K, reserved 1081344K
  class space    used 4154K, committed 4288K, reserved 1048576K
}

Deoptimization events (10 events):
Event: 1.217 Thread 0x000001d20473a950 DEOPT PACKING pc=0x000001d207756675 sp=0x0000005ba1cfdcd0
Event: 1.217 Thread 0x000001d20473a950 DEOPT UNPACKING pc=0x000001d207412b43 sp=0x0000005ba1cfd140 mode 3
Event: 2.433 Thread 0x000001d20473a950 DEOPT PACKING pc=0x000001d207874a19 sp=0x0000005ba1cfd540
Event: 2.433 Thread 0x000001d20473a950 DEOPT UNPACKING pc=0x000001d207412b43 sp=0x0000005ba1cfca20 mode 3
Event: 2.999 Thread 0x000001d20473a950 DEOPT PACKING pc=0x000001d207947c75 sp=0x0000005ba1cfd210
Event: 2.999 Thread 0x000001d20473a950 DEOPT UNPACKING pc=0x000001d207412b43 sp=0x0000005ba1cfc680 mode 3
Event: 3.902 Thread 0x000001d20473a950 DEOPT PACKING pc=0x000001d2079ebd19 sp=0x0000005ba1cfcab0
Event: 3.902 Thread 0x000001d20473a950 DEOPT UNPACKING pc=0x000001d207412b43 sp=0x0000005ba1cfbf90 mode 3
Event: 4.016 Thread 0x000001d210f31050 DEOPT PACKING pc=0x000001d207a263ab sp=0x0000005ba33fea80
Event: 4.016 Thread 0x000001d210f31050 DEOPT UNPACKING pc=0x000001d207412b43 sp=0x0000005ba33fdfc8 mode 3

Classes unloaded (0 events):
No events

Classes redefined (0 events):
No events

Internal exceptions (20 events):
Event: 4.443 Thread 0x000001d21108a420 Exception <a 'sun/nio/fs/WindowsException'{0x00000000cb6f27c0}> (0x00000000cb6f27c0) 
thrown [e:\jenkins\tmp\workspace\build\src\src\hotspot\share\prims\jni.cpp, line 516]
Event: 4.443 Thread 0x000001d21108a420 Exception <a 'sun/nio/fs/WindowsException'{0x00000000cb6f2ba0}> (0x00000000cb6f2ba0) 
thrown [e:\jenkins\tmp\workspace\build\src\src\hotspot\share\prims\jni.cpp, line 516]
Event: 4.444 Thread 0x000001d21108a420 Exception <a 'sun/nio/fs/WindowsException'{0x00000000cb6f35f0}> (0x00000000cb6f35f0) 
thrown [e:\jenkins\tmp\workspace\build\src\src\hotspot\share\prims\jni.cpp, line 516]
Event: 4.444 Thread 0x000001d21108a420 Exception <a 'sun/nio/fs/WindowsException'{0x00000000cb6f3a00}> (0x00000000cb6f3a00) 
thrown [e:\jenkins\tmp\workspace\build\src\src\hotspot\share\prims\jni.cpp, line 516]
Event: 4.444 Thread 0x000001d21108a420 Exception <a 'sun/nio/fs/WindowsException'{0x00000000cb6f4428}> (0x00000000cb6f4428) 
thrown [e:\jenkins\tmp\workspace\build\src\src\hotspot\share\prims\jni.cpp, line 516]
Event: 4.444 Thread 0x000001d21108a420 Exception <a 'sun/nio/fs/WindowsException'{0x00000000cb6f4808}> (0x00000000cb6f4808) 
thrown [e:\jenkins\tmp\workspace\build\src\src\hotspot\share\prims\jni.cpp, line 516]
Event: 4.444 Thread 0x000001d21108a420 Exception <a 'sun/nio/fs/WindowsException'{0x00000000cb6f5208}> (0x00000000cb6f5208) 
thrown [e:\jenkins\tmp\workspace\build\src\src\hotspot\share\prims\jni.cpp, line 516]
Event: 4.444 Thread 0x000001d21108a420 Exception <a 'sun/nio/fs/WindowsException'{0x00000000cb6f55b8}> (0x00000000cb6f55b8) 
thrown [e:\jenkins\tmp\workspace\build\src\src\hotspot\share\prims\jni.cpp, line 516]
Event: 4.444 Thread 0x000001d21108a420 Exception <a 'sun/nio/fs/WindowsException'{0x00000000cb6f5fc0}> (0x00000000cb6f5fc0) 
thrown [e:\jenkins\tmp\workspace\build\src\src\hotspot\share\prims\jni.cpp, line 516]
Event: 4.445 Thread 0x000001d21108a420 Exception <a 'sun/nio/fs/WindowsException'{0x00000000cb6f6380}> (0x00000000cb6f6380) 
thrown [e:\jenkins\tmp\workspace\build\src\src\hotspot\share\prims\jni.cpp, line 516]
Event: 4.445 Thread 0x000001d21108a420 Exception <a 'sun/nio/fs/WindowsException'{0x00000000cb6f6d80}> (0x00000000cb6f6d80) 
thrown [e:\jenkins\tmp\workspace\build\src\src\hotspot\share\prims\jni.cpp, line 516]
Event: 4.445 Thread 0x000001d21108a420 Exception <a 'sun/nio/fs/WindowsException'{0x00000000cb6f7130}> (0x00000000cb6f7130) 
thrown [e:\jenkins\tmp\workspace\build\src\src\hotspot\share\prims\jni.cpp, line 516]
Event: 4.445 Thread 0x000001d21108a420 Exception <a 'sun/nio/fs/WindowsException'{0x00000000cb6f7b38}> (0x00000000cb6f7b38) 
thrown [e:\jenkins\tmp\workspace\build\src\src\hotspot\share\prims\jni.cpp, line 516]
Event: 4.445 Thread 0x000001d21108a420 Exception <a 'sun/nio/fs/WindowsException'{0x00000000cb6f7ef8}> (0x00000000cb6f7ef8) 
thrown [e:\jenkins\tmp\workspace\build\src\src\hotspot\share\prims\jni.cpp, line 516]
Event: 4.445 Thread 0x000001d21108a420 Exception <a 'sun/nio/fs/WindowsException'{0x00000000cb6f8920}> (0x00000000cb6f8920) 
thrown [e:\jenkins\tmp\workspace\build\src\src\hotspot\share\prims\jni.cpp, line 516]
Event: 4.445 Thread 0x000001d21108a420 Exception <a 'sun/nio/fs/WindowsException'{0x00000000cb6f8d00}> (0x00000000cb6f8d00) 
thrown [e:\jenkins\tmp\workspace\build\src\src\hotspot\share\prims\jni.cpp, line 516]
Event: 4.446 Thread 0x000001d21108a420 Exception <a 'sun/nio/fs/WindowsException'{0x00000000cb6f9738}> (0x00000000cb6f9738) 
thrown [e:\jenkins\tmp\workspace\build\src\src\hotspot\share\prims\jni.cpp, line 516]
Event: 4.447 Thread 0x000001d21108a420 Exception <a 'sun/nio/fs/WindowsException'{0x00000000cb6f9b28}> (0x00000000cb6f9b28) 
thrown [e:\jenkins\tmp\workspace\build\src\src\hotspot\share\prims\jni.cpp, line 516]
Event: 4.447 Thread 0x000001d21108a420 Exception <a 'sun/nio/fs/WindowsException'{0x00000000cb6fa558}> (0x00000000cb6fa558) 
thrown [e:\jenkins\tmp\workspace\build\src\src\hotspot\share\prims\jni.cpp, line 516]
Event: 4.447 Thread 0x000001d21108a420 Exception <a 'sun/nio/fs/WindowsException'{0x00000000cb6fa948}> (0x00000000cb6fa948) 
thrown [e:\jenkins\tmp\workspace\build\src\src\hotspot\share\prims\jni.cpp, line 516]

VM Operations (20 events):
Event: 4.645 Executing VM operation: ICBufferFull done
Event: 4.645 Executing VM operation: ICBufferFull
Event: 4.646 Executing VM operation: ICBufferFull done
Event: 4.648 Executing VM operation: ICBufferFull
Event: 4.649 Executing VM operation: ICBufferFull done
Event: 4.649 Executing VM operation: ICBufferFull
Event: 4.649 Executing VM operation: ICBufferFull done
Event: 4.653 Executing VM operation: ICBufferFull
Event: 4.654 Executing VM operation: ICBufferFull done
Event: 4.658 Executing VM operation: ICBufferFull
Event: 4.658 Executing VM operation: ICBufferFull done
Event: 4.664 Executing VM operation: ICBufferFull
Event: 4.665 Executing VM operation: ICBufferFull done
Event: 4.667 Executing VM operation: ICBufferFull
Event: 4.669 Executing VM operation: ICBufferFull done
Event: 4.670 Executing VM operation: ICBufferFull
Event: 4.670 Executing VM operation: ICBufferFull done
Event: 4.675 Executing VM operation: ICBufferFull
Event: 4.675 Executing VM operation: ICBufferFull done
Event: 4.675 Executing VM operation: G1CollectForAllocation

Events (20 events):
Event: 4.443 loading class sun/nio/fs/WindowsPath$1 done
Event: 4.452 loading class java/nio/BufferUnderflowException
Event: 4.452 loading class java/nio/BufferUnderflowException done
Event: 4.453 loading class java/nio/channels/spi/AbstractInterruptibleChannel$1
Event: 4.453 loading class sun/nio/ch/Interruptible
Event: 4.453 loading class sun/nio/ch/Interruptible done
Event: 4.453 loading class java/nio/channels/spi/AbstractInterruptibleChannel$1 done
Event: 4.454 loading class java/nio/ReadOnlyBufferException
Event: 4.454 loading class java/nio/ReadOnlyBufferException done
Event: 4.460 loading class java/util/zip/DataFormatException
Event: 4.460 loading class java/util/zip/DataFormatException done
Event: 4.464 Thread 0x000001d2110c0d50 Thread added: 0x000001d2110c0d50
Event: 4.516 loading class jdk/internal/reflect/UnsafeQualifiedIntegerFieldAccessorImpl
Event: 4.516 loading class jdk/internal/reflect/UnsafeQualifiedFieldAccessorImpl
Event: 4.517 loading class jdk/internal/reflect/UnsafeQualifiedFieldAccessorImpl done
Event: 4.517 loading class jdk/internal/reflect/UnsafeQualifiedIntegerFieldAccessorImpl done
Event: 4.608 loading class jdk/internal/vm/annotation/ForceInline
Event: 4.608 loading class jdk/internal/vm/annotation/ForceInline done
Event: 4.609 loading class jdk/internal/reflect/UnsafeBooleanFieldAccessorImpl
Event: 4.610 loading class jdk/internal/reflect/UnsafeBooleanFieldAccessorImpl done


Dynamic libraries:
0x00007ff66cc60000 - 0x00007ff66cc6e000 	c:\Users\Ronald\.vscode\extensions\redhat.java-1.7.0-win32-x64\jre\17.0.3-win32-x86_64\bin\java.exe
0x00007ffd81b90000 - 0x00007ffd81d87000 	C:\Windows\SYSTEM32\ntdll.dll
0x00007ffd80b20000 - 0x00007ffd80bdd000 	C:\Windows\System32\KERNEL32.DLL
0x00007ffd7f710000 - 0x00007ffd7f9dd000 	C:\Windows\System32\KERNELBASE.dll
0x00007ffd7f4e0000 - 0x00007ffd7f5e0000 	C:\Windows\System32\ucrtbase.dll
0x00007ffd795d0000 - 0x00007ffd795e8000 	c:\Users\Ronald\.vscode\extensions\redhat.java-1.7.0-win32-x64\jre\17.0.3-win32-x86_64\bin\jli.dll
0x00007ffd808e0000 - 0x00007ffd80a80000 	C:\Windows\System32\USER32.dll
0x00007ffd7c200000 - 0x00007ffd7c219000 	c:\Users\Ronald\.vscode\extensions\redhat.java-1.7.0-win32-x64\jre\17.0.3-win32-x86_64\bin\VCRUNTIME140.dll
0x00007ffd7fa30000 - 0x00007ffd7fa52000 	C:\Windows\System32\win32u.dll
0x00007ffd80720000 - 0x00007ffd8074a000 	C:\Windows\System32\GDI32.dll
0x00007ffd65e40000 - 0x00007ffd660da000 	C:\Windows\WinSxS\amd64_microsoft.windows.common-controls_6595b64144ccf1df_6.0.19041.1110_none_60b5254171f9507e\COMCTL32.dll
0x00007ffd7f3d0000 - 0x00007ffd7f4db000 	C:\Windows\System32\gdi32full.dll
0x00007ffd80a80000 - 0x00007ffd80b1e000 	C:\Windows\System32\msvcrt.dll
0x00007ffd7f5e0000 - 0x00007ffd7f67d000 	C:\Windows\System32\msvcp_win.dll
0x00007ffd812f0000 - 0x00007ffd81320000 	C:\Windows\System32\IMM32.DLL
0x00007ffd792a0000 - 0x00007ffd792ac000 	c:\Users\Ronald\.vscode\extensions\redhat.java-1.7.0-win32-x64\jre\17.0.3-win32-x86_64\bin\vcruntime140_1.dll
0x00007ffd61bd0000 - 0x00007ffd61c61000 	c:\Users\Ronald\.vscode\extensions\redhat.java-1.7.0-win32-x64\jre\17.0.3-win32-x86_64\bin\msvcp140.dll
0x00007ffd44120000 - 0x00007ffd44d68000 	c:\Users\Ronald\.vscode\extensions\redhat.java-1.7.0-win32-x64\jre\17.0.3-win32-x86_64\bin\server\jvm.dll
0x00007ffd80750000 - 0x00007ffd807fe000 	C:\Windows\System32\ADVAPI32.dll
0x00007ffd819c0000 - 0x00007ffd81a5c000 	C:\Windows\System32\sechost.dll
0x00007ffd811c0000 - 0x00007ffd812e5000 	C:\Windows\System32\RPCRT4.dll
0x00007ffd80d40000 - 0x00007ffd80d48000 	C:\Windows\System32\PSAPI.DLL
0x00007ffd71e30000 - 0x00007ffd71e39000 	C:\Windows\SYSTEM32\WSOCK32.dll
0x00007ffd80be0000 - 0x00007ffd80c4b000 	C:\Windows\System32\WS2_32.dll
0x00007ffd74630000 - 0x00007ffd74657000 	C:\Windows\SYSTEM32\WINMM.dll
0x00007ffd78a30000 - 0x00007ffd78a3a000 	C:\Windows\SYSTEM32\VERSION.dll
0x00007ffd7d0a0000 - 0x00007ffd7d0b2000 	C:\Windows\SYSTEM32\kernel.appcore.dll
0x00007ffd6e290000 - 0x00007ffd6e29a000 	c:\Users\Ronald\.vscode\extensions\redhat.java-1.7.0-win32-x64\jre\17.0.3-win32-x86_64\bin\jimage.dll
0x00007ffd66240000 - 0x00007ffd66424000 	C:\Windows\SYSTEM32\DBGHELP.DLL
0x00007ffd65160000 - 0x00007ffd6518c000 	C:\Windows\SYSTEM32\dbgcore.DLL
0x00007ffd7f680000 - 0x00007ffd7f702000 	C:\Windows\System32\bcryptPrimitives.dll
0x00007ffd6e260000 - 0x00007ffd6e285000 	c:\Users\Ronald\.vscode\extensions\redhat.java-1.7.0-win32-x64\jre\17.0.3-win32-x86_64\bin\java.dll
0x00007ffd6e0e0000 - 0x00007ffd6e0f8000 	c:\Users\Ronald\.vscode\extensions\redhat.java-1.7.0-win32-x64\jre\17.0.3-win32-x86_64\bin\zip.dll
0x00007ffd7fe40000 - 0x00007ffd80584000 	C:\Windows\System32\SHELL32.dll
0x00007ffd7d3b0000 - 0x00007ffd7db44000 	C:\Windows\SYSTEM32\windows.storage.dll
0x00007ffd81320000 - 0x00007ffd81674000 	C:\Windows\System32\combase.dll
0x00007ffd7ec40000 - 0x00007ffd7ec6c000 	C:\Windows\SYSTEM32\Wldp.dll
0x00007ffd7fca0000 - 0x00007ffd7fd4d000 	C:\Windows\System32\SHCORE.dll
0x00007ffd80cd0000 - 0x00007ffd80d25000 	C:\Windows\System32\shlwapi.dll
0x00007ffd7f1f0000 - 0x00007ffd7f20f000 	C:\Windows\SYSTEM32\profapi.dll
0x00007ffd6e080000 - 0x00007ffd6e099000 	C:\Users\Ronald\.vscode\extensions\redhat.java-1.7.0-win32-x64\jre\17.0.3-win32-x86_64\bin\net.dll
0x00007ffd690f0000 - 0x00007ffd691fa000 	C:\Windows\SYSTEM32\WINHTTP.dll
0x00007ffd7e9a0000 - 0x00007ffd7ea0a000 	C:\Windows\system32\mswsock.dll
0x00007ffd6bb00000 - 0x00007ffd6bb15000 	C:\Users\Ronald\.vscode\extensions\redhat.java-1.7.0-win32-x64\jre\17.0.3-win32-x86_64\bin\nio.dll
0x00007ffd6e250000 - 0x00007ffd6e260000 	c:\Users\Ronald\.vscode\extensions\redhat.java-1.7.0-win32-x64\jre\17.0.3-win32-x86_64\bin\verify.dll
0x00007ffd7c230000 - 0x00007ffd7c239000 	C:\Users\Ronald\.vscode\extensions\redhat.java-1.7.0-win32-x64\jre\17.0.3-win32-x86_64\bin\management.dll
0x00007ffd7c220000 - 0x00007ffd7c22b000 	C:\Users\Ronald\.vscode\extensions\redhat.java-1.7.0-win32-x64\jre\17.0.3-win32-x86_64\bin\management_ext.dll
0x00007ffd62f80000 - 0x00007ffd62f97000 	C:\Windows\system32\napinsp.dll
0x00007ffd62fa0000 - 0x00007ffd62fbb000 	C:\Windows\system32\pnrpnsp.dll
0x00007ffd791f0000 - 0x00007ffd79205000 	C:\Windows\system32\wshbth.dll
0x00007ffd7acf0000 - 0x00007ffd7ad0d000 	C:\Windows\system32\NLAapi.dll
0x00007ffd7e690000 - 0x00007ffd7e6cb000 	C:\Windows\SYSTEM32\IPHLPAPI.DLL
0x00007ffd7e6d0000 - 0x00007ffd7e79b000 	C:\Windows\SYSTEM32\DNSAPI.dll
0x00007ffd806b0000 - 0x00007ffd806b8000 	C:\Windows\System32\NSI.dll
0x00007ffd62fc0000 - 0x00007ffd62fd2000 	C:\Windows\System32\winrnr.dll
0x00007ffd68ff0000 - 0x00007ffd68ffa000 	C:\Windows\System32\rasadhlp.dll
0x00007ffd69070000 - 0x00007ffd690f0000 	C:\Windows\System32\fwpuclnt.dll
0x00007ffd7fa60000 - 0x00007ffd7fa87000 	C:\Windows\System32\bcrypt.dll
0x00007ffd7eb90000 - 0x00007ffd7eba8000 	C:\Windows\SYSTEM32\CRYPTSP.dll
0x00007ffd7e320000 - 0x00007ffd7e354000 	C:\Windows\system32\rsaenh.dll
0x00007ffd7f170000 - 0x00007ffd7f19e000 	C:\Windows\SYSTEM32\USERENV.dll
0x00007ffd7ebb0000 - 0x00007ffd7ebbc000 	C:\Windows\SYSTEM32\CRYPTBASE.dll
0x00007ffd75fe0000 - 0x00007ffd75ff7000 	C:\Windows\SYSTEM32\dhcpcsvc6.DLL
0x00007ffd76120000 - 0x00007ffd7613d000 	C:\Windows\SYSTEM32\dhcpcsvc.DLL

dbghelp: loaded successfully - version: 4.0.5 - missing functions: none
symbol engine: initialized successfully - sym options: 0x614 - pdb path: .;c:\Users\Ronald\.vscode\extensions\redhat.java-1.7.0-win32-x64\jre\17.0.3-win32-x86_64\bin;C:\Windows\SYSTEM32;C:\Windows\WinSxS\amd64_microsoft.windows.common-controls_6595b64144ccf1df_6.0.19041.1110_none_60b5254171f9507e;c:\Users\Ronald\.vscode\extensions\redhat.java-1.7.0-win32-x64\jre\17.0.3-win32-x86_64\bin\server

VM Arguments:
jvm_args: --add-modules=ALL-SYSTEM --add-exports=jdk.compiler/com.sun.tools.javac.file=ALL-UNNAMED --add-exports=jdk.compiler/com.sun.tools.javac.util=ALL-UNNAMED --add-exports=jdk.compiler/com.sun.tools.javac.comp=ALL-UNNAMED --add-exports=jdk.compiler/com.sun.tools.javac.main=ALL-UNNAMED --add-exports=jdk.compiler/com.sun.tools.javac.tree=ALL-UNNAMED --add-exports=jdk.compiler/com.sun.tools.javac.code=ALL-UNNAMED -Dsts.lsp.client=vscode -Dsts.log.file=/dev/null -XX:TieredStopAtLevel=1 -Dspring.config.location=file:c:\Users\Ronald\.vscode\extensions\pivotal.vscode-spring-boot-1.36.0\language-server\BOOT-INF\classes\application.properties 
java_command: org.springframework.ide.vscode.boot.app.BootLanguageServerBootApp
java_class_path (initial): c:\Users\Ronald\.vscode\extensions\pivotal.vscode-spring-boot-1.36.0\language-server\BOOT-INF\classes;c:\Users\Ronald\.vscode\extensions\pivotal.vscode-spring-boot-1.36.0\language-server\BOOT-INF\lib\annotations-23.0.0.jar;c:\Users\Ronald\.vscode\extensions\pivotal.vscode-spring-boot-1.36.0\language-server\BOOT-INF\lib\antlr-runtime-3.5.2.jar;c:\Users\Ronald\.vscode\extensions\pivotal.vscode-spring-boot-1.36.0\language-server\BOOT-INF\lib\antlr4-4.9.3.jar;c:\Users\Ronald\.vscode\extensions\pivotal.vscode-spring-boot-1.36.0\language-server\BOOT-INF\lib\antlr4-runtime-4.9.3.jar;c:\Users\Ronald\.vscode\extensions\pivotal.vscode-spring-boot-1.36.0\language-server\BOOT-INF\lib\asm-9.3.jar;c:\Users\Ronald\.vscode\extensions\pivotal.vscode-spring-boot-1.36.0\language-server\BOOT-INF\lib\asm-analysis-9.3.jar;c:\Users\Ronald\.vscode\extensions\pivotal.vscode-spring-boot-1.36.0\language-server\BOOT-INF\lib\asm-tree-9.3.jar;c:\Users\Ronald\.vscode\extensions\pivotal.vscode-spring-boot-1.36.0\language-server\BOOT-INF\lib\asm-util-9.3.jar;c:\Users\Ronald\.vscode\extensions\pivotal.vscode-spring-boot-1.36.0\language-server\BOOT-INF\lib\byte-buddy-1.10.18.jar;c:\Users\Ronald\.vscode\extensions\pivotal.vscode-spring-boot-1.36.0\language-server\BOOT-INF\lib\caffeine-2.8.6.jar;c:\Users\Ronald\.vscode\extensions\pivotal.vscode-spring-boot-1.36.0\language-server\BOOT-INF\lib\checker-qual-3.12.0.jar;c:\Users\Ronald\.vscode\extensions\pivotal.vscode-spring-boot-1.36.0\language-server\BOOT-INF\lib\classgraph-4.8.146.jar;c:\Users\Ronald\.vscode\extensions\pivotal.vscode-spring-boot-1.36.0\language-server\BOOT-INF\lib\commons-codec-1.14.jar;c:\Users\Ronald\.vscode\extensions\pivotal.vscode-spring-boot-1.36.0\language-server\BOOT-INF\lib\commons-compress-1.21.jar;c:\Users\Ronald\.vscode\extensions\pivotal.vscode-spring-boot-1.36.0\language-server\BOOT-INF\lib\commons-exec-1.3.jar;c:\Users\Ronald\.vscode\extensions\pivotal.vscode-spring-boot-1.36.0\language-server
Launcher Type: SUN_STANDARD

[Global flags]
     intx CICompilerCount                          = 3                                         {product} {ergonomic}
     uint ConcGCThreads                            = 1                                         {product} {ergonomic}
     uint G1ConcRefinementThreads                  = 4                                         {product} {ergonomic}
   size_t G1HeapRegionSize                         = 1048576                                   {product} {ergonomic}
    uintx GCDrainStackTargetSize                   = 64                                        {product} {ergonomic}
   size_t InitialHeapSize                          = 58720256                                  {product} {ergonomic}
   size_t MarkStackSize                            = 4194304                                   {product} {ergonomic}
   size_t MaxHeapSize                              = 918552576                                 {product} {ergonomic}
   size_t MaxNewSize                               = 550502400                                 {product} {ergonomic}
   size_t MinHeapDeltaBytes                        = 1048576                                   {product} {ergonomic}
   size_t MinHeapSize                              = 8388608                                   {product} {ergonomic}
    uintx NonProfiledCodeHeapSize                  = 0                                      {pd product} {ergonomic}
     bool ProfileInterpreter                       = false                                  {pd product} {command line}
    uintx ProfiledCodeHeapSize                     = 0                                      {pd product} {ergonomic}
   size_t SoftMaxHeapSize                          = 918552576                              {manageable} {ergonomic}
     intx TieredStopAtLevel                        = 1                                         {product} {command line}
     bool UseCompressedClassPointers               = true                           {product lp64_product} {ergonomic}
     bool UseCompressedOops                        = true                           {product lp64_product} {ergonomic}
     bool UseG1GC                                  = true                                      {product} {ergonomic}
     bool UseLargePagesIndividualAllocation        = false                                  {pd product} {ergonomic}

Logging:
Log output configuration:
 #0: stdout all=warning uptime,level,tags
 #1: stderr all=off uptime,level,tags

Environment Variables:
JAVA_HOME=C:\Users\Ronald\AppData\Local\Programs\Eclipse Adoptium\jdk-17.0.3.7-hotspot\
PATH=C:\ProgramData\Oracle\Java\javapath;C:\Windows\system32;C:\Windows;C:\Windows\System32\Wbem;C:\Windows\System32\WindowsPowerShell\v1.0\;C:\Windows\System32\OpenSSH\;C:\Users\Ronald\AppData\Local\Programs\Eclipse Adoptium\jdk-17.0.3.7-hotspot\bin;C:\Users\Ronald\AppData\Local\Microsoft\WindowsApps;C:\Users\Ronald\AppData\Local\Programs\Microsoft VS Code\bin
USERNAME=Ronald
OS=Windows_NT
PROCESSOR_IDENTIFIER=AMD64 Family 23 Model 24 Stepping 1, AuthenticAMD



---------------  S Y S T E M  ---------------

OS:
 Windows 10 , 64 bit Build 19041 (10.0.19041.1741)
OS uptime: 2 days 18:41 hours

CPU: total 4 (initial active 4) (4 cores per cpu, 2 threads per core) family 23 model 24 stepping 1 microcode 0x0, cx8, cmov, fxsr, ht, mmx, 3dnowpref, sse, sse2, sse3, ssse3, sse4a, sse4.1, sse4.2, popcnt, lzcnt, tsc, tscinvbit, avx, avx2, aes, clmul, bmi1, bmi2, adx, sha, fma, vzeroupper, clflush, clflushopt

Memory: 4k page, system-wide physical 3498M (402M free)
TotalPageFile size 14250M (AvailPageFile size 24M)
current process WorkingSet (physical memory assigned to process): 138M, peak: 138M
current process commit charge ("private bytes"): 168M, peak: 172M

vm_info: OpenJDK 64-Bit Server VM (17.0.3+7) for windows-amd64 JRE (17.0.3+7), built on Apr 19 2022 16:55:35 by "" with MS VC++ 16.7 (VS2019)

END.
